{
  "uid" : "383bbf6261ecde2b",
  "name" : "Проверить доступность подотчета SRR на seo prod",
  "fullName" : "tests.srr_page_test.TestSRRPageSmoke#test_open_srr_sub_reports",
  "historyId" : "e6c156f578c280dd662000b6f4a92434",
  "time" : {
    "start" : 1725243992638,
    "stop" : 1725243992638,
    "duration" : 0
  },
  "status" : "broken",
  "statusMessage" : "selenium.common.exceptions.TimeoutException: Message: \nStacktrace:\n#0 0x555a030f381a <unknown>\n#1 0x555a02dc1e50 <unknown>\n#2 0x555a02e11644 <unknown>\n#3 0x555a02e11931 <unknown>\n#4 0x555a02e57534 <unknown>\n#5 0x555a02e364bd <unknown>\n#6 0x555a02e549c6 <unknown>\n#7 0x555a02e36233 <unknown>\n#8 0x555a02e04093 <unknown>\n#9 0x555a02e0509e <unknown>\n#10 0x555a030baa7b <unknown>\n#11 0x555a030bea31 <unknown>\n#12 0x555a030a6645 <unknown>\n#13 0x555a030bf5a2 <unknown>\n#14 0x555a0308b81f <unknown>\n#15 0x555a030e2618 <unknown>\n#16 0x555a030e27e2 <unknown>\n#17 0x555a030f260c <unknown>\n#18 0x7fb9b9294ac3 <unknown>",
  "statusTrace" : "driver = <selenium.webdriver.chrome.webdriver.WebDriver (session=\"439ead0aaae134d802b280069f5b3b87\")>\n\n    @pytest.fixture\n    def auth_user_admin_to_seo_prod(driver):\n        main_page = MainPage(driver)\n        url = Urls.MAIN_URL_SEO_PROD + Urls.AUTH\n        cookies = {'name': 'token', 'value': os.environ[\"SEO_ADMIN\"]}\n        driver.get(url)\n        driver.add_cookie(cookies)\n        driver.get(Urls.MAIN_URL_SEO_PROD)\n>       main_page.check_button_agree().click()\n\ntests/conftest.py:30: \n_ _ _ _ _ _ _ _ _ _ _ _ _ _ _ _ _ _ _ _ _ _ _ _ _ _ _ _ _ _ _ _ _ _ _ _ _ _ _ _ \npages/main_page.py:15: in check_button_agree\n    return self.element_is_visible(self.locator.AGREE_BUTTON)\npages/base_page.py:18: in element_is_visible\n    self.go_to_element(self.element_is_present(locator))\npages/base_page.py:34: in element_is_present\n    return Wait(self.driver, self.timeout).until(ec.presence_of_element_located(locator))\n_ _ _ _ _ _ _ _ _ _ _ _ _ _ _ _ _ _ _ _ _ _ _ _ _ _ _ _ _ _ _ _ _ _ _ _ _ _ _ _ \n\nself = <selenium.webdriver.support.wait.WebDriverWait (session=\"439ead0aaae134d802b280069f5b3b87\")>\nmethod = <function presence_of_element_located.<locals>._predicate at 0x7ffb3d1209a0>\nmessage = ''\n\n    def until(self, method: Callable[[D], Union[Literal[False], T]], message: str = \"\") -> T:\n        \"\"\"Calls the method provided with the driver as an argument until the \\\n        return value does not evaluate to ``False``.\n    \n        :param method: callable(WebDriver)\n        :param message: optional message for :exc:`TimeoutException`\n        :returns: the result of the last call to `method`\n        :raises: :exc:`selenium.common.exceptions.TimeoutException` if timeout occurs\n        \"\"\"\n        screen = None\n        stacktrace = None\n    \n        end_time = time.monotonic() + self._timeout\n        while True:\n            try:\n                value = method(self._driver)\n                if value:\n                    return value\n            except self._ignored_exceptions as exc:\n                screen = getattr(exc, \"screen\", None)\n                stacktrace = getattr(exc, \"stacktrace\", None)\n            time.sleep(self._poll)\n            if time.monotonic() > end_time:\n                break\n>       raise TimeoutException(message, screen, stacktrace)\nE       selenium.common.exceptions.TimeoutException: Message: \nE       Stacktrace:\nE       #0 0x555a030f381a <unknown>\nE       #1 0x555a02dc1e50 <unknown>\nE       #2 0x555a02e11644 <unknown>\nE       #3 0x555a02e11931 <unknown>\nE       #4 0x555a02e57534 <unknown>\nE       #5 0x555a02e364bd <unknown>\nE       #6 0x555a02e549c6 <unknown>\nE       #7 0x555a02e36233 <unknown>\nE       #8 0x555a02e04093 <unknown>\nE       #9 0x555a02e0509e <unknown>\nE       #10 0x555a030baa7b <unknown>\nE       #11 0x555a030bea31 <unknown>\nE       #12 0x555a030a6645 <unknown>\nE       #13 0x555a030bf5a2 <unknown>\nE       #14 0x555a0308b81f <unknown>\nE       #15 0x555a030e2618 <unknown>\nE       #16 0x555a030e27e2 <unknown>\nE       #17 0x555a030f260c <unknown>\nE       #18 0x7fb9b9294ac3 <unknown>\n\n/opt/hostedtoolcache/Python/3.12.5/x64/lib/python3.12/site-packages/selenium/webdriver/support/wait.py:105: TimeoutException",
  "flaky" : false,
  "newFailed" : false,
  "beforeStages" : [ {
    "name" : "driver",
    "time" : {
      "start" : 1725243992638,
      "stop" : 1725243992921,
      "duration" : 283
    },
    "status" : "passed",
    "steps" : [ ],
    "attachments" : [ ],
    "parameters" : [ ],
    "stepsCount" : 0,
    "attachmentsCount" : 0,
    "shouldDisplayMessage" : false,
    "hasContent" : false
  }, {
    "name" : "clear_allure_results_folder",
    "time" : {
      "start" : 1725243214731,
      "stop" : 1725243214731,
      "duration" : 0
    },
    "status" : "passed",
    "steps" : [ ],
    "attachments" : [ ],
    "parameters" : [ ],
    "stepsCount" : 0,
    "attachmentsCount" : 0,
    "shouldDisplayMessage" : false,
    "hasContent" : false
  }, {
    "name" : "auth_user_admin_to_seo_prod",
    "time" : {
      "start" : 1725243992921,
      "stop" : 1725244005919,
      "duration" : 12998
    },
    "status" : "broken",
    "statusMessage" : "selenium.common.exceptions.TimeoutException: Message: \nStacktrace:\n#0 0x555a030f381a <unknown>\n#1 0x555a02dc1e50 <unknown>\n#2 0x555a02e11644 <unknown>\n#3 0x555a02e11931 <unknown>\n#4 0x555a02e57534 <unknown>\n#5 0x555a02e364bd <unknown>\n#6 0x555a02e549c6 <unknown>\n#7 0x555a02e36233 <unknown>\n#8 0x555a02e04093 <unknown>\n#9 0x555a02e0509e <unknown>\n#10 0x555a030baa7b <unknown>\n#11 0x555a030bea31 <unknown>\n#12 0x555a030a6645 <unknown>\n#13 0x555a030bf5a2 <unknown>\n#14 0x555a0308b81f <unknown>\n#15 0x555a030e2618 <unknown>\n#16 0x555a030e27e2 <unknown>\n#17 0x555a030f260c <unknown>\n#18 0x7fb9b9294ac3 <unknown>\n\n",
    "statusTrace" : "  File \"/opt/hostedtoolcache/Python/3.12.5/x64/lib/python3.12/site-packages/pluggy/_callers.py\", line 167, in _multicall\n    teardown.throw(outcome._exception)\n  File \"/opt/hostedtoolcache/Python/3.12.5/x64/lib/python3.12/site-packages/_pytest/setuponly.py\", line 36, in pytest_fixture_setup\n    return (yield)\n            ^^^^^\n  File \"/opt/hostedtoolcache/Python/3.12.5/x64/lib/python3.12/site-packages/pluggy/_callers.py\", line 103, in _multicall\n    res = hook_impl.function(*args)\n          ^^^^^^^^^^^^^^^^^^^^^^^^^\n  File \"/opt/hostedtoolcache/Python/3.12.5/x64/lib/python3.12/site-packages/_pytest/fixtures.py\", line 1140, in pytest_fixture_setup\n    result = call_fixture_func(fixturefunc, request, kwargs)\n             ^^^^^^^^^^^^^^^^^^^^^^^^^^^^^^^^^^^^^^^^^^^^^^^\n  File \"/opt/hostedtoolcache/Python/3.12.5/x64/lib/python3.12/site-packages/_pytest/fixtures.py\", line 917, in call_fixture_func\n    fixture_result = fixturefunc(**kwargs)\n                     ^^^^^^^^^^^^^^^^^^^^^\n  File \"/home/runner/work/DealerPassport/DealerPassport/tests/conftest.py\", line 30, in auth_user_admin_to_seo_prod\n    main_page.check_button_agree().click()\n    ^^^^^^^^^^^^^^^^^^^^^^^^^^^^^^\n  File \"/opt/hostedtoolcache/Python/3.12.5/x64/lib/python3.12/site-packages/allure_commons/_allure.py\", line 192, in impl\n    return func(*a, **kw)\n           ^^^^^^^^^^^^^^\n  File \"/home/runner/work/DealerPassport/DealerPassport/pages/main_page.py\", line 15, in check_button_agree\n    return self.element_is_visible(self.locator.AGREE_BUTTON)\n           ^^^^^^^^^^^^^^^^^^^^^^^^^^^^^^^^^^^^^^^^^^^^^^^^^^\n  File \"/home/runner/work/DealerPassport/DealerPassport/pages/base_page.py\", line 18, in element_is_visible\n    self.go_to_element(self.element_is_present(locator))\n                       ^^^^^^^^^^^^^^^^^^^^^^^^^^^^^^^^\n  File \"/home/runner/work/DealerPassport/DealerPassport/pages/base_page.py\", line 34, in element_is_present\n    return Wait(self.driver, self.timeout).until(ec.presence_of_element_located(locator))\n           ^^^^^^^^^^^^^^^^^^^^^^^^^^^^^^^^^^^^^^^^^^^^^^^^^^^^^^^^^^^^^^^^^^^^^^^^^^^^^^\n  File \"/opt/hostedtoolcache/Python/3.12.5/x64/lib/python3.12/site-packages/selenium/webdriver/support/wait.py\", line 105, in until\n    raise TimeoutException(message, screen, stacktrace)\n",
    "steps" : [ {
      "name" : "Проверка видимости кнопки '('xpath', '//span[text()=\"Согласен\"]')' на главной странице",
      "time" : {
        "start" : 1725243995663,
        "stop" : 1725244005919,
        "duration" : 10256
      },
      "status" : "broken",
      "statusMessage" : "selenium.common.exceptions.TimeoutException: Message: \nStacktrace:\n#0 0x555a030f381a <unknown>\n#1 0x555a02dc1e50 <unknown>\n#2 0x555a02e11644 <unknown>\n#3 0x555a02e11931 <unknown>\n#4 0x555a02e57534 <unknown>\n#5 0x555a02e364bd <unknown>\n#6 0x555a02e549c6 <unknown>\n#7 0x555a02e36233 <unknown>\n#8 0x555a02e04093 <unknown>\n#9 0x555a02e0509e <unknown>\n#10 0x555a030baa7b <unknown>\n#11 0x555a030bea31 <unknown>\n#12 0x555a030a6645 <unknown>\n#13 0x555a030bf5a2 <unknown>\n#14 0x555a0308b81f <unknown>\n#15 0x555a030e2618 <unknown>\n#16 0x555a030e27e2 <unknown>\n#17 0x555a030f260c <unknown>\n#18 0x7fb9b9294ac3 <unknown>\n\n",
      "statusTrace" : "  File \"/opt/hostedtoolcache/Python/3.12.5/x64/lib/python3.12/site-packages/allure_commons/_allure.py\", line 192, in impl\n    return func(*a, **kw)\n           ^^^^^^^^^^^^^^\n  File \"/home/runner/work/DealerPassport/DealerPassport/pages/main_page.py\", line 15, in check_button_agree\n    return self.element_is_visible(self.locator.AGREE_BUTTON)\n           ^^^^^^^^^^^^^^^^^^^^^^^^^^^^^^^^^^^^^^^^^^^^^^^^^^\n  File \"/home/runner/work/DealerPassport/DealerPassport/pages/base_page.py\", line 18, in element_is_visible\n    self.go_to_element(self.element_is_present(locator))\n                       ^^^^^^^^^^^^^^^^^^^^^^^^^^^^^^^^\n  File \"/home/runner/work/DealerPassport/DealerPassport/pages/base_page.py\", line 34, in element_is_present\n    return Wait(self.driver, self.timeout).until(ec.presence_of_element_located(locator))\n           ^^^^^^^^^^^^^^^^^^^^^^^^^^^^^^^^^^^^^^^^^^^^^^^^^^^^^^^^^^^^^^^^^^^^^^^^^^^^^^\n  File \"/opt/hostedtoolcache/Python/3.12.5/x64/lib/python3.12/site-packages/selenium/webdriver/support/wait.py\", line 105, in until\n    raise TimeoutException(message, screen, stacktrace)\n",
      "steps" : [ ],
      "attachments" : [ ],
      "parameters" : [ ],
      "stepsCount" : 0,
      "attachmentsCount" : 0,
      "shouldDisplayMessage" : true,
      "hasContent" : true
    } ],
    "attachments" : [ ],
    "parameters" : [ ],
    "stepsCount" : 1,
    "attachmentsCount" : 0,
    "shouldDisplayMessage" : false,
    "hasContent" : true
  } ],
  "afterStages" : [ {
    "name" : "driver::0",
    "time" : {
      "start" : 1725244005933,
      "stop" : 1725244006018,
      "duration" : 85
    },
    "status" : "passed",
    "steps" : [ ],
    "attachments" : [ ],
    "parameters" : [ ],
    "stepsCount" : 0,
    "attachmentsCount" : 0,
    "shouldDisplayMessage" : false,
    "hasContent" : false
  } ],
  "labels" : [ {
    "name" : "epic",
    "value" : "Test SRR Page smoke_test"
  }, {
    "name" : "tag",
    "value" : "smoke_test"
  }, {
    "name" : "parentSuite",
    "value" : "tests"
  }, {
    "name" : "suite",
    "value" : "srr_page_test"
  }, {
    "name" : "subSuite",
    "value" : "TestSRRPageSmoke"
  }, {
    "name" : "host",
    "value" : "fv-az1146-680"
  }, {
    "name" : "thread",
    "value" : "2248-MainThread"
  }, {
    "name" : "framework",
    "value" : "pytest"
  }, {
    "name" : "language",
    "value" : "cpython3"
  }, {
    "name" : "package",
    "value" : "tests.srr_page_test"
  }, {
    "name" : "resultFormat",
    "value" : "allure2"
  } ],
  "parameters" : [ ],
  "links" : [ ],
  "hidden" : false,
  "retry" : false,
  "extra" : {
    "severity" : "normal",
    "retries" : [ ],
    "categories" : [ {
      "name" : "Test defects",
      "matchedStatuses" : [ ],
      "flaky" : false
    } ],
    "history" : {
      "statistic" : {
        "failed" : 0,
        "broken" : 6,
        "skipped" : 0,
        "passed" : 6,
        "unknown" : 0,
        "total" : 12
      },
      "items" : [ {
        "uid" : "fb9f58420e1e9ba2",
        "reportUrl" : "https://Nat754.github.io/DealerPassport/102//#testresult/fb9f58420e1e9ba2",
        "status" : "passed",
        "time" : {
          "start" : 1725158249046,
          "stop" : 1725158259594,
          "duration" : 10548
        }
      }, {
        "uid" : "df47991b15e8a022",
        "reportUrl" : "https://Nat754.github.io/DealerPassport/101//#testresult/df47991b15e8a022",
        "status" : "passed",
        "time" : {
          "start" : 1725071007829,
          "stop" : 1725071008982,
          "duration" : 1153
        }
      }, {
        "uid" : "9f4f7c1fd35fc55f",
        "reportUrl" : "https://Nat754.github.io/DealerPassport/100//#testresult/9f4f7c1fd35fc55f",
        "status" : "passed",
        "time" : {
          "start" : 1724984662848,
          "stop" : 1724984663975,
          "duration" : 1127
        }
      }, {
        "uid" : "29d9f7aea7e1c707",
        "reportUrl" : "https://Nat754.github.io/DealerPassport/99//#testresult/29d9f7aea7e1c707",
        "status" : "broken",
        "statusDetails" : "selenium.common.exceptions.TimeoutException: Message: \nStacktrace:\n#0 0x55c5ca60381a <unknown>\n#1 0x55c5ca2d1e50 <unknown>\n#2 0x55c5ca321644 <unknown>\n#3 0x55c5ca321931 <unknown>\n#4 0x55c5ca367534 <unknown>\n#5 0x55c5ca3464bd <unknown>\n#6 0x55c5ca3649c6 <unknown>\n#7 0x55c5ca346233 <unknown>\n#8 0x55c5ca314093 <unknown>\n#9 0x55c5ca31509e <unknown>\n#10 0x55c5ca5caa7b <unknown>\n#11 0x55c5ca5cea31 <unknown>\n#12 0x55c5ca5b6645 <unknown>\n#13 0x55c5ca5cf5a2 <unknown>\n#14 0x55c5ca59b81f <unknown>\n#15 0x55c5ca5f2618 <unknown>\n#16 0x55c5ca5f27e2 <unknown>\n#17 0x55c5ca60260c <unknown>\n#18 0x7f6e61a94ac3 <unknown>",
        "time" : {
          "start" : 1724898225731,
          "stop" : 1724898225731,
          "duration" : 0
        }
      }, {
        "uid" : "695b6511c892cbcd",
        "reportUrl" : "https://Nat754.github.io/DealerPassport/98//#testresult/695b6511c892cbcd",
        "status" : "passed",
        "time" : {
          "start" : 1724811744375,
          "stop" : 1724811749728,
          "duration" : 5353
        }
      }, {
        "uid" : "559ffd973a4ee00c",
        "reportUrl" : "https://Nat754.github.io/DealerPassport/97//#testresult/559ffd973a4ee00c",
        "status" : "broken",
        "statusDetails" : "selenium.common.exceptions.TimeoutException: Message: \nStacktrace:\n#0 0x55ac0df0a81a <unknown>\n#1 0x55ac0dbd8e50 <unknown>\n#2 0x55ac0dc28644 <unknown>\n#3 0x55ac0dc28931 <unknown>\n#4 0x55ac0dc6e534 <unknown>\n#5 0x55ac0dc4d4bd <unknown>\n#6 0x55ac0dc6b9c6 <unknown>\n#7 0x55ac0dc4d233 <unknown>\n#8 0x55ac0dc1b093 <unknown>\n#9 0x55ac0dc1c09e <unknown>\n#10 0x55ac0ded1a7b <unknown>\n#11 0x55ac0ded5a31 <unknown>\n#12 0x55ac0debd645 <unknown>\n#13 0x55ac0ded65a2 <unknown>\n#14 0x55ac0dea281f <unknown>\n#15 0x55ac0def9618 <unknown>\n#16 0x55ac0def97e2 <unknown>\n#17 0x55ac0df0960c <unknown>\n#18 0x7f08fe494ac3 <unknown>",
        "time" : {
          "start" : 1724725367098,
          "stop" : 1724725367098,
          "duration" : 0
        }
      }, {
        "uid" : "f2c20e804f7e9c4d",
        "reportUrl" : "https://Nat754.github.io/DealerPassport/96//#testresult/f2c20e804f7e9c4d",
        "status" : "broken",
        "statusDetails" : "selenium.common.exceptions.TimeoutException: Message: \nStacktrace:\n#0 0x55cba8aff6ca <unknown>\n#1 0x55cba87d0600 <unknown>\n#2 0x55cba881fbcb <unknown>\n#3 0x55cba881feb1 <unknown>\n#4 0x55cba8863b24 <unknown>\n#5 0x55cba88428cd <unknown>\n#6 0x55cba886104a <unknown>\n#7 0x55cba8842643 <unknown>\n#8 0x55cba8812d31 <unknown>\n#9 0x55cba881379e <unknown>\n#10 0x55cba8ac725b <unknown>\n#11 0x55cba8acb1f2 <unknown>\n#12 0x55cba8ab4615 <unknown>\n#13 0x55cba8acbd82 <unknown>\n#14 0x55cba8a9925f <unknown>\n#15 0x55cba8aeee68 <unknown>\n#16 0x55cba8aef040 <unknown>\n#17 0x55cba8afe49c <unknown>\n#18 0x7f2749c94ac3 <unknown>",
        "time" : {
          "start" : 1724638873476,
          "stop" : 1724638873476,
          "duration" : 0
        }
      }, {
        "uid" : "6757aa41065b95eb",
        "reportUrl" : "https://Nat754.github.io/DealerPassport/95//#testresult/6757aa41065b95eb",
        "status" : "broken",
        "statusDetails" : "selenium.common.exceptions.TimeoutException: Message: \nStacktrace:\n#0 0x563d44d8b6ca <unknown>\n#1 0x563d44a5c600 <unknown>\n#2 0x563d44aabbcb <unknown>\n#3 0x563d44aabeb1 <unknown>\n#4 0x563d44aefb24 <unknown>\n#5 0x563d44ace8cd <unknown>\n#6 0x563d44aed04a <unknown>\n#7 0x563d44ace643 <unknown>\n#8 0x563d44a9ed31 <unknown>\n#9 0x563d44a9f79e <unknown>\n#10 0x563d44d5325b <unknown>\n#11 0x563d44d571f2 <unknown>\n#12 0x563d44d40615 <unknown>\n#13 0x563d44d57d82 <unknown>\n#14 0x563d44d2525f <unknown>\n#15 0x563d44d7ae68 <unknown>\n#16 0x563d44d7b040 <unknown>\n#17 0x563d44d8a49c <unknown>\n#18 0x7fce88c94ac3 <unknown>",
        "time" : {
          "start" : 1724552720415,
          "stop" : 1724552720415,
          "duration" : 0
        }
      }, {
        "uid" : "1fa444f532235983",
        "reportUrl" : "https://Nat754.github.io/DealerPassport/94//#testresult/1fa444f532235983",
        "status" : "broken",
        "statusDetails" : "selenium.common.exceptions.TimeoutException: Message: \nStacktrace:\n#0 0x555963edf6ca <unknown>\n#1 0x555963bb0600 <unknown>\n#2 0x555963bffbcb <unknown>\n#3 0x555963bffeb1 <unknown>\n#4 0x555963c43b24 <unknown>\n#5 0x555963c228cd <unknown>\n#6 0x555963c4104a <unknown>\n#7 0x555963c22643 <unknown>\n#8 0x555963bf2d31 <unknown>\n#9 0x555963bf379e <unknown>\n#10 0x555963ea725b <unknown>\n#11 0x555963eab1f2 <unknown>\n#12 0x555963e94615 <unknown>\n#13 0x555963eabd82 <unknown>\n#14 0x555963e7925f <unknown>\n#15 0x555963ecee68 <unknown>\n#16 0x555963ecf040 <unknown>\n#17 0x555963ede49c <unknown>\n#18 0x7f3985e94ac3 <unknown>",
        "time" : {
          "start" : 1724465947659,
          "stop" : 1724465947659,
          "duration" : 0
        }
      }, {
        "uid" : "67a70e720ca0e19",
        "reportUrl" : "https://Nat754.github.io/DealerPassport/93//#testresult/67a70e720ca0e19",
        "status" : "passed",
        "time" : {
          "start" : 1724379677236,
          "stop" : 1724379679470,
          "duration" : 2234
        }
      }, {
        "uid" : "60b617514eac60ec",
        "reportUrl" : "https://Nat754.github.io/DealerPassport/7//#testresult/60b617514eac60ec",
        "status" : "passed",
        "time" : {
          "start" : 1724350390217,
          "stop" : 1724350391954,
          "duration" : 1737
        }
      } ]
    },
    "tags" : [ "smoke_test" ]
  },
  "source" : "383bbf6261ecde2b.json",
  "parameterValues" : [ ]
}