{
  "uid" : "43de13d6f98118a7",
  "name" : "test_open_seo[https://dealer-passport-test.xsfera.ru/editor/]",
  "fullName" : "tests.main_page_test.TestMainPageSmoke#test_open_seo",
  "historyId" : "2324301f68757491e0d6d9260520f983",
  "time" : {
    "start" : 1717293881590,
    "stop" : 1717293881590,
    "duration" : 0
  },
  "status" : "broken",
  "statusMessage" : "selenium.common.exceptions.TimeoutException: Message: \nStacktrace:\n#0 0x55b870fcfe8a <unknown>\n#1 0x55b870cb945c <unknown>\n#2 0x55b870d055b5 <unknown>\n#3 0x55b870d05671 <unknown>\n#4 0x55b870d49f14 <unknown>\n#5 0x55b870d284dd <unknown>\n#6 0x55b870d472cc <unknown>\n#7 0x55b870d28253 <unknown>\n#8 0x55b870cf81c7 <unknown>\n#9 0x55b870cf8b3e <unknown>\n#10 0x55b870f962cb <unknown>\n#11 0x55b870f9a377 <unknown>\n#12 0x55b870f82dfe <unknown>\n#13 0x55b870f9ae42 <unknown>\n#14 0x55b870f6779f <unknown>\n#15 0x55b870fbf178 <unknown>\n#16 0x55b870fbf34b <unknown>\n#17 0x55b870fcefbc <unknown>\n#18 0x7ff2b9894ac3 <unknown>",
  "statusTrace" : "driver = <selenium.webdriver.chrome.webdriver.WebDriver (session=\"ee6812d7719e00522a350f78cd574542\")>\n\n    @pytest.fixture\n    def auth_user_admin_to_seo(driver):\n        main_page = MainPage(driver)\n        url = Urls.MAIN_URL_SEO + Urls.AUTH\n        cookies = {'name': 'token', 'value': os.environ[\"SEO_ADMIN\"]}\n        driver.get(url)\n        driver.add_cookie(cookies)\n        driver.get(Urls.MAIN_URL_SEO)\n>       main_page.check_button_agree().click()\n\ntests/conftest.py:18: \n_ _ _ _ _ _ _ _ _ _ _ _ _ _ _ _ _ _ _ _ _ _ _ _ _ _ _ _ _ _ _ _ _ _ _ _ _ _ _ _ \npages/main_page.py:15: in check_button_agree\n    return self.element_is_visible(self.locator.AGREE_BUTTON)\npages/base_page.py:18: in element_is_visible\n    self.go_to_element(self.element_is_present(locator))\npages/base_page.py:34: in element_is_present\n    return Wait(self.driver, self.timeout).until(ec.presence_of_element_located(locator))\n_ _ _ _ _ _ _ _ _ _ _ _ _ _ _ _ _ _ _ _ _ _ _ _ _ _ _ _ _ _ _ _ _ _ _ _ _ _ _ _ \n\nself = <selenium.webdriver.support.wait.WebDriverWait (session=\"ee6812d7719e00522a350f78cd574542\")>\nmethod = <function presence_of_element_located.<locals>._predicate at 0x7fe7617b19e0>\nmessage = ''\n\n    def until(self, method: Callable[[D], Union[Literal[False], T]], message: str = \"\") -> T:\n        \"\"\"Calls the method provided with the driver as an argument until the \\\n        return value does not evaluate to ``False``.\n    \n        :param method: callable(WebDriver)\n        :param message: optional message for :exc:`TimeoutException`\n        :returns: the result of the last call to `method`\n        :raises: :exc:`selenium.common.exceptions.TimeoutException` if timeout occurs\n        \"\"\"\n        screen = None\n        stacktrace = None\n    \n        end_time = time.monotonic() + self._timeout\n        while True:\n            try:\n                value = method(self._driver)\n                if value:\n                    return value\n            except self._ignored_exceptions as exc:\n                screen = getattr(exc, \"screen\", None)\n                stacktrace = getattr(exc, \"stacktrace\", None)\n            time.sleep(self._poll)\n            if time.monotonic() > end_time:\n                break\n>       raise TimeoutException(message, screen, stacktrace)\nE       selenium.common.exceptions.TimeoutException: Message: \nE       Stacktrace:\nE       #0 0x55b870fcfe8a <unknown>\nE       #1 0x55b870cb945c <unknown>\nE       #2 0x55b870d055b5 <unknown>\nE       #3 0x55b870d05671 <unknown>\nE       #4 0x55b870d49f14 <unknown>\nE       #5 0x55b870d284dd <unknown>\nE       #6 0x55b870d472cc <unknown>\nE       #7 0x55b870d28253 <unknown>\nE       #8 0x55b870cf81c7 <unknown>\nE       #9 0x55b870cf8b3e <unknown>\nE       #10 0x55b870f962cb <unknown>\nE       #11 0x55b870f9a377 <unknown>\nE       #12 0x55b870f82dfe <unknown>\nE       #13 0x55b870f9ae42 <unknown>\nE       #14 0x55b870f6779f <unknown>\nE       #15 0x55b870fbf178 <unknown>\nE       #16 0x55b870fbf34b <unknown>\nE       #17 0x55b870fcefbc <unknown>\nE       #18 0x7ff2b9894ac3 <unknown>\n\n/opt/hostedtoolcache/Python/3.12.3/x64/lib/python3.12/site-packages/selenium/webdriver/support/wait.py:105: TimeoutException",
  "flaky" : false,
  "newFailed" : false,
  "beforeStages" : [ {
    "name" : "clear_allure_results_folder",
    "time" : {
      "start" : 1717293801581,
      "stop" : 1717293801581,
      "duration" : 0
    },
    "status" : "passed",
    "steps" : [ ],
    "attachments" : [ ],
    "parameters" : [ ],
    "stepsCount" : 0,
    "attachmentsCount" : 0,
    "shouldDisplayMessage" : false,
    "hasContent" : false
  }, {
    "name" : "driver",
    "time" : {
      "start" : 1717293881590,
      "stop" : 1717293881788,
      "duration" : 198
    },
    "status" : "passed",
    "steps" : [ ],
    "attachments" : [ ],
    "parameters" : [ ],
    "stepsCount" : 0,
    "attachmentsCount" : 0,
    "shouldDisplayMessage" : false,
    "hasContent" : false
  }, {
    "name" : "auth_user_admin_to_seo",
    "time" : {
      "start" : 1717293881788,
      "stop" : 1717293894727,
      "duration" : 12939
    },
    "status" : "broken",
    "statusMessage" : "selenium.common.exceptions.TimeoutException: Message: \nStacktrace:\n#0 0x55b870fcfe8a <unknown>\n#1 0x55b870cb945c <unknown>\n#2 0x55b870d055b5 <unknown>\n#3 0x55b870d05671 <unknown>\n#4 0x55b870d49f14 <unknown>\n#5 0x55b870d284dd <unknown>\n#6 0x55b870d472cc <unknown>\n#7 0x55b870d28253 <unknown>\n#8 0x55b870cf81c7 <unknown>\n#9 0x55b870cf8b3e <unknown>\n#10 0x55b870f962cb <unknown>\n#11 0x55b870f9a377 <unknown>\n#12 0x55b870f82dfe <unknown>\n#13 0x55b870f9ae42 <unknown>\n#14 0x55b870f6779f <unknown>\n#15 0x55b870fbf178 <unknown>\n#16 0x55b870fbf34b <unknown>\n#17 0x55b870fcefbc <unknown>\n#18 0x7ff2b9894ac3 <unknown>\n\n",
    "statusTrace" : "  File \"/opt/hostedtoolcache/Python/3.12.3/x64/lib/python3.12/site-packages/pluggy/_callers.py\", line 167, in _multicall\n    teardown.throw(outcome._exception)\n  File \"/opt/hostedtoolcache/Python/3.12.3/x64/lib/python3.12/site-packages/_pytest/setuponly.py\", line 36, in pytest_fixture_setup\n    return (yield)\n            ^^^^^\n  File \"/opt/hostedtoolcache/Python/3.12.3/x64/lib/python3.12/site-packages/pluggy/_callers.py\", line 103, in _multicall\n    res = hook_impl.function(*args)\n          ^^^^^^^^^^^^^^^^^^^^^^^^^\n  File \"/opt/hostedtoolcache/Python/3.12.3/x64/lib/python3.12/site-packages/_pytest/fixtures.py\", line 1140, in pytest_fixture_setup\n    result = call_fixture_func(fixturefunc, request, kwargs)\n             ^^^^^^^^^^^^^^^^^^^^^^^^^^^^^^^^^^^^^^^^^^^^^^^\n  File \"/opt/hostedtoolcache/Python/3.12.3/x64/lib/python3.12/site-packages/_pytest/fixtures.py\", line 917, in call_fixture_func\n    fixture_result = fixturefunc(**kwargs)\n                     ^^^^^^^^^^^^^^^^^^^^^\n  File \"/home/runner/work/DealerPassport/DealerPassport/tests/conftest.py\", line 18, in auth_user_admin_to_seo\n    main_page.check_button_agree().click()\n    ^^^^^^^^^^^^^^^^^^^^^^^^^^^^^^\n  File \"/opt/hostedtoolcache/Python/3.12.3/x64/lib/python3.12/site-packages/allure_commons/_allure.py\", line 192, in impl\n    return func(*a, **kw)\n           ^^^^^^^^^^^^^^\n  File \"/home/runner/work/DealerPassport/DealerPassport/pages/main_page.py\", line 15, in check_button_agree\n    return self.element_is_visible(self.locator.AGREE_BUTTON)\n           ^^^^^^^^^^^^^^^^^^^^^^^^^^^^^^^^^^^^^^^^^^^^^^^^^^\n  File \"/home/runner/work/DealerPassport/DealerPassport/pages/base_page.py\", line 18, in element_is_visible\n    self.go_to_element(self.element_is_present(locator))\n                       ^^^^^^^^^^^^^^^^^^^^^^^^^^^^^^^^\n  File \"/home/runner/work/DealerPassport/DealerPassport/pages/base_page.py\", line 34, in element_is_present\n    return Wait(self.driver, self.timeout).until(ec.presence_of_element_located(locator))\n           ^^^^^^^^^^^^^^^^^^^^^^^^^^^^^^^^^^^^^^^^^^^^^^^^^^^^^^^^^^^^^^^^^^^^^^^^^^^^^^\n  File \"/opt/hostedtoolcache/Python/3.12.3/x64/lib/python3.12/site-packages/selenium/webdriver/support/wait.py\", line 105, in until\n    raise TimeoutException(message, screen, stacktrace)\n",
    "steps" : [ {
      "name" : "Проверка видимости кнопки '('xpath', '//span[text()=\"Согласен\"]')' на главной странице",
      "time" : {
        "start" : 1717293884499,
        "stop" : 1717293894726,
        "duration" : 10227
      },
      "status" : "broken",
      "statusMessage" : "selenium.common.exceptions.TimeoutException: Message: \nStacktrace:\n#0 0x55b870fcfe8a <unknown>\n#1 0x55b870cb945c <unknown>\n#2 0x55b870d055b5 <unknown>\n#3 0x55b870d05671 <unknown>\n#4 0x55b870d49f14 <unknown>\n#5 0x55b870d284dd <unknown>\n#6 0x55b870d472cc <unknown>\n#7 0x55b870d28253 <unknown>\n#8 0x55b870cf81c7 <unknown>\n#9 0x55b870cf8b3e <unknown>\n#10 0x55b870f962cb <unknown>\n#11 0x55b870f9a377 <unknown>\n#12 0x55b870f82dfe <unknown>\n#13 0x55b870f9ae42 <unknown>\n#14 0x55b870f6779f <unknown>\n#15 0x55b870fbf178 <unknown>\n#16 0x55b870fbf34b <unknown>\n#17 0x55b870fcefbc <unknown>\n#18 0x7ff2b9894ac3 <unknown>\n\n",
      "statusTrace" : "  File \"/opt/hostedtoolcache/Python/3.12.3/x64/lib/python3.12/site-packages/allure_commons/_allure.py\", line 192, in impl\n    return func(*a, **kw)\n           ^^^^^^^^^^^^^^\n  File \"/home/runner/work/DealerPassport/DealerPassport/pages/main_page.py\", line 15, in check_button_agree\n    return self.element_is_visible(self.locator.AGREE_BUTTON)\n           ^^^^^^^^^^^^^^^^^^^^^^^^^^^^^^^^^^^^^^^^^^^^^^^^^^\n  File \"/home/runner/work/DealerPassport/DealerPassport/pages/base_page.py\", line 18, in element_is_visible\n    self.go_to_element(self.element_is_present(locator))\n                       ^^^^^^^^^^^^^^^^^^^^^^^^^^^^^^^^\n  File \"/home/runner/work/DealerPassport/DealerPassport/pages/base_page.py\", line 34, in element_is_present\n    return Wait(self.driver, self.timeout).until(ec.presence_of_element_located(locator))\n           ^^^^^^^^^^^^^^^^^^^^^^^^^^^^^^^^^^^^^^^^^^^^^^^^^^^^^^^^^^^^^^^^^^^^^^^^^^^^^^\n  File \"/opt/hostedtoolcache/Python/3.12.3/x64/lib/python3.12/site-packages/selenium/webdriver/support/wait.py\", line 105, in until\n    raise TimeoutException(message, screen, stacktrace)\n",
      "steps" : [ ],
      "attachments" : [ ],
      "parameters" : [ ],
      "stepsCount" : 0,
      "attachmentsCount" : 0,
      "shouldDisplayMessage" : true,
      "hasContent" : true
    } ],
    "attachments" : [ ],
    "parameters" : [ ],
    "stepsCount" : 1,
    "attachmentsCount" : 0,
    "shouldDisplayMessage" : false,
    "hasContent" : true
  } ],
  "afterStages" : [ {
    "name" : "driver::0",
    "time" : {
      "start" : 1717293894740,
      "stop" : 1717293894798,
      "duration" : 58
    },
    "status" : "passed",
    "steps" : [ ],
    "attachments" : [ ],
    "parameters" : [ ],
    "stepsCount" : 0,
    "attachmentsCount" : 0,
    "shouldDisplayMessage" : false,
    "hasContent" : false
  } ],
  "labels" : [ {
    "name" : "epic",
    "value" : "Test Main Page smoke_test"
  }, {
    "name" : "tag",
    "value" : "smoke_test"
  }, {
    "name" : "parentSuite",
    "value" : "tests"
  }, {
    "name" : "suite",
    "value" : "main_page_test"
  }, {
    "name" : "subSuite",
    "value" : "TestMainPageSmoke"
  }, {
    "name" : "host",
    "value" : "fv-az1424-299"
  }, {
    "name" : "thread",
    "value" : "2249-MainThread"
  }, {
    "name" : "framework",
    "value" : "pytest"
  }, {
    "name" : "language",
    "value" : "cpython3"
  }, {
    "name" : "package",
    "value" : "tests.main_page_test"
  }, {
    "name" : "resultFormat",
    "value" : "allure2"
  } ],
  "parameters" : [ {
    "name" : "url",
    "value" : "'https://dealer-passport-test.xsfera.ru/editor/'"
  } ],
  "links" : [ ],
  "hidden" : false,
  "retry" : false,
  "extra" : {
    "severity" : "normal",
    "retries" : [ ],
    "categories" : [ {
      "name" : "Test defects",
      "matchedStatuses" : [ ],
      "flaky" : false
    } ],
    "history" : {
      "statistic" : {
        "failed" : 0,
        "broken" : 1,
        "skipped" : 0,
        "passed" : 6,
        "unknown" : 0,
        "total" : 7
      },
      "items" : [ {
        "uid" : "8378254a2410ab3e",
        "reportUrl" : "https://Nat754.github.io/DealerPassport/10//#testresult/8378254a2410ab3e",
        "status" : "passed",
        "time" : {
          "start" : 1717207446344,
          "stop" : 1717207457245,
          "duration" : 10901
        }
      }, {
        "uid" : "8443c00b5c14a399",
        "reportUrl" : "https://Nat754.github.io/DealerPassport/5//#testresult/8443c00b5c14a399",
        "status" : "passed",
        "time" : {
          "start" : 1717150166944,
          "stop" : 1717150177772,
          "duration" : 10828
        }
      }, {
        "uid" : "db2b8c86db11261c",
        "reportUrl" : "https://Nat754.github.io/DealerPassport/5//#testresult/db2b8c86db11261c",
        "status" : "passed",
        "time" : {
          "start" : 1717143801956,
          "stop" : 1717143812898,
          "duration" : 10942
        }
      }, {
        "uid" : "5ce2e05cb80254fb",
        "reportUrl" : "https://Nat754.github.io/DealerPassport/9//#testresult/5ce2e05cb80254fb",
        "status" : "passed",
        "time" : {
          "start" : 1717120999332,
          "stop" : 1717121010146,
          "duration" : 10814
        }
      }, {
        "uid" : "39b22e0a5a1a281d",
        "reportUrl" : "https://Nat754.github.io/DealerPassport/5//#testresult/39b22e0a5a1a281d",
        "status" : "passed",
        "time" : {
          "start" : 1717080520043,
          "stop" : 1717080530980,
          "duration" : 10937
        }
      }, {
        "uid" : "892c3fed1b91a36b",
        "reportUrl" : "https://Nat754.github.io/DealerPassport/4//#testresult/892c3fed1b91a36b",
        "status" : "passed",
        "time" : {
          "start" : 1717059136970,
          "stop" : 1717059147816,
          "duration" : 10846
        }
      } ]
    },
    "tags" : [ "smoke_test" ]
  },
  "source" : "43de13d6f98118a7.json",
  "parameterValues" : [ "'https://dealer-passport-test.xsfera.ru/editor/'" ]
}