{
  "uid" : "576c391108b27690",
  "name" : "test_open_seo[https://dealer-passport-test.xsfera.ru/documents/]",
  "fullName" : "tests.main_page_test.TestMainPageSmoke#test_open_seo",
  "historyId" : "6c421a3d52888b339806be9bc10b9a5c",
  "time" : {
    "start" : 1717293947696,
    "stop" : 1717293947696,
    "duration" : 0
  },
  "status" : "broken",
  "statusMessage" : "selenium.common.exceptions.TimeoutException: Message: \nStacktrace:\n#0 0x562a9aa7ce8a <unknown>\n#1 0x562a9a76645c <unknown>\n#2 0x562a9a7b25b5 <unknown>\n#3 0x562a9a7b2671 <unknown>\n#4 0x562a9a7f6f14 <unknown>\n#5 0x562a9a7d54dd <unknown>\n#6 0x562a9a7f42cc <unknown>\n#7 0x562a9a7d5253 <unknown>\n#8 0x562a9a7a51c7 <unknown>\n#9 0x562a9a7a5b3e <unknown>\n#10 0x562a9aa432cb <unknown>\n#11 0x562a9aa47377 <unknown>\n#12 0x562a9aa2fdfe <unknown>\n#13 0x562a9aa47e42 <unknown>\n#14 0x562a9aa1479f <unknown>\n#15 0x562a9aa6c178 <unknown>\n#16 0x562a9aa6c34b <unknown>\n#17 0x562a9aa7bfbc <unknown>\n#18 0x7f102b494ac3 <unknown>",
  "statusTrace" : "driver = <selenium.webdriver.chrome.webdriver.WebDriver (session=\"980749245f3c3fd115d8b40b66624c11\")>\n\n    @pytest.fixture\n    def auth_user_admin_to_seo(driver):\n        main_page = MainPage(driver)\n        url = Urls.MAIN_URL_SEO + Urls.AUTH\n        cookies = {'name': 'token', 'value': os.environ[\"SEO_ADMIN\"]}\n        driver.get(url)\n        driver.add_cookie(cookies)\n        driver.get(Urls.MAIN_URL_SEO)\n>       main_page.check_button_agree().click()\n\ntests/conftest.py:18: \n_ _ _ _ _ _ _ _ _ _ _ _ _ _ _ _ _ _ _ _ _ _ _ _ _ _ _ _ _ _ _ _ _ _ _ _ _ _ _ _ \npages/main_page.py:15: in check_button_agree\n    return self.element_is_visible(self.locator.AGREE_BUTTON)\npages/base_page.py:18: in element_is_visible\n    self.go_to_element(self.element_is_present(locator))\npages/base_page.py:34: in element_is_present\n    return Wait(self.driver, self.timeout).until(ec.presence_of_element_located(locator))\n_ _ _ _ _ _ _ _ _ _ _ _ _ _ _ _ _ _ _ _ _ _ _ _ _ _ _ _ _ _ _ _ _ _ _ _ _ _ _ _ \n\nself = <selenium.webdriver.support.wait.WebDriverWait (session=\"980749245f3c3fd115d8b40b66624c11\")>\nmethod = <function presence_of_element_located.<locals>._predicate at 0x7fe7617b1bc0>\nmessage = ''\n\n    def until(self, method: Callable[[D], Union[Literal[False], T]], message: str = \"\") -> T:\n        \"\"\"Calls the method provided with the driver as an argument until the \\\n        return value does not evaluate to ``False``.\n    \n        :param method: callable(WebDriver)\n        :param message: optional message for :exc:`TimeoutException`\n        :returns: the result of the last call to `method`\n        :raises: :exc:`selenium.common.exceptions.TimeoutException` if timeout occurs\n        \"\"\"\n        screen = None\n        stacktrace = None\n    \n        end_time = time.monotonic() + self._timeout\n        while True:\n            try:\n                value = method(self._driver)\n                if value:\n                    return value\n            except self._ignored_exceptions as exc:\n                screen = getattr(exc, \"screen\", None)\n                stacktrace = getattr(exc, \"stacktrace\", None)\n            time.sleep(self._poll)\n            if time.monotonic() > end_time:\n                break\n>       raise TimeoutException(message, screen, stacktrace)\nE       selenium.common.exceptions.TimeoutException: Message: \nE       Stacktrace:\nE       #0 0x562a9aa7ce8a <unknown>\nE       #1 0x562a9a76645c <unknown>\nE       #2 0x562a9a7b25b5 <unknown>\nE       #3 0x562a9a7b2671 <unknown>\nE       #4 0x562a9a7f6f14 <unknown>\nE       #5 0x562a9a7d54dd <unknown>\nE       #6 0x562a9a7f42cc <unknown>\nE       #7 0x562a9a7d5253 <unknown>\nE       #8 0x562a9a7a51c7 <unknown>\nE       #9 0x562a9a7a5b3e <unknown>\nE       #10 0x562a9aa432cb <unknown>\nE       #11 0x562a9aa47377 <unknown>\nE       #12 0x562a9aa2fdfe <unknown>\nE       #13 0x562a9aa47e42 <unknown>\nE       #14 0x562a9aa1479f <unknown>\nE       #15 0x562a9aa6c178 <unknown>\nE       #16 0x562a9aa6c34b <unknown>\nE       #17 0x562a9aa7bfbc <unknown>\nE       #18 0x7f102b494ac3 <unknown>\n\n/opt/hostedtoolcache/Python/3.12.3/x64/lib/python3.12/site-packages/selenium/webdriver/support/wait.py:105: TimeoutException",
  "flaky" : false,
  "newFailed" : false,
  "beforeStages" : [ {
    "name" : "auth_user_admin_to_seo",
    "time" : {
      "start" : 1717293947895,
      "stop" : 1717293960798,
      "duration" : 12903
    },
    "status" : "broken",
    "statusMessage" : "selenium.common.exceptions.TimeoutException: Message: \nStacktrace:\n#0 0x562a9aa7ce8a <unknown>\n#1 0x562a9a76645c <unknown>\n#2 0x562a9a7b25b5 <unknown>\n#3 0x562a9a7b2671 <unknown>\n#4 0x562a9a7f6f14 <unknown>\n#5 0x562a9a7d54dd <unknown>\n#6 0x562a9a7f42cc <unknown>\n#7 0x562a9a7d5253 <unknown>\n#8 0x562a9a7a51c7 <unknown>\n#9 0x562a9a7a5b3e <unknown>\n#10 0x562a9aa432cb <unknown>\n#11 0x562a9aa47377 <unknown>\n#12 0x562a9aa2fdfe <unknown>\n#13 0x562a9aa47e42 <unknown>\n#14 0x562a9aa1479f <unknown>\n#15 0x562a9aa6c178 <unknown>\n#16 0x562a9aa6c34b <unknown>\n#17 0x562a9aa7bfbc <unknown>\n#18 0x7f102b494ac3 <unknown>\n\n",
    "statusTrace" : "  File \"/opt/hostedtoolcache/Python/3.12.3/x64/lib/python3.12/site-packages/pluggy/_callers.py\", line 167, in _multicall\n    teardown.throw(outcome._exception)\n  File \"/opt/hostedtoolcache/Python/3.12.3/x64/lib/python3.12/site-packages/_pytest/setuponly.py\", line 36, in pytest_fixture_setup\n    return (yield)\n            ^^^^^\n  File \"/opt/hostedtoolcache/Python/3.12.3/x64/lib/python3.12/site-packages/pluggy/_callers.py\", line 103, in _multicall\n    res = hook_impl.function(*args)\n          ^^^^^^^^^^^^^^^^^^^^^^^^^\n  File \"/opt/hostedtoolcache/Python/3.12.3/x64/lib/python3.12/site-packages/_pytest/fixtures.py\", line 1140, in pytest_fixture_setup\n    result = call_fixture_func(fixturefunc, request, kwargs)\n             ^^^^^^^^^^^^^^^^^^^^^^^^^^^^^^^^^^^^^^^^^^^^^^^\n  File \"/opt/hostedtoolcache/Python/3.12.3/x64/lib/python3.12/site-packages/_pytest/fixtures.py\", line 917, in call_fixture_func\n    fixture_result = fixturefunc(**kwargs)\n                     ^^^^^^^^^^^^^^^^^^^^^\n  File \"/home/runner/work/DealerPassport/DealerPassport/tests/conftest.py\", line 18, in auth_user_admin_to_seo\n    main_page.check_button_agree().click()\n    ^^^^^^^^^^^^^^^^^^^^^^^^^^^^^^\n  File \"/opt/hostedtoolcache/Python/3.12.3/x64/lib/python3.12/site-packages/allure_commons/_allure.py\", line 192, in impl\n    return func(*a, **kw)\n           ^^^^^^^^^^^^^^\n  File \"/home/runner/work/DealerPassport/DealerPassport/pages/main_page.py\", line 15, in check_button_agree\n    return self.element_is_visible(self.locator.AGREE_BUTTON)\n           ^^^^^^^^^^^^^^^^^^^^^^^^^^^^^^^^^^^^^^^^^^^^^^^^^^\n  File \"/home/runner/work/DealerPassport/DealerPassport/pages/base_page.py\", line 18, in element_is_visible\n    self.go_to_element(self.element_is_present(locator))\n                       ^^^^^^^^^^^^^^^^^^^^^^^^^^^^^^^^\n  File \"/home/runner/work/DealerPassport/DealerPassport/pages/base_page.py\", line 34, in element_is_present\n    return Wait(self.driver, self.timeout).until(ec.presence_of_element_located(locator))\n           ^^^^^^^^^^^^^^^^^^^^^^^^^^^^^^^^^^^^^^^^^^^^^^^^^^^^^^^^^^^^^^^^^^^^^^^^^^^^^^\n  File \"/opt/hostedtoolcache/Python/3.12.3/x64/lib/python3.12/site-packages/selenium/webdriver/support/wait.py\", line 105, in until\n    raise TimeoutException(message, screen, stacktrace)\n",
    "steps" : [ {
      "name" : "Проверка видимости кнопки '('xpath', '//span[text()=\"Согласен\"]')' на главной странице",
      "time" : {
        "start" : 1717293950566,
        "stop" : 1717293960797,
        "duration" : 10231
      },
      "status" : "broken",
      "statusMessage" : "selenium.common.exceptions.TimeoutException: Message: \nStacktrace:\n#0 0x562a9aa7ce8a <unknown>\n#1 0x562a9a76645c <unknown>\n#2 0x562a9a7b25b5 <unknown>\n#3 0x562a9a7b2671 <unknown>\n#4 0x562a9a7f6f14 <unknown>\n#5 0x562a9a7d54dd <unknown>\n#6 0x562a9a7f42cc <unknown>\n#7 0x562a9a7d5253 <unknown>\n#8 0x562a9a7a51c7 <unknown>\n#9 0x562a9a7a5b3e <unknown>\n#10 0x562a9aa432cb <unknown>\n#11 0x562a9aa47377 <unknown>\n#12 0x562a9aa2fdfe <unknown>\n#13 0x562a9aa47e42 <unknown>\n#14 0x562a9aa1479f <unknown>\n#15 0x562a9aa6c178 <unknown>\n#16 0x562a9aa6c34b <unknown>\n#17 0x562a9aa7bfbc <unknown>\n#18 0x7f102b494ac3 <unknown>\n\n",
      "statusTrace" : "  File \"/opt/hostedtoolcache/Python/3.12.3/x64/lib/python3.12/site-packages/allure_commons/_allure.py\", line 192, in impl\n    return func(*a, **kw)\n           ^^^^^^^^^^^^^^\n  File \"/home/runner/work/DealerPassport/DealerPassport/pages/main_page.py\", line 15, in check_button_agree\n    return self.element_is_visible(self.locator.AGREE_BUTTON)\n           ^^^^^^^^^^^^^^^^^^^^^^^^^^^^^^^^^^^^^^^^^^^^^^^^^^\n  File \"/home/runner/work/DealerPassport/DealerPassport/pages/base_page.py\", line 18, in element_is_visible\n    self.go_to_element(self.element_is_present(locator))\n                       ^^^^^^^^^^^^^^^^^^^^^^^^^^^^^^^^\n  File \"/home/runner/work/DealerPassport/DealerPassport/pages/base_page.py\", line 34, in element_is_present\n    return Wait(self.driver, self.timeout).until(ec.presence_of_element_located(locator))\n           ^^^^^^^^^^^^^^^^^^^^^^^^^^^^^^^^^^^^^^^^^^^^^^^^^^^^^^^^^^^^^^^^^^^^^^^^^^^^^^\n  File \"/opt/hostedtoolcache/Python/3.12.3/x64/lib/python3.12/site-packages/selenium/webdriver/support/wait.py\", line 105, in until\n    raise TimeoutException(message, screen, stacktrace)\n",
      "steps" : [ ],
      "attachments" : [ ],
      "parameters" : [ ],
      "stepsCount" : 0,
      "attachmentsCount" : 0,
      "shouldDisplayMessage" : true,
      "hasContent" : true
    } ],
    "attachments" : [ ],
    "parameters" : [ ],
    "stepsCount" : 1,
    "attachmentsCount" : 0,
    "shouldDisplayMessage" : false,
    "hasContent" : true
  }, {
    "name" : "clear_allure_results_folder",
    "time" : {
      "start" : 1717293801581,
      "stop" : 1717293801581,
      "duration" : 0
    },
    "status" : "passed",
    "steps" : [ ],
    "attachments" : [ ],
    "parameters" : [ ],
    "stepsCount" : 0,
    "attachmentsCount" : 0,
    "shouldDisplayMessage" : false,
    "hasContent" : false
  }, {
    "name" : "driver",
    "time" : {
      "start" : 1717293947697,
      "stop" : 1717293947895,
      "duration" : 198
    },
    "status" : "passed",
    "steps" : [ ],
    "attachments" : [ ],
    "parameters" : [ ],
    "stepsCount" : 0,
    "attachmentsCount" : 0,
    "shouldDisplayMessage" : false,
    "hasContent" : false
  } ],
  "afterStages" : [ {
    "name" : "driver::0",
    "time" : {
      "start" : 1717293960811,
      "stop" : 1717293960870,
      "duration" : 59
    },
    "status" : "passed",
    "steps" : [ ],
    "attachments" : [ ],
    "parameters" : [ ],
    "stepsCount" : 0,
    "attachmentsCount" : 0,
    "shouldDisplayMessage" : false,
    "hasContent" : false
  } ],
  "labels" : [ {
    "name" : "epic",
    "value" : "Test Main Page smoke_test"
  }, {
    "name" : "tag",
    "value" : "smoke_test"
  }, {
    "name" : "parentSuite",
    "value" : "tests"
  }, {
    "name" : "suite",
    "value" : "main_page_test"
  }, {
    "name" : "subSuite",
    "value" : "TestMainPageSmoke"
  }, {
    "name" : "host",
    "value" : "fv-az1424-299"
  }, {
    "name" : "thread",
    "value" : "2249-MainThread"
  }, {
    "name" : "framework",
    "value" : "pytest"
  }, {
    "name" : "language",
    "value" : "cpython3"
  }, {
    "name" : "package",
    "value" : "tests.main_page_test"
  }, {
    "name" : "resultFormat",
    "value" : "allure2"
  } ],
  "parameters" : [ {
    "name" : "url",
    "value" : "'https://dealer-passport-test.xsfera.ru/documents/'"
  } ],
  "links" : [ ],
  "hidden" : false,
  "retry" : false,
  "extra" : {
    "severity" : "normal",
    "retries" : [ ],
    "categories" : [ {
      "name" : "Test defects",
      "matchedStatuses" : [ ],
      "flaky" : false
    } ],
    "history" : {
      "statistic" : {
        "failed" : 0,
        "broken" : 1,
        "skipped" : 0,
        "passed" : 6,
        "unknown" : 0,
        "total" : 7
      },
      "items" : [ {
        "uid" : "20dc0a502deadbc3",
        "reportUrl" : "https://Nat754.github.io/DealerPassport/10//#testresult/20dc0a502deadbc3",
        "status" : "passed",
        "time" : {
          "start" : 1717207521321,
          "stop" : 1717207532302,
          "duration" : 10981
        }
      }, {
        "uid" : "80c9903d783e6650",
        "reportUrl" : "https://Nat754.github.io/DealerPassport/5//#testresult/80c9903d783e6650",
        "status" : "passed",
        "time" : {
          "start" : 1717150234785,
          "stop" : 1717150245600,
          "duration" : 10815
        }
      }, {
        "uid" : "49511254453ef050",
        "reportUrl" : "https://Nat754.github.io/DealerPassport/5//#testresult/49511254453ef050",
        "status" : "passed",
        "time" : {
          "start" : 1717143876529,
          "stop" : 1717143887520,
          "duration" : 10991
        }
      }, {
        "uid" : "279a215bdbe02e29",
        "reportUrl" : "https://Nat754.github.io/DealerPassport/9//#testresult/279a215bdbe02e29",
        "status" : "passed",
        "time" : {
          "start" : 1717121067683,
          "stop" : 1717121078580,
          "duration" : 10897
        }
      }, {
        "uid" : "644d2e86f6713e96",
        "reportUrl" : "https://Nat754.github.io/DealerPassport/5//#testresult/644d2e86f6713e96",
        "status" : "passed",
        "time" : {
          "start" : 1717080590708,
          "stop" : 1717080601594,
          "duration" : 10886
        }
      }, {
        "uid" : "a44cfe4e24cd2653",
        "reportUrl" : "https://Nat754.github.io/DealerPassport/4//#testresult/a44cfe4e24cd2653",
        "status" : "passed",
        "time" : {
          "start" : 1717059207118,
          "stop" : 1717059217990,
          "duration" : 10872
        }
      } ]
    },
    "tags" : [ "smoke_test" ]
  },
  "source" : "576c391108b27690.json",
  "parameterValues" : [ "'https://dealer-passport-test.xsfera.ru/documents/'" ]
}