{
  "uid" : "58ac710e394107e",
  "name" : "test_open_seo[https://dealer-passport-test.xsfera.ru/dealers/]",
  "fullName" : "tests.main_page_test.TestMainPageSmoke#test_open_seo",
  "historyId" : "4b9832eca4d22a522e019e9cf18dcb53",
  "time" : {
    "start" : 1717294013824,
    "stop" : 1717294013824,
    "duration" : 0
  },
  "status" : "broken",
  "statusMessage" : "selenium.common.exceptions.TimeoutException: Message: \nStacktrace:\n#0 0x55e88fdf3e8a <unknown>\n#1 0x55e88fadd45c <unknown>\n#2 0x55e88fb295b5 <unknown>\n#3 0x55e88fb29671 <unknown>\n#4 0x55e88fb6df14 <unknown>\n#5 0x55e88fb4c4dd <unknown>\n#6 0x55e88fb6b2cc <unknown>\n#7 0x55e88fb4c253 <unknown>\n#8 0x55e88fb1c1c7 <unknown>\n#9 0x55e88fb1cb3e <unknown>\n#10 0x55e88fdba2cb <unknown>\n#11 0x55e88fdbe377 <unknown>\n#12 0x55e88fda6dfe <unknown>\n#13 0x55e88fdbee42 <unknown>\n#14 0x55e88fd8b79f <unknown>\n#15 0x55e88fde3178 <unknown>\n#16 0x55e88fde334b <unknown>\n#17 0x55e88fdf2fbc <unknown>\n#18 0x7f4b11294ac3 <unknown>",
  "statusTrace" : "driver = <selenium.webdriver.chrome.webdriver.WebDriver (session=\"eb6e8664f275ef05be5b58be280e9be6\")>\n\n    @pytest.fixture\n    def auth_user_admin_to_seo(driver):\n        main_page = MainPage(driver)\n        url = Urls.MAIN_URL_SEO + Urls.AUTH\n        cookies = {'name': 'token', 'value': os.environ[\"SEO_ADMIN\"]}\n        driver.get(url)\n        driver.add_cookie(cookies)\n        driver.get(Urls.MAIN_URL_SEO)\n>       main_page.check_button_agree().click()\n\ntests/conftest.py:18: \n_ _ _ _ _ _ _ _ _ _ _ _ _ _ _ _ _ _ _ _ _ _ _ _ _ _ _ _ _ _ _ _ _ _ _ _ _ _ _ _ \npages/main_page.py:15: in check_button_agree\n    return self.element_is_visible(self.locator.AGREE_BUTTON)\npages/base_page.py:18: in element_is_visible\n    self.go_to_element(self.element_is_present(locator))\npages/base_page.py:34: in element_is_present\n    return Wait(self.driver, self.timeout).until(ec.presence_of_element_located(locator))\n_ _ _ _ _ _ _ _ _ _ _ _ _ _ _ _ _ _ _ _ _ _ _ _ _ _ _ _ _ _ _ _ _ _ _ _ _ _ _ _ \n\nself = <selenium.webdriver.support.wait.WebDriverWait (session=\"eb6e8664f275ef05be5b58be280e9be6\")>\nmethod = <function presence_of_element_located.<locals>._predicate at 0x7fe7617ba7a0>\nmessage = ''\n\n    def until(self, method: Callable[[D], Union[Literal[False], T]], message: str = \"\") -> T:\n        \"\"\"Calls the method provided with the driver as an argument until the \\\n        return value does not evaluate to ``False``.\n    \n        :param method: callable(WebDriver)\n        :param message: optional message for :exc:`TimeoutException`\n        :returns: the result of the last call to `method`\n        :raises: :exc:`selenium.common.exceptions.TimeoutException` if timeout occurs\n        \"\"\"\n        screen = None\n        stacktrace = None\n    \n        end_time = time.monotonic() + self._timeout\n        while True:\n            try:\n                value = method(self._driver)\n                if value:\n                    return value\n            except self._ignored_exceptions as exc:\n                screen = getattr(exc, \"screen\", None)\n                stacktrace = getattr(exc, \"stacktrace\", None)\n            time.sleep(self._poll)\n            if time.monotonic() > end_time:\n                break\n>       raise TimeoutException(message, screen, stacktrace)\nE       selenium.common.exceptions.TimeoutException: Message: \nE       Stacktrace:\nE       #0 0x55e88fdf3e8a <unknown>\nE       #1 0x55e88fadd45c <unknown>\nE       #2 0x55e88fb295b5 <unknown>\nE       #3 0x55e88fb29671 <unknown>\nE       #4 0x55e88fb6df14 <unknown>\nE       #5 0x55e88fb4c4dd <unknown>\nE       #6 0x55e88fb6b2cc <unknown>\nE       #7 0x55e88fb4c253 <unknown>\nE       #8 0x55e88fb1c1c7 <unknown>\nE       #9 0x55e88fb1cb3e <unknown>\nE       #10 0x55e88fdba2cb <unknown>\nE       #11 0x55e88fdbe377 <unknown>\nE       #12 0x55e88fda6dfe <unknown>\nE       #13 0x55e88fdbee42 <unknown>\nE       #14 0x55e88fd8b79f <unknown>\nE       #15 0x55e88fde3178 <unknown>\nE       #16 0x55e88fde334b <unknown>\nE       #17 0x55e88fdf2fbc <unknown>\nE       #18 0x7f4b11294ac3 <unknown>\n\n/opt/hostedtoolcache/Python/3.12.3/x64/lib/python3.12/site-packages/selenium/webdriver/support/wait.py:105: TimeoutException",
  "flaky" : false,
  "newFailed" : false,
  "beforeStages" : [ {
    "name" : "clear_allure_results_folder",
    "time" : {
      "start" : 1717293801581,
      "stop" : 1717293801581,
      "duration" : 0
    },
    "status" : "passed",
    "steps" : [ ],
    "attachments" : [ ],
    "parameters" : [ ],
    "stepsCount" : 0,
    "attachmentsCount" : 0,
    "shouldDisplayMessage" : false,
    "hasContent" : false
  }, {
    "name" : "driver",
    "time" : {
      "start" : 1717294013825,
      "stop" : 1717294014023,
      "duration" : 198
    },
    "status" : "passed",
    "steps" : [ ],
    "attachments" : [ ],
    "parameters" : [ ],
    "stepsCount" : 0,
    "attachmentsCount" : 0,
    "shouldDisplayMessage" : false,
    "hasContent" : false
  }, {
    "name" : "auth_user_admin_to_seo",
    "time" : {
      "start" : 1717294014023,
      "stop" : 1717294026949,
      "duration" : 12926
    },
    "status" : "broken",
    "statusMessage" : "selenium.common.exceptions.TimeoutException: Message: \nStacktrace:\n#0 0x55e88fdf3e8a <unknown>\n#1 0x55e88fadd45c <unknown>\n#2 0x55e88fb295b5 <unknown>\n#3 0x55e88fb29671 <unknown>\n#4 0x55e88fb6df14 <unknown>\n#5 0x55e88fb4c4dd <unknown>\n#6 0x55e88fb6b2cc <unknown>\n#7 0x55e88fb4c253 <unknown>\n#8 0x55e88fb1c1c7 <unknown>\n#9 0x55e88fb1cb3e <unknown>\n#10 0x55e88fdba2cb <unknown>\n#11 0x55e88fdbe377 <unknown>\n#12 0x55e88fda6dfe <unknown>\n#13 0x55e88fdbee42 <unknown>\n#14 0x55e88fd8b79f <unknown>\n#15 0x55e88fde3178 <unknown>\n#16 0x55e88fde334b <unknown>\n#17 0x55e88fdf2fbc <unknown>\n#18 0x7f4b11294ac3 <unknown>\n\n",
    "statusTrace" : "  File \"/opt/hostedtoolcache/Python/3.12.3/x64/lib/python3.12/site-packages/pluggy/_callers.py\", line 167, in _multicall\n    teardown.throw(outcome._exception)\n  File \"/opt/hostedtoolcache/Python/3.12.3/x64/lib/python3.12/site-packages/_pytest/setuponly.py\", line 36, in pytest_fixture_setup\n    return (yield)\n            ^^^^^\n  File \"/opt/hostedtoolcache/Python/3.12.3/x64/lib/python3.12/site-packages/pluggy/_callers.py\", line 103, in _multicall\n    res = hook_impl.function(*args)\n          ^^^^^^^^^^^^^^^^^^^^^^^^^\n  File \"/opt/hostedtoolcache/Python/3.12.3/x64/lib/python3.12/site-packages/_pytest/fixtures.py\", line 1140, in pytest_fixture_setup\n    result = call_fixture_func(fixturefunc, request, kwargs)\n             ^^^^^^^^^^^^^^^^^^^^^^^^^^^^^^^^^^^^^^^^^^^^^^^\n  File \"/opt/hostedtoolcache/Python/3.12.3/x64/lib/python3.12/site-packages/_pytest/fixtures.py\", line 917, in call_fixture_func\n    fixture_result = fixturefunc(**kwargs)\n                     ^^^^^^^^^^^^^^^^^^^^^\n  File \"/home/runner/work/DealerPassport/DealerPassport/tests/conftest.py\", line 18, in auth_user_admin_to_seo\n    main_page.check_button_agree().click()\n    ^^^^^^^^^^^^^^^^^^^^^^^^^^^^^^\n  File \"/opt/hostedtoolcache/Python/3.12.3/x64/lib/python3.12/site-packages/allure_commons/_allure.py\", line 192, in impl\n    return func(*a, **kw)\n           ^^^^^^^^^^^^^^\n  File \"/home/runner/work/DealerPassport/DealerPassport/pages/main_page.py\", line 15, in check_button_agree\n    return self.element_is_visible(self.locator.AGREE_BUTTON)\n           ^^^^^^^^^^^^^^^^^^^^^^^^^^^^^^^^^^^^^^^^^^^^^^^^^^\n  File \"/home/runner/work/DealerPassport/DealerPassport/pages/base_page.py\", line 18, in element_is_visible\n    self.go_to_element(self.element_is_present(locator))\n                       ^^^^^^^^^^^^^^^^^^^^^^^^^^^^^^^^\n  File \"/home/runner/work/DealerPassport/DealerPassport/pages/base_page.py\", line 34, in element_is_present\n    return Wait(self.driver, self.timeout).until(ec.presence_of_element_located(locator))\n           ^^^^^^^^^^^^^^^^^^^^^^^^^^^^^^^^^^^^^^^^^^^^^^^^^^^^^^^^^^^^^^^^^^^^^^^^^^^^^^\n  File \"/opt/hostedtoolcache/Python/3.12.3/x64/lib/python3.12/site-packages/selenium/webdriver/support/wait.py\", line 105, in until\n    raise TimeoutException(message, screen, stacktrace)\n",
    "steps" : [ {
      "name" : "Проверка видимости кнопки '('xpath', '//span[text()=\"Согласен\"]')' на главной странице",
      "time" : {
        "start" : 1717294016714,
        "stop" : 1717294026948,
        "duration" : 10234
      },
      "status" : "broken",
      "statusMessage" : "selenium.common.exceptions.TimeoutException: Message: \nStacktrace:\n#0 0x55e88fdf3e8a <unknown>\n#1 0x55e88fadd45c <unknown>\n#2 0x55e88fb295b5 <unknown>\n#3 0x55e88fb29671 <unknown>\n#4 0x55e88fb6df14 <unknown>\n#5 0x55e88fb4c4dd <unknown>\n#6 0x55e88fb6b2cc <unknown>\n#7 0x55e88fb4c253 <unknown>\n#8 0x55e88fb1c1c7 <unknown>\n#9 0x55e88fb1cb3e <unknown>\n#10 0x55e88fdba2cb <unknown>\n#11 0x55e88fdbe377 <unknown>\n#12 0x55e88fda6dfe <unknown>\n#13 0x55e88fdbee42 <unknown>\n#14 0x55e88fd8b79f <unknown>\n#15 0x55e88fde3178 <unknown>\n#16 0x55e88fde334b <unknown>\n#17 0x55e88fdf2fbc <unknown>\n#18 0x7f4b11294ac3 <unknown>\n\n",
      "statusTrace" : "  File \"/opt/hostedtoolcache/Python/3.12.3/x64/lib/python3.12/site-packages/allure_commons/_allure.py\", line 192, in impl\n    return func(*a, **kw)\n           ^^^^^^^^^^^^^^\n  File \"/home/runner/work/DealerPassport/DealerPassport/pages/main_page.py\", line 15, in check_button_agree\n    return self.element_is_visible(self.locator.AGREE_BUTTON)\n           ^^^^^^^^^^^^^^^^^^^^^^^^^^^^^^^^^^^^^^^^^^^^^^^^^^\n  File \"/home/runner/work/DealerPassport/DealerPassport/pages/base_page.py\", line 18, in element_is_visible\n    self.go_to_element(self.element_is_present(locator))\n                       ^^^^^^^^^^^^^^^^^^^^^^^^^^^^^^^^\n  File \"/home/runner/work/DealerPassport/DealerPassport/pages/base_page.py\", line 34, in element_is_present\n    return Wait(self.driver, self.timeout).until(ec.presence_of_element_located(locator))\n           ^^^^^^^^^^^^^^^^^^^^^^^^^^^^^^^^^^^^^^^^^^^^^^^^^^^^^^^^^^^^^^^^^^^^^^^^^^^^^^\n  File \"/opt/hostedtoolcache/Python/3.12.3/x64/lib/python3.12/site-packages/selenium/webdriver/support/wait.py\", line 105, in until\n    raise TimeoutException(message, screen, stacktrace)\n",
      "steps" : [ ],
      "attachments" : [ ],
      "parameters" : [ ],
      "stepsCount" : 0,
      "attachmentsCount" : 0,
      "shouldDisplayMessage" : true,
      "hasContent" : true
    } ],
    "attachments" : [ ],
    "parameters" : [ ],
    "stepsCount" : 1,
    "attachmentsCount" : 0,
    "shouldDisplayMessage" : false,
    "hasContent" : true
  } ],
  "afterStages" : [ {
    "name" : "driver::0",
    "time" : {
      "start" : 1717294026964,
      "stop" : 1717294027023,
      "duration" : 59
    },
    "status" : "passed",
    "steps" : [ ],
    "attachments" : [ ],
    "parameters" : [ ],
    "stepsCount" : 0,
    "attachmentsCount" : 0,
    "shouldDisplayMessage" : false,
    "hasContent" : false
  } ],
  "labels" : [ {
    "name" : "epic",
    "value" : "Test Main Page smoke_test"
  }, {
    "name" : "tag",
    "value" : "smoke_test"
  }, {
    "name" : "parentSuite",
    "value" : "tests"
  }, {
    "name" : "suite",
    "value" : "main_page_test"
  }, {
    "name" : "subSuite",
    "value" : "TestMainPageSmoke"
  }, {
    "name" : "host",
    "value" : "fv-az1424-299"
  }, {
    "name" : "thread",
    "value" : "2249-MainThread"
  }, {
    "name" : "framework",
    "value" : "pytest"
  }, {
    "name" : "language",
    "value" : "cpython3"
  }, {
    "name" : "package",
    "value" : "tests.main_page_test"
  }, {
    "name" : "resultFormat",
    "value" : "allure2"
  } ],
  "parameters" : [ {
    "name" : "url",
    "value" : "'https://dealer-passport-test.xsfera.ru/dealers/'"
  } ],
  "links" : [ ],
  "hidden" : false,
  "retry" : false,
  "extra" : {
    "severity" : "normal",
    "retries" : [ ],
    "categories" : [ {
      "name" : "Test defects",
      "matchedStatuses" : [ ],
      "flaky" : false
    } ],
    "history" : {
      "statistic" : {
        "failed" : 2,
        "broken" : 1,
        "skipped" : 0,
        "passed" : 4,
        "unknown" : 0,
        "total" : 7
      },
      "items" : [ {
        "uid" : "7c6b230c8c40215a",
        "reportUrl" : "https://Nat754.github.io/DealerPassport/10//#testresult/7c6b230c8c40215a",
        "status" : "failed",
        "statusDetails" : "AssertionError: Ошибка: ['Произошла ошибка: errors.GRAPHQL_VALIDATION_FAILED\\nПроизошла ошибка: errors.GRAPHQL_VALIDATION_FAILED\\nПроизошла ошибка: errors.GRAPHQL_VALIDATION_FAILED\\nПроизошла ошибка: errors.GRAPHQL_VALIDATION_FAILED\\nПроизошла ошибка: errors.GRAPHQL_VALIDATION_FAILED\\n[Network error]: ServerError: Response not successful: Received status code 400\\nПроизошла ошибка: errors.GRAPHQL_VALIDATION_FAILED\\nПроизошла ошибка: errors.GRAPHQL_VALIDATION_FAILED\\nПроизошла ошибка: errors.GRAPHQL_VALIDATION_FAILED\\nПроизошла ошибка: errors.GRAPHQL_VALIDATION_FAILED\\nПроизошла ошибка: errors.GRAPHQL_VALIDATION_FAILED\\nПроизошла ошибка: errors.GRAPHQL_VALIDATION_FAILED']\nassert None\n +  where None = <bound method MainPage.check_not_errors of <pages.main_page.MainPage object at 0x7f925923be60>>()\n +    where <bound method MainPage.check_not_errors of <pages.main_page.MainPage object at 0x7f925923be60>> = <pages.main_page.MainPage object at 0x7f925923be60>.check_not_errors",
        "time" : {
          "start" : 1717207592048,
          "stop" : 1717207595388,
          "duration" : 3340
        }
      }, {
        "uid" : "6e64d4d9fa9c4d4a",
        "reportUrl" : "https://Nat754.github.io/DealerPassport/5//#testresult/6e64d4d9fa9c4d4a",
        "status" : "failed",
        "statusDetails" : "AssertionError: Ошибка: ['Произошла ошибка: errors.GRAPHQL_VALIDATION_FAILED\\nПроизошла ошибка: errors.GRAPHQL_VALIDATION_FAILED\\nПроизошла ошибка: errors.GRAPHQL_VALIDATION_FAILED']\nassert None\n +  where None = <bound method MainPage.check_not_errors of <pages.main_page.MainPage object at 0x7fa8887f9d30>>()\n +    where <bound method MainPage.check_not_errors of <pages.main_page.MainPage object at 0x7fa8887f9d30>> = <pages.main_page.MainPage object at 0x7fa8887f9d30>.check_not_errors",
        "time" : {
          "start" : 1717150294130,
          "stop" : 1717150295279,
          "duration" : 1149
        }
      }, {
        "uid" : "f809d4d8907424ca",
        "reportUrl" : "https://Nat754.github.io/DealerPassport/5//#testresult/f809d4d8907424ca",
        "status" : "passed",
        "time" : {
          "start" : 1717143950941,
          "stop" : 1717143961871,
          "duration" : 10930
        }
      }, {
        "uid" : "95546dbb8737e600",
        "reportUrl" : "https://Nat754.github.io/DealerPassport/9//#testresult/95546dbb8737e600",
        "status" : "passed",
        "time" : {
          "start" : 1717121136679,
          "stop" : 1717121147664,
          "duration" : 10985
        }
      }, {
        "uid" : "fec36ba75e923b56",
        "reportUrl" : "https://Nat754.github.io/DealerPassport/5//#testresult/fec36ba75e923b56",
        "status" : "passed",
        "time" : {
          "start" : 1717080661924,
          "stop" : 1717080672791,
          "duration" : 10867
        }
      }, {
        "uid" : "671c3e002ed80168",
        "reportUrl" : "https://Nat754.github.io/DealerPassport/4//#testresult/671c3e002ed80168",
        "status" : "passed",
        "time" : {
          "start" : 1717059276944,
          "stop" : 1717059287793,
          "duration" : 10849
        }
      } ]
    },
    "tags" : [ "smoke_test" ]
  },
  "source" : "58ac710e394107e.json",
  "parameterValues" : [ "'https://dealer-passport-test.xsfera.ru/dealers/'" ]
}