{
  "uid" : "90799123491406aa",
  "name" : "test_open_seo[https://dealer-passport-test.xsfera.ru/srr/]",
  "fullName" : "tests.main_page_test.TestMainPageSmoke#test_open_seo",
  "historyId" : "81221d9f4e68dba5a6a11a841d18e884",
  "time" : {
    "start" : 1717293921250,
    "stop" : 1717293921250,
    "duration" : 0
  },
  "status" : "broken",
  "statusMessage" : "selenium.common.exceptions.TimeoutException: Message: \nStacktrace:\n#0 0x55ff6fe65e8a <unknown>\n#1 0x55ff6fb4f45c <unknown>\n#2 0x55ff6fb9b5b5 <unknown>\n#3 0x55ff6fb9b671 <unknown>\n#4 0x55ff6fbdff14 <unknown>\n#5 0x55ff6fbbe4dd <unknown>\n#6 0x55ff6fbdd2cc <unknown>\n#7 0x55ff6fbbe253 <unknown>\n#8 0x55ff6fb8e1c7 <unknown>\n#9 0x55ff6fb8eb3e <unknown>\n#10 0x55ff6fe2c2cb <unknown>\n#11 0x55ff6fe30377 <unknown>\n#12 0x55ff6fe18dfe <unknown>\n#13 0x55ff6fe30e42 <unknown>\n#14 0x55ff6fdfd79f <unknown>\n#15 0x55ff6fe55178 <unknown>\n#16 0x55ff6fe5534b <unknown>\n#17 0x55ff6fe64fbc <unknown>\n#18 0x7ff111494ac3 <unknown>",
  "statusTrace" : "driver = <selenium.webdriver.chrome.webdriver.WebDriver (session=\"64774caec8f892ea0a1462ff6116b23f\")>\n\n    @pytest.fixture\n    def auth_user_admin_to_seo(driver):\n        main_page = MainPage(driver)\n        url = Urls.MAIN_URL_SEO + Urls.AUTH\n        cookies = {'name': 'token', 'value': os.environ[\"SEO_ADMIN\"]}\n        driver.get(url)\n        driver.add_cookie(cookies)\n        driver.get(Urls.MAIN_URL_SEO)\n>       main_page.check_button_agree().click()\n\ntests/conftest.py:18: \n_ _ _ _ _ _ _ _ _ _ _ _ _ _ _ _ _ _ _ _ _ _ _ _ _ _ _ _ _ _ _ _ _ _ _ _ _ _ _ _ \npages/main_page.py:15: in check_button_agree\n    return self.element_is_visible(self.locator.AGREE_BUTTON)\npages/base_page.py:18: in element_is_visible\n    self.go_to_element(self.element_is_present(locator))\npages/base_page.py:34: in element_is_present\n    return Wait(self.driver, self.timeout).until(ec.presence_of_element_located(locator))\n_ _ _ _ _ _ _ _ _ _ _ _ _ _ _ _ _ _ _ _ _ _ _ _ _ _ _ _ _ _ _ _ _ _ _ _ _ _ _ _ \n\nself = <selenium.webdriver.support.wait.WebDriverWait (session=\"64774caec8f892ea0a1462ff6116b23f\")>\nmethod = <function presence_of_element_located.<locals>._predicate at 0x7fe7617b3c40>\nmessage = ''\n\n    def until(self, method: Callable[[D], Union[Literal[False], T]], message: str = \"\") -> T:\n        \"\"\"Calls the method provided with the driver as an argument until the \\\n        return value does not evaluate to ``False``.\n    \n        :param method: callable(WebDriver)\n        :param message: optional message for :exc:`TimeoutException`\n        :returns: the result of the last call to `method`\n        :raises: :exc:`selenium.common.exceptions.TimeoutException` if timeout occurs\n        \"\"\"\n        screen = None\n        stacktrace = None\n    \n        end_time = time.monotonic() + self._timeout\n        while True:\n            try:\n                value = method(self._driver)\n                if value:\n                    return value\n            except self._ignored_exceptions as exc:\n                screen = getattr(exc, \"screen\", None)\n                stacktrace = getattr(exc, \"stacktrace\", None)\n            time.sleep(self._poll)\n            if time.monotonic() > end_time:\n                break\n>       raise TimeoutException(message, screen, stacktrace)\nE       selenium.common.exceptions.TimeoutException: Message: \nE       Stacktrace:\nE       #0 0x55ff6fe65e8a <unknown>\nE       #1 0x55ff6fb4f45c <unknown>\nE       #2 0x55ff6fb9b5b5 <unknown>\nE       #3 0x55ff6fb9b671 <unknown>\nE       #4 0x55ff6fbdff14 <unknown>\nE       #5 0x55ff6fbbe4dd <unknown>\nE       #6 0x55ff6fbdd2cc <unknown>\nE       #7 0x55ff6fbbe253 <unknown>\nE       #8 0x55ff6fb8e1c7 <unknown>\nE       #9 0x55ff6fb8eb3e <unknown>\nE       #10 0x55ff6fe2c2cb <unknown>\nE       #11 0x55ff6fe30377 <unknown>\nE       #12 0x55ff6fe18dfe <unknown>\nE       #13 0x55ff6fe30e42 <unknown>\nE       #14 0x55ff6fdfd79f <unknown>\nE       #15 0x55ff6fe55178 <unknown>\nE       #16 0x55ff6fe5534b <unknown>\nE       #17 0x55ff6fe64fbc <unknown>\nE       #18 0x7ff111494ac3 <unknown>\n\n/opt/hostedtoolcache/Python/3.12.3/x64/lib/python3.12/site-packages/selenium/webdriver/support/wait.py:105: TimeoutException",
  "flaky" : false,
  "newFailed" : false,
  "beforeStages" : [ {
    "name" : "clear_allure_results_folder",
    "time" : {
      "start" : 1717293801581,
      "stop" : 1717293801581,
      "duration" : 0
    },
    "status" : "passed",
    "steps" : [ ],
    "attachments" : [ ],
    "parameters" : [ ],
    "stepsCount" : 0,
    "attachmentsCount" : 0,
    "shouldDisplayMessage" : false,
    "hasContent" : false
  }, {
    "name" : "auth_user_admin_to_seo",
    "time" : {
      "start" : 1717293921456,
      "stop" : 1717293934386,
      "duration" : 12930
    },
    "status" : "broken",
    "statusMessage" : "selenium.common.exceptions.TimeoutException: Message: \nStacktrace:\n#0 0x55ff6fe65e8a <unknown>\n#1 0x55ff6fb4f45c <unknown>\n#2 0x55ff6fb9b5b5 <unknown>\n#3 0x55ff6fb9b671 <unknown>\n#4 0x55ff6fbdff14 <unknown>\n#5 0x55ff6fbbe4dd <unknown>\n#6 0x55ff6fbdd2cc <unknown>\n#7 0x55ff6fbbe253 <unknown>\n#8 0x55ff6fb8e1c7 <unknown>\n#9 0x55ff6fb8eb3e <unknown>\n#10 0x55ff6fe2c2cb <unknown>\n#11 0x55ff6fe30377 <unknown>\n#12 0x55ff6fe18dfe <unknown>\n#13 0x55ff6fe30e42 <unknown>\n#14 0x55ff6fdfd79f <unknown>\n#15 0x55ff6fe55178 <unknown>\n#16 0x55ff6fe5534b <unknown>\n#17 0x55ff6fe64fbc <unknown>\n#18 0x7ff111494ac3 <unknown>\n\n",
    "statusTrace" : "  File \"/opt/hostedtoolcache/Python/3.12.3/x64/lib/python3.12/site-packages/pluggy/_callers.py\", line 167, in _multicall\n    teardown.throw(outcome._exception)\n  File \"/opt/hostedtoolcache/Python/3.12.3/x64/lib/python3.12/site-packages/_pytest/setuponly.py\", line 36, in pytest_fixture_setup\n    return (yield)\n            ^^^^^\n  File \"/opt/hostedtoolcache/Python/3.12.3/x64/lib/python3.12/site-packages/pluggy/_callers.py\", line 103, in _multicall\n    res = hook_impl.function(*args)\n          ^^^^^^^^^^^^^^^^^^^^^^^^^\n  File \"/opt/hostedtoolcache/Python/3.12.3/x64/lib/python3.12/site-packages/_pytest/fixtures.py\", line 1140, in pytest_fixture_setup\n    result = call_fixture_func(fixturefunc, request, kwargs)\n             ^^^^^^^^^^^^^^^^^^^^^^^^^^^^^^^^^^^^^^^^^^^^^^^\n  File \"/opt/hostedtoolcache/Python/3.12.3/x64/lib/python3.12/site-packages/_pytest/fixtures.py\", line 917, in call_fixture_func\n    fixture_result = fixturefunc(**kwargs)\n                     ^^^^^^^^^^^^^^^^^^^^^\n  File \"/home/runner/work/DealerPassport/DealerPassport/tests/conftest.py\", line 18, in auth_user_admin_to_seo\n    main_page.check_button_agree().click()\n    ^^^^^^^^^^^^^^^^^^^^^^^^^^^^^^\n  File \"/opt/hostedtoolcache/Python/3.12.3/x64/lib/python3.12/site-packages/allure_commons/_allure.py\", line 192, in impl\n    return func(*a, **kw)\n           ^^^^^^^^^^^^^^\n  File \"/home/runner/work/DealerPassport/DealerPassport/pages/main_page.py\", line 15, in check_button_agree\n    return self.element_is_visible(self.locator.AGREE_BUTTON)\n           ^^^^^^^^^^^^^^^^^^^^^^^^^^^^^^^^^^^^^^^^^^^^^^^^^^\n  File \"/home/runner/work/DealerPassport/DealerPassport/pages/base_page.py\", line 18, in element_is_visible\n    self.go_to_element(self.element_is_present(locator))\n                       ^^^^^^^^^^^^^^^^^^^^^^^^^^^^^^^^\n  File \"/home/runner/work/DealerPassport/DealerPassport/pages/base_page.py\", line 34, in element_is_present\n    return Wait(self.driver, self.timeout).until(ec.presence_of_element_located(locator))\n           ^^^^^^^^^^^^^^^^^^^^^^^^^^^^^^^^^^^^^^^^^^^^^^^^^^^^^^^^^^^^^^^^^^^^^^^^^^^^^^\n  File \"/opt/hostedtoolcache/Python/3.12.3/x64/lib/python3.12/site-packages/selenium/webdriver/support/wait.py\", line 105, in until\n    raise TimeoutException(message, screen, stacktrace)\n",
    "steps" : [ {
      "name" : "Проверка видимости кнопки '('xpath', '//span[text()=\"Согласен\"]')' на главной странице",
      "time" : {
        "start" : 1717293924150,
        "stop" : 1717293934385,
        "duration" : 10235
      },
      "status" : "broken",
      "statusMessage" : "selenium.common.exceptions.TimeoutException: Message: \nStacktrace:\n#0 0x55ff6fe65e8a <unknown>\n#1 0x55ff6fb4f45c <unknown>\n#2 0x55ff6fb9b5b5 <unknown>\n#3 0x55ff6fb9b671 <unknown>\n#4 0x55ff6fbdff14 <unknown>\n#5 0x55ff6fbbe4dd <unknown>\n#6 0x55ff6fbdd2cc <unknown>\n#7 0x55ff6fbbe253 <unknown>\n#8 0x55ff6fb8e1c7 <unknown>\n#9 0x55ff6fb8eb3e <unknown>\n#10 0x55ff6fe2c2cb <unknown>\n#11 0x55ff6fe30377 <unknown>\n#12 0x55ff6fe18dfe <unknown>\n#13 0x55ff6fe30e42 <unknown>\n#14 0x55ff6fdfd79f <unknown>\n#15 0x55ff6fe55178 <unknown>\n#16 0x55ff6fe5534b <unknown>\n#17 0x55ff6fe64fbc <unknown>\n#18 0x7ff111494ac3 <unknown>\n\n",
      "statusTrace" : "  File \"/opt/hostedtoolcache/Python/3.12.3/x64/lib/python3.12/site-packages/allure_commons/_allure.py\", line 192, in impl\n    return func(*a, **kw)\n           ^^^^^^^^^^^^^^\n  File \"/home/runner/work/DealerPassport/DealerPassport/pages/main_page.py\", line 15, in check_button_agree\n    return self.element_is_visible(self.locator.AGREE_BUTTON)\n           ^^^^^^^^^^^^^^^^^^^^^^^^^^^^^^^^^^^^^^^^^^^^^^^^^^\n  File \"/home/runner/work/DealerPassport/DealerPassport/pages/base_page.py\", line 18, in element_is_visible\n    self.go_to_element(self.element_is_present(locator))\n                       ^^^^^^^^^^^^^^^^^^^^^^^^^^^^^^^^\n  File \"/home/runner/work/DealerPassport/DealerPassport/pages/base_page.py\", line 34, in element_is_present\n    return Wait(self.driver, self.timeout).until(ec.presence_of_element_located(locator))\n           ^^^^^^^^^^^^^^^^^^^^^^^^^^^^^^^^^^^^^^^^^^^^^^^^^^^^^^^^^^^^^^^^^^^^^^^^^^^^^^\n  File \"/opt/hostedtoolcache/Python/3.12.3/x64/lib/python3.12/site-packages/selenium/webdriver/support/wait.py\", line 105, in until\n    raise TimeoutException(message, screen, stacktrace)\n",
      "steps" : [ ],
      "attachments" : [ ],
      "parameters" : [ ],
      "stepsCount" : 0,
      "attachmentsCount" : 0,
      "shouldDisplayMessage" : true,
      "hasContent" : true
    } ],
    "attachments" : [ ],
    "parameters" : [ ],
    "stepsCount" : 1,
    "attachmentsCount" : 0,
    "shouldDisplayMessage" : false,
    "hasContent" : true
  }, {
    "name" : "driver",
    "time" : {
      "start" : 1717293921251,
      "stop" : 1717293921456,
      "duration" : 205
    },
    "status" : "passed",
    "steps" : [ ],
    "attachments" : [ ],
    "parameters" : [ ],
    "stepsCount" : 0,
    "attachmentsCount" : 0,
    "shouldDisplayMessage" : false,
    "hasContent" : false
  } ],
  "afterStages" : [ {
    "name" : "driver::0",
    "time" : {
      "start" : 1717293934399,
      "stop" : 1717293934459,
      "duration" : 60
    },
    "status" : "passed",
    "steps" : [ ],
    "attachments" : [ ],
    "parameters" : [ ],
    "stepsCount" : 0,
    "attachmentsCount" : 0,
    "shouldDisplayMessage" : false,
    "hasContent" : false
  } ],
  "labels" : [ {
    "name" : "epic",
    "value" : "Test Main Page smoke_test"
  }, {
    "name" : "tag",
    "value" : "smoke_test"
  }, {
    "name" : "parentSuite",
    "value" : "tests"
  }, {
    "name" : "suite",
    "value" : "main_page_test"
  }, {
    "name" : "subSuite",
    "value" : "TestMainPageSmoke"
  }, {
    "name" : "host",
    "value" : "fv-az1424-299"
  }, {
    "name" : "thread",
    "value" : "2249-MainThread"
  }, {
    "name" : "framework",
    "value" : "pytest"
  }, {
    "name" : "language",
    "value" : "cpython3"
  }, {
    "name" : "package",
    "value" : "tests.main_page_test"
  }, {
    "name" : "resultFormat",
    "value" : "allure2"
  } ],
  "parameters" : [ {
    "name" : "url",
    "value" : "'https://dealer-passport-test.xsfera.ru/srr/'"
  } ],
  "links" : [ ],
  "hidden" : false,
  "retry" : false,
  "extra" : {
    "severity" : "normal",
    "retries" : [ ],
    "categories" : [ {
      "name" : "Test defects",
      "matchedStatuses" : [ ],
      "flaky" : false
    } ],
    "history" : {
      "statistic" : {
        "failed" : 0,
        "broken" : 1,
        "skipped" : 0,
        "passed" : 6,
        "unknown" : 0,
        "total" : 7
      },
      "items" : [ {
        "uid" : "6a54f29ad83cfa6d",
        "reportUrl" : "https://Nat754.github.io/DealerPassport/10//#testresult/6a54f29ad83cfa6d",
        "status" : "passed",
        "time" : {
          "start" : 1717207490756,
          "stop" : 1717207501710,
          "duration" : 10954
        }
      }, {
        "uid" : "bda96a1ed875fd9b",
        "reportUrl" : "https://Nat754.github.io/DealerPassport/5//#testresult/bda96a1ed875fd9b",
        "status" : "passed",
        "time" : {
          "start" : 1717150207593,
          "stop" : 1717150218430,
          "duration" : 10837
        }
      }, {
        "uid" : "e4031036cc285472",
        "reportUrl" : "https://Nat754.github.io/DealerPassport/5//#testresult/e4031036cc285472",
        "status" : "passed",
        "time" : {
          "start" : 1717143846343,
          "stop" : 1717143857375,
          "duration" : 11032
        }
      }, {
        "uid" : "3a39d86b94df9295",
        "reportUrl" : "https://Nat754.github.io/DealerPassport/9//#testresult/3a39d86b94df9295",
        "status" : "passed",
        "time" : {
          "start" : 1717121040269,
          "stop" : 1717121051097,
          "duration" : 10828
        }
      }, {
        "uid" : "c3591155cfb33bac",
        "reportUrl" : "https://Nat754.github.io/DealerPassport/5//#testresult/c3591155cfb33bac",
        "status" : "passed",
        "time" : {
          "start" : 1717080562276,
          "stop" : 1717080573295,
          "duration" : 11019
        }
      }, {
        "uid" : "c8473e2dc3b71109",
        "reportUrl" : "https://Nat754.github.io/DealerPassport/4//#testresult/c8473e2dc3b71109",
        "status" : "passed",
        "time" : {
          "start" : 1717059178972,
          "stop" : 1717059189865,
          "duration" : 10893
        }
      } ]
    },
    "tags" : [ "smoke_test" ]
  },
  "source" : "90799123491406aa.json",
  "parameterValues" : [ "'https://dealer-passport-test.xsfera.ru/srr/'" ]
}