{
  "uid" : "a2fbb2f381dfbc23",
  "name" : "test_open_seo[https://dealer-passport-test.xsfera.ru/accounting/]",
  "fullName" : "tests.main_page_test.TestMainPageSmoke#test_open_seo",
  "historyId" : "edf033d6d1f4135ca46b722dff366ad0",
  "time" : {
    "start" : 1717293934460,
    "stop" : 1717293934460,
    "duration" : 0
  },
  "status" : "broken",
  "statusMessage" : "selenium.common.exceptions.TimeoutException: Message: \nStacktrace:\n#0 0x557058171e8a <unknown>\n#1 0x557057e5b45c <unknown>\n#2 0x557057ea75b5 <unknown>\n#3 0x557057ea7671 <unknown>\n#4 0x557057eebf14 <unknown>\n#5 0x557057eca4dd <unknown>\n#6 0x557057ee92cc <unknown>\n#7 0x557057eca253 <unknown>\n#8 0x557057e9a1c7 <unknown>\n#9 0x557057e9ab3e <unknown>\n#10 0x5570581382cb <unknown>\n#11 0x55705813c377 <unknown>\n#12 0x557058124dfe <unknown>\n#13 0x55705813ce42 <unknown>\n#14 0x55705810979f <unknown>\n#15 0x557058161178 <unknown>\n#16 0x55705816134b <unknown>\n#17 0x557058170fbc <unknown>\n#18 0x7f0517894ac3 <unknown>",
  "statusTrace" : "driver = <selenium.webdriver.chrome.webdriver.WebDriver (session=\"f2e355142981c30cb282cda49fcfcf00\")>\n\n    @pytest.fixture\n    def auth_user_admin_to_seo(driver):\n        main_page = MainPage(driver)\n        url = Urls.MAIN_URL_SEO + Urls.AUTH\n        cookies = {'name': 'token', 'value': os.environ[\"SEO_ADMIN\"]}\n        driver.get(url)\n        driver.add_cookie(cookies)\n        driver.get(Urls.MAIN_URL_SEO)\n>       main_page.check_button_agree().click()\n\ntests/conftest.py:18: \n_ _ _ _ _ _ _ _ _ _ _ _ _ _ _ _ _ _ _ _ _ _ _ _ _ _ _ _ _ _ _ _ _ _ _ _ _ _ _ _ \npages/main_page.py:15: in check_button_agree\n    return self.element_is_visible(self.locator.AGREE_BUTTON)\npages/base_page.py:18: in element_is_visible\n    self.go_to_element(self.element_is_present(locator))\npages/base_page.py:34: in element_is_present\n    return Wait(self.driver, self.timeout).until(ec.presence_of_element_located(locator))\n_ _ _ _ _ _ _ _ _ _ _ _ _ _ _ _ _ _ _ _ _ _ _ _ _ _ _ _ _ _ _ _ _ _ _ _ _ _ _ _ \n\nself = <selenium.webdriver.support.wait.WebDriverWait (session=\"f2e355142981c30cb282cda49fcfcf00\")>\nmethod = <function presence_of_element_located.<locals>._predicate at 0x7fe7617b8f40>\nmessage = ''\n\n    def until(self, method: Callable[[D], Union[Literal[False], T]], message: str = \"\") -> T:\n        \"\"\"Calls the method provided with the driver as an argument until the \\\n        return value does not evaluate to ``False``.\n    \n        :param method: callable(WebDriver)\n        :param message: optional message for :exc:`TimeoutException`\n        :returns: the result of the last call to `method`\n        :raises: :exc:`selenium.common.exceptions.TimeoutException` if timeout occurs\n        \"\"\"\n        screen = None\n        stacktrace = None\n    \n        end_time = time.monotonic() + self._timeout\n        while True:\n            try:\n                value = method(self._driver)\n                if value:\n                    return value\n            except self._ignored_exceptions as exc:\n                screen = getattr(exc, \"screen\", None)\n                stacktrace = getattr(exc, \"stacktrace\", None)\n            time.sleep(self._poll)\n            if time.monotonic() > end_time:\n                break\n>       raise TimeoutException(message, screen, stacktrace)\nE       selenium.common.exceptions.TimeoutException: Message: \nE       Stacktrace:\nE       #0 0x557058171e8a <unknown>\nE       #1 0x557057e5b45c <unknown>\nE       #2 0x557057ea75b5 <unknown>\nE       #3 0x557057ea7671 <unknown>\nE       #4 0x557057eebf14 <unknown>\nE       #5 0x557057eca4dd <unknown>\nE       #6 0x557057ee92cc <unknown>\nE       #7 0x557057eca253 <unknown>\nE       #8 0x557057e9a1c7 <unknown>\nE       #9 0x557057e9ab3e <unknown>\nE       #10 0x5570581382cb <unknown>\nE       #11 0x55705813c377 <unknown>\nE       #12 0x557058124dfe <unknown>\nE       #13 0x55705813ce42 <unknown>\nE       #14 0x55705810979f <unknown>\nE       #15 0x557058161178 <unknown>\nE       #16 0x55705816134b <unknown>\nE       #17 0x557058170fbc <unknown>\nE       #18 0x7f0517894ac3 <unknown>\n\n/opt/hostedtoolcache/Python/3.12.3/x64/lib/python3.12/site-packages/selenium/webdriver/support/wait.py:105: TimeoutException",
  "flaky" : false,
  "newFailed" : false,
  "beforeStages" : [ {
    "name" : "clear_allure_results_folder",
    "time" : {
      "start" : 1717293801581,
      "stop" : 1717293801581,
      "duration" : 0
    },
    "status" : "passed",
    "steps" : [ ],
    "attachments" : [ ],
    "parameters" : [ ],
    "stepsCount" : 0,
    "attachmentsCount" : 0,
    "shouldDisplayMessage" : false,
    "hasContent" : false
  }, {
    "name" : "driver",
    "time" : {
      "start" : 1717293934460,
      "stop" : 1717293934658,
      "duration" : 198
    },
    "status" : "passed",
    "steps" : [ ],
    "attachments" : [ ],
    "parameters" : [ ],
    "stepsCount" : 0,
    "attachmentsCount" : 0,
    "shouldDisplayMessage" : false,
    "hasContent" : false
  }, {
    "name" : "auth_user_admin_to_seo",
    "time" : {
      "start" : 1717293934658,
      "stop" : 1717293947621,
      "duration" : 12963
    },
    "status" : "broken",
    "statusMessage" : "selenium.common.exceptions.TimeoutException: Message: \nStacktrace:\n#0 0x557058171e8a <unknown>\n#1 0x557057e5b45c <unknown>\n#2 0x557057ea75b5 <unknown>\n#3 0x557057ea7671 <unknown>\n#4 0x557057eebf14 <unknown>\n#5 0x557057eca4dd <unknown>\n#6 0x557057ee92cc <unknown>\n#7 0x557057eca253 <unknown>\n#8 0x557057e9a1c7 <unknown>\n#9 0x557057e9ab3e <unknown>\n#10 0x5570581382cb <unknown>\n#11 0x55705813c377 <unknown>\n#12 0x557058124dfe <unknown>\n#13 0x55705813ce42 <unknown>\n#14 0x55705810979f <unknown>\n#15 0x557058161178 <unknown>\n#16 0x55705816134b <unknown>\n#17 0x557058170fbc <unknown>\n#18 0x7f0517894ac3 <unknown>\n\n",
    "statusTrace" : "  File \"/opt/hostedtoolcache/Python/3.12.3/x64/lib/python3.12/site-packages/pluggy/_callers.py\", line 167, in _multicall\n    teardown.throw(outcome._exception)\n  File \"/opt/hostedtoolcache/Python/3.12.3/x64/lib/python3.12/site-packages/_pytest/setuponly.py\", line 36, in pytest_fixture_setup\n    return (yield)\n            ^^^^^\n  File \"/opt/hostedtoolcache/Python/3.12.3/x64/lib/python3.12/site-packages/pluggy/_callers.py\", line 103, in _multicall\n    res = hook_impl.function(*args)\n          ^^^^^^^^^^^^^^^^^^^^^^^^^\n  File \"/opt/hostedtoolcache/Python/3.12.3/x64/lib/python3.12/site-packages/_pytest/fixtures.py\", line 1140, in pytest_fixture_setup\n    result = call_fixture_func(fixturefunc, request, kwargs)\n             ^^^^^^^^^^^^^^^^^^^^^^^^^^^^^^^^^^^^^^^^^^^^^^^\n  File \"/opt/hostedtoolcache/Python/3.12.3/x64/lib/python3.12/site-packages/_pytest/fixtures.py\", line 917, in call_fixture_func\n    fixture_result = fixturefunc(**kwargs)\n                     ^^^^^^^^^^^^^^^^^^^^^\n  File \"/home/runner/work/DealerPassport/DealerPassport/tests/conftest.py\", line 18, in auth_user_admin_to_seo\n    main_page.check_button_agree().click()\n    ^^^^^^^^^^^^^^^^^^^^^^^^^^^^^^\n  File \"/opt/hostedtoolcache/Python/3.12.3/x64/lib/python3.12/site-packages/allure_commons/_allure.py\", line 192, in impl\n    return func(*a, **kw)\n           ^^^^^^^^^^^^^^\n  File \"/home/runner/work/DealerPassport/DealerPassport/pages/main_page.py\", line 15, in check_button_agree\n    return self.element_is_visible(self.locator.AGREE_BUTTON)\n           ^^^^^^^^^^^^^^^^^^^^^^^^^^^^^^^^^^^^^^^^^^^^^^^^^^\n  File \"/home/runner/work/DealerPassport/DealerPassport/pages/base_page.py\", line 18, in element_is_visible\n    self.go_to_element(self.element_is_present(locator))\n                       ^^^^^^^^^^^^^^^^^^^^^^^^^^^^^^^^\n  File \"/home/runner/work/DealerPassport/DealerPassport/pages/base_page.py\", line 34, in element_is_present\n    return Wait(self.driver, self.timeout).until(ec.presence_of_element_located(locator))\n           ^^^^^^^^^^^^^^^^^^^^^^^^^^^^^^^^^^^^^^^^^^^^^^^^^^^^^^^^^^^^^^^^^^^^^^^^^^^^^^\n  File \"/opt/hostedtoolcache/Python/3.12.3/x64/lib/python3.12/site-packages/selenium/webdriver/support/wait.py\", line 105, in until\n    raise TimeoutException(message, screen, stacktrace)\n",
    "steps" : [ {
      "name" : "Проверка видимости кнопки '('xpath', '//span[text()=\"Согласен\"]')' на главной странице",
      "time" : {
        "start" : 1717293937375,
        "stop" : 1717293947621,
        "duration" : 10246
      },
      "status" : "broken",
      "statusMessage" : "selenium.common.exceptions.TimeoutException: Message: \nStacktrace:\n#0 0x557058171e8a <unknown>\n#1 0x557057e5b45c <unknown>\n#2 0x557057ea75b5 <unknown>\n#3 0x557057ea7671 <unknown>\n#4 0x557057eebf14 <unknown>\n#5 0x557057eca4dd <unknown>\n#6 0x557057ee92cc <unknown>\n#7 0x557057eca253 <unknown>\n#8 0x557057e9a1c7 <unknown>\n#9 0x557057e9ab3e <unknown>\n#10 0x5570581382cb <unknown>\n#11 0x55705813c377 <unknown>\n#12 0x557058124dfe <unknown>\n#13 0x55705813ce42 <unknown>\n#14 0x55705810979f <unknown>\n#15 0x557058161178 <unknown>\n#16 0x55705816134b <unknown>\n#17 0x557058170fbc <unknown>\n#18 0x7f0517894ac3 <unknown>\n\n",
      "statusTrace" : "  File \"/opt/hostedtoolcache/Python/3.12.3/x64/lib/python3.12/site-packages/allure_commons/_allure.py\", line 192, in impl\n    return func(*a, **kw)\n           ^^^^^^^^^^^^^^\n  File \"/home/runner/work/DealerPassport/DealerPassport/pages/main_page.py\", line 15, in check_button_agree\n    return self.element_is_visible(self.locator.AGREE_BUTTON)\n           ^^^^^^^^^^^^^^^^^^^^^^^^^^^^^^^^^^^^^^^^^^^^^^^^^^\n  File \"/home/runner/work/DealerPassport/DealerPassport/pages/base_page.py\", line 18, in element_is_visible\n    self.go_to_element(self.element_is_present(locator))\n                       ^^^^^^^^^^^^^^^^^^^^^^^^^^^^^^^^\n  File \"/home/runner/work/DealerPassport/DealerPassport/pages/base_page.py\", line 34, in element_is_present\n    return Wait(self.driver, self.timeout).until(ec.presence_of_element_located(locator))\n           ^^^^^^^^^^^^^^^^^^^^^^^^^^^^^^^^^^^^^^^^^^^^^^^^^^^^^^^^^^^^^^^^^^^^^^^^^^^^^^\n  File \"/opt/hostedtoolcache/Python/3.12.3/x64/lib/python3.12/site-packages/selenium/webdriver/support/wait.py\", line 105, in until\n    raise TimeoutException(message, screen, stacktrace)\n",
      "steps" : [ ],
      "attachments" : [ ],
      "parameters" : [ ],
      "stepsCount" : 0,
      "attachmentsCount" : 0,
      "shouldDisplayMessage" : true,
      "hasContent" : true
    } ],
    "attachments" : [ ],
    "parameters" : [ ],
    "stepsCount" : 1,
    "attachmentsCount" : 0,
    "shouldDisplayMessage" : false,
    "hasContent" : true
  } ],
  "afterStages" : [ {
    "name" : "driver::0",
    "time" : {
      "start" : 1717293947636,
      "stop" : 1717293947695,
      "duration" : 59
    },
    "status" : "passed",
    "steps" : [ ],
    "attachments" : [ ],
    "parameters" : [ ],
    "stepsCount" : 0,
    "attachmentsCount" : 0,
    "shouldDisplayMessage" : false,
    "hasContent" : false
  } ],
  "labels" : [ {
    "name" : "epic",
    "value" : "Test Main Page smoke_test"
  }, {
    "name" : "tag",
    "value" : "smoke_test"
  }, {
    "name" : "parentSuite",
    "value" : "tests"
  }, {
    "name" : "suite",
    "value" : "main_page_test"
  }, {
    "name" : "subSuite",
    "value" : "TestMainPageSmoke"
  }, {
    "name" : "host",
    "value" : "fv-az1424-299"
  }, {
    "name" : "thread",
    "value" : "2249-MainThread"
  }, {
    "name" : "framework",
    "value" : "pytest"
  }, {
    "name" : "language",
    "value" : "cpython3"
  }, {
    "name" : "package",
    "value" : "tests.main_page_test"
  }, {
    "name" : "resultFormat",
    "value" : "allure2"
  } ],
  "parameters" : [ {
    "name" : "url",
    "value" : "'https://dealer-passport-test.xsfera.ru/accounting/'"
  } ],
  "links" : [ ],
  "hidden" : false,
  "retry" : false,
  "extra" : {
    "severity" : "normal",
    "retries" : [ ],
    "categories" : [ {
      "name" : "Test defects",
      "matchedStatuses" : [ ],
      "flaky" : false
    } ],
    "history" : {
      "statistic" : {
        "failed" : 0,
        "broken" : 1,
        "skipped" : 0,
        "passed" : 6,
        "unknown" : 0,
        "total" : 7
      },
      "items" : [ {
        "uid" : "980a5125a2176fa7",
        "reportUrl" : "https://Nat754.github.io/DealerPassport/10//#testresult/980a5125a2176fa7",
        "status" : "passed",
        "time" : {
          "start" : 1717207506456,
          "stop" : 1717207517375,
          "duration" : 10919
        }
      }, {
        "uid" : "671984f19a76abb6",
        "reportUrl" : "https://Nat754.github.io/DealerPassport/5//#testresult/671984f19a76abb6",
        "status" : "passed",
        "time" : {
          "start" : 1717150221168,
          "stop" : 1717150231991,
          "duration" : 10823
        }
      }, {
        "uid" : "daadb629a9a09319",
        "reportUrl" : "https://Nat754.github.io/DealerPassport/5//#testresult/daadb629a9a09319",
        "status" : "passed",
        "time" : {
          "start" : 1717143861436,
          "stop" : 1717143872433,
          "duration" : 10997
        }
      }, {
        "uid" : "7a6b4abce2855677",
        "reportUrl" : "https://Nat754.github.io/DealerPassport/9//#testresult/7a6b4abce2855677",
        "status" : "passed",
        "time" : {
          "start" : 1717121053944,
          "stop" : 1717121064848,
          "duration" : 10904
        }
      }, {
        "uid" : "769e7076b2fb4f92",
        "reportUrl" : "https://Nat754.github.io/DealerPassport/5//#testresult/769e7076b2fb4f92",
        "status" : "passed",
        "time" : {
          "start" : 1717080576536,
          "stop" : 1717080587482,
          "duration" : 10946
        }
      }, {
        "uid" : "57a7b16a4c005c12",
        "reportUrl" : "https://Nat754.github.io/DealerPassport/4//#testresult/57a7b16a4c005c12",
        "status" : "passed",
        "time" : {
          "start" : 1717059193135,
          "stop" : 1717059203994,
          "duration" : 10859
        }
      } ]
    },
    "tags" : [ "smoke_test" ]
  },
  "source" : "a2fbb2f381dfbc23.json",
  "parameterValues" : [ "'https://dealer-passport-test.xsfera.ru/accounting/'" ]
}