{
  "uid" : "a389662b14a718c4",
  "name" : "test_open_seo[https://dealer-passport-test.xsfera.ru/gr/]",
  "fullName" : "tests.main_page_test.TestMainPageSmoke#test_open_seo",
  "historyId" : "99a8f927fc0fc9f769722a599dd96588",
  "time" : {
    "start" : 1717293974102,
    "stop" : 1717293974102,
    "duration" : 0
  },
  "status" : "broken",
  "statusMessage" : "selenium.common.exceptions.TimeoutException: Message: \nStacktrace:\n#0 0x563e0f6fce8a <unknown>\n#1 0x563e0f3e645c <unknown>\n#2 0x563e0f4325b5 <unknown>\n#3 0x563e0f432671 <unknown>\n#4 0x563e0f476f14 <unknown>\n#5 0x563e0f4554dd <unknown>\n#6 0x563e0f4742cc <unknown>\n#7 0x563e0f455253 <unknown>\n#8 0x563e0f4251c7 <unknown>\n#9 0x563e0f425b3e <unknown>\n#10 0x563e0f6c32cb <unknown>\n#11 0x563e0f6c7377 <unknown>\n#12 0x563e0f6afdfe <unknown>\n#13 0x563e0f6c7e42 <unknown>\n#14 0x563e0f69479f <unknown>\n#15 0x563e0f6ec178 <unknown>\n#16 0x563e0f6ec34b <unknown>\n#17 0x563e0f6fbfbc <unknown>\n#18 0x7f7297694ac3 <unknown>",
  "statusTrace" : "driver = <selenium.webdriver.chrome.webdriver.WebDriver (session=\"42e847d1a48432c4e7a44901bcebcf62\")>\n\n    @pytest.fixture\n    def auth_user_admin_to_seo(driver):\n        main_page = MainPage(driver)\n        url = Urls.MAIN_URL_SEO + Urls.AUTH\n        cookies = {'name': 'token', 'value': os.environ[\"SEO_ADMIN\"]}\n        driver.get(url)\n        driver.add_cookie(cookies)\n        driver.get(Urls.MAIN_URL_SEO)\n>       main_page.check_button_agree().click()\n\ntests/conftest.py:18: \n_ _ _ _ _ _ _ _ _ _ _ _ _ _ _ _ _ _ _ _ _ _ _ _ _ _ _ _ _ _ _ _ _ _ _ _ _ _ _ _ \npages/main_page.py:15: in check_button_agree\n    return self.element_is_visible(self.locator.AGREE_BUTTON)\npages/base_page.py:18: in element_is_visible\n    self.go_to_element(self.element_is_present(locator))\npages/base_page.py:34: in element_is_present\n    return Wait(self.driver, self.timeout).until(ec.presence_of_element_located(locator))\n_ _ _ _ _ _ _ _ _ _ _ _ _ _ _ _ _ _ _ _ _ _ _ _ _ _ _ _ _ _ _ _ _ _ _ _ _ _ _ _ \n\nself = <selenium.webdriver.support.wait.WebDriverWait (session=\"42e847d1a48432c4e7a44901bcebcf62\")>\nmethod = <function presence_of_element_located.<locals>._predicate at 0x7fe7617b8d60>\nmessage = ''\n\n    def until(self, method: Callable[[D], Union[Literal[False], T]], message: str = \"\") -> T:\n        \"\"\"Calls the method provided with the driver as an argument until the \\\n        return value does not evaluate to ``False``.\n    \n        :param method: callable(WebDriver)\n        :param message: optional message for :exc:`TimeoutException`\n        :returns: the result of the last call to `method`\n        :raises: :exc:`selenium.common.exceptions.TimeoutException` if timeout occurs\n        \"\"\"\n        screen = None\n        stacktrace = None\n    \n        end_time = time.monotonic() + self._timeout\n        while True:\n            try:\n                value = method(self._driver)\n                if value:\n                    return value\n            except self._ignored_exceptions as exc:\n                screen = getattr(exc, \"screen\", None)\n                stacktrace = getattr(exc, \"stacktrace\", None)\n            time.sleep(self._poll)\n            if time.monotonic() > end_time:\n                break\n>       raise TimeoutException(message, screen, stacktrace)\nE       selenium.common.exceptions.TimeoutException: Message: \nE       Stacktrace:\nE       #0 0x563e0f6fce8a <unknown>\nE       #1 0x563e0f3e645c <unknown>\nE       #2 0x563e0f4325b5 <unknown>\nE       #3 0x563e0f432671 <unknown>\nE       #4 0x563e0f476f14 <unknown>\nE       #5 0x563e0f4554dd <unknown>\nE       #6 0x563e0f4742cc <unknown>\nE       #7 0x563e0f455253 <unknown>\nE       #8 0x563e0f4251c7 <unknown>\nE       #9 0x563e0f425b3e <unknown>\nE       #10 0x563e0f6c32cb <unknown>\nE       #11 0x563e0f6c7377 <unknown>\nE       #12 0x563e0f6afdfe <unknown>\nE       #13 0x563e0f6c7e42 <unknown>\nE       #14 0x563e0f69479f <unknown>\nE       #15 0x563e0f6ec178 <unknown>\nE       #16 0x563e0f6ec34b <unknown>\nE       #17 0x563e0f6fbfbc <unknown>\nE       #18 0x7f7297694ac3 <unknown>\n\n/opt/hostedtoolcache/Python/3.12.3/x64/lib/python3.12/site-packages/selenium/webdriver/support/wait.py:105: TimeoutException",
  "flaky" : false,
  "newFailed" : false,
  "beforeStages" : [ {
    "name" : "clear_allure_results_folder",
    "time" : {
      "start" : 1717293801581,
      "stop" : 1717293801581,
      "duration" : 0
    },
    "status" : "passed",
    "steps" : [ ],
    "attachments" : [ ],
    "parameters" : [ ],
    "stepsCount" : 0,
    "attachmentsCount" : 0,
    "shouldDisplayMessage" : false,
    "hasContent" : false
  }, {
    "name" : "auth_user_admin_to_seo",
    "time" : {
      "start" : 1717293974300,
      "stop" : 1717293987222,
      "duration" : 12922
    },
    "status" : "broken",
    "statusMessage" : "selenium.common.exceptions.TimeoutException: Message: \nStacktrace:\n#0 0x563e0f6fce8a <unknown>\n#1 0x563e0f3e645c <unknown>\n#2 0x563e0f4325b5 <unknown>\n#3 0x563e0f432671 <unknown>\n#4 0x563e0f476f14 <unknown>\n#5 0x563e0f4554dd <unknown>\n#6 0x563e0f4742cc <unknown>\n#7 0x563e0f455253 <unknown>\n#8 0x563e0f4251c7 <unknown>\n#9 0x563e0f425b3e <unknown>\n#10 0x563e0f6c32cb <unknown>\n#11 0x563e0f6c7377 <unknown>\n#12 0x563e0f6afdfe <unknown>\n#13 0x563e0f6c7e42 <unknown>\n#14 0x563e0f69479f <unknown>\n#15 0x563e0f6ec178 <unknown>\n#16 0x563e0f6ec34b <unknown>\n#17 0x563e0f6fbfbc <unknown>\n#18 0x7f7297694ac3 <unknown>\n\n",
    "statusTrace" : "  File \"/opt/hostedtoolcache/Python/3.12.3/x64/lib/python3.12/site-packages/pluggy/_callers.py\", line 167, in _multicall\n    teardown.throw(outcome._exception)\n  File \"/opt/hostedtoolcache/Python/3.12.3/x64/lib/python3.12/site-packages/_pytest/setuponly.py\", line 36, in pytest_fixture_setup\n    return (yield)\n            ^^^^^\n  File \"/opt/hostedtoolcache/Python/3.12.3/x64/lib/python3.12/site-packages/pluggy/_callers.py\", line 103, in _multicall\n    res = hook_impl.function(*args)\n          ^^^^^^^^^^^^^^^^^^^^^^^^^\n  File \"/opt/hostedtoolcache/Python/3.12.3/x64/lib/python3.12/site-packages/_pytest/fixtures.py\", line 1140, in pytest_fixture_setup\n    result = call_fixture_func(fixturefunc, request, kwargs)\n             ^^^^^^^^^^^^^^^^^^^^^^^^^^^^^^^^^^^^^^^^^^^^^^^\n  File \"/opt/hostedtoolcache/Python/3.12.3/x64/lib/python3.12/site-packages/_pytest/fixtures.py\", line 917, in call_fixture_func\n    fixture_result = fixturefunc(**kwargs)\n                     ^^^^^^^^^^^^^^^^^^^^^\n  File \"/home/runner/work/DealerPassport/DealerPassport/tests/conftest.py\", line 18, in auth_user_admin_to_seo\n    main_page.check_button_agree().click()\n    ^^^^^^^^^^^^^^^^^^^^^^^^^^^^^^\n  File \"/opt/hostedtoolcache/Python/3.12.3/x64/lib/python3.12/site-packages/allure_commons/_allure.py\", line 192, in impl\n    return func(*a, **kw)\n           ^^^^^^^^^^^^^^\n  File \"/home/runner/work/DealerPassport/DealerPassport/pages/main_page.py\", line 15, in check_button_agree\n    return self.element_is_visible(self.locator.AGREE_BUTTON)\n           ^^^^^^^^^^^^^^^^^^^^^^^^^^^^^^^^^^^^^^^^^^^^^^^^^^\n  File \"/home/runner/work/DealerPassport/DealerPassport/pages/base_page.py\", line 18, in element_is_visible\n    self.go_to_element(self.element_is_present(locator))\n                       ^^^^^^^^^^^^^^^^^^^^^^^^^^^^^^^^\n  File \"/home/runner/work/DealerPassport/DealerPassport/pages/base_page.py\", line 34, in element_is_present\n    return Wait(self.driver, self.timeout).until(ec.presence_of_element_located(locator))\n           ^^^^^^^^^^^^^^^^^^^^^^^^^^^^^^^^^^^^^^^^^^^^^^^^^^^^^^^^^^^^^^^^^^^^^^^^^^^^^^\n  File \"/opt/hostedtoolcache/Python/3.12.3/x64/lib/python3.12/site-packages/selenium/webdriver/support/wait.py\", line 105, in until\n    raise TimeoutException(message, screen, stacktrace)\n",
    "steps" : [ {
      "name" : "Проверка видимости кнопки '('xpath', '//span[text()=\"Согласен\"]')' на главной странице",
      "time" : {
        "start" : 1717293976992,
        "stop" : 1717293987222,
        "duration" : 10230
      },
      "status" : "broken",
      "statusMessage" : "selenium.common.exceptions.TimeoutException: Message: \nStacktrace:\n#0 0x563e0f6fce8a <unknown>\n#1 0x563e0f3e645c <unknown>\n#2 0x563e0f4325b5 <unknown>\n#3 0x563e0f432671 <unknown>\n#4 0x563e0f476f14 <unknown>\n#5 0x563e0f4554dd <unknown>\n#6 0x563e0f4742cc <unknown>\n#7 0x563e0f455253 <unknown>\n#8 0x563e0f4251c7 <unknown>\n#9 0x563e0f425b3e <unknown>\n#10 0x563e0f6c32cb <unknown>\n#11 0x563e0f6c7377 <unknown>\n#12 0x563e0f6afdfe <unknown>\n#13 0x563e0f6c7e42 <unknown>\n#14 0x563e0f69479f <unknown>\n#15 0x563e0f6ec178 <unknown>\n#16 0x563e0f6ec34b <unknown>\n#17 0x563e0f6fbfbc <unknown>\n#18 0x7f7297694ac3 <unknown>\n\n",
      "statusTrace" : "  File \"/opt/hostedtoolcache/Python/3.12.3/x64/lib/python3.12/site-packages/allure_commons/_allure.py\", line 192, in impl\n    return func(*a, **kw)\n           ^^^^^^^^^^^^^^\n  File \"/home/runner/work/DealerPassport/DealerPassport/pages/main_page.py\", line 15, in check_button_agree\n    return self.element_is_visible(self.locator.AGREE_BUTTON)\n           ^^^^^^^^^^^^^^^^^^^^^^^^^^^^^^^^^^^^^^^^^^^^^^^^^^\n  File \"/home/runner/work/DealerPassport/DealerPassport/pages/base_page.py\", line 18, in element_is_visible\n    self.go_to_element(self.element_is_present(locator))\n                       ^^^^^^^^^^^^^^^^^^^^^^^^^^^^^^^^\n  File \"/home/runner/work/DealerPassport/DealerPassport/pages/base_page.py\", line 34, in element_is_present\n    return Wait(self.driver, self.timeout).until(ec.presence_of_element_located(locator))\n           ^^^^^^^^^^^^^^^^^^^^^^^^^^^^^^^^^^^^^^^^^^^^^^^^^^^^^^^^^^^^^^^^^^^^^^^^^^^^^^\n  File \"/opt/hostedtoolcache/Python/3.12.3/x64/lib/python3.12/site-packages/selenium/webdriver/support/wait.py\", line 105, in until\n    raise TimeoutException(message, screen, stacktrace)\n",
      "steps" : [ ],
      "attachments" : [ ],
      "parameters" : [ ],
      "stepsCount" : 0,
      "attachmentsCount" : 0,
      "shouldDisplayMessage" : true,
      "hasContent" : true
    } ],
    "attachments" : [ ],
    "parameters" : [ ],
    "stepsCount" : 1,
    "attachmentsCount" : 0,
    "shouldDisplayMessage" : false,
    "hasContent" : true
  }, {
    "name" : "driver",
    "time" : {
      "start" : 1717293974102,
      "stop" : 1717293974300,
      "duration" : 198
    },
    "status" : "passed",
    "steps" : [ ],
    "attachments" : [ ],
    "parameters" : [ ],
    "stepsCount" : 0,
    "attachmentsCount" : 0,
    "shouldDisplayMessage" : false,
    "hasContent" : false
  } ],
  "afterStages" : [ {
    "name" : "driver::0",
    "time" : {
      "start" : 1717293987237,
      "stop" : 1717293987296,
      "duration" : 59
    },
    "status" : "passed",
    "steps" : [ ],
    "attachments" : [ ],
    "parameters" : [ ],
    "stepsCount" : 0,
    "attachmentsCount" : 0,
    "shouldDisplayMessage" : false,
    "hasContent" : false
  } ],
  "labels" : [ {
    "name" : "epic",
    "value" : "Test Main Page smoke_test"
  }, {
    "name" : "tag",
    "value" : "smoke_test"
  }, {
    "name" : "parentSuite",
    "value" : "tests"
  }, {
    "name" : "suite",
    "value" : "main_page_test"
  }, {
    "name" : "subSuite",
    "value" : "TestMainPageSmoke"
  }, {
    "name" : "host",
    "value" : "fv-az1424-299"
  }, {
    "name" : "thread",
    "value" : "2249-MainThread"
  }, {
    "name" : "framework",
    "value" : "pytest"
  }, {
    "name" : "language",
    "value" : "cpython3"
  }, {
    "name" : "package",
    "value" : "tests.main_page_test"
  }, {
    "name" : "resultFormat",
    "value" : "allure2"
  } ],
  "parameters" : [ {
    "name" : "url",
    "value" : "'https://dealer-passport-test.xsfera.ru/gr/'"
  } ],
  "links" : [ ],
  "hidden" : false,
  "retry" : false,
  "extra" : {
    "severity" : "normal",
    "retries" : [ ],
    "categories" : [ {
      "name" : "Test defects",
      "matchedStatuses" : [ ],
      "flaky" : false
    } ],
    "history" : {
      "statistic" : {
        "failed" : 0,
        "broken" : 1,
        "skipped" : 0,
        "passed" : 6,
        "unknown" : 0,
        "total" : 7
      },
      "items" : [ {
        "uid" : "1cd63cc6f2a7eb9d",
        "reportUrl" : "https://Nat754.github.io/DealerPassport/10//#testresult/1cd63cc6f2a7eb9d",
        "status" : "passed",
        "time" : {
          "start" : 1717207551081,
          "stop" : 1717207562012,
          "duration" : 10931
        }
      }, {
        "uid" : "1f7c3e12913c69c7",
        "reportUrl" : "https://Nat754.github.io/DealerPassport/5//#testresult/1f7c3e12913c69c7",
        "status" : "passed",
        "time" : {
          "start" : 1717150261871,
          "stop" : 1717150272733,
          "duration" : 10862
        }
      }, {
        "uid" : "e748fc1021c36658",
        "reportUrl" : "https://Nat754.github.io/DealerPassport/5//#testresult/e748fc1021c36658",
        "status" : "passed",
        "time" : {
          "start" : 1717143906307,
          "stop" : 1717143917302,
          "duration" : 10995
        }
      }, {
        "uid" : "7000d3c24601445c",
        "reportUrl" : "https://Nat754.github.io/DealerPassport/9//#testresult/7000d3c24601445c",
        "status" : "passed",
        "time" : {
          "start" : 1717121095163,
          "stop" : 1717121105998,
          "duration" : 10835
        }
      }, {
        "uid" : "b2c5272d4038c329",
        "reportUrl" : "https://Nat754.github.io/DealerPassport/5//#testresult/b2c5272d4038c329",
        "status" : "passed",
        "time" : {
          "start" : 1717080619319,
          "stop" : 1717080630333,
          "duration" : 11014
        }
      }, {
        "uid" : "8432fe12f1cc23dd",
        "reportUrl" : "https://Nat754.github.io/DealerPassport/4//#testresult/8432fe12f1cc23dd",
        "status" : "passed",
        "time" : {
          "start" : 1717059235093,
          "stop" : 1717059245926,
          "duration" : 10833
        }
      } ]
    },
    "tags" : [ "smoke_test" ]
  },
  "source" : "a389662b14a718c4.json",
  "parameterValues" : [ "'https://dealer-passport-test.xsfera.ru/gr/'" ]
}