{
  "uid" : "b0405dd544aadb6f",
  "name" : "test_open_seo[https://dealer-passport-test.xsfera.ru/uploads/]",
  "fullName" : "tests.main_page_test.TestMainPageSmoke#test_open_seo",
  "historyId" : "c82ac21e676b251a3734f141e0f54623",
  "time" : {
    "start" : 1717294053392,
    "stop" : 1717294053392,
    "duration" : 0
  },
  "status" : "broken",
  "statusMessage" : "selenium.common.exceptions.TimeoutException: Message: \nStacktrace:\n#0 0x5622f425fe8a <unknown>\n#1 0x5622f3f4945c <unknown>\n#2 0x5622f3f955b5 <unknown>\n#3 0x5622f3f95671 <unknown>\n#4 0x5622f3fd9f14 <unknown>\n#5 0x5622f3fb84dd <unknown>\n#6 0x5622f3fd72cc <unknown>\n#7 0x5622f3fb8253 <unknown>\n#8 0x5622f3f881c7 <unknown>\n#9 0x5622f3f88b3e <unknown>\n#10 0x5622f42262cb <unknown>\n#11 0x5622f422a377 <unknown>\n#12 0x5622f4212dfe <unknown>\n#13 0x5622f422ae42 <unknown>\n#14 0x5622f41f779f <unknown>\n#15 0x5622f424f178 <unknown>\n#16 0x5622f424f34b <unknown>\n#17 0x5622f425efbc <unknown>\n#18 0x7efca9294ac3 <unknown>",
  "statusTrace" : "driver = <selenium.webdriver.chrome.webdriver.WebDriver (session=\"87b364de5d9f31000034fbbe9f4e7b33\")>\n\n    @pytest.fixture\n    def auth_user_admin_to_seo(driver):\n        main_page = MainPage(driver)\n        url = Urls.MAIN_URL_SEO + Urls.AUTH\n        cookies = {'name': 'token', 'value': os.environ[\"SEO_ADMIN\"]}\n        driver.get(url)\n        driver.add_cookie(cookies)\n        driver.get(Urls.MAIN_URL_SEO)\n>       main_page.check_button_agree().click()\n\ntests/conftest.py:18: \n_ _ _ _ _ _ _ _ _ _ _ _ _ _ _ _ _ _ _ _ _ _ _ _ _ _ _ _ _ _ _ _ _ _ _ _ _ _ _ _ \npages/main_page.py:15: in check_button_agree\n    return self.element_is_visible(self.locator.AGREE_BUTTON)\npages/base_page.py:18: in element_is_visible\n    self.go_to_element(self.element_is_present(locator))\npages/base_page.py:34: in element_is_present\n    return Wait(self.driver, self.timeout).until(ec.presence_of_element_located(locator))\n_ _ _ _ _ _ _ _ _ _ _ _ _ _ _ _ _ _ _ _ _ _ _ _ _ _ _ _ _ _ _ _ _ _ _ _ _ _ _ _ \n\nself = <selenium.webdriver.support.wait.WebDriverWait (session=\"87b364de5d9f31000034fbbe9f4e7b33\")>\nmethod = <function presence_of_element_located.<locals>._predicate at 0x7fe7617b8ae0>\nmessage = ''\n\n    def until(self, method: Callable[[D], Union[Literal[False], T]], message: str = \"\") -> T:\n        \"\"\"Calls the method provided with the driver as an argument until the \\\n        return value does not evaluate to ``False``.\n    \n        :param method: callable(WebDriver)\n        :param message: optional message for :exc:`TimeoutException`\n        :returns: the result of the last call to `method`\n        :raises: :exc:`selenium.common.exceptions.TimeoutException` if timeout occurs\n        \"\"\"\n        screen = None\n        stacktrace = None\n    \n        end_time = time.monotonic() + self._timeout\n        while True:\n            try:\n                value = method(self._driver)\n                if value:\n                    return value\n            except self._ignored_exceptions as exc:\n                screen = getattr(exc, \"screen\", None)\n                stacktrace = getattr(exc, \"stacktrace\", None)\n            time.sleep(self._poll)\n            if time.monotonic() > end_time:\n                break\n>       raise TimeoutException(message, screen, stacktrace)\nE       selenium.common.exceptions.TimeoutException: Message: \nE       Stacktrace:\nE       #0 0x5622f425fe8a <unknown>\nE       #1 0x5622f3f4945c <unknown>\nE       #2 0x5622f3f955b5 <unknown>\nE       #3 0x5622f3f95671 <unknown>\nE       #4 0x5622f3fd9f14 <unknown>\nE       #5 0x5622f3fb84dd <unknown>\nE       #6 0x5622f3fd72cc <unknown>\nE       #7 0x5622f3fb8253 <unknown>\nE       #8 0x5622f3f881c7 <unknown>\nE       #9 0x5622f3f88b3e <unknown>\nE       #10 0x5622f42262cb <unknown>\nE       #11 0x5622f422a377 <unknown>\nE       #12 0x5622f4212dfe <unknown>\nE       #13 0x5622f422ae42 <unknown>\nE       #14 0x5622f41f779f <unknown>\nE       #15 0x5622f424f178 <unknown>\nE       #16 0x5622f424f34b <unknown>\nE       #17 0x5622f425efbc <unknown>\nE       #18 0x7efca9294ac3 <unknown>\n\n/opt/hostedtoolcache/Python/3.12.3/x64/lib/python3.12/site-packages/selenium/webdriver/support/wait.py:105: TimeoutException",
  "flaky" : false,
  "newFailed" : false,
  "beforeStages" : [ {
    "name" : "auth_user_admin_to_seo",
    "time" : {
      "start" : 1717294053591,
      "stop" : 1717294066520,
      "duration" : 12929
    },
    "status" : "broken",
    "statusMessage" : "selenium.common.exceptions.TimeoutException: Message: \nStacktrace:\n#0 0x5622f425fe8a <unknown>\n#1 0x5622f3f4945c <unknown>\n#2 0x5622f3f955b5 <unknown>\n#3 0x5622f3f95671 <unknown>\n#4 0x5622f3fd9f14 <unknown>\n#5 0x5622f3fb84dd <unknown>\n#6 0x5622f3fd72cc <unknown>\n#7 0x5622f3fb8253 <unknown>\n#8 0x5622f3f881c7 <unknown>\n#9 0x5622f3f88b3e <unknown>\n#10 0x5622f42262cb <unknown>\n#11 0x5622f422a377 <unknown>\n#12 0x5622f4212dfe <unknown>\n#13 0x5622f422ae42 <unknown>\n#14 0x5622f41f779f <unknown>\n#15 0x5622f424f178 <unknown>\n#16 0x5622f424f34b <unknown>\n#17 0x5622f425efbc <unknown>\n#18 0x7efca9294ac3 <unknown>\n\n",
    "statusTrace" : "  File \"/opt/hostedtoolcache/Python/3.12.3/x64/lib/python3.12/site-packages/pluggy/_callers.py\", line 167, in _multicall\n    teardown.throw(outcome._exception)\n  File \"/opt/hostedtoolcache/Python/3.12.3/x64/lib/python3.12/site-packages/_pytest/setuponly.py\", line 36, in pytest_fixture_setup\n    return (yield)\n            ^^^^^\n  File \"/opt/hostedtoolcache/Python/3.12.3/x64/lib/python3.12/site-packages/pluggy/_callers.py\", line 103, in _multicall\n    res = hook_impl.function(*args)\n          ^^^^^^^^^^^^^^^^^^^^^^^^^\n  File \"/opt/hostedtoolcache/Python/3.12.3/x64/lib/python3.12/site-packages/_pytest/fixtures.py\", line 1140, in pytest_fixture_setup\n    result = call_fixture_func(fixturefunc, request, kwargs)\n             ^^^^^^^^^^^^^^^^^^^^^^^^^^^^^^^^^^^^^^^^^^^^^^^\n  File \"/opt/hostedtoolcache/Python/3.12.3/x64/lib/python3.12/site-packages/_pytest/fixtures.py\", line 917, in call_fixture_func\n    fixture_result = fixturefunc(**kwargs)\n                     ^^^^^^^^^^^^^^^^^^^^^\n  File \"/home/runner/work/DealerPassport/DealerPassport/tests/conftest.py\", line 18, in auth_user_admin_to_seo\n    main_page.check_button_agree().click()\n    ^^^^^^^^^^^^^^^^^^^^^^^^^^^^^^\n  File \"/opt/hostedtoolcache/Python/3.12.3/x64/lib/python3.12/site-packages/allure_commons/_allure.py\", line 192, in impl\n    return func(*a, **kw)\n           ^^^^^^^^^^^^^^\n  File \"/home/runner/work/DealerPassport/DealerPassport/pages/main_page.py\", line 15, in check_button_agree\n    return self.element_is_visible(self.locator.AGREE_BUTTON)\n           ^^^^^^^^^^^^^^^^^^^^^^^^^^^^^^^^^^^^^^^^^^^^^^^^^^\n  File \"/home/runner/work/DealerPassport/DealerPassport/pages/base_page.py\", line 18, in element_is_visible\n    self.go_to_element(self.element_is_present(locator))\n                       ^^^^^^^^^^^^^^^^^^^^^^^^^^^^^^^^\n  File \"/home/runner/work/DealerPassport/DealerPassport/pages/base_page.py\", line 34, in element_is_present\n    return Wait(self.driver, self.timeout).until(ec.presence_of_element_located(locator))\n           ^^^^^^^^^^^^^^^^^^^^^^^^^^^^^^^^^^^^^^^^^^^^^^^^^^^^^^^^^^^^^^^^^^^^^^^^^^^^^^\n  File \"/opt/hostedtoolcache/Python/3.12.3/x64/lib/python3.12/site-packages/selenium/webdriver/support/wait.py\", line 105, in until\n    raise TimeoutException(message, screen, stacktrace)\n",
    "steps" : [ {
      "name" : "Проверка видимости кнопки '('xpath', '//span[text()=\"Согласен\"]')' на главной странице",
      "time" : {
        "start" : 1717294056287,
        "stop" : 1717294066519,
        "duration" : 10232
      },
      "status" : "broken",
      "statusMessage" : "selenium.common.exceptions.TimeoutException: Message: \nStacktrace:\n#0 0x5622f425fe8a <unknown>\n#1 0x5622f3f4945c <unknown>\n#2 0x5622f3f955b5 <unknown>\n#3 0x5622f3f95671 <unknown>\n#4 0x5622f3fd9f14 <unknown>\n#5 0x5622f3fb84dd <unknown>\n#6 0x5622f3fd72cc <unknown>\n#7 0x5622f3fb8253 <unknown>\n#8 0x5622f3f881c7 <unknown>\n#9 0x5622f3f88b3e <unknown>\n#10 0x5622f42262cb <unknown>\n#11 0x5622f422a377 <unknown>\n#12 0x5622f4212dfe <unknown>\n#13 0x5622f422ae42 <unknown>\n#14 0x5622f41f779f <unknown>\n#15 0x5622f424f178 <unknown>\n#16 0x5622f424f34b <unknown>\n#17 0x5622f425efbc <unknown>\n#18 0x7efca9294ac3 <unknown>\n\n",
      "statusTrace" : "  File \"/opt/hostedtoolcache/Python/3.12.3/x64/lib/python3.12/site-packages/allure_commons/_allure.py\", line 192, in impl\n    return func(*a, **kw)\n           ^^^^^^^^^^^^^^\n  File \"/home/runner/work/DealerPassport/DealerPassport/pages/main_page.py\", line 15, in check_button_agree\n    return self.element_is_visible(self.locator.AGREE_BUTTON)\n           ^^^^^^^^^^^^^^^^^^^^^^^^^^^^^^^^^^^^^^^^^^^^^^^^^^\n  File \"/home/runner/work/DealerPassport/DealerPassport/pages/base_page.py\", line 18, in element_is_visible\n    self.go_to_element(self.element_is_present(locator))\n                       ^^^^^^^^^^^^^^^^^^^^^^^^^^^^^^^^\n  File \"/home/runner/work/DealerPassport/DealerPassport/pages/base_page.py\", line 34, in element_is_present\n    return Wait(self.driver, self.timeout).until(ec.presence_of_element_located(locator))\n           ^^^^^^^^^^^^^^^^^^^^^^^^^^^^^^^^^^^^^^^^^^^^^^^^^^^^^^^^^^^^^^^^^^^^^^^^^^^^^^\n  File \"/opt/hostedtoolcache/Python/3.12.3/x64/lib/python3.12/site-packages/selenium/webdriver/support/wait.py\", line 105, in until\n    raise TimeoutException(message, screen, stacktrace)\n",
      "steps" : [ ],
      "attachments" : [ ],
      "parameters" : [ ],
      "stepsCount" : 0,
      "attachmentsCount" : 0,
      "shouldDisplayMessage" : true,
      "hasContent" : true
    } ],
    "attachments" : [ ],
    "parameters" : [ ],
    "stepsCount" : 1,
    "attachmentsCount" : 0,
    "shouldDisplayMessage" : false,
    "hasContent" : true
  }, {
    "name" : "clear_allure_results_folder",
    "time" : {
      "start" : 1717293801581,
      "stop" : 1717293801581,
      "duration" : 0
    },
    "status" : "passed",
    "steps" : [ ],
    "attachments" : [ ],
    "parameters" : [ ],
    "stepsCount" : 0,
    "attachmentsCount" : 0,
    "shouldDisplayMessage" : false,
    "hasContent" : false
  }, {
    "name" : "driver",
    "time" : {
      "start" : 1717294053392,
      "stop" : 1717294053591,
      "duration" : 199
    },
    "status" : "passed",
    "steps" : [ ],
    "attachments" : [ ],
    "parameters" : [ ],
    "stepsCount" : 0,
    "attachmentsCount" : 0,
    "shouldDisplayMessage" : false,
    "hasContent" : false
  } ],
  "afterStages" : [ {
    "name" : "driver::0",
    "time" : {
      "start" : 1717294066534,
      "stop" : 1717294066593,
      "duration" : 59
    },
    "status" : "passed",
    "steps" : [ ],
    "attachments" : [ ],
    "parameters" : [ ],
    "stepsCount" : 0,
    "attachmentsCount" : 0,
    "shouldDisplayMessage" : false,
    "hasContent" : false
  } ],
  "labels" : [ {
    "name" : "epic",
    "value" : "Test Main Page smoke_test"
  }, {
    "name" : "tag",
    "value" : "smoke_test"
  }, {
    "name" : "parentSuite",
    "value" : "tests"
  }, {
    "name" : "suite",
    "value" : "main_page_test"
  }, {
    "name" : "subSuite",
    "value" : "TestMainPageSmoke"
  }, {
    "name" : "host",
    "value" : "fv-az1424-299"
  }, {
    "name" : "thread",
    "value" : "2249-MainThread"
  }, {
    "name" : "framework",
    "value" : "pytest"
  }, {
    "name" : "language",
    "value" : "cpython3"
  }, {
    "name" : "package",
    "value" : "tests.main_page_test"
  }, {
    "name" : "resultFormat",
    "value" : "allure2"
  } ],
  "parameters" : [ {
    "name" : "url",
    "value" : "'https://dealer-passport-test.xsfera.ru/uploads/'"
  } ],
  "links" : [ ],
  "hidden" : false,
  "retry" : false,
  "extra" : {
    "severity" : "normal",
    "retries" : [ ],
    "categories" : [ {
      "name" : "Test defects",
      "matchedStatuses" : [ ],
      "flaky" : false
    } ],
    "history" : {
      "statistic" : {
        "failed" : 0,
        "broken" : 1,
        "skipped" : 0,
        "passed" : 6,
        "unknown" : 0,
        "total" : 7
      },
      "items" : [ {
        "uid" : "47ac9eef8b29afd6",
        "reportUrl" : "https://Nat754.github.io/DealerPassport/10//#testresult/47ac9eef8b29afd6",
        "status" : "passed",
        "time" : {
          "start" : 1717207622483,
          "stop" : 1717207633453,
          "duration" : 10970
        }
      }, {
        "uid" : "1bc74a2a7cb312cc",
        "reportUrl" : "https://Nat754.github.io/DealerPassport/5//#testresult/1bc74a2a7cb312cc",
        "status" : "passed",
        "time" : {
          "start" : 1717150316096,
          "stop" : 1717150326893,
          "duration" : 10797
        }
      }, {
        "uid" : "c1e1e6d4369caf4f",
        "reportUrl" : "https://Nat754.github.io/DealerPassport/5//#testresult/c1e1e6d4369caf4f",
        "status" : "passed",
        "time" : {
          "start" : 1717143995253,
          "stop" : 1717144006203,
          "duration" : 10950
        }
      }, {
        "uid" : "8be07a439794bf7d",
        "reportUrl" : "https://Nat754.github.io/DealerPassport/9//#testresult/8be07a439794bf7d",
        "status" : "passed",
        "time" : {
          "start" : 1717121178900,
          "stop" : 1717121189708,
          "duration" : 10808
        }
      }, {
        "uid" : "2c5bccc318ffc873",
        "reportUrl" : "https://Nat754.github.io/DealerPassport/5//#testresult/2c5bccc318ffc873",
        "status" : "passed",
        "time" : {
          "start" : 1717080704979,
          "stop" : 1717080715942,
          "duration" : 10963
        }
      }, {
        "uid" : "727c67f1567e3c5e",
        "reportUrl" : "https://Nat754.github.io/DealerPassport/4//#testresult/727c67f1567e3c5e",
        "status" : "passed",
        "time" : {
          "start" : 1717059318613,
          "stop" : 1717059329428,
          "duration" : 10815
        }
      } ]
    },
    "tags" : [ "smoke_test" ]
  },
  "source" : "b0405dd544aadb6f.json",
  "parameterValues" : [ "'https://dealer-passport-test.xsfera.ru/uploads/'" ]
}