{
  "uid" : "2769c001760f382a",
  "name" : "test_open_seo[https://dealer-passport-test.xsfera.ru/logs/]",
  "fullName" : "tests.main_page_test.TestMainPageSmoke#test_open_seo",
  "historyId" : "12f486fa9f4b36e9e84d73f1b7d49a13",
  "time" : {
    "start" : 1716948175286,
    "stop" : 1716948175286,
    "duration" : 0
  },
  "status" : "broken",
  "statusMessage" : "selenium.common.exceptions.TimeoutException: Message: \nStacktrace:\n#0 0x55c5daa19e8a <unknown>\n#1 0x55c5da70345c <unknown>\n#2 0x55c5da74f5b5 <unknown>\n#3 0x55c5da74f671 <unknown>\n#4 0x55c5da793f14 <unknown>\n#5 0x55c5da7724dd <unknown>\n#6 0x55c5da7912cc <unknown>\n#7 0x55c5da772253 <unknown>\n#8 0x55c5da7421c7 <unknown>\n#9 0x55c5da742b3e <unknown>\n#10 0x55c5da9e02cb <unknown>\n#11 0x55c5da9e4377 <unknown>\n#12 0x55c5da9ccdfe <unknown>\n#13 0x55c5da9e4e42 <unknown>\n#14 0x55c5da9b179f <unknown>\n#15 0x55c5daa09178 <unknown>\n#16 0x55c5daa0934b <unknown>\n#17 0x55c5daa18fbc <unknown>\n#18 0x7fb80b894ac3 <unknown>",
  "statusTrace" : "driver = <selenium.webdriver.chrome.webdriver.WebDriver (session=\"e92e6610086d41ec497c890851aec320\")>\n\n    @pytest.fixture\n    def auth_user_admin_to_seo(driver):\n        main_page = MainPage(driver)\n        url = Urls.MAIN_URL_SEO + Urls.AUTH\n        cookies = {'name': 'token', 'value': os.environ[\"SEO_ADMIN\"]}\n        driver.get(url)\n        driver.add_cookie(cookies)\n        driver.get(Urls.MAIN_URL_SEO)\n>       main_page.check_button_agree().click()\n\ntests/conftest.py:18: \n_ _ _ _ _ _ _ _ _ _ _ _ _ _ _ _ _ _ _ _ _ _ _ _ _ _ _ _ _ _ _ _ _ _ _ _ _ _ _ _ \npages/main_page.py:15: in check_button_agree\n    return self.element_is_visible(self.locator.AGREE_BUTTON)\npages/base_page.py:18: in element_is_visible\n    self.go_to_element(self.element_is_present(locator))\npages/base_page.py:34: in element_is_present\n    return Wait(self.driver, self.timeout).until(ec.presence_of_element_located(locator))\n_ _ _ _ _ _ _ _ _ _ _ _ _ _ _ _ _ _ _ _ _ _ _ _ _ _ _ _ _ _ _ _ _ _ _ _ _ _ _ _ \n\nself = <selenium.webdriver.support.wait.WebDriverWait (session=\"e92e6610086d41ec497c890851aec320\")>\nmethod = <function presence_of_element_located.<locals>._predicate at 0x7f3ff7c4f6a0>\nmessage = ''\n\n    def until(self, method: Callable[[D], Union[Literal[False], T]], message: str = \"\") -> T:\n        \"\"\"Calls the method provided with the driver as an argument until the \\\n        return value does not evaluate to ``False``.\n    \n        :param method: callable(WebDriver)\n        :param message: optional message for :exc:`TimeoutException`\n        :returns: the result of the last call to `method`\n        :raises: :exc:`selenium.common.exceptions.TimeoutException` if timeout occurs\n        \"\"\"\n        screen = None\n        stacktrace = None\n    \n        end_time = time.monotonic() + self._timeout\n        while True:\n            try:\n                value = method(self._driver)\n                if value:\n                    return value\n            except self._ignored_exceptions as exc:\n                screen = getattr(exc, \"screen\", None)\n                stacktrace = getattr(exc, \"stacktrace\", None)\n            time.sleep(self._poll)\n            if time.monotonic() > end_time:\n                break\n>       raise TimeoutException(message, screen, stacktrace)\nE       selenium.common.exceptions.TimeoutException: Message: \nE       Stacktrace:\nE       #0 0x55c5daa19e8a <unknown>\nE       #1 0x55c5da70345c <unknown>\nE       #2 0x55c5da74f5b5 <unknown>\nE       #3 0x55c5da74f671 <unknown>\nE       #4 0x55c5da793f14 <unknown>\nE       #5 0x55c5da7724dd <unknown>\nE       #6 0x55c5da7912cc <unknown>\nE       #7 0x55c5da772253 <unknown>\nE       #8 0x55c5da7421c7 <unknown>\nE       #9 0x55c5da742b3e <unknown>\nE       #10 0x55c5da9e02cb <unknown>\nE       #11 0x55c5da9e4377 <unknown>\nE       #12 0x55c5da9ccdfe <unknown>\nE       #13 0x55c5da9e4e42 <unknown>\nE       #14 0x55c5da9b179f <unknown>\nE       #15 0x55c5daa09178 <unknown>\nE       #16 0x55c5daa0934b <unknown>\nE       #17 0x55c5daa18fbc <unknown>\nE       #18 0x7fb80b894ac3 <unknown>\n\n/opt/hostedtoolcache/Python/3.12.3/x64/lib/python3.12/site-packages/selenium/webdriver/support/wait.py:105: TimeoutException",
  "flaky" : false,
  "newFailed" : false,
  "beforeStages" : [ {
    "name" : "clear_allure_results_folder",
    "time" : {
      "start" : 1716948078838,
      "stop" : 1716948078838,
      "duration" : 0
    },
    "status" : "passed",
    "steps" : [ ],
    "attachments" : [ ],
    "parameters" : [ ],
    "stepsCount" : 0,
    "attachmentsCount" : 0,
    "shouldDisplayMessage" : false,
    "hasContent" : false
  }, {
    "name" : "auth_user_admin_to_seo",
    "time" : {
      "start" : 1716948175483,
      "stop" : 1716948188118,
      "duration" : 12635
    },
    "status" : "broken",
    "statusMessage" : "selenium.common.exceptions.TimeoutException: Message: \nStacktrace:\n#0 0x55c5daa19e8a <unknown>\n#1 0x55c5da70345c <unknown>\n#2 0x55c5da74f5b5 <unknown>\n#3 0x55c5da74f671 <unknown>\n#4 0x55c5da793f14 <unknown>\n#5 0x55c5da7724dd <unknown>\n#6 0x55c5da7912cc <unknown>\n#7 0x55c5da772253 <unknown>\n#8 0x55c5da7421c7 <unknown>\n#9 0x55c5da742b3e <unknown>\n#10 0x55c5da9e02cb <unknown>\n#11 0x55c5da9e4377 <unknown>\n#12 0x55c5da9ccdfe <unknown>\n#13 0x55c5da9e4e42 <unknown>\n#14 0x55c5da9b179f <unknown>\n#15 0x55c5daa09178 <unknown>\n#16 0x55c5daa0934b <unknown>\n#17 0x55c5daa18fbc <unknown>\n#18 0x7fb80b894ac3 <unknown>\n\n",
    "statusTrace" : "  File \"/opt/hostedtoolcache/Python/3.12.3/x64/lib/python3.12/site-packages/pluggy/_callers.py\", line 167, in _multicall\n    teardown.throw(outcome._exception)\n  File \"/opt/hostedtoolcache/Python/3.12.3/x64/lib/python3.12/site-packages/_pytest/setuponly.py\", line 36, in pytest_fixture_setup\n    return (yield)\n            ^^^^^\n  File \"/opt/hostedtoolcache/Python/3.12.3/x64/lib/python3.12/site-packages/pluggy/_callers.py\", line 103, in _multicall\n    res = hook_impl.function(*args)\n          ^^^^^^^^^^^^^^^^^^^^^^^^^\n  File \"/opt/hostedtoolcache/Python/3.12.3/x64/lib/python3.12/site-packages/_pytest/fixtures.py\", line 1140, in pytest_fixture_setup\n    result = call_fixture_func(fixturefunc, request, kwargs)\n             ^^^^^^^^^^^^^^^^^^^^^^^^^^^^^^^^^^^^^^^^^^^^^^^\n  File \"/opt/hostedtoolcache/Python/3.12.3/x64/lib/python3.12/site-packages/_pytest/fixtures.py\", line 917, in call_fixture_func\n    fixture_result = fixturefunc(**kwargs)\n                     ^^^^^^^^^^^^^^^^^^^^^\n  File \"/home/runner/work/DealerPassport/DealerPassport/tests/conftest.py\", line 18, in auth_user_admin_to_seo\n    main_page.check_button_agree().click()\n    ^^^^^^^^^^^^^^^^^^^^^^^^^^^^^^\n  File \"/opt/hostedtoolcache/Python/3.12.3/x64/lib/python3.12/site-packages/allure_commons/_allure.py\", line 192, in impl\n    return func(*a, **kw)\n           ^^^^^^^^^^^^^^\n  File \"/home/runner/work/DealerPassport/DealerPassport/pages/main_page.py\", line 15, in check_button_agree\n    return self.element_is_visible(self.locator.AGREE_BUTTON)\n           ^^^^^^^^^^^^^^^^^^^^^^^^^^^^^^^^^^^^^^^^^^^^^^^^^^\n  File \"/home/runner/work/DealerPassport/DealerPassport/pages/base_page.py\", line 18, in element_is_visible\n    self.go_to_element(self.element_is_present(locator))\n                       ^^^^^^^^^^^^^^^^^^^^^^^^^^^^^^^^\n  File \"/home/runner/work/DealerPassport/DealerPassport/pages/base_page.py\", line 34, in element_is_present\n    return Wait(self.driver, self.timeout).until(ec.presence_of_element_located(locator))\n           ^^^^^^^^^^^^^^^^^^^^^^^^^^^^^^^^^^^^^^^^^^^^^^^^^^^^^^^^^^^^^^^^^^^^^^^^^^^^^^\n  File \"/opt/hostedtoolcache/Python/3.12.3/x64/lib/python3.12/site-packages/selenium/webdriver/support/wait.py\", line 105, in until\n    raise TimeoutException(message, screen, stacktrace)\n",
    "steps" : [ {
      "name" : "Проверка видимости кнопки '('xpath', '//span[text()=\"Согласен\"]')' на главной странице",
      "time" : {
        "start" : 1716948177892,
        "stop" : 1716948188118,
        "duration" : 10226
      },
      "status" : "broken",
      "statusMessage" : "selenium.common.exceptions.TimeoutException: Message: \nStacktrace:\n#0 0x55c5daa19e8a <unknown>\n#1 0x55c5da70345c <unknown>\n#2 0x55c5da74f5b5 <unknown>\n#3 0x55c5da74f671 <unknown>\n#4 0x55c5da793f14 <unknown>\n#5 0x55c5da7724dd <unknown>\n#6 0x55c5da7912cc <unknown>\n#7 0x55c5da772253 <unknown>\n#8 0x55c5da7421c7 <unknown>\n#9 0x55c5da742b3e <unknown>\n#10 0x55c5da9e02cb <unknown>\n#11 0x55c5da9e4377 <unknown>\n#12 0x55c5da9ccdfe <unknown>\n#13 0x55c5da9e4e42 <unknown>\n#14 0x55c5da9b179f <unknown>\n#15 0x55c5daa09178 <unknown>\n#16 0x55c5daa0934b <unknown>\n#17 0x55c5daa18fbc <unknown>\n#18 0x7fb80b894ac3 <unknown>\n\n",
      "statusTrace" : "  File \"/opt/hostedtoolcache/Python/3.12.3/x64/lib/python3.12/site-packages/allure_commons/_allure.py\", line 192, in impl\n    return func(*a, **kw)\n           ^^^^^^^^^^^^^^\n  File \"/home/runner/work/DealerPassport/DealerPassport/pages/main_page.py\", line 15, in check_button_agree\n    return self.element_is_visible(self.locator.AGREE_BUTTON)\n           ^^^^^^^^^^^^^^^^^^^^^^^^^^^^^^^^^^^^^^^^^^^^^^^^^^\n  File \"/home/runner/work/DealerPassport/DealerPassport/pages/base_page.py\", line 18, in element_is_visible\n    self.go_to_element(self.element_is_present(locator))\n                       ^^^^^^^^^^^^^^^^^^^^^^^^^^^^^^^^\n  File \"/home/runner/work/DealerPassport/DealerPassport/pages/base_page.py\", line 34, in element_is_present\n    return Wait(self.driver, self.timeout).until(ec.presence_of_element_located(locator))\n           ^^^^^^^^^^^^^^^^^^^^^^^^^^^^^^^^^^^^^^^^^^^^^^^^^^^^^^^^^^^^^^^^^^^^^^^^^^^^^^\n  File \"/opt/hostedtoolcache/Python/3.12.3/x64/lib/python3.12/site-packages/selenium/webdriver/support/wait.py\", line 105, in until\n    raise TimeoutException(message, screen, stacktrace)\n",
      "steps" : [ ],
      "attachments" : [ ],
      "parameters" : [ ],
      "stepsCount" : 0,
      "attachmentsCount" : 0,
      "shouldDisplayMessage" : true,
      "hasContent" : true
    } ],
    "attachments" : [ ],
    "parameters" : [ ],
    "stepsCount" : 1,
    "attachmentsCount" : 0,
    "shouldDisplayMessage" : false,
    "hasContent" : true
  }, {
    "name" : "driver",
    "time" : {
      "start" : 1716948175286,
      "stop" : 1716948175483,
      "duration" : 197
    },
    "status" : "passed",
    "steps" : [ ],
    "attachments" : [ ],
    "parameters" : [ ],
    "stepsCount" : 0,
    "attachmentsCount" : 0,
    "shouldDisplayMessage" : false,
    "hasContent" : false
  } ],
  "afterStages" : [ {
    "name" : "driver::0",
    "time" : {
      "start" : 1716948188132,
      "stop" : 1716948188190,
      "duration" : 58
    },
    "status" : "passed",
    "steps" : [ ],
    "attachments" : [ ],
    "parameters" : [ ],
    "stepsCount" : 0,
    "attachmentsCount" : 0,
    "shouldDisplayMessage" : false,
    "hasContent" : false
  } ],
  "labels" : [ {
    "name" : "epic",
    "value" : "Test Main Page smoke_test"
  }, {
    "name" : "tag",
    "value" : "smoke_test"
  }, {
    "name" : "parentSuite",
    "value" : "tests"
  }, {
    "name" : "suite",
    "value" : "main_page_test"
  }, {
    "name" : "subSuite",
    "value" : "TestMainPageSmoke"
  }, {
    "name" : "host",
    "value" : "fv-az1435-859"
  }, {
    "name" : "thread",
    "value" : "2237-MainThread"
  }, {
    "name" : "framework",
    "value" : "pytest"
  }, {
    "name" : "language",
    "value" : "cpython3"
  }, {
    "name" : "package",
    "value" : "tests.main_page_test"
  }, {
    "name" : "resultFormat",
    "value" : "allure2"
  } ],
  "parameters" : [ {
    "name" : "url",
    "value" : "'https://dealer-passport-test.xsfera.ru/logs/'"
  } ],
  "links" : [ ],
  "hidden" : false,
  "retry" : false,
  "extra" : {
    "severity" : "normal",
    "retries" : [ ],
    "categories" : [ {
      "name" : "Test defects",
      "matchedStatuses" : [ ],
      "flaky" : false
    } ],
    "history" : {
      "statistic" : {
        "failed" : 0,
        "broken" : 3,
        "skipped" : 0,
        "passed" : 7,
        "unknown" : 0,
        "total" : 10
      },
      "items" : [ {
        "uid" : "262507299bd565b",
        "reportUrl" : "https://Nat754.github.io/DealerPassport/6//#testresult/262507299bd565b",
        "status" : "broken",
        "statusDetails" : "selenium.common.exceptions.WebDriverException: Message: unknown error: net::ERR_CONNECTION_TIMED_OUT\n  (Session info: chrome-headless-shell=125.0.6422.60)\nStacktrace:\n#0 0x5606d0628eca <unknown>\n#1 0x5606d031245c <unknown>\n#2 0x5606d0309fd0 <unknown>\n#3 0x5606d02f9b32 <unknown>\n#4 0x5606d02fb162 <unknown>\n#5 0x5606d02f9ded <unknown>\n#6 0x5606d02f9503 <unknown>\n#7 0x5606d02f93f5 <unknown>\n#8 0x5606d02f7336 <unknown>\n#9 0x5606d02f783a <unknown>\n#10 0x5606d0314ea7 <unknown>\n#11 0x5606d03a0ed5 <unknown>\n#12 0x5606d03814b2 <unknown>\n#13 0x5606d03a02cc <unknown>\n#14 0x5606d0381253 <unknown>\n#15 0x5606d03511c7 <unknown>\n#16 0x5606d0351b3e <unknown>\n#17 0x5606d05ef30b <unknown>\n#18 0x5606d05f33b7 <unknown>\n#19 0x5606d05dbe3e <unknown>\n#20 0x5606d05f3e82 <unknown>\n#21 0x5606d05c07df <unknown>\n#22 0x5606d06181b8 <unknown>\n#23 0x5606d061838b <unknown>\n#24 0x5606d0627ffc <unknown>\n#25 0x7f73d6294ac3 <unknown>",
        "time" : {
          "start" : 1716866348369,
          "stop" : 1716866348369,
          "duration" : 0
        }
      }, {
        "uid" : "887832d0148ff5f0",
        "reportUrl" : "https://Nat754.github.io/DealerPassport/5//#testresult/887832d0148ff5f0",
        "status" : "passed",
        "time" : {
          "start" : 1716775301394,
          "stop" : 1716775312264,
          "duration" : 10870
        }
      }, {
        "uid" : "ebb0a0f5c4cd6831",
        "reportUrl" : "https://Nat754.github.io/DealerPassport/4//#testresult/ebb0a0f5c4cd6831",
        "status" : "passed",
        "time" : {
          "start" : 1716689024243,
          "stop" : 1716689035080,
          "duration" : 10837
        }
      }, {
        "uid" : "2e516b966ad95c14",
        "reportUrl" : "https://Nat754.github.io/DealerPassport/3//#testresult/2e516b966ad95c14",
        "status" : "passed",
        "time" : {
          "start" : 1716602299213,
          "stop" : 1716602310138,
          "duration" : 10925
        }
      }, {
        "uid" : "3d28e683d41afa61",
        "reportUrl" : "https://Nat754.github.io/DealerPassport/2//#testresult/3d28e683d41afa61",
        "status" : "passed",
        "time" : {
          "start" : 1716516007528,
          "stop" : 1716516018381,
          "duration" : 10853
        }
      }, {
        "uid" : "9d9f6bfc3c47cb76",
        "reportUrl" : "https://Nat754.github.io/DealerPassport/1//#testresult/9d9f6bfc3c47cb76",
        "status" : "passed",
        "time" : {
          "start" : 1716443073210,
          "stop" : 1716443084007,
          "duration" : 10797
        }
      }, {
        "uid" : "676ae9c7f8a8782c",
        "reportUrl" : "https://Nat754.github.io/DealerPassport/1//#testresult/676ae9c7f8a8782c",
        "status" : "broken",
        "statusDetails" : "selenium.common.exceptions.TimeoutException: Message: \nStacktrace:\n#0 0x564927f0beca <unknown>\n#1 0x564927bf545c <unknown>\n#2 0x564927c415b5 <unknown>\n#3 0x564927c41671 <unknown>\n#4 0x564927c85f14 <unknown>\n#5 0x564927c644dd <unknown>\n#6 0x564927c832cc <unknown>\n#7 0x564927c64253 <unknown>\n#8 0x564927c341c7 <unknown>\n#9 0x564927c34b3e <unknown>\n#10 0x564927ed230b <unknown>\n#11 0x564927ed63b7 <unknown>\n#12 0x564927ebee3e <unknown>\n#13 0x564927ed6e82 <unknown>\n#14 0x564927ea37df <unknown>\n#15 0x564927efb1b8 <unknown>\n#16 0x564927efb38b <unknown>\n#17 0x564927f0affc <unknown>\n#18 0x7f373a694ac3 <unknown>",
        "time" : {
          "start" : 1716429559776,
          "stop" : 1716429559776,
          "duration" : 0
        }
      }, {
        "uid" : "95bf67ec57a3558d",
        "reportUrl" : "https://Nat754.github.io/DealerPassport/2//#testresult/95bf67ec57a3558d",
        "status" : "passed",
        "time" : {
          "start" : 1716384261347,
          "stop" : 1716384272166,
          "duration" : 10819
        }
      }, {
        "uid" : "ca09d336aa6d7b95",
        "reportUrl" : "https://Nat754.github.io/DealerPassport/1//#testresult/ca09d336aa6d7b95",
        "status" : "passed",
        "time" : {
          "start" : 1716383149910,
          "stop" : 1716383160742,
          "duration" : 10832
        }
      } ]
    },
    "tags" : [ "smoke_test" ]
  },
  "source" : "2769c001760f382a.json",
  "parameterValues" : [ "'https://dealer-passport-test.xsfera.ru/logs/'" ]
}