{
  "uid" : "5be989bb31a2fca7",
  "name" : "test_open_seo[https://dealer-passport-test.xsfera.ru/zd/]",
  "fullName" : "tests.main_page_test.TestMainPageSmoke#test_open_seo",
  "historyId" : "f562f00a1dcb49f8f868b40c157bd724",
  "time" : {
    "start" : 1716948226886,
    "stop" : 1716948226886,
    "duration" : 0
  },
  "status" : "broken",
  "statusMessage" : "selenium.common.exceptions.TimeoutException: Message: \nStacktrace:\n#0 0x55d2b7026e8a <unknown>\n#1 0x55d2b6d1045c <unknown>\n#2 0x55d2b6d5c5b5 <unknown>\n#3 0x55d2b6d5c671 <unknown>\n#4 0x55d2b6da0f14 <unknown>\n#5 0x55d2b6d7f4dd <unknown>\n#6 0x55d2b6d9e2cc <unknown>\n#7 0x55d2b6d7f253 <unknown>\n#8 0x55d2b6d4f1c7 <unknown>\n#9 0x55d2b6d4fb3e <unknown>\n#10 0x55d2b6fed2cb <unknown>\n#11 0x55d2b6ff1377 <unknown>\n#12 0x55d2b6fd9dfe <unknown>\n#13 0x55d2b6ff1e42 <unknown>\n#14 0x55d2b6fbe79f <unknown>\n#15 0x55d2b7016178 <unknown>\n#16 0x55d2b701634b <unknown>\n#17 0x55d2b7025fbc <unknown>\n#18 0x7fe667c94ac3 <unknown>",
  "statusTrace" : "driver = <selenium.webdriver.chrome.webdriver.WebDriver (session=\"e4e3194dcdc22b646e79c4b23671c8db\")>\n\n    @pytest.fixture\n    def auth_user_admin_to_seo(driver):\n        main_page = MainPage(driver)\n        url = Urls.MAIN_URL_SEO + Urls.AUTH\n        cookies = {'name': 'token', 'value': os.environ[\"SEO_ADMIN\"]}\n        driver.get(url)\n        driver.add_cookie(cookies)\n        driver.get(Urls.MAIN_URL_SEO)\n>       main_page.check_button_agree().click()\n\ntests/conftest.py:18: \n_ _ _ _ _ _ _ _ _ _ _ _ _ _ _ _ _ _ _ _ _ _ _ _ _ _ _ _ _ _ _ _ _ _ _ _ _ _ _ _ \npages/main_page.py:15: in check_button_agree\n    return self.element_is_visible(self.locator.AGREE_BUTTON)\npages/base_page.py:18: in element_is_visible\n    self.go_to_element(self.element_is_present(locator))\npages/base_page.py:34: in element_is_present\n    return Wait(self.driver, self.timeout).until(ec.presence_of_element_located(locator))\n_ _ _ _ _ _ _ _ _ _ _ _ _ _ _ _ _ _ _ _ _ _ _ _ _ _ _ _ _ _ _ _ _ _ _ _ _ _ _ _ \n\nself = <selenium.webdriver.support.wait.WebDriverWait (session=\"e4e3194dcdc22b646e79c4b23671c8db\")>\nmethod = <function presence_of_element_located.<locals>._predicate at 0x7f3ff7c6cc20>\nmessage = ''\n\n    def until(self, method: Callable[[D], Union[Literal[False], T]], message: str = \"\") -> T:\n        \"\"\"Calls the method provided with the driver as an argument until the \\\n        return value does not evaluate to ``False``.\n    \n        :param method: callable(WebDriver)\n        :param message: optional message for :exc:`TimeoutException`\n        :returns: the result of the last call to `method`\n        :raises: :exc:`selenium.common.exceptions.TimeoutException` if timeout occurs\n        \"\"\"\n        screen = None\n        stacktrace = None\n    \n        end_time = time.monotonic() + self._timeout\n        while True:\n            try:\n                value = method(self._driver)\n                if value:\n                    return value\n            except self._ignored_exceptions as exc:\n                screen = getattr(exc, \"screen\", None)\n                stacktrace = getattr(exc, \"stacktrace\", None)\n            time.sleep(self._poll)\n            if time.monotonic() > end_time:\n                break\n>       raise TimeoutException(message, screen, stacktrace)\nE       selenium.common.exceptions.TimeoutException: Message: \nE       Stacktrace:\nE       #0 0x55d2b7026e8a <unknown>\nE       #1 0x55d2b6d1045c <unknown>\nE       #2 0x55d2b6d5c5b5 <unknown>\nE       #3 0x55d2b6d5c671 <unknown>\nE       #4 0x55d2b6da0f14 <unknown>\nE       #5 0x55d2b6d7f4dd <unknown>\nE       #6 0x55d2b6d9e2cc <unknown>\nE       #7 0x55d2b6d7f253 <unknown>\nE       #8 0x55d2b6d4f1c7 <unknown>\nE       #9 0x55d2b6d4fb3e <unknown>\nE       #10 0x55d2b6fed2cb <unknown>\nE       #11 0x55d2b6ff1377 <unknown>\nE       #12 0x55d2b6fd9dfe <unknown>\nE       #13 0x55d2b6ff1e42 <unknown>\nE       #14 0x55d2b6fbe79f <unknown>\nE       #15 0x55d2b7016178 <unknown>\nE       #16 0x55d2b701634b <unknown>\nE       #17 0x55d2b7025fbc <unknown>\nE       #18 0x7fe667c94ac3 <unknown>\n\n/opt/hostedtoolcache/Python/3.12.3/x64/lib/python3.12/site-packages/selenium/webdriver/support/wait.py:105: TimeoutException",
  "flaky" : false,
  "newFailed" : false,
  "beforeStages" : [ {
    "name" : "driver",
    "time" : {
      "start" : 1716948226886,
      "stop" : 1716948227082,
      "duration" : 196
    },
    "status" : "passed",
    "steps" : [ ],
    "attachments" : [ ],
    "parameters" : [ ],
    "stepsCount" : 0,
    "attachmentsCount" : 0,
    "shouldDisplayMessage" : false,
    "hasContent" : false
  }, {
    "name" : "clear_allure_results_folder",
    "time" : {
      "start" : 1716948078838,
      "stop" : 1716948078838,
      "duration" : 0
    },
    "status" : "passed",
    "steps" : [ ],
    "attachments" : [ ],
    "parameters" : [ ],
    "stepsCount" : 0,
    "attachmentsCount" : 0,
    "shouldDisplayMessage" : false,
    "hasContent" : false
  }, {
    "name" : "auth_user_admin_to_seo",
    "time" : {
      "start" : 1716948227082,
      "stop" : 1716948239719,
      "duration" : 12637
    },
    "status" : "broken",
    "statusMessage" : "selenium.common.exceptions.TimeoutException: Message: \nStacktrace:\n#0 0x55d2b7026e8a <unknown>\n#1 0x55d2b6d1045c <unknown>\n#2 0x55d2b6d5c5b5 <unknown>\n#3 0x55d2b6d5c671 <unknown>\n#4 0x55d2b6da0f14 <unknown>\n#5 0x55d2b6d7f4dd <unknown>\n#6 0x55d2b6d9e2cc <unknown>\n#7 0x55d2b6d7f253 <unknown>\n#8 0x55d2b6d4f1c7 <unknown>\n#9 0x55d2b6d4fb3e <unknown>\n#10 0x55d2b6fed2cb <unknown>\n#11 0x55d2b6ff1377 <unknown>\n#12 0x55d2b6fd9dfe <unknown>\n#13 0x55d2b6ff1e42 <unknown>\n#14 0x55d2b6fbe79f <unknown>\n#15 0x55d2b7016178 <unknown>\n#16 0x55d2b701634b <unknown>\n#17 0x55d2b7025fbc <unknown>\n#18 0x7fe667c94ac3 <unknown>\n\n",
    "statusTrace" : "  File \"/opt/hostedtoolcache/Python/3.12.3/x64/lib/python3.12/site-packages/pluggy/_callers.py\", line 167, in _multicall\n    teardown.throw(outcome._exception)\n  File \"/opt/hostedtoolcache/Python/3.12.3/x64/lib/python3.12/site-packages/_pytest/setuponly.py\", line 36, in pytest_fixture_setup\n    return (yield)\n            ^^^^^\n  File \"/opt/hostedtoolcache/Python/3.12.3/x64/lib/python3.12/site-packages/pluggy/_callers.py\", line 103, in _multicall\n    res = hook_impl.function(*args)\n          ^^^^^^^^^^^^^^^^^^^^^^^^^\n  File \"/opt/hostedtoolcache/Python/3.12.3/x64/lib/python3.12/site-packages/_pytest/fixtures.py\", line 1140, in pytest_fixture_setup\n    result = call_fixture_func(fixturefunc, request, kwargs)\n             ^^^^^^^^^^^^^^^^^^^^^^^^^^^^^^^^^^^^^^^^^^^^^^^\n  File \"/opt/hostedtoolcache/Python/3.12.3/x64/lib/python3.12/site-packages/_pytest/fixtures.py\", line 917, in call_fixture_func\n    fixture_result = fixturefunc(**kwargs)\n                     ^^^^^^^^^^^^^^^^^^^^^\n  File \"/home/runner/work/DealerPassport/DealerPassport/tests/conftest.py\", line 18, in auth_user_admin_to_seo\n    main_page.check_button_agree().click()\n    ^^^^^^^^^^^^^^^^^^^^^^^^^^^^^^\n  File \"/opt/hostedtoolcache/Python/3.12.3/x64/lib/python3.12/site-packages/allure_commons/_allure.py\", line 192, in impl\n    return func(*a, **kw)\n           ^^^^^^^^^^^^^^\n  File \"/home/runner/work/DealerPassport/DealerPassport/pages/main_page.py\", line 15, in check_button_agree\n    return self.element_is_visible(self.locator.AGREE_BUTTON)\n           ^^^^^^^^^^^^^^^^^^^^^^^^^^^^^^^^^^^^^^^^^^^^^^^^^^\n  File \"/home/runner/work/DealerPassport/DealerPassport/pages/base_page.py\", line 18, in element_is_visible\n    self.go_to_element(self.element_is_present(locator))\n                       ^^^^^^^^^^^^^^^^^^^^^^^^^^^^^^^^\n  File \"/home/runner/work/DealerPassport/DealerPassport/pages/base_page.py\", line 34, in element_is_present\n    return Wait(self.driver, self.timeout).until(ec.presence_of_element_located(locator))\n           ^^^^^^^^^^^^^^^^^^^^^^^^^^^^^^^^^^^^^^^^^^^^^^^^^^^^^^^^^^^^^^^^^^^^^^^^^^^^^^\n  File \"/opt/hostedtoolcache/Python/3.12.3/x64/lib/python3.12/site-packages/selenium/webdriver/support/wait.py\", line 105, in until\n    raise TimeoutException(message, screen, stacktrace)\n",
    "steps" : [ {
      "name" : "Проверка видимости кнопки '('xpath', '//span[text()=\"Согласен\"]')' на главной странице",
      "time" : {
        "start" : 1716948229493,
        "stop" : 1716948239718,
        "duration" : 10225
      },
      "status" : "broken",
      "statusMessage" : "selenium.common.exceptions.TimeoutException: Message: \nStacktrace:\n#0 0x55d2b7026e8a <unknown>\n#1 0x55d2b6d1045c <unknown>\n#2 0x55d2b6d5c5b5 <unknown>\n#3 0x55d2b6d5c671 <unknown>\n#4 0x55d2b6da0f14 <unknown>\n#5 0x55d2b6d7f4dd <unknown>\n#6 0x55d2b6d9e2cc <unknown>\n#7 0x55d2b6d7f253 <unknown>\n#8 0x55d2b6d4f1c7 <unknown>\n#9 0x55d2b6d4fb3e <unknown>\n#10 0x55d2b6fed2cb <unknown>\n#11 0x55d2b6ff1377 <unknown>\n#12 0x55d2b6fd9dfe <unknown>\n#13 0x55d2b6ff1e42 <unknown>\n#14 0x55d2b6fbe79f <unknown>\n#15 0x55d2b7016178 <unknown>\n#16 0x55d2b701634b <unknown>\n#17 0x55d2b7025fbc <unknown>\n#18 0x7fe667c94ac3 <unknown>\n\n",
      "statusTrace" : "  File \"/opt/hostedtoolcache/Python/3.12.3/x64/lib/python3.12/site-packages/allure_commons/_allure.py\", line 192, in impl\n    return func(*a, **kw)\n           ^^^^^^^^^^^^^^\n  File \"/home/runner/work/DealerPassport/DealerPassport/pages/main_page.py\", line 15, in check_button_agree\n    return self.element_is_visible(self.locator.AGREE_BUTTON)\n           ^^^^^^^^^^^^^^^^^^^^^^^^^^^^^^^^^^^^^^^^^^^^^^^^^^\n  File \"/home/runner/work/DealerPassport/DealerPassport/pages/base_page.py\", line 18, in element_is_visible\n    self.go_to_element(self.element_is_present(locator))\n                       ^^^^^^^^^^^^^^^^^^^^^^^^^^^^^^^^\n  File \"/home/runner/work/DealerPassport/DealerPassport/pages/base_page.py\", line 34, in element_is_present\n    return Wait(self.driver, self.timeout).until(ec.presence_of_element_located(locator))\n           ^^^^^^^^^^^^^^^^^^^^^^^^^^^^^^^^^^^^^^^^^^^^^^^^^^^^^^^^^^^^^^^^^^^^^^^^^^^^^^\n  File \"/opt/hostedtoolcache/Python/3.12.3/x64/lib/python3.12/site-packages/selenium/webdriver/support/wait.py\", line 105, in until\n    raise TimeoutException(message, screen, stacktrace)\n",
      "steps" : [ ],
      "attachments" : [ ],
      "parameters" : [ ],
      "stepsCount" : 0,
      "attachmentsCount" : 0,
      "shouldDisplayMessage" : true,
      "hasContent" : true
    } ],
    "attachments" : [ ],
    "parameters" : [ ],
    "stepsCount" : 1,
    "attachmentsCount" : 0,
    "shouldDisplayMessage" : false,
    "hasContent" : true
  } ],
  "afterStages" : [ {
    "name" : "driver::0",
    "time" : {
      "start" : 1716948239732,
      "stop" : 1716948239791,
      "duration" : 59
    },
    "status" : "passed",
    "steps" : [ ],
    "attachments" : [ ],
    "parameters" : [ ],
    "stepsCount" : 0,
    "attachmentsCount" : 0,
    "shouldDisplayMessage" : false,
    "hasContent" : false
  } ],
  "labels" : [ {
    "name" : "epic",
    "value" : "Test Main Page smoke_test"
  }, {
    "name" : "tag",
    "value" : "smoke_test"
  }, {
    "name" : "parentSuite",
    "value" : "tests"
  }, {
    "name" : "suite",
    "value" : "main_page_test"
  }, {
    "name" : "subSuite",
    "value" : "TestMainPageSmoke"
  }, {
    "name" : "host",
    "value" : "fv-az1435-859"
  }, {
    "name" : "thread",
    "value" : "2237-MainThread"
  }, {
    "name" : "framework",
    "value" : "pytest"
  }, {
    "name" : "language",
    "value" : "cpython3"
  }, {
    "name" : "package",
    "value" : "tests.main_page_test"
  }, {
    "name" : "resultFormat",
    "value" : "allure2"
  } ],
  "parameters" : [ {
    "name" : "url",
    "value" : "'https://dealer-passport-test.xsfera.ru/zd/'"
  } ],
  "links" : [ ],
  "hidden" : false,
  "retry" : false,
  "extra" : {
    "severity" : "normal",
    "retries" : [ ],
    "categories" : [ {
      "name" : "Test defects",
      "matchedStatuses" : [ ],
      "flaky" : false
    } ],
    "history" : {
      "statistic" : {
        "failed" : 0,
        "broken" : 3,
        "skipped" : 0,
        "passed" : 7,
        "unknown" : 0,
        "total" : 10
      },
      "items" : [ {
        "uid" : "7f838822b7156b42",
        "reportUrl" : "https://Nat754.github.io/DealerPassport/6//#testresult/7f838822b7156b42",
        "status" : "broken",
        "statusDetails" : "selenium.common.exceptions.WebDriverException: Message: unknown error: net::ERR_CONNECTION_TIMED_OUT\n  (Session info: chrome-headless-shell=125.0.6422.60)\nStacktrace:\n#0 0x55d6bd39ceca <unknown>\n#1 0x55d6bd08645c <unknown>\n#2 0x55d6bd07dfd0 <unknown>\n#3 0x55d6bd06db32 <unknown>\n#4 0x55d6bd06f162 <unknown>\n#5 0x55d6bd06dded <unknown>\n#6 0x55d6bd06d503 <unknown>\n#7 0x55d6bd06d3f5 <unknown>\n#8 0x55d6bd06b336 <unknown>\n#9 0x55d6bd06b83a <unknown>\n#10 0x55d6bd088ea7 <unknown>\n#11 0x55d6bd114ed5 <unknown>\n#12 0x55d6bd0f54b2 <unknown>\n#13 0x55d6bd1142cc <unknown>\n#14 0x55d6bd0f5253 <unknown>\n#15 0x55d6bd0c51c7 <unknown>\n#16 0x55d6bd0c5b3e <unknown>\n#17 0x55d6bd36330b <unknown>\n#18 0x55d6bd3673b7 <unknown>\n#19 0x55d6bd34fe3e <unknown>\n#20 0x55d6bd367e82 <unknown>\n#21 0x55d6bd3347df <unknown>\n#22 0x55d6bd38c1b8 <unknown>\n#23 0x55d6bd38c38b <unknown>\n#24 0x55d6bd39bffc <unknown>\n#25 0x7fa615694ac3 <unknown>",
        "time" : {
          "start" : 1716866889040,
          "stop" : 1716866889040,
          "duration" : 0
        }
      }, {
        "uid" : "14de94e3814b1e76",
        "reportUrl" : "https://Nat754.github.io/DealerPassport/5//#testresult/14de94e3814b1e76",
        "status" : "passed",
        "time" : {
          "start" : 1716775357694,
          "stop" : 1716775368675,
          "duration" : 10981
        }
      }, {
        "uid" : "cf311dd6bddcd264",
        "reportUrl" : "https://Nat754.github.io/DealerPassport/4//#testresult/cf311dd6bddcd264",
        "status" : "passed",
        "time" : {
          "start" : 1716689080291,
          "stop" : 1716689091139,
          "duration" : 10848
        }
      }, {
        "uid" : "f2b6a78f25e4c864",
        "reportUrl" : "https://Nat754.github.io/DealerPassport/3//#testresult/f2b6a78f25e4c864",
        "status" : "passed",
        "time" : {
          "start" : 1716602359552,
          "stop" : 1716602370517,
          "duration" : 10965
        }
      }, {
        "uid" : "e51cbe1180ee12b5",
        "reportUrl" : "https://Nat754.github.io/DealerPassport/2//#testresult/e51cbe1180ee12b5",
        "status" : "passed",
        "time" : {
          "start" : 1716516063027,
          "stop" : 1716516073837,
          "duration" : 10810
        }
      }, {
        "uid" : "25f06c6157374b2b",
        "reportUrl" : "https://Nat754.github.io/DealerPassport/1//#testresult/25f06c6157374b2b",
        "status" : "passed",
        "time" : {
          "start" : 1716443128039,
          "stop" : 1716443138879,
          "duration" : 10840
        }
      }, {
        "uid" : "622390d624da0b54",
        "reportUrl" : "https://Nat754.github.io/DealerPassport/1//#testresult/622390d624da0b54",
        "status" : "broken",
        "statusDetails" : "selenium.common.exceptions.TimeoutException: Message: \nStacktrace:\n#0 0x55a45e061eca <unknown>\n#1 0x55a45dd4b45c <unknown>\n#2 0x55a45dd975b5 <unknown>\n#3 0x55a45dd97671 <unknown>\n#4 0x55a45dddbf14 <unknown>\n#5 0x55a45ddba4dd <unknown>\n#6 0x55a45ddd92cc <unknown>\n#7 0x55a45ddba253 <unknown>\n#8 0x55a45dd8a1c7 <unknown>\n#9 0x55a45dd8ab3e <unknown>\n#10 0x55a45e02830b <unknown>\n#11 0x55a45e02c3b7 <unknown>\n#12 0x55a45e014e3e <unknown>\n#13 0x55a45e02ce82 <unknown>\n#14 0x55a45dff97df <unknown>\n#15 0x55a45e0511b8 <unknown>\n#16 0x55a45e05138b <unknown>\n#17 0x55a45e060ffc <unknown>\n#18 0x7fe559894ac3 <unknown>",
        "time" : {
          "start" : 1716429611315,
          "stop" : 1716429611315,
          "duration" : 0
        }
      }, {
        "uid" : "1d7cd82afeed5590",
        "reportUrl" : "https://Nat754.github.io/DealerPassport/2//#testresult/1d7cd82afeed5590",
        "status" : "passed",
        "time" : {
          "start" : 1716384316865,
          "stop" : 1716384327751,
          "duration" : 10886
        }
      }, {
        "uid" : "5d811410948b305e",
        "reportUrl" : "https://Nat754.github.io/DealerPassport/1//#testresult/5d811410948b305e",
        "status" : "passed",
        "time" : {
          "start" : 1716383205628,
          "stop" : 1716383216483,
          "duration" : 10855
        }
      } ]
    },
    "tags" : [ "smoke_test" ]
  },
  "source" : "5be989bb31a2fca7.json",
  "parameterValues" : [ "'https://dealer-passport-test.xsfera.ru/zd/'" ]
}