{
  "uid" : "65845ed56a7477ba",
  "name" : "Проверить доступность меню в редакторе на seo",
  "fullName" : "tests.editor_page_test.TestEditorPageSmoke#test_editor_menu_seo",
  "historyId" : "ff3b15c1fead3fac270a65e8516839a3",
  "time" : {
    "start" : 1716948078837,
    "stop" : 1716948078837,
    "duration" : 0
  },
  "status" : "broken",
  "statusMessage" : "selenium.common.exceptions.TimeoutException: Message: \nStacktrace:\n#0 0x564f96f9ee8a <unknown>\n#1 0x564f96c8845c <unknown>\n#2 0x564f96cd45b5 <unknown>\n#3 0x564f96cd4671 <unknown>\n#4 0x564f96d18f14 <unknown>\n#5 0x564f96cf74dd <unknown>\n#6 0x564f96d162cc <unknown>\n#7 0x564f96cf7253 <unknown>\n#8 0x564f96cc71c7 <unknown>\n#9 0x564f96cc7b3e <unknown>\n#10 0x564f96f652cb <unknown>\n#11 0x564f96f69377 <unknown>\n#12 0x564f96f51dfe <unknown>\n#13 0x564f96f69e42 <unknown>\n#14 0x564f96f3679f <unknown>\n#15 0x564f96f8e178 <unknown>\n#16 0x564f96f8e34b <unknown>\n#17 0x564f96f9dfbc <unknown>\n#18 0x7fc9eac94ac3 <unknown>",
  "statusTrace" : "driver = <selenium.webdriver.chrome.webdriver.WebDriver (session=\"335077f8492249ecb02933dfff93f119\")>\n\n    @pytest.fixture\n    def auth_user_admin_to_seo(driver):\n        main_page = MainPage(driver)\n        url = Urls.MAIN_URL_SEO + Urls.AUTH\n        cookies = {'name': 'token', 'value': os.environ[\"SEO_ADMIN\"]}\n        driver.get(url)\n        driver.add_cookie(cookies)\n        driver.get(Urls.MAIN_URL_SEO)\n>       main_page.check_button_agree().click()\n\ntests/conftest.py:18: \n_ _ _ _ _ _ _ _ _ _ _ _ _ _ _ _ _ _ _ _ _ _ _ _ _ _ _ _ _ _ _ _ _ _ _ _ _ _ _ _ \npages/main_page.py:15: in check_button_agree\n    return self.element_is_visible(self.locator.AGREE_BUTTON)\npages/base_page.py:18: in element_is_visible\n    self.go_to_element(self.element_is_present(locator))\npages/base_page.py:34: in element_is_present\n    return Wait(self.driver, self.timeout).until(ec.presence_of_element_located(locator))\n_ _ _ _ _ _ _ _ _ _ _ _ _ _ _ _ _ _ _ _ _ _ _ _ _ _ _ _ _ _ _ _ _ _ _ _ _ _ _ _ \n\nself = <selenium.webdriver.support.wait.WebDriverWait (session=\"335077f8492249ecb02933dfff93f119\")>\nmethod = <function presence_of_element_located.<locals>._predicate at 0x7f3ff806b1a0>\nmessage = ''\n\n    def until(self, method: Callable[[D], Union[Literal[False], T]], message: str = \"\") -> T:\n        \"\"\"Calls the method provided with the driver as an argument until the \\\n        return value does not evaluate to ``False``.\n    \n        :param method: callable(WebDriver)\n        :param message: optional message for :exc:`TimeoutException`\n        :returns: the result of the last call to `method`\n        :raises: :exc:`selenium.common.exceptions.TimeoutException` if timeout occurs\n        \"\"\"\n        screen = None\n        stacktrace = None\n    \n        end_time = time.monotonic() + self._timeout\n        while True:\n            try:\n                value = method(self._driver)\n                if value:\n                    return value\n            except self._ignored_exceptions as exc:\n                screen = getattr(exc, \"screen\", None)\n                stacktrace = getattr(exc, \"stacktrace\", None)\n            time.sleep(self._poll)\n            if time.monotonic() > end_time:\n                break\n>       raise TimeoutException(message, screen, stacktrace)\nE       selenium.common.exceptions.TimeoutException: Message: \nE       Stacktrace:\nE       #0 0x564f96f9ee8a <unknown>\nE       #1 0x564f96c8845c <unknown>\nE       #2 0x564f96cd45b5 <unknown>\nE       #3 0x564f96cd4671 <unknown>\nE       #4 0x564f96d18f14 <unknown>\nE       #5 0x564f96cf74dd <unknown>\nE       #6 0x564f96d162cc <unknown>\nE       #7 0x564f96cf7253 <unknown>\nE       #8 0x564f96cc71c7 <unknown>\nE       #9 0x564f96cc7b3e <unknown>\nE       #10 0x564f96f652cb <unknown>\nE       #11 0x564f96f69377 <unknown>\nE       #12 0x564f96f51dfe <unknown>\nE       #13 0x564f96f69e42 <unknown>\nE       #14 0x564f96f3679f <unknown>\nE       #15 0x564f96f8e178 <unknown>\nE       #16 0x564f96f8e34b <unknown>\nE       #17 0x564f96f9dfbc <unknown>\nE       #18 0x7fc9eac94ac3 <unknown>\n\n/opt/hostedtoolcache/Python/3.12.3/x64/lib/python3.12/site-packages/selenium/webdriver/support/wait.py:105: TimeoutException",
  "flaky" : false,
  "newFailed" : false,
  "beforeStages" : [ {
    "name" : "driver",
    "time" : {
      "start" : 1716948078838,
      "stop" : 1716948083942,
      "duration" : 5104
    },
    "status" : "passed",
    "steps" : [ ],
    "attachments" : [ ],
    "parameters" : [ ],
    "stepsCount" : 0,
    "attachmentsCount" : 0,
    "shouldDisplayMessage" : false,
    "hasContent" : false
  }, {
    "name" : "clear_allure_results_folder",
    "time" : {
      "start" : 1716948078838,
      "stop" : 1716948078838,
      "duration" : 0
    },
    "status" : "passed",
    "steps" : [ ],
    "attachments" : [ ],
    "parameters" : [ ],
    "stepsCount" : 0,
    "attachmentsCount" : 0,
    "shouldDisplayMessage" : false,
    "hasContent" : false
  }, {
    "name" : "auth_user_admin_to_seo",
    "time" : {
      "start" : 1716948083943,
      "stop" : 1716948097857,
      "duration" : 13914
    },
    "status" : "broken",
    "statusMessage" : "selenium.common.exceptions.TimeoutException: Message: \nStacktrace:\n#0 0x564f96f9ee8a <unknown>\n#1 0x564f96c8845c <unknown>\n#2 0x564f96cd45b5 <unknown>\n#3 0x564f96cd4671 <unknown>\n#4 0x564f96d18f14 <unknown>\n#5 0x564f96cf74dd <unknown>\n#6 0x564f96d162cc <unknown>\n#7 0x564f96cf7253 <unknown>\n#8 0x564f96cc71c7 <unknown>\n#9 0x564f96cc7b3e <unknown>\n#10 0x564f96f652cb <unknown>\n#11 0x564f96f69377 <unknown>\n#12 0x564f96f51dfe <unknown>\n#13 0x564f96f69e42 <unknown>\n#14 0x564f96f3679f <unknown>\n#15 0x564f96f8e178 <unknown>\n#16 0x564f96f8e34b <unknown>\n#17 0x564f96f9dfbc <unknown>\n#18 0x7fc9eac94ac3 <unknown>\n\n",
    "statusTrace" : "  File \"/opt/hostedtoolcache/Python/3.12.3/x64/lib/python3.12/site-packages/pluggy/_callers.py\", line 167, in _multicall\n    teardown.throw(outcome._exception)\n  File \"/opt/hostedtoolcache/Python/3.12.3/x64/lib/python3.12/site-packages/_pytest/setuponly.py\", line 36, in pytest_fixture_setup\n    return (yield)\n            ^^^^^\n  File \"/opt/hostedtoolcache/Python/3.12.3/x64/lib/python3.12/site-packages/pluggy/_callers.py\", line 103, in _multicall\n    res = hook_impl.function(*args)\n          ^^^^^^^^^^^^^^^^^^^^^^^^^\n  File \"/opt/hostedtoolcache/Python/3.12.3/x64/lib/python3.12/site-packages/_pytest/fixtures.py\", line 1140, in pytest_fixture_setup\n    result = call_fixture_func(fixturefunc, request, kwargs)\n             ^^^^^^^^^^^^^^^^^^^^^^^^^^^^^^^^^^^^^^^^^^^^^^^\n  File \"/opt/hostedtoolcache/Python/3.12.3/x64/lib/python3.12/site-packages/_pytest/fixtures.py\", line 917, in call_fixture_func\n    fixture_result = fixturefunc(**kwargs)\n                     ^^^^^^^^^^^^^^^^^^^^^\n  File \"/home/runner/work/DealerPassport/DealerPassport/tests/conftest.py\", line 18, in auth_user_admin_to_seo\n    main_page.check_button_agree().click()\n    ^^^^^^^^^^^^^^^^^^^^^^^^^^^^^^\n  File \"/opt/hostedtoolcache/Python/3.12.3/x64/lib/python3.12/site-packages/allure_commons/_allure.py\", line 192, in impl\n    return func(*a, **kw)\n           ^^^^^^^^^^^^^^\n  File \"/home/runner/work/DealerPassport/DealerPassport/pages/main_page.py\", line 15, in check_button_agree\n    return self.element_is_visible(self.locator.AGREE_BUTTON)\n           ^^^^^^^^^^^^^^^^^^^^^^^^^^^^^^^^^^^^^^^^^^^^^^^^^^\n  File \"/home/runner/work/DealerPassport/DealerPassport/pages/base_page.py\", line 18, in element_is_visible\n    self.go_to_element(self.element_is_present(locator))\n                       ^^^^^^^^^^^^^^^^^^^^^^^^^^^^^^^^\n  File \"/home/runner/work/DealerPassport/DealerPassport/pages/base_page.py\", line 34, in element_is_present\n    return Wait(self.driver, self.timeout).until(ec.presence_of_element_located(locator))\n           ^^^^^^^^^^^^^^^^^^^^^^^^^^^^^^^^^^^^^^^^^^^^^^^^^^^^^^^^^^^^^^^^^^^^^^^^^^^^^^\n  File \"/opt/hostedtoolcache/Python/3.12.3/x64/lib/python3.12/site-packages/selenium/webdriver/support/wait.py\", line 105, in until\n    raise TimeoutException(message, screen, stacktrace)\n",
    "steps" : [ {
      "name" : "Проверка видимости кнопки '('xpath', '//span[text()=\"Согласен\"]')' на главной странице",
      "time" : {
        "start" : 1716948087615,
        "stop" : 1716948097856,
        "duration" : 10241
      },
      "status" : "broken",
      "statusMessage" : "selenium.common.exceptions.TimeoutException: Message: \nStacktrace:\n#0 0x564f96f9ee8a <unknown>\n#1 0x564f96c8845c <unknown>\n#2 0x564f96cd45b5 <unknown>\n#3 0x564f96cd4671 <unknown>\n#4 0x564f96d18f14 <unknown>\n#5 0x564f96cf74dd <unknown>\n#6 0x564f96d162cc <unknown>\n#7 0x564f96cf7253 <unknown>\n#8 0x564f96cc71c7 <unknown>\n#9 0x564f96cc7b3e <unknown>\n#10 0x564f96f652cb <unknown>\n#11 0x564f96f69377 <unknown>\n#12 0x564f96f51dfe <unknown>\n#13 0x564f96f69e42 <unknown>\n#14 0x564f96f3679f <unknown>\n#15 0x564f96f8e178 <unknown>\n#16 0x564f96f8e34b <unknown>\n#17 0x564f96f9dfbc <unknown>\n#18 0x7fc9eac94ac3 <unknown>\n\n",
      "statusTrace" : "  File \"/opt/hostedtoolcache/Python/3.12.3/x64/lib/python3.12/site-packages/allure_commons/_allure.py\", line 192, in impl\n    return func(*a, **kw)\n           ^^^^^^^^^^^^^^\n  File \"/home/runner/work/DealerPassport/DealerPassport/pages/main_page.py\", line 15, in check_button_agree\n    return self.element_is_visible(self.locator.AGREE_BUTTON)\n           ^^^^^^^^^^^^^^^^^^^^^^^^^^^^^^^^^^^^^^^^^^^^^^^^^^\n  File \"/home/runner/work/DealerPassport/DealerPassport/pages/base_page.py\", line 18, in element_is_visible\n    self.go_to_element(self.element_is_present(locator))\n                       ^^^^^^^^^^^^^^^^^^^^^^^^^^^^^^^^\n  File \"/home/runner/work/DealerPassport/DealerPassport/pages/base_page.py\", line 34, in element_is_present\n    return Wait(self.driver, self.timeout).until(ec.presence_of_element_located(locator))\n           ^^^^^^^^^^^^^^^^^^^^^^^^^^^^^^^^^^^^^^^^^^^^^^^^^^^^^^^^^^^^^^^^^^^^^^^^^^^^^^\n  File \"/opt/hostedtoolcache/Python/3.12.3/x64/lib/python3.12/site-packages/selenium/webdriver/support/wait.py\", line 105, in until\n    raise TimeoutException(message, screen, stacktrace)\n",
      "steps" : [ ],
      "attachments" : [ ],
      "parameters" : [ ],
      "stepsCount" : 0,
      "attachmentsCount" : 0,
      "shouldDisplayMessage" : true,
      "hasContent" : true
    } ],
    "attachments" : [ ],
    "parameters" : [ ],
    "stepsCount" : 1,
    "attachmentsCount" : 0,
    "shouldDisplayMessage" : false,
    "hasContent" : true
  } ],
  "afterStages" : [ {
    "name" : "driver::0",
    "time" : {
      "start" : 1716948097900,
      "stop" : 1716948097959,
      "duration" : 59
    },
    "status" : "passed",
    "steps" : [ ],
    "attachments" : [ ],
    "parameters" : [ ],
    "stepsCount" : 0,
    "attachmentsCount" : 0,
    "shouldDisplayMessage" : false,
    "hasContent" : false
  } ],
  "labels" : [ {
    "name" : "epic",
    "value" : "Test SRR Page smoke_test"
  }, {
    "name" : "tag",
    "value" : "smoke_test"
  }, {
    "name" : "parentSuite",
    "value" : "tests"
  }, {
    "name" : "suite",
    "value" : "editor_page_test"
  }, {
    "name" : "subSuite",
    "value" : "TestEditorPageSmoke"
  }, {
    "name" : "host",
    "value" : "fv-az1435-859"
  }, {
    "name" : "thread",
    "value" : "2237-MainThread"
  }, {
    "name" : "framework",
    "value" : "pytest"
  }, {
    "name" : "language",
    "value" : "cpython3"
  }, {
    "name" : "package",
    "value" : "tests.editor_page_test"
  }, {
    "name" : "resultFormat",
    "value" : "allure2"
  } ],
  "parameters" : [ ],
  "links" : [ ],
  "hidden" : false,
  "retry" : false,
  "extra" : {
    "severity" : "normal",
    "retries" : [ ],
    "categories" : [ {
      "name" : "Test defects",
      "matchedStatuses" : [ ],
      "flaky" : false
    } ],
    "history" : {
      "statistic" : {
        "failed" : 0,
        "broken" : 3,
        "skipped" : 0,
        "passed" : 7,
        "unknown" : 0,
        "total" : 10
      },
      "items" : [ {
        "uid" : "a2aeb18848ddc3a6",
        "reportUrl" : "https://Nat754.github.io/DealerPassport/6//#testresult/a2aeb18848ddc3a6",
        "status" : "broken",
        "statusDetails" : "selenium.common.exceptions.WebDriverException: Message: unknown error: net::ERR_CONNECTION_TIMED_OUT\n  (Session info: chrome-headless-shell=125.0.6422.60)\nStacktrace:\n#0 0x55f4af70ceca <unknown>\n#1 0x55f4af3f645c <unknown>\n#2 0x55f4af3edfd0 <unknown>\n#3 0x55f4af3ddb32 <unknown>\n#4 0x55f4af3df162 <unknown>\n#5 0x55f4af3ddded <unknown>\n#6 0x55f4af3dd503 <unknown>\n#7 0x55f4af3dd3f5 <unknown>\n#8 0x55f4af3db336 <unknown>\n#9 0x55f4af3db83a <unknown>\n#10 0x55f4af3f8ea7 <unknown>\n#11 0x55f4af484ed5 <unknown>\n#12 0x55f4af4654b2 <unknown>\n#13 0x55f4af4842cc <unknown>\n#14 0x55f4af465253 <unknown>\n#15 0x55f4af4351c7 <unknown>\n#16 0x55f4af435b3e <unknown>\n#17 0x55f4af6d330b <unknown>\n#18 0x55f4af6d73b7 <unknown>\n#19 0x55f4af6bfe3e <unknown>\n#20 0x55f4af6d7e82 <unknown>\n#21 0x55f4af6a47df <unknown>\n#22 0x55f4af6fc1b8 <unknown>\n#23 0x55f4af6fc38b <unknown>\n#24 0x55f4af70bffc <unknown>\n#25 0x7f34d7c94ac3 <unknown>",
        "time" : {
          "start" : 1716861599243,
          "stop" : 1716861599243,
          "duration" : 0
        }
      }, {
        "uid" : "9db9634e6975f01b",
        "reportUrl" : "https://Nat754.github.io/DealerPassport/5//#testresult/9db9634e6975f01b",
        "status" : "passed",
        "time" : {
          "start" : 1716775215068,
          "stop" : 1716775216513,
          "duration" : 1445
        }
      }, {
        "uid" : "b6c208622d8b6f02",
        "reportUrl" : "https://Nat754.github.io/DealerPassport/4//#testresult/b6c208622d8b6f02",
        "status" : "passed",
        "time" : {
          "start" : 1716688939610,
          "stop" : 1716688940912,
          "duration" : 1302
        }
      }, {
        "uid" : "a26c0de99489a326",
        "reportUrl" : "https://Nat754.github.io/DealerPassport/3//#testresult/a26c0de99489a326",
        "status" : "passed",
        "time" : {
          "start" : 1716602208165,
          "stop" : 1716602209495,
          "duration" : 1330
        }
      }, {
        "uid" : "fdd335bd9305f550",
        "reportUrl" : "https://Nat754.github.io/DealerPassport/2//#testresult/fdd335bd9305f550",
        "status" : "passed",
        "time" : {
          "start" : 1716515922580,
          "stop" : 1716515923852,
          "duration" : 1272
        }
      }, {
        "uid" : "f6fec3a951eed24",
        "reportUrl" : "https://Nat754.github.io/DealerPassport/1//#testresult/f6fec3a951eed24",
        "status" : "passed",
        "time" : {
          "start" : 1716442991281,
          "stop" : 1716442992520,
          "duration" : 1239
        }
      }, {
        "uid" : "9fa2ab5a3931451a",
        "reportUrl" : "https://Nat754.github.io/DealerPassport/1//#testresult/9fa2ab5a3931451a",
        "status" : "broken",
        "statusDetails" : "selenium.common.exceptions.TimeoutException: Message: \nStacktrace:\n#0 0x55a7d8220eca <unknown>\n#1 0x55a7d7f0a45c <unknown>\n#2 0x55a7d7f565b5 <unknown>\n#3 0x55a7d7f56671 <unknown>\n#4 0x55a7d7f9af14 <unknown>\n#5 0x55a7d7f794dd <unknown>\n#6 0x55a7d7f982cc <unknown>\n#7 0x55a7d7f79253 <unknown>\n#8 0x55a7d7f491c7 <unknown>\n#9 0x55a7d7f49b3e <unknown>\n#10 0x55a7d81e730b <unknown>\n#11 0x55a7d81eb3b7 <unknown>\n#12 0x55a7d81d3e3e <unknown>\n#13 0x55a7d81ebe82 <unknown>\n#14 0x55a7d81b87df <unknown>\n#15 0x55a7d82101b8 <unknown>\n#16 0x55a7d821038b <unknown>\n#17 0x55a7d821fffc <unknown>\n#18 0x7f3e95494ac3 <unknown>",
        "time" : {
          "start" : 1716429458090,
          "stop" : 1716429458090,
          "duration" : 0
        }
      }, {
        "uid" : "7d54266c2d1c50e5",
        "reportUrl" : "https://Nat754.github.io/DealerPassport/2//#testresult/7d54266c2d1c50e5",
        "status" : "passed",
        "time" : {
          "start" : 1716384179290,
          "stop" : 1716384180547,
          "duration" : 1257
        }
      }, {
        "uid" : "393c383c84aebf8c",
        "reportUrl" : "https://Nat754.github.io/DealerPassport/1//#testresult/393c383c84aebf8c",
        "status" : "passed",
        "time" : {
          "start" : 1716383062780,
          "stop" : 1716383064065,
          "duration" : 1285
        }
      } ]
    },
    "tags" : [ "smoke_test" ]
  },
  "source" : "65845ed56a7477ba.json",
  "parameterValues" : [ ]
}