{
  "uid" : "6a37f97cdbc08bfa",
  "name" : "test_open_seo[https://dealer-passport-test.xsfera.ru/gr/]",
  "fullName" : "tests.main_page_test.TestMainPageSmoke#test_open_seo",
  "historyId" : "99a8f927fc0fc9f769722a599dd96588",
  "time" : {
    "start" : 1716948239792,
    "stop" : 1716948239792,
    "duration" : 0
  },
  "status" : "broken",
  "statusMessage" : "selenium.common.exceptions.TimeoutException: Message: \nStacktrace:\n#0 0x563cba6b0e8a <unknown>\n#1 0x563cba39a45c <unknown>\n#2 0x563cba3e65b5 <unknown>\n#3 0x563cba3e6671 <unknown>\n#4 0x563cba42af14 <unknown>\n#5 0x563cba4094dd <unknown>\n#6 0x563cba4282cc <unknown>\n#7 0x563cba409253 <unknown>\n#8 0x563cba3d91c7 <unknown>\n#9 0x563cba3d9b3e <unknown>\n#10 0x563cba6772cb <unknown>\n#11 0x563cba67b377 <unknown>\n#12 0x563cba663dfe <unknown>\n#13 0x563cba67be42 <unknown>\n#14 0x563cba64879f <unknown>\n#15 0x563cba6a0178 <unknown>\n#16 0x563cba6a034b <unknown>\n#17 0x563cba6affbc <unknown>\n#18 0x7f2321094ac3 <unknown>",
  "statusTrace" : "driver = <selenium.webdriver.chrome.webdriver.WebDriver (session=\"7f2fe1cd40ce661066c57c8af8d3ed8d\")>\n\n    @pytest.fixture\n    def auth_user_admin_to_seo(driver):\n        main_page = MainPage(driver)\n        url = Urls.MAIN_URL_SEO + Urls.AUTH\n        cookies = {'name': 'token', 'value': os.environ[\"SEO_ADMIN\"]}\n        driver.get(url)\n        driver.add_cookie(cookies)\n        driver.get(Urls.MAIN_URL_SEO)\n>       main_page.check_button_agree().click()\n\ntests/conftest.py:18: \n_ _ _ _ _ _ _ _ _ _ _ _ _ _ _ _ _ _ _ _ _ _ _ _ _ _ _ _ _ _ _ _ _ _ _ _ _ _ _ _ \npages/main_page.py:15: in check_button_agree\n    return self.element_is_visible(self.locator.AGREE_BUTTON)\npages/base_page.py:18: in element_is_visible\n    self.go_to_element(self.element_is_present(locator))\npages/base_page.py:34: in element_is_present\n    return Wait(self.driver, self.timeout).until(ec.presence_of_element_located(locator))\n_ _ _ _ _ _ _ _ _ _ _ _ _ _ _ _ _ _ _ _ _ _ _ _ _ _ _ _ _ _ _ _ _ _ _ _ _ _ _ _ \n\nself = <selenium.webdriver.support.wait.WebDriverWait (session=\"7f2fe1cd40ce661066c57c8af8d3ed8d\")>\nmethod = <function presence_of_element_located.<locals>._predicate at 0x7f3ff7c6d580>\nmessage = ''\n\n    def until(self, method: Callable[[D], Union[Literal[False], T]], message: str = \"\") -> T:\n        \"\"\"Calls the method provided with the driver as an argument until the \\\n        return value does not evaluate to ``False``.\n    \n        :param method: callable(WebDriver)\n        :param message: optional message for :exc:`TimeoutException`\n        :returns: the result of the last call to `method`\n        :raises: :exc:`selenium.common.exceptions.TimeoutException` if timeout occurs\n        \"\"\"\n        screen = None\n        stacktrace = None\n    \n        end_time = time.monotonic() + self._timeout\n        while True:\n            try:\n                value = method(self._driver)\n                if value:\n                    return value\n            except self._ignored_exceptions as exc:\n                screen = getattr(exc, \"screen\", None)\n                stacktrace = getattr(exc, \"stacktrace\", None)\n            time.sleep(self._poll)\n            if time.monotonic() > end_time:\n                break\n>       raise TimeoutException(message, screen, stacktrace)\nE       selenium.common.exceptions.TimeoutException: Message: \nE       Stacktrace:\nE       #0 0x563cba6b0e8a <unknown>\nE       #1 0x563cba39a45c <unknown>\nE       #2 0x563cba3e65b5 <unknown>\nE       #3 0x563cba3e6671 <unknown>\nE       #4 0x563cba42af14 <unknown>\nE       #5 0x563cba4094dd <unknown>\nE       #6 0x563cba4282cc <unknown>\nE       #7 0x563cba409253 <unknown>\nE       #8 0x563cba3d91c7 <unknown>\nE       #9 0x563cba3d9b3e <unknown>\nE       #10 0x563cba6772cb <unknown>\nE       #11 0x563cba67b377 <unknown>\nE       #12 0x563cba663dfe <unknown>\nE       #13 0x563cba67be42 <unknown>\nE       #14 0x563cba64879f <unknown>\nE       #15 0x563cba6a0178 <unknown>\nE       #16 0x563cba6a034b <unknown>\nE       #17 0x563cba6affbc <unknown>\nE       #18 0x7f2321094ac3 <unknown>\n\n/opt/hostedtoolcache/Python/3.12.3/x64/lib/python3.12/site-packages/selenium/webdriver/support/wait.py:105: TimeoutException",
  "flaky" : false,
  "newFailed" : false,
  "beforeStages" : [ {
    "name" : "driver",
    "time" : {
      "start" : 1716948239793,
      "stop" : 1716948239990,
      "duration" : 197
    },
    "status" : "passed",
    "steps" : [ ],
    "attachments" : [ ],
    "parameters" : [ ],
    "stepsCount" : 0,
    "attachmentsCount" : 0,
    "shouldDisplayMessage" : false,
    "hasContent" : false
  }, {
    "name" : "clear_allure_results_folder",
    "time" : {
      "start" : 1716948078838,
      "stop" : 1716948078838,
      "duration" : 0
    },
    "status" : "passed",
    "steps" : [ ],
    "attachments" : [ ],
    "parameters" : [ ],
    "stepsCount" : 0,
    "attachmentsCount" : 0,
    "shouldDisplayMessage" : false,
    "hasContent" : false
  }, {
    "name" : "auth_user_admin_to_seo",
    "time" : {
      "start" : 1716948239990,
      "stop" : 1716948252605,
      "duration" : 12615
    },
    "status" : "broken",
    "statusMessage" : "selenium.common.exceptions.TimeoutException: Message: \nStacktrace:\n#0 0x563cba6b0e8a <unknown>\n#1 0x563cba39a45c <unknown>\n#2 0x563cba3e65b5 <unknown>\n#3 0x563cba3e6671 <unknown>\n#4 0x563cba42af14 <unknown>\n#5 0x563cba4094dd <unknown>\n#6 0x563cba4282cc <unknown>\n#7 0x563cba409253 <unknown>\n#8 0x563cba3d91c7 <unknown>\n#9 0x563cba3d9b3e <unknown>\n#10 0x563cba6772cb <unknown>\n#11 0x563cba67b377 <unknown>\n#12 0x563cba663dfe <unknown>\n#13 0x563cba67be42 <unknown>\n#14 0x563cba64879f <unknown>\n#15 0x563cba6a0178 <unknown>\n#16 0x563cba6a034b <unknown>\n#17 0x563cba6affbc <unknown>\n#18 0x7f2321094ac3 <unknown>\n\n",
    "statusTrace" : "  File \"/opt/hostedtoolcache/Python/3.12.3/x64/lib/python3.12/site-packages/pluggy/_callers.py\", line 167, in _multicall\n    teardown.throw(outcome._exception)\n  File \"/opt/hostedtoolcache/Python/3.12.3/x64/lib/python3.12/site-packages/_pytest/setuponly.py\", line 36, in pytest_fixture_setup\n    return (yield)\n            ^^^^^\n  File \"/opt/hostedtoolcache/Python/3.12.3/x64/lib/python3.12/site-packages/pluggy/_callers.py\", line 103, in _multicall\n    res = hook_impl.function(*args)\n          ^^^^^^^^^^^^^^^^^^^^^^^^^\n  File \"/opt/hostedtoolcache/Python/3.12.3/x64/lib/python3.12/site-packages/_pytest/fixtures.py\", line 1140, in pytest_fixture_setup\n    result = call_fixture_func(fixturefunc, request, kwargs)\n             ^^^^^^^^^^^^^^^^^^^^^^^^^^^^^^^^^^^^^^^^^^^^^^^\n  File \"/opt/hostedtoolcache/Python/3.12.3/x64/lib/python3.12/site-packages/_pytest/fixtures.py\", line 917, in call_fixture_func\n    fixture_result = fixturefunc(**kwargs)\n                     ^^^^^^^^^^^^^^^^^^^^^\n  File \"/home/runner/work/DealerPassport/DealerPassport/tests/conftest.py\", line 18, in auth_user_admin_to_seo\n    main_page.check_button_agree().click()\n    ^^^^^^^^^^^^^^^^^^^^^^^^^^^^^^\n  File \"/opt/hostedtoolcache/Python/3.12.3/x64/lib/python3.12/site-packages/allure_commons/_allure.py\", line 192, in impl\n    return func(*a, **kw)\n           ^^^^^^^^^^^^^^\n  File \"/home/runner/work/DealerPassport/DealerPassport/pages/main_page.py\", line 15, in check_button_agree\n    return self.element_is_visible(self.locator.AGREE_BUTTON)\n           ^^^^^^^^^^^^^^^^^^^^^^^^^^^^^^^^^^^^^^^^^^^^^^^^^^\n  File \"/home/runner/work/DealerPassport/DealerPassport/pages/base_page.py\", line 18, in element_is_visible\n    self.go_to_element(self.element_is_present(locator))\n                       ^^^^^^^^^^^^^^^^^^^^^^^^^^^^^^^^\n  File \"/home/runner/work/DealerPassport/DealerPassport/pages/base_page.py\", line 34, in element_is_present\n    return Wait(self.driver, self.timeout).until(ec.presence_of_element_located(locator))\n           ^^^^^^^^^^^^^^^^^^^^^^^^^^^^^^^^^^^^^^^^^^^^^^^^^^^^^^^^^^^^^^^^^^^^^^^^^^^^^^\n  File \"/opt/hostedtoolcache/Python/3.12.3/x64/lib/python3.12/site-packages/selenium/webdriver/support/wait.py\", line 105, in until\n    raise TimeoutException(message, screen, stacktrace)\n",
    "steps" : [ {
      "name" : "Проверка видимости кнопки '('xpath', '//span[text()=\"Согласен\"]')' на главной странице",
      "time" : {
        "start" : 1716948242379,
        "stop" : 1716948252605,
        "duration" : 10226
      },
      "status" : "broken",
      "statusMessage" : "selenium.common.exceptions.TimeoutException: Message: \nStacktrace:\n#0 0x563cba6b0e8a <unknown>\n#1 0x563cba39a45c <unknown>\n#2 0x563cba3e65b5 <unknown>\n#3 0x563cba3e6671 <unknown>\n#4 0x563cba42af14 <unknown>\n#5 0x563cba4094dd <unknown>\n#6 0x563cba4282cc <unknown>\n#7 0x563cba409253 <unknown>\n#8 0x563cba3d91c7 <unknown>\n#9 0x563cba3d9b3e <unknown>\n#10 0x563cba6772cb <unknown>\n#11 0x563cba67b377 <unknown>\n#12 0x563cba663dfe <unknown>\n#13 0x563cba67be42 <unknown>\n#14 0x563cba64879f <unknown>\n#15 0x563cba6a0178 <unknown>\n#16 0x563cba6a034b <unknown>\n#17 0x563cba6affbc <unknown>\n#18 0x7f2321094ac3 <unknown>\n\n",
      "statusTrace" : "  File \"/opt/hostedtoolcache/Python/3.12.3/x64/lib/python3.12/site-packages/allure_commons/_allure.py\", line 192, in impl\n    return func(*a, **kw)\n           ^^^^^^^^^^^^^^\n  File \"/home/runner/work/DealerPassport/DealerPassport/pages/main_page.py\", line 15, in check_button_agree\n    return self.element_is_visible(self.locator.AGREE_BUTTON)\n           ^^^^^^^^^^^^^^^^^^^^^^^^^^^^^^^^^^^^^^^^^^^^^^^^^^\n  File \"/home/runner/work/DealerPassport/DealerPassport/pages/base_page.py\", line 18, in element_is_visible\n    self.go_to_element(self.element_is_present(locator))\n                       ^^^^^^^^^^^^^^^^^^^^^^^^^^^^^^^^\n  File \"/home/runner/work/DealerPassport/DealerPassport/pages/base_page.py\", line 34, in element_is_present\n    return Wait(self.driver, self.timeout).until(ec.presence_of_element_located(locator))\n           ^^^^^^^^^^^^^^^^^^^^^^^^^^^^^^^^^^^^^^^^^^^^^^^^^^^^^^^^^^^^^^^^^^^^^^^^^^^^^^\n  File \"/opt/hostedtoolcache/Python/3.12.3/x64/lib/python3.12/site-packages/selenium/webdriver/support/wait.py\", line 105, in until\n    raise TimeoutException(message, screen, stacktrace)\n",
      "steps" : [ ],
      "attachments" : [ ],
      "parameters" : [ ],
      "stepsCount" : 0,
      "attachmentsCount" : 0,
      "shouldDisplayMessage" : true,
      "hasContent" : true
    } ],
    "attachments" : [ ],
    "parameters" : [ ],
    "stepsCount" : 1,
    "attachmentsCount" : 0,
    "shouldDisplayMessage" : false,
    "hasContent" : true
  } ],
  "afterStages" : [ {
    "name" : "driver::0",
    "time" : {
      "start" : 1716948252620,
      "stop" : 1716948252679,
      "duration" : 59
    },
    "status" : "passed",
    "steps" : [ ],
    "attachments" : [ ],
    "parameters" : [ ],
    "stepsCount" : 0,
    "attachmentsCount" : 0,
    "shouldDisplayMessage" : false,
    "hasContent" : false
  } ],
  "labels" : [ {
    "name" : "epic",
    "value" : "Test Main Page smoke_test"
  }, {
    "name" : "tag",
    "value" : "smoke_test"
  }, {
    "name" : "parentSuite",
    "value" : "tests"
  }, {
    "name" : "suite",
    "value" : "main_page_test"
  }, {
    "name" : "subSuite",
    "value" : "TestMainPageSmoke"
  }, {
    "name" : "host",
    "value" : "fv-az1435-859"
  }, {
    "name" : "thread",
    "value" : "2237-MainThread"
  }, {
    "name" : "framework",
    "value" : "pytest"
  }, {
    "name" : "language",
    "value" : "cpython3"
  }, {
    "name" : "package",
    "value" : "tests.main_page_test"
  }, {
    "name" : "resultFormat",
    "value" : "allure2"
  } ],
  "parameters" : [ {
    "name" : "url",
    "value" : "'https://dealer-passport-test.xsfera.ru/gr/'"
  } ],
  "links" : [ ],
  "hidden" : false,
  "retry" : false,
  "extra" : {
    "severity" : "normal",
    "retries" : [ ],
    "categories" : [ {
      "name" : "Test defects",
      "matchedStatuses" : [ ],
      "flaky" : false
    } ],
    "history" : {
      "statistic" : {
        "failed" : 0,
        "broken" : 3,
        "skipped" : 0,
        "passed" : 7,
        "unknown" : 0,
        "total" : 10
      },
      "items" : [ {
        "uid" : "64263b08d209b7a",
        "reportUrl" : "https://Nat754.github.io/DealerPassport/6//#testresult/64263b08d209b7a",
        "status" : "broken",
        "statusDetails" : "selenium.common.exceptions.WebDriverException: Message: unknown error: net::ERR_CONNECTION_TIMED_OUT\n  (Session info: chrome-headless-shell=125.0.6422.60)\nStacktrace:\n#0 0x5602260ffeca <unknown>\n#1 0x560225de945c <unknown>\n#2 0x560225de0fd0 <unknown>\n#3 0x560225dd0b32 <unknown>\n#4 0x560225dd2162 <unknown>\n#5 0x560225dd0ded <unknown>\n#6 0x560225dd0503 <unknown>\n#7 0x560225dd03f5 <unknown>\n#8 0x560225dce336 <unknown>\n#9 0x560225dce83a <unknown>\n#10 0x560225debea7 <unknown>\n#11 0x560225e77ed5 <unknown>\n#12 0x560225e584b2 <unknown>\n#13 0x560225e772cc <unknown>\n#14 0x560225e58253 <unknown>\n#15 0x560225e281c7 <unknown>\n#16 0x560225e28b3e <unknown>\n#17 0x5602260c630b <unknown>\n#18 0x5602260ca3b7 <unknown>\n#19 0x5602260b2e3e <unknown>\n#20 0x5602260cae82 <unknown>\n#21 0x5602260977df <unknown>\n#22 0x5602260ef1b8 <unknown>\n#23 0x5602260ef38b <unknown>\n#24 0x5602260feffc <unknown>\n#25 0x7f8720494ac3 <unknown>",
        "time" : {
          "start" : 1716867024211,
          "stop" : 1716867024211,
          "duration" : 0
        }
      }, {
        "uid" : "4d692a5df25ca146",
        "reportUrl" : "https://Nat754.github.io/DealerPassport/5//#testresult/4d692a5df25ca146",
        "status" : "passed",
        "time" : {
          "start" : 1716775371811,
          "stop" : 1716775382703,
          "duration" : 10892
        }
      }, {
        "uid" : "4607c4a6d3502ce6",
        "reportUrl" : "https://Nat754.github.io/DealerPassport/4//#testresult/4607c4a6d3502ce6",
        "status" : "passed",
        "time" : {
          "start" : 1716689094205,
          "stop" : 1716689105108,
          "duration" : 10903
        }
      }, {
        "uid" : "210b77288a73df7c",
        "reportUrl" : "https://Nat754.github.io/DealerPassport/3//#testresult/210b77288a73df7c",
        "status" : "passed",
        "time" : {
          "start" : 1716602374097,
          "stop" : 1716602385036,
          "duration" : 10939
        }
      }, {
        "uid" : "320dad56cc6c73f5",
        "reportUrl" : "https://Nat754.github.io/DealerPassport/2//#testresult/320dad56cc6c73f5",
        "status" : "passed",
        "time" : {
          "start" : 1716516076686,
          "stop" : 1716516087471,
          "duration" : 10785
        }
      }, {
        "uid" : "49b13835b07a0a2c",
        "reportUrl" : "https://Nat754.github.io/DealerPassport/1//#testresult/49b13835b07a0a2c",
        "status" : "passed",
        "time" : {
          "start" : 1716443141572,
          "stop" : 1716443152402,
          "duration" : 10830
        }
      }, {
        "uid" : "79361ddf9c6f181d",
        "reportUrl" : "https://Nat754.github.io/DealerPassport/1//#testresult/79361ddf9c6f181d",
        "status" : "broken",
        "statusDetails" : "selenium.common.exceptions.TimeoutException: Message: \nStacktrace:\n#0 0x555d68f48eca <unknown>\n#1 0x555d68c3245c <unknown>\n#2 0x555d68c7e5b5 <unknown>\n#3 0x555d68c7e671 <unknown>\n#4 0x555d68cc2f14 <unknown>\n#5 0x555d68ca14dd <unknown>\n#6 0x555d68cc02cc <unknown>\n#7 0x555d68ca1253 <unknown>\n#8 0x555d68c711c7 <unknown>\n#9 0x555d68c71b3e <unknown>\n#10 0x555d68f0f30b <unknown>\n#11 0x555d68f133b7 <unknown>\n#12 0x555d68efbe3e <unknown>\n#13 0x555d68f13e82 <unknown>\n#14 0x555d68ee07df <unknown>\n#15 0x555d68f381b8 <unknown>\n#16 0x555d68f3838b <unknown>\n#17 0x555d68f47ffc <unknown>\n#18 0x7ff941c94ac3 <unknown>",
        "time" : {
          "start" : 1716429624232,
          "stop" : 1716429624232,
          "duration" : 0
        }
      }, {
        "uid" : "681629657df15f93",
        "reportUrl" : "https://Nat754.github.io/DealerPassport/2//#testresult/681629657df15f93",
        "status" : "passed",
        "time" : {
          "start" : 1716384330610,
          "stop" : 1716384341414,
          "duration" : 10804
        }
      }, {
        "uid" : "6a105aa94084a60e",
        "reportUrl" : "https://Nat754.github.io/DealerPassport/1//#testresult/6a105aa94084a60e",
        "status" : "passed",
        "time" : {
          "start" : 1716383219376,
          "stop" : 1716383230254,
          "duration" : 10878
        }
      } ]
    },
    "tags" : [ "smoke_test" ]
  },
  "source" : "6a37f97cdbc08bfa.json",
  "parameterValues" : [ "'https://dealer-passport-test.xsfera.ru/gr/'" ]
}