{
  "uid" : "84f41d796620559e",
  "name" : "test_open_seo[https://dealer-passport-test.xsfera.ru/documents/]",
  "fullName" : "tests.main_page_test.TestMainPageSmoke#test_open_seo",
  "historyId" : "6c421a3d52888b339806be9bc10b9a5c",
  "time" : {
    "start" : 1716948213989,
    "stop" : 1716948213989,
    "duration" : 0
  },
  "status" : "broken",
  "statusMessage" : "selenium.common.exceptions.TimeoutException: Message: \nStacktrace:\n#0 0x563758173e8a <unknown>\n#1 0x563757e5d45c <unknown>\n#2 0x563757ea95b5 <unknown>\n#3 0x563757ea9671 <unknown>\n#4 0x563757eedf14 <unknown>\n#5 0x563757ecc4dd <unknown>\n#6 0x563757eeb2cc <unknown>\n#7 0x563757ecc253 <unknown>\n#8 0x563757e9c1c7 <unknown>\n#9 0x563757e9cb3e <unknown>\n#10 0x56375813a2cb <unknown>\n#11 0x56375813e377 <unknown>\n#12 0x563758126dfe <unknown>\n#13 0x56375813ee42 <unknown>\n#14 0x56375810b79f <unknown>\n#15 0x563758163178 <unknown>\n#16 0x56375816334b <unknown>\n#17 0x563758172fbc <unknown>\n#18 0x7ff39ce94ac3 <unknown>",
  "statusTrace" : "driver = <selenium.webdriver.chrome.webdriver.WebDriver (session=\"6e958a3e9275b51c49c03c8f2ae759c5\")>\n\n    @pytest.fixture\n    def auth_user_admin_to_seo(driver):\n        main_page = MainPage(driver)\n        url = Urls.MAIN_URL_SEO + Urls.AUTH\n        cookies = {'name': 'token', 'value': os.environ[\"SEO_ADMIN\"]}\n        driver.get(url)\n        driver.add_cookie(cookies)\n        driver.get(Urls.MAIN_URL_SEO)\n>       main_page.check_button_agree().click()\n\ntests/conftest.py:18: \n_ _ _ _ _ _ _ _ _ _ _ _ _ _ _ _ _ _ _ _ _ _ _ _ _ _ _ _ _ _ _ _ _ _ _ _ _ _ _ _ \npages/main_page.py:15: in check_button_agree\n    return self.element_is_visible(self.locator.AGREE_BUTTON)\npages/base_page.py:18: in element_is_visible\n    self.go_to_element(self.element_is_present(locator))\npages/base_page.py:34: in element_is_present\n    return Wait(self.driver, self.timeout).until(ec.presence_of_element_located(locator))\n_ _ _ _ _ _ _ _ _ _ _ _ _ _ _ _ _ _ _ _ _ _ _ _ _ _ _ _ _ _ _ _ _ _ _ _ _ _ _ _ \n\nself = <selenium.webdriver.support.wait.WebDriverWait (session=\"6e958a3e9275b51c49c03c8f2ae759c5\")>\nmethod = <function presence_of_element_located.<locals>._predicate at 0x7f3ff7c4d1c0>\nmessage = ''\n\n    def until(self, method: Callable[[D], Union[Literal[False], T]], message: str = \"\") -> T:\n        \"\"\"Calls the method provided with the driver as an argument until the \\\n        return value does not evaluate to ``False``.\n    \n        :param method: callable(WebDriver)\n        :param message: optional message for :exc:`TimeoutException`\n        :returns: the result of the last call to `method`\n        :raises: :exc:`selenium.common.exceptions.TimeoutException` if timeout occurs\n        \"\"\"\n        screen = None\n        stacktrace = None\n    \n        end_time = time.monotonic() + self._timeout\n        while True:\n            try:\n                value = method(self._driver)\n                if value:\n                    return value\n            except self._ignored_exceptions as exc:\n                screen = getattr(exc, \"screen\", None)\n                stacktrace = getattr(exc, \"stacktrace\", None)\n            time.sleep(self._poll)\n            if time.monotonic() > end_time:\n                break\n>       raise TimeoutException(message, screen, stacktrace)\nE       selenium.common.exceptions.TimeoutException: Message: \nE       Stacktrace:\nE       #0 0x563758173e8a <unknown>\nE       #1 0x563757e5d45c <unknown>\nE       #2 0x563757ea95b5 <unknown>\nE       #3 0x563757ea9671 <unknown>\nE       #4 0x563757eedf14 <unknown>\nE       #5 0x563757ecc4dd <unknown>\nE       #6 0x563757eeb2cc <unknown>\nE       #7 0x563757ecc253 <unknown>\nE       #8 0x563757e9c1c7 <unknown>\nE       #9 0x563757e9cb3e <unknown>\nE       #10 0x56375813a2cb <unknown>\nE       #11 0x56375813e377 <unknown>\nE       #12 0x563758126dfe <unknown>\nE       #13 0x56375813ee42 <unknown>\nE       #14 0x56375810b79f <unknown>\nE       #15 0x563758163178 <unknown>\nE       #16 0x56375816334b <unknown>\nE       #17 0x563758172fbc <unknown>\nE       #18 0x7ff39ce94ac3 <unknown>\n\n/opt/hostedtoolcache/Python/3.12.3/x64/lib/python3.12/site-packages/selenium/webdriver/support/wait.py:105: TimeoutException",
  "flaky" : false,
  "newFailed" : false,
  "beforeStages" : [ {
    "name" : "auth_user_admin_to_seo",
    "time" : {
      "start" : 1716948214186,
      "stop" : 1716948226812,
      "duration" : 12626
    },
    "status" : "broken",
    "statusMessage" : "selenium.common.exceptions.TimeoutException: Message: \nStacktrace:\n#0 0x563758173e8a <unknown>\n#1 0x563757e5d45c <unknown>\n#2 0x563757ea95b5 <unknown>\n#3 0x563757ea9671 <unknown>\n#4 0x563757eedf14 <unknown>\n#5 0x563757ecc4dd <unknown>\n#6 0x563757eeb2cc <unknown>\n#7 0x563757ecc253 <unknown>\n#8 0x563757e9c1c7 <unknown>\n#9 0x563757e9cb3e <unknown>\n#10 0x56375813a2cb <unknown>\n#11 0x56375813e377 <unknown>\n#12 0x563758126dfe <unknown>\n#13 0x56375813ee42 <unknown>\n#14 0x56375810b79f <unknown>\n#15 0x563758163178 <unknown>\n#16 0x56375816334b <unknown>\n#17 0x563758172fbc <unknown>\n#18 0x7ff39ce94ac3 <unknown>\n\n",
    "statusTrace" : "  File \"/opt/hostedtoolcache/Python/3.12.3/x64/lib/python3.12/site-packages/pluggy/_callers.py\", line 167, in _multicall\n    teardown.throw(outcome._exception)\n  File \"/opt/hostedtoolcache/Python/3.12.3/x64/lib/python3.12/site-packages/_pytest/setuponly.py\", line 36, in pytest_fixture_setup\n    return (yield)\n            ^^^^^\n  File \"/opt/hostedtoolcache/Python/3.12.3/x64/lib/python3.12/site-packages/pluggy/_callers.py\", line 103, in _multicall\n    res = hook_impl.function(*args)\n          ^^^^^^^^^^^^^^^^^^^^^^^^^\n  File \"/opt/hostedtoolcache/Python/3.12.3/x64/lib/python3.12/site-packages/_pytest/fixtures.py\", line 1140, in pytest_fixture_setup\n    result = call_fixture_func(fixturefunc, request, kwargs)\n             ^^^^^^^^^^^^^^^^^^^^^^^^^^^^^^^^^^^^^^^^^^^^^^^\n  File \"/opt/hostedtoolcache/Python/3.12.3/x64/lib/python3.12/site-packages/_pytest/fixtures.py\", line 917, in call_fixture_func\n    fixture_result = fixturefunc(**kwargs)\n                     ^^^^^^^^^^^^^^^^^^^^^\n  File \"/home/runner/work/DealerPassport/DealerPassport/tests/conftest.py\", line 18, in auth_user_admin_to_seo\n    main_page.check_button_agree().click()\n    ^^^^^^^^^^^^^^^^^^^^^^^^^^^^^^\n  File \"/opt/hostedtoolcache/Python/3.12.3/x64/lib/python3.12/site-packages/allure_commons/_allure.py\", line 192, in impl\n    return func(*a, **kw)\n           ^^^^^^^^^^^^^^\n  File \"/home/runner/work/DealerPassport/DealerPassport/pages/main_page.py\", line 15, in check_button_agree\n    return self.element_is_visible(self.locator.AGREE_BUTTON)\n           ^^^^^^^^^^^^^^^^^^^^^^^^^^^^^^^^^^^^^^^^^^^^^^^^^^\n  File \"/home/runner/work/DealerPassport/DealerPassport/pages/base_page.py\", line 18, in element_is_visible\n    self.go_to_element(self.element_is_present(locator))\n                       ^^^^^^^^^^^^^^^^^^^^^^^^^^^^^^^^\n  File \"/home/runner/work/DealerPassport/DealerPassport/pages/base_page.py\", line 34, in element_is_present\n    return Wait(self.driver, self.timeout).until(ec.presence_of_element_located(locator))\n           ^^^^^^^^^^^^^^^^^^^^^^^^^^^^^^^^^^^^^^^^^^^^^^^^^^^^^^^^^^^^^^^^^^^^^^^^^^^^^^\n  File \"/opt/hostedtoolcache/Python/3.12.3/x64/lib/python3.12/site-packages/selenium/webdriver/support/wait.py\", line 105, in until\n    raise TimeoutException(message, screen, stacktrace)\n",
    "steps" : [ {
      "name" : "Проверка видимости кнопки '('xpath', '//span[text()=\"Согласен\"]')' на главной странице",
      "time" : {
        "start" : 1716948216586,
        "stop" : 1716948226812,
        "duration" : 10226
      },
      "status" : "broken",
      "statusMessage" : "selenium.common.exceptions.TimeoutException: Message: \nStacktrace:\n#0 0x563758173e8a <unknown>\n#1 0x563757e5d45c <unknown>\n#2 0x563757ea95b5 <unknown>\n#3 0x563757ea9671 <unknown>\n#4 0x563757eedf14 <unknown>\n#5 0x563757ecc4dd <unknown>\n#6 0x563757eeb2cc <unknown>\n#7 0x563757ecc253 <unknown>\n#8 0x563757e9c1c7 <unknown>\n#9 0x563757e9cb3e <unknown>\n#10 0x56375813a2cb <unknown>\n#11 0x56375813e377 <unknown>\n#12 0x563758126dfe <unknown>\n#13 0x56375813ee42 <unknown>\n#14 0x56375810b79f <unknown>\n#15 0x563758163178 <unknown>\n#16 0x56375816334b <unknown>\n#17 0x563758172fbc <unknown>\n#18 0x7ff39ce94ac3 <unknown>\n\n",
      "statusTrace" : "  File \"/opt/hostedtoolcache/Python/3.12.3/x64/lib/python3.12/site-packages/allure_commons/_allure.py\", line 192, in impl\n    return func(*a, **kw)\n           ^^^^^^^^^^^^^^\n  File \"/home/runner/work/DealerPassport/DealerPassport/pages/main_page.py\", line 15, in check_button_agree\n    return self.element_is_visible(self.locator.AGREE_BUTTON)\n           ^^^^^^^^^^^^^^^^^^^^^^^^^^^^^^^^^^^^^^^^^^^^^^^^^^\n  File \"/home/runner/work/DealerPassport/DealerPassport/pages/base_page.py\", line 18, in element_is_visible\n    self.go_to_element(self.element_is_present(locator))\n                       ^^^^^^^^^^^^^^^^^^^^^^^^^^^^^^^^\n  File \"/home/runner/work/DealerPassport/DealerPassport/pages/base_page.py\", line 34, in element_is_present\n    return Wait(self.driver, self.timeout).until(ec.presence_of_element_located(locator))\n           ^^^^^^^^^^^^^^^^^^^^^^^^^^^^^^^^^^^^^^^^^^^^^^^^^^^^^^^^^^^^^^^^^^^^^^^^^^^^^^\n  File \"/opt/hostedtoolcache/Python/3.12.3/x64/lib/python3.12/site-packages/selenium/webdriver/support/wait.py\", line 105, in until\n    raise TimeoutException(message, screen, stacktrace)\n",
      "steps" : [ ],
      "attachments" : [ ],
      "parameters" : [ ],
      "stepsCount" : 0,
      "attachmentsCount" : 0,
      "shouldDisplayMessage" : true,
      "hasContent" : true
    } ],
    "attachments" : [ ],
    "parameters" : [ ],
    "stepsCount" : 1,
    "attachmentsCount" : 0,
    "shouldDisplayMessage" : false,
    "hasContent" : true
  }, {
    "name" : "driver",
    "time" : {
      "start" : 1716948213989,
      "stop" : 1716948214186,
      "duration" : 197
    },
    "status" : "passed",
    "steps" : [ ],
    "attachments" : [ ],
    "parameters" : [ ],
    "stepsCount" : 0,
    "attachmentsCount" : 0,
    "shouldDisplayMessage" : false,
    "hasContent" : false
  }, {
    "name" : "clear_allure_results_folder",
    "time" : {
      "start" : 1716948078838,
      "stop" : 1716948078838,
      "duration" : 0
    },
    "status" : "passed",
    "steps" : [ ],
    "attachments" : [ ],
    "parameters" : [ ],
    "stepsCount" : 0,
    "attachmentsCount" : 0,
    "shouldDisplayMessage" : false,
    "hasContent" : false
  } ],
  "afterStages" : [ {
    "name" : "driver::0",
    "time" : {
      "start" : 1716948226826,
      "stop" : 1716948226885,
      "duration" : 59
    },
    "status" : "passed",
    "steps" : [ ],
    "attachments" : [ ],
    "parameters" : [ ],
    "stepsCount" : 0,
    "attachmentsCount" : 0,
    "shouldDisplayMessage" : false,
    "hasContent" : false
  } ],
  "labels" : [ {
    "name" : "epic",
    "value" : "Test Main Page smoke_test"
  }, {
    "name" : "tag",
    "value" : "smoke_test"
  }, {
    "name" : "parentSuite",
    "value" : "tests"
  }, {
    "name" : "suite",
    "value" : "main_page_test"
  }, {
    "name" : "subSuite",
    "value" : "TestMainPageSmoke"
  }, {
    "name" : "host",
    "value" : "fv-az1435-859"
  }, {
    "name" : "thread",
    "value" : "2237-MainThread"
  }, {
    "name" : "framework",
    "value" : "pytest"
  }, {
    "name" : "language",
    "value" : "cpython3"
  }, {
    "name" : "package",
    "value" : "tests.main_page_test"
  }, {
    "name" : "resultFormat",
    "value" : "allure2"
  } ],
  "parameters" : [ {
    "name" : "url",
    "value" : "'https://dealer-passport-test.xsfera.ru/documents/'"
  } ],
  "links" : [ ],
  "hidden" : false,
  "retry" : false,
  "extra" : {
    "severity" : "normal",
    "retries" : [ ],
    "categories" : [ {
      "name" : "Test defects",
      "matchedStatuses" : [ ],
      "flaky" : false
    } ],
    "history" : {
      "statistic" : {
        "failed" : 0,
        "broken" : 3,
        "skipped" : 0,
        "passed" : 7,
        "unknown" : 0,
        "total" : 10
      },
      "items" : [ {
        "uid" : "a9a015d52eddb2b",
        "reportUrl" : "https://Nat754.github.io/DealerPassport/6//#testresult/a9a015d52eddb2b",
        "status" : "broken",
        "statusDetails" : "selenium.common.exceptions.WebDriverException: Message: unknown error: net::ERR_CONNECTION_TIMED_OUT\n  (Session info: chrome-headless-shell=125.0.6422.60)\nStacktrace:\n#0 0x55f1b489beca <unknown>\n#1 0x55f1b458545c <unknown>\n#2 0x55f1b457cfd0 <unknown>\n#3 0x55f1b456cb32 <unknown>\n#4 0x55f1b456e162 <unknown>\n#5 0x55f1b456cded <unknown>\n#6 0x55f1b456c503 <unknown>\n#7 0x55f1b456c3f5 <unknown>\n#8 0x55f1b456a336 <unknown>\n#9 0x55f1b456a83a <unknown>\n#10 0x55f1b4587ea7 <unknown>\n#11 0x55f1b4613ed5 <unknown>\n#12 0x55f1b45f44b2 <unknown>\n#13 0x55f1b46132cc <unknown>\n#14 0x55f1b45f4253 <unknown>\n#15 0x55f1b45c41c7 <unknown>\n#16 0x55f1b45c4b3e <unknown>\n#17 0x55f1b486230b <unknown>\n#18 0x55f1b48663b7 <unknown>\n#19 0x55f1b484ee3e <unknown>\n#20 0x55f1b4866e82 <unknown>\n#21 0x55f1b48337df <unknown>\n#22 0x55f1b488b1b8 <unknown>\n#23 0x55f1b488b38b <unknown>\n#24 0x55f1b489affc <unknown>\n#25 0x7f17cbe94ac3 <unknown>",
        "time" : {
          "start" : 1716866753872,
          "stop" : 1716866753872,
          "duration" : 0
        }
      }, {
        "uid" : "8f5cdd9c4805e064",
        "reportUrl" : "https://Nat754.github.io/DealerPassport/5//#testresult/8f5cdd9c4805e064",
        "status" : "passed",
        "time" : {
          "start" : 1716775343585,
          "stop" : 1716775354485,
          "duration" : 10900
        }
      }, {
        "uid" : "4a516b569f5bc3e8",
        "reportUrl" : "https://Nat754.github.io/DealerPassport/4//#testresult/4a516b569f5bc3e8",
        "status" : "passed",
        "time" : {
          "start" : 1716689066264,
          "stop" : 1716689077117,
          "duration" : 10853
        }
      }, {
        "uid" : "e6a3d0cf79fdf1a1",
        "reportUrl" : "https://Nat754.github.io/DealerPassport/3//#testresult/e6a3d0cf79fdf1a1",
        "status" : "passed",
        "time" : {
          "start" : 1716602343741,
          "stop" : 1716602356040,
          "duration" : 12299
        }
      }, {
        "uid" : "977b550ecdf677a0",
        "reportUrl" : "https://Nat754.github.io/DealerPassport/2//#testresult/977b550ecdf677a0",
        "status" : "passed",
        "time" : {
          "start" : 1716516049340,
          "stop" : 1716516060141,
          "duration" : 10801
        }
      }, {
        "uid" : "c065e953029d9326",
        "reportUrl" : "https://Nat754.github.io/DealerPassport/1//#testresult/c065e953029d9326",
        "status" : "passed",
        "time" : {
          "start" : 1716443114306,
          "stop" : 1716443125156,
          "duration" : 10850
        }
      }, {
        "uid" : "83602dde5986b0ab",
        "reportUrl" : "https://Nat754.github.io/DealerPassport/1//#testresult/83602dde5986b0ab",
        "status" : "broken",
        "statusDetails" : "selenium.common.exceptions.TimeoutException: Message: \nStacktrace:\n#0 0x55d313944eca <unknown>\n#1 0x55d31362e45c <unknown>\n#2 0x55d31367a5b5 <unknown>\n#3 0x55d31367a671 <unknown>\n#4 0x55d3136bef14 <unknown>\n#5 0x55d31369d4dd <unknown>\n#6 0x55d3136bc2cc <unknown>\n#7 0x55d31369d253 <unknown>\n#8 0x55d31366d1c7 <unknown>\n#9 0x55d31366db3e <unknown>\n#10 0x55d31390b30b <unknown>\n#11 0x55d31390f3b7 <unknown>\n#12 0x55d3138f7e3e <unknown>\n#13 0x55d31390fe82 <unknown>\n#14 0x55d3138dc7df <unknown>\n#15 0x55d3139341b8 <unknown>\n#16 0x55d31393438b <unknown>\n#17 0x55d313943ffc <unknown>\n#18 0x7f3521a94ac3 <unknown>",
        "time" : {
          "start" : 1716429598428,
          "stop" : 1716429598428,
          "duration" : 0
        }
      }, {
        "uid" : "45016f34c22dbe31",
        "reportUrl" : "https://Nat754.github.io/DealerPassport/2//#testresult/45016f34c22dbe31",
        "status" : "passed",
        "time" : {
          "start" : 1716384303063,
          "stop" : 1716384313913,
          "duration" : 10850
        }
      }, {
        "uid" : "24afb614aca15144",
        "reportUrl" : "https://Nat754.github.io/DealerPassport/1//#testresult/24afb614aca15144",
        "status" : "passed",
        "time" : {
          "start" : 1716383191757,
          "stop" : 1716383202731,
          "duration" : 10974
        }
      } ]
    },
    "tags" : [ "smoke_test" ]
  },
  "source" : "84f41d796620559e.json",
  "parameterValues" : [ "'https://dealer-passport-test.xsfera.ru/documents/'" ]
}