{
  "uid" : "8babff51f1431f4e",
  "name" : "test_open_seo[https://dealer-passport-test.xsfera.ru/users/]",
  "fullName" : "tests.main_page_test.TestMainPageSmoke#test_open_seo",
  "historyId" : "d440e270cffee55c166bb9d25e4ce1f0",
  "time" : {
    "start" : 1716948291307,
    "stop" : 1716948291307,
    "duration" : 0
  },
  "status" : "broken",
  "statusMessage" : "selenium.common.exceptions.TimeoutException: Message: \nStacktrace:\n#0 0x555da1da2e8a <unknown>\n#1 0x555da1a8c45c <unknown>\n#2 0x555da1ad85b5 <unknown>\n#3 0x555da1ad8671 <unknown>\n#4 0x555da1b1cf14 <unknown>\n#5 0x555da1afb4dd <unknown>\n#6 0x555da1b1a2cc <unknown>\n#7 0x555da1afb253 <unknown>\n#8 0x555da1acb1c7 <unknown>\n#9 0x555da1acbb3e <unknown>\n#10 0x555da1d692cb <unknown>\n#11 0x555da1d6d377 <unknown>\n#12 0x555da1d55dfe <unknown>\n#13 0x555da1d6de42 <unknown>\n#14 0x555da1d3a79f <unknown>\n#15 0x555da1d92178 <unknown>\n#16 0x555da1d9234b <unknown>\n#17 0x555da1da1fbc <unknown>\n#18 0x7fcc5e494ac3 <unknown>",
  "statusTrace" : "driver = <selenium.webdriver.chrome.webdriver.WebDriver (session=\"ddba10eab0c3f6731e700f915269d9c5\")>\n\n    @pytest.fixture\n    def auth_user_admin_to_seo(driver):\n        main_page = MainPage(driver)\n        url = Urls.MAIN_URL_SEO + Urls.AUTH\n        cookies = {'name': 'token', 'value': os.environ[\"SEO_ADMIN\"]}\n        driver.get(url)\n        driver.add_cookie(cookies)\n        driver.get(Urls.MAIN_URL_SEO)\n>       main_page.check_button_agree().click()\n\ntests/conftest.py:18: \n_ _ _ _ _ _ _ _ _ _ _ _ _ _ _ _ _ _ _ _ _ _ _ _ _ _ _ _ _ _ _ _ _ _ _ _ _ _ _ _ \npages/main_page.py:15: in check_button_agree\n    return self.element_is_visible(self.locator.AGREE_BUTTON)\npages/base_page.py:18: in element_is_visible\n    self.go_to_element(self.element_is_present(locator))\npages/base_page.py:34: in element_is_present\n    return Wait(self.driver, self.timeout).until(ec.presence_of_element_located(locator))\n_ _ _ _ _ _ _ _ _ _ _ _ _ _ _ _ _ _ _ _ _ _ _ _ _ _ _ _ _ _ _ _ _ _ _ _ _ _ _ _ \n\nself = <selenium.webdriver.support.wait.WebDriverWait (session=\"ddba10eab0c3f6731e700f915269d9c5\")>\nmethod = <function presence_of_element_located.<locals>._predicate at 0x7f3ff7c6dbc0>\nmessage = ''\n\n    def until(self, method: Callable[[D], Union[Literal[False], T]], message: str = \"\") -> T:\n        \"\"\"Calls the method provided with the driver as an argument until the \\\n        return value does not evaluate to ``False``.\n    \n        :param method: callable(WebDriver)\n        :param message: optional message for :exc:`TimeoutException`\n        :returns: the result of the last call to `method`\n        :raises: :exc:`selenium.common.exceptions.TimeoutException` if timeout occurs\n        \"\"\"\n        screen = None\n        stacktrace = None\n    \n        end_time = time.monotonic() + self._timeout\n        while True:\n            try:\n                value = method(self._driver)\n                if value:\n                    return value\n            except self._ignored_exceptions as exc:\n                screen = getattr(exc, \"screen\", None)\n                stacktrace = getattr(exc, \"stacktrace\", None)\n            time.sleep(self._poll)\n            if time.monotonic() > end_time:\n                break\n>       raise TimeoutException(message, screen, stacktrace)\nE       selenium.common.exceptions.TimeoutException: Message: \nE       Stacktrace:\nE       #0 0x555da1da2e8a <unknown>\nE       #1 0x555da1a8c45c <unknown>\nE       #2 0x555da1ad85b5 <unknown>\nE       #3 0x555da1ad8671 <unknown>\nE       #4 0x555da1b1cf14 <unknown>\nE       #5 0x555da1afb4dd <unknown>\nE       #6 0x555da1b1a2cc <unknown>\nE       #7 0x555da1afb253 <unknown>\nE       #8 0x555da1acb1c7 <unknown>\nE       #9 0x555da1acbb3e <unknown>\nE       #10 0x555da1d692cb <unknown>\nE       #11 0x555da1d6d377 <unknown>\nE       #12 0x555da1d55dfe <unknown>\nE       #13 0x555da1d6de42 <unknown>\nE       #14 0x555da1d3a79f <unknown>\nE       #15 0x555da1d92178 <unknown>\nE       #16 0x555da1d9234b <unknown>\nE       #17 0x555da1da1fbc <unknown>\nE       #18 0x7fcc5e494ac3 <unknown>\n\n/opt/hostedtoolcache/Python/3.12.3/x64/lib/python3.12/site-packages/selenium/webdriver/support/wait.py:105: TimeoutException",
  "flaky" : false,
  "newFailed" : false,
  "beforeStages" : [ {
    "name" : "driver",
    "time" : {
      "start" : 1716948291308,
      "stop" : 1716948291506,
      "duration" : 198
    },
    "status" : "passed",
    "steps" : [ ],
    "attachments" : [ ],
    "parameters" : [ ],
    "stepsCount" : 0,
    "attachmentsCount" : 0,
    "shouldDisplayMessage" : false,
    "hasContent" : false
  }, {
    "name" : "clear_allure_results_folder",
    "time" : {
      "start" : 1716948078838,
      "stop" : 1716948078838,
      "duration" : 0
    },
    "status" : "passed",
    "steps" : [ ],
    "attachments" : [ ],
    "parameters" : [ ],
    "stepsCount" : 0,
    "attachmentsCount" : 0,
    "shouldDisplayMessage" : false,
    "hasContent" : false
  }, {
    "name" : "auth_user_admin_to_seo",
    "time" : {
      "start" : 1716948291506,
      "stop" : 1716948304083,
      "duration" : 12577
    },
    "status" : "broken",
    "statusMessage" : "selenium.common.exceptions.TimeoutException: Message: \nStacktrace:\n#0 0x555da1da2e8a <unknown>\n#1 0x555da1a8c45c <unknown>\n#2 0x555da1ad85b5 <unknown>\n#3 0x555da1ad8671 <unknown>\n#4 0x555da1b1cf14 <unknown>\n#5 0x555da1afb4dd <unknown>\n#6 0x555da1b1a2cc <unknown>\n#7 0x555da1afb253 <unknown>\n#8 0x555da1acb1c7 <unknown>\n#9 0x555da1acbb3e <unknown>\n#10 0x555da1d692cb <unknown>\n#11 0x555da1d6d377 <unknown>\n#12 0x555da1d55dfe <unknown>\n#13 0x555da1d6de42 <unknown>\n#14 0x555da1d3a79f <unknown>\n#15 0x555da1d92178 <unknown>\n#16 0x555da1d9234b <unknown>\n#17 0x555da1da1fbc <unknown>\n#18 0x7fcc5e494ac3 <unknown>\n\n",
    "statusTrace" : "  File \"/opt/hostedtoolcache/Python/3.12.3/x64/lib/python3.12/site-packages/pluggy/_callers.py\", line 167, in _multicall\n    teardown.throw(outcome._exception)\n  File \"/opt/hostedtoolcache/Python/3.12.3/x64/lib/python3.12/site-packages/_pytest/setuponly.py\", line 36, in pytest_fixture_setup\n    return (yield)\n            ^^^^^\n  File \"/opt/hostedtoolcache/Python/3.12.3/x64/lib/python3.12/site-packages/pluggy/_callers.py\", line 103, in _multicall\n    res = hook_impl.function(*args)\n          ^^^^^^^^^^^^^^^^^^^^^^^^^\n  File \"/opt/hostedtoolcache/Python/3.12.3/x64/lib/python3.12/site-packages/_pytest/fixtures.py\", line 1140, in pytest_fixture_setup\n    result = call_fixture_func(fixturefunc, request, kwargs)\n             ^^^^^^^^^^^^^^^^^^^^^^^^^^^^^^^^^^^^^^^^^^^^^^^\n  File \"/opt/hostedtoolcache/Python/3.12.3/x64/lib/python3.12/site-packages/_pytest/fixtures.py\", line 917, in call_fixture_func\n    fixture_result = fixturefunc(**kwargs)\n                     ^^^^^^^^^^^^^^^^^^^^^\n  File \"/home/runner/work/DealerPassport/DealerPassport/tests/conftest.py\", line 18, in auth_user_admin_to_seo\n    main_page.check_button_agree().click()\n    ^^^^^^^^^^^^^^^^^^^^^^^^^^^^^^\n  File \"/opt/hostedtoolcache/Python/3.12.3/x64/lib/python3.12/site-packages/allure_commons/_allure.py\", line 192, in impl\n    return func(*a, **kw)\n           ^^^^^^^^^^^^^^\n  File \"/home/runner/work/DealerPassport/DealerPassport/pages/main_page.py\", line 15, in check_button_agree\n    return self.element_is_visible(self.locator.AGREE_BUTTON)\n           ^^^^^^^^^^^^^^^^^^^^^^^^^^^^^^^^^^^^^^^^^^^^^^^^^^\n  File \"/home/runner/work/DealerPassport/DealerPassport/pages/base_page.py\", line 18, in element_is_visible\n    self.go_to_element(self.element_is_present(locator))\n                       ^^^^^^^^^^^^^^^^^^^^^^^^^^^^^^^^\n  File \"/home/runner/work/DealerPassport/DealerPassport/pages/base_page.py\", line 34, in element_is_present\n    return Wait(self.driver, self.timeout).until(ec.presence_of_element_located(locator))\n           ^^^^^^^^^^^^^^^^^^^^^^^^^^^^^^^^^^^^^^^^^^^^^^^^^^^^^^^^^^^^^^^^^^^^^^^^^^^^^^\n  File \"/opt/hostedtoolcache/Python/3.12.3/x64/lib/python3.12/site-packages/selenium/webdriver/support/wait.py\", line 105, in until\n    raise TimeoutException(message, screen, stacktrace)\n",
    "steps" : [ {
      "name" : "Проверка видимости кнопки '('xpath', '//span[text()=\"Согласен\"]')' на главной странице",
      "time" : {
        "start" : 1716948293855,
        "stop" : 1716948304082,
        "duration" : 10227
      },
      "status" : "broken",
      "statusMessage" : "selenium.common.exceptions.TimeoutException: Message: \nStacktrace:\n#0 0x555da1da2e8a <unknown>\n#1 0x555da1a8c45c <unknown>\n#2 0x555da1ad85b5 <unknown>\n#3 0x555da1ad8671 <unknown>\n#4 0x555da1b1cf14 <unknown>\n#5 0x555da1afb4dd <unknown>\n#6 0x555da1b1a2cc <unknown>\n#7 0x555da1afb253 <unknown>\n#8 0x555da1acb1c7 <unknown>\n#9 0x555da1acbb3e <unknown>\n#10 0x555da1d692cb <unknown>\n#11 0x555da1d6d377 <unknown>\n#12 0x555da1d55dfe <unknown>\n#13 0x555da1d6de42 <unknown>\n#14 0x555da1d3a79f <unknown>\n#15 0x555da1d92178 <unknown>\n#16 0x555da1d9234b <unknown>\n#17 0x555da1da1fbc <unknown>\n#18 0x7fcc5e494ac3 <unknown>\n\n",
      "statusTrace" : "  File \"/opt/hostedtoolcache/Python/3.12.3/x64/lib/python3.12/site-packages/allure_commons/_allure.py\", line 192, in impl\n    return func(*a, **kw)\n           ^^^^^^^^^^^^^^\n  File \"/home/runner/work/DealerPassport/DealerPassport/pages/main_page.py\", line 15, in check_button_agree\n    return self.element_is_visible(self.locator.AGREE_BUTTON)\n           ^^^^^^^^^^^^^^^^^^^^^^^^^^^^^^^^^^^^^^^^^^^^^^^^^^\n  File \"/home/runner/work/DealerPassport/DealerPassport/pages/base_page.py\", line 18, in element_is_visible\n    self.go_to_element(self.element_is_present(locator))\n                       ^^^^^^^^^^^^^^^^^^^^^^^^^^^^^^^^\n  File \"/home/runner/work/DealerPassport/DealerPassport/pages/base_page.py\", line 34, in element_is_present\n    return Wait(self.driver, self.timeout).until(ec.presence_of_element_located(locator))\n           ^^^^^^^^^^^^^^^^^^^^^^^^^^^^^^^^^^^^^^^^^^^^^^^^^^^^^^^^^^^^^^^^^^^^^^^^^^^^^^\n  File \"/opt/hostedtoolcache/Python/3.12.3/x64/lib/python3.12/site-packages/selenium/webdriver/support/wait.py\", line 105, in until\n    raise TimeoutException(message, screen, stacktrace)\n",
      "steps" : [ ],
      "attachments" : [ ],
      "parameters" : [ ],
      "stepsCount" : 0,
      "attachmentsCount" : 0,
      "shouldDisplayMessage" : true,
      "hasContent" : true
    } ],
    "attachments" : [ ],
    "parameters" : [ ],
    "stepsCount" : 1,
    "attachmentsCount" : 0,
    "shouldDisplayMessage" : false,
    "hasContent" : true
  } ],
  "afterStages" : [ {
    "name" : "driver::0",
    "time" : {
      "start" : 1716948304096,
      "stop" : 1716948304155,
      "duration" : 59
    },
    "status" : "passed",
    "steps" : [ ],
    "attachments" : [ ],
    "parameters" : [ ],
    "stepsCount" : 0,
    "attachmentsCount" : 0,
    "shouldDisplayMessage" : false,
    "hasContent" : false
  } ],
  "labels" : [ {
    "name" : "epic",
    "value" : "Test Main Page smoke_test"
  }, {
    "name" : "tag",
    "value" : "smoke_test"
  }, {
    "name" : "parentSuite",
    "value" : "tests"
  }, {
    "name" : "suite",
    "value" : "main_page_test"
  }, {
    "name" : "subSuite",
    "value" : "TestMainPageSmoke"
  }, {
    "name" : "host",
    "value" : "fv-az1435-859"
  }, {
    "name" : "thread",
    "value" : "2237-MainThread"
  }, {
    "name" : "framework",
    "value" : "pytest"
  }, {
    "name" : "language",
    "value" : "cpython3"
  }, {
    "name" : "package",
    "value" : "tests.main_page_test"
  }, {
    "name" : "resultFormat",
    "value" : "allure2"
  } ],
  "parameters" : [ {
    "name" : "url",
    "value" : "'https://dealer-passport-test.xsfera.ru/users/'"
  } ],
  "links" : [ ],
  "hidden" : false,
  "retry" : false,
  "extra" : {
    "severity" : "normal",
    "retries" : [ ],
    "categories" : [ {
      "name" : "Test defects",
      "matchedStatuses" : [ ],
      "flaky" : false
    } ],
    "history" : {
      "statistic" : {
        "failed" : 0,
        "broken" : 3,
        "skipped" : 0,
        "passed" : 7,
        "unknown" : 0,
        "total" : 10
      },
      "items" : [ {
        "uid" : "ee8e4e26bbaa5d6c",
        "reportUrl" : "https://Nat754.github.io/DealerPassport/6//#testresult/ee8e4e26bbaa5d6c",
        "status" : "broken",
        "statusDetails" : "selenium.common.exceptions.WebDriverException: Message: unknown error: net::ERR_CONNECTION_TIMED_OUT\n  (Session info: chrome-headless-shell=125.0.6422.60)\nStacktrace:\n#0 0x55f4a531ceca <unknown>\n#1 0x55f4a500645c <unknown>\n#2 0x55f4a4ffdfd0 <unknown>\n#3 0x55f4a4fedb32 <unknown>\n#4 0x55f4a4fef162 <unknown>\n#5 0x55f4a4fedded <unknown>\n#6 0x55f4a4fed503 <unknown>\n#7 0x55f4a4fed3f5 <unknown>\n#8 0x55f4a4feb336 <unknown>\n#9 0x55f4a4feb83a <unknown>\n#10 0x55f4a5008ea7 <unknown>\n#11 0x55f4a5094ed5 <unknown>\n#12 0x55f4a50754b2 <unknown>\n#13 0x55f4a50942cc <unknown>\n#14 0x55f4a5075253 <unknown>\n#15 0x55f4a50451c7 <unknown>\n#16 0x55f4a5045b3e <unknown>\n#17 0x55f4a52e330b <unknown>\n#18 0x55f4a52e73b7 <unknown>\n#19 0x55f4a52cfe3e <unknown>\n#20 0x55f4a52e7e82 <unknown>\n#21 0x55f4a52b47df <unknown>\n#22 0x55f4a530c1b8 <unknown>\n#23 0x55f4a530c38b <unknown>\n#24 0x55f4a531bffc <unknown>\n#25 0x7fe258a94ac3 <unknown>",
        "time" : {
          "start" : 1716867564881,
          "stop" : 1716867564881,
          "duration" : 0
        }
      }, {
        "uid" : "90233ed9ff666004",
        "reportUrl" : "https://Nat754.github.io/DealerPassport/5//#testresult/90233ed9ff666004",
        "status" : "passed",
        "time" : {
          "start" : 1716775431251,
          "stop" : 1716775442566,
          "duration" : 11315
        }
      }, {
        "uid" : "6bb090f2edc44579",
        "reportUrl" : "https://Nat754.github.io/DealerPassport/4//#testresult/6bb090f2edc44579",
        "status" : "passed",
        "time" : {
          "start" : 1716689155579,
          "stop" : 1716689166423,
          "duration" : 10844
        }
      }, {
        "uid" : "52b88038889c9b67",
        "reportUrl" : "https://Nat754.github.io/DealerPassport/3//#testresult/52b88038889c9b67",
        "status" : "passed",
        "time" : {
          "start" : 1716602432248,
          "stop" : 1716602443141,
          "duration" : 10893
        }
      }, {
        "uid" : "d71a526f4645e9b2",
        "reportUrl" : "https://Nat754.github.io/DealerPassport/2//#testresult/d71a526f4645e9b2",
        "status" : "passed",
        "time" : {
          "start" : 1716516132173,
          "stop" : 1716516142982,
          "duration" : 10809
        }
      }, {
        "uid" : "5a14dc5f930e1e3e",
        "reportUrl" : "https://Nat754.github.io/DealerPassport/1//#testresult/5a14dc5f930e1e3e",
        "status" : "passed",
        "time" : {
          "start" : 1716443195747,
          "stop" : 1716443206552,
          "duration" : 10805
        }
      }, {
        "uid" : "54c903589fcc2dea",
        "reportUrl" : "https://Nat754.github.io/DealerPassport/1//#testresult/54c903589fcc2dea",
        "status" : "broken",
        "statusDetails" : "selenium.common.exceptions.TimeoutException: Message: \nStacktrace:\n#0 0x5589b2462eca <unknown>\n#1 0x5589b214c45c <unknown>\n#2 0x5589b21985b5 <unknown>\n#3 0x5589b2198671 <unknown>\n#4 0x5589b21dcf14 <unknown>\n#5 0x5589b21bb4dd <unknown>\n#6 0x5589b21da2cc <unknown>\n#7 0x5589b21bb253 <unknown>\n#8 0x5589b218b1c7 <unknown>\n#9 0x5589b218bb3e <unknown>\n#10 0x5589b242930b <unknown>\n#11 0x5589b242d3b7 <unknown>\n#12 0x5589b2415e3e <unknown>\n#13 0x5589b242de82 <unknown>\n#14 0x5589b23fa7df <unknown>\n#15 0x5589b24521b8 <unknown>\n#16 0x5589b245238b <unknown>\n#17 0x5589b2461ffc <unknown>\n#18 0x7f36dc094ac3 <unknown>",
        "time" : {
          "start" : 1716429675778,
          "stop" : 1716429675778,
          "duration" : 0
        }
      }, {
        "uid" : "ce948fed6b205c34",
        "reportUrl" : "https://Nat754.github.io/DealerPassport/2//#testresult/ce948fed6b205c34",
        "status" : "passed",
        "time" : {
          "start" : 1716384385348,
          "stop" : 1716384396206,
          "duration" : 10858
        }
      }, {
        "uid" : "3b31ea96eddd886",
        "reportUrl" : "https://Nat754.github.io/DealerPassport/1//#testresult/3b31ea96eddd886",
        "status" : "passed",
        "time" : {
          "start" : 1716383274821,
          "stop" : 1716383285650,
          "duration" : 10829
        }
      } ]
    },
    "tags" : [ "smoke_test" ]
  },
  "source" : "8babff51f1431f4e.json",
  "parameterValues" : [ "'https://dealer-passport-test.xsfera.ru/users/'" ]
}