{
  "uid" : "9425404c0183eeb0",
  "name" : "test_open_seo[https://dealer-passport-test.xsfera.ru/editor/]",
  "fullName" : "tests.main_page_test.TestMainPageSmoke#test_open_seo",
  "historyId" : "2324301f68757491e0d6d9260520f983",
  "time" : {
    "start" : 1716948149472,
    "stop" : 1716948149472,
    "duration" : 0
  },
  "status" : "broken",
  "statusMessage" : "selenium.common.exceptions.TimeoutException: Message: \nStacktrace:\n#0 0x561a2fdade8a <unknown>\n#1 0x561a2fa9745c <unknown>\n#2 0x561a2fae35b5 <unknown>\n#3 0x561a2fae3671 <unknown>\n#4 0x561a2fb27f14 <unknown>\n#5 0x561a2fb064dd <unknown>\n#6 0x561a2fb252cc <unknown>\n#7 0x561a2fb06253 <unknown>\n#8 0x561a2fad61c7 <unknown>\n#9 0x561a2fad6b3e <unknown>\n#10 0x561a2fd742cb <unknown>\n#11 0x561a2fd78377 <unknown>\n#12 0x561a2fd60dfe <unknown>\n#13 0x561a2fd78e42 <unknown>\n#14 0x561a2fd4579f <unknown>\n#15 0x561a2fd9d178 <unknown>\n#16 0x561a2fd9d34b <unknown>\n#17 0x561a2fdacfbc <unknown>\n#18 0x7fdb48494ac3 <unknown>",
  "statusTrace" : "driver = <selenium.webdriver.chrome.webdriver.WebDriver (session=\"87b181888fd1b8ed2a35e1c3f2552c81\")>\n\n    @pytest.fixture\n    def auth_user_admin_to_seo(driver):\n        main_page = MainPage(driver)\n        url = Urls.MAIN_URL_SEO + Urls.AUTH\n        cookies = {'name': 'token', 'value': os.environ[\"SEO_ADMIN\"]}\n        driver.get(url)\n        driver.add_cookie(cookies)\n        driver.get(Urls.MAIN_URL_SEO)\n>       main_page.check_button_agree().click()\n\ntests/conftest.py:18: \n_ _ _ _ _ _ _ _ _ _ _ _ _ _ _ _ _ _ _ _ _ _ _ _ _ _ _ _ _ _ _ _ _ _ _ _ _ _ _ _ \npages/main_page.py:15: in check_button_agree\n    return self.element_is_visible(self.locator.AGREE_BUTTON)\npages/base_page.py:18: in element_is_visible\n    self.go_to_element(self.element_is_present(locator))\npages/base_page.py:34: in element_is_present\n    return Wait(self.driver, self.timeout).until(ec.presence_of_element_located(locator))\n_ _ _ _ _ _ _ _ _ _ _ _ _ _ _ _ _ _ _ _ _ _ _ _ _ _ _ _ _ _ _ _ _ _ _ _ _ _ _ _ \n\nself = <selenium.webdriver.support.wait.WebDriverWait (session=\"87b181888fd1b8ed2a35e1c3f2552c81\")>\nmethod = <function presence_of_element_located.<locals>._predicate at 0x7f3ff7c4f100>\nmessage = ''\n\n    def until(self, method: Callable[[D], Union[Literal[False], T]], message: str = \"\") -> T:\n        \"\"\"Calls the method provided with the driver as an argument until the \\\n        return value does not evaluate to ``False``.\n    \n        :param method: callable(WebDriver)\n        :param message: optional message for :exc:`TimeoutException`\n        :returns: the result of the last call to `method`\n        :raises: :exc:`selenium.common.exceptions.TimeoutException` if timeout occurs\n        \"\"\"\n        screen = None\n        stacktrace = None\n    \n        end_time = time.monotonic() + self._timeout\n        while True:\n            try:\n                value = method(self._driver)\n                if value:\n                    return value\n            except self._ignored_exceptions as exc:\n                screen = getattr(exc, \"screen\", None)\n                stacktrace = getattr(exc, \"stacktrace\", None)\n            time.sleep(self._poll)\n            if time.monotonic() > end_time:\n                break\n>       raise TimeoutException(message, screen, stacktrace)\nE       selenium.common.exceptions.TimeoutException: Message: \nE       Stacktrace:\nE       #0 0x561a2fdade8a <unknown>\nE       #1 0x561a2fa9745c <unknown>\nE       #2 0x561a2fae35b5 <unknown>\nE       #3 0x561a2fae3671 <unknown>\nE       #4 0x561a2fb27f14 <unknown>\nE       #5 0x561a2fb064dd <unknown>\nE       #6 0x561a2fb252cc <unknown>\nE       #7 0x561a2fb06253 <unknown>\nE       #8 0x561a2fad61c7 <unknown>\nE       #9 0x561a2fad6b3e <unknown>\nE       #10 0x561a2fd742cb <unknown>\nE       #11 0x561a2fd78377 <unknown>\nE       #12 0x561a2fd60dfe <unknown>\nE       #13 0x561a2fd78e42 <unknown>\nE       #14 0x561a2fd4579f <unknown>\nE       #15 0x561a2fd9d178 <unknown>\nE       #16 0x561a2fd9d34b <unknown>\nE       #17 0x561a2fdacfbc <unknown>\nE       #18 0x7fdb48494ac3 <unknown>\n\n/opt/hostedtoolcache/Python/3.12.3/x64/lib/python3.12/site-packages/selenium/webdriver/support/wait.py:105: TimeoutException",
  "flaky" : false,
  "newFailed" : false,
  "beforeStages" : [ {
    "name" : "auth_user_admin_to_seo",
    "time" : {
      "start" : 1716948149668,
      "stop" : 1716948162317,
      "duration" : 12649
    },
    "status" : "broken",
    "statusMessage" : "selenium.common.exceptions.TimeoutException: Message: \nStacktrace:\n#0 0x561a2fdade8a <unknown>\n#1 0x561a2fa9745c <unknown>\n#2 0x561a2fae35b5 <unknown>\n#3 0x561a2fae3671 <unknown>\n#4 0x561a2fb27f14 <unknown>\n#5 0x561a2fb064dd <unknown>\n#6 0x561a2fb252cc <unknown>\n#7 0x561a2fb06253 <unknown>\n#8 0x561a2fad61c7 <unknown>\n#9 0x561a2fad6b3e <unknown>\n#10 0x561a2fd742cb <unknown>\n#11 0x561a2fd78377 <unknown>\n#12 0x561a2fd60dfe <unknown>\n#13 0x561a2fd78e42 <unknown>\n#14 0x561a2fd4579f <unknown>\n#15 0x561a2fd9d178 <unknown>\n#16 0x561a2fd9d34b <unknown>\n#17 0x561a2fdacfbc <unknown>\n#18 0x7fdb48494ac3 <unknown>\n\n",
    "statusTrace" : "  File \"/opt/hostedtoolcache/Python/3.12.3/x64/lib/python3.12/site-packages/pluggy/_callers.py\", line 167, in _multicall\n    teardown.throw(outcome._exception)\n  File \"/opt/hostedtoolcache/Python/3.12.3/x64/lib/python3.12/site-packages/_pytest/setuponly.py\", line 36, in pytest_fixture_setup\n    return (yield)\n            ^^^^^\n  File \"/opt/hostedtoolcache/Python/3.12.3/x64/lib/python3.12/site-packages/pluggy/_callers.py\", line 103, in _multicall\n    res = hook_impl.function(*args)\n          ^^^^^^^^^^^^^^^^^^^^^^^^^\n  File \"/opt/hostedtoolcache/Python/3.12.3/x64/lib/python3.12/site-packages/_pytest/fixtures.py\", line 1140, in pytest_fixture_setup\n    result = call_fixture_func(fixturefunc, request, kwargs)\n             ^^^^^^^^^^^^^^^^^^^^^^^^^^^^^^^^^^^^^^^^^^^^^^^\n  File \"/opt/hostedtoolcache/Python/3.12.3/x64/lib/python3.12/site-packages/_pytest/fixtures.py\", line 917, in call_fixture_func\n    fixture_result = fixturefunc(**kwargs)\n                     ^^^^^^^^^^^^^^^^^^^^^\n  File \"/home/runner/work/DealerPassport/DealerPassport/tests/conftest.py\", line 18, in auth_user_admin_to_seo\n    main_page.check_button_agree().click()\n    ^^^^^^^^^^^^^^^^^^^^^^^^^^^^^^\n  File \"/opt/hostedtoolcache/Python/3.12.3/x64/lib/python3.12/site-packages/allure_commons/_allure.py\", line 192, in impl\n    return func(*a, **kw)\n           ^^^^^^^^^^^^^^\n  File \"/home/runner/work/DealerPassport/DealerPassport/pages/main_page.py\", line 15, in check_button_agree\n    return self.element_is_visible(self.locator.AGREE_BUTTON)\n           ^^^^^^^^^^^^^^^^^^^^^^^^^^^^^^^^^^^^^^^^^^^^^^^^^^\n  File \"/home/runner/work/DealerPassport/DealerPassport/pages/base_page.py\", line 18, in element_is_visible\n    self.go_to_element(self.element_is_present(locator))\n                       ^^^^^^^^^^^^^^^^^^^^^^^^^^^^^^^^\n  File \"/home/runner/work/DealerPassport/DealerPassport/pages/base_page.py\", line 34, in element_is_present\n    return Wait(self.driver, self.timeout).until(ec.presence_of_element_located(locator))\n           ^^^^^^^^^^^^^^^^^^^^^^^^^^^^^^^^^^^^^^^^^^^^^^^^^^^^^^^^^^^^^^^^^^^^^^^^^^^^^^\n  File \"/opt/hostedtoolcache/Python/3.12.3/x64/lib/python3.12/site-packages/selenium/webdriver/support/wait.py\", line 105, in until\n    raise TimeoutException(message, screen, stacktrace)\n",
    "steps" : [ {
      "name" : "Проверка видимости кнопки '('xpath', '//span[text()=\"Согласен\"]')' на главной странице",
      "time" : {
        "start" : 1716948152090,
        "stop" : 1716948162316,
        "duration" : 10226
      },
      "status" : "broken",
      "statusMessage" : "selenium.common.exceptions.TimeoutException: Message: \nStacktrace:\n#0 0x561a2fdade8a <unknown>\n#1 0x561a2fa9745c <unknown>\n#2 0x561a2fae35b5 <unknown>\n#3 0x561a2fae3671 <unknown>\n#4 0x561a2fb27f14 <unknown>\n#5 0x561a2fb064dd <unknown>\n#6 0x561a2fb252cc <unknown>\n#7 0x561a2fb06253 <unknown>\n#8 0x561a2fad61c7 <unknown>\n#9 0x561a2fad6b3e <unknown>\n#10 0x561a2fd742cb <unknown>\n#11 0x561a2fd78377 <unknown>\n#12 0x561a2fd60dfe <unknown>\n#13 0x561a2fd78e42 <unknown>\n#14 0x561a2fd4579f <unknown>\n#15 0x561a2fd9d178 <unknown>\n#16 0x561a2fd9d34b <unknown>\n#17 0x561a2fdacfbc <unknown>\n#18 0x7fdb48494ac3 <unknown>\n\n",
      "statusTrace" : "  File \"/opt/hostedtoolcache/Python/3.12.3/x64/lib/python3.12/site-packages/allure_commons/_allure.py\", line 192, in impl\n    return func(*a, **kw)\n           ^^^^^^^^^^^^^^\n  File \"/home/runner/work/DealerPassport/DealerPassport/pages/main_page.py\", line 15, in check_button_agree\n    return self.element_is_visible(self.locator.AGREE_BUTTON)\n           ^^^^^^^^^^^^^^^^^^^^^^^^^^^^^^^^^^^^^^^^^^^^^^^^^^\n  File \"/home/runner/work/DealerPassport/DealerPassport/pages/base_page.py\", line 18, in element_is_visible\n    self.go_to_element(self.element_is_present(locator))\n                       ^^^^^^^^^^^^^^^^^^^^^^^^^^^^^^^^\n  File \"/home/runner/work/DealerPassport/DealerPassport/pages/base_page.py\", line 34, in element_is_present\n    return Wait(self.driver, self.timeout).until(ec.presence_of_element_located(locator))\n           ^^^^^^^^^^^^^^^^^^^^^^^^^^^^^^^^^^^^^^^^^^^^^^^^^^^^^^^^^^^^^^^^^^^^^^^^^^^^^^\n  File \"/opt/hostedtoolcache/Python/3.12.3/x64/lib/python3.12/site-packages/selenium/webdriver/support/wait.py\", line 105, in until\n    raise TimeoutException(message, screen, stacktrace)\n",
      "steps" : [ ],
      "attachments" : [ ],
      "parameters" : [ ],
      "stepsCount" : 0,
      "attachmentsCount" : 0,
      "shouldDisplayMessage" : true,
      "hasContent" : true
    } ],
    "attachments" : [ ],
    "parameters" : [ ],
    "stepsCount" : 1,
    "attachmentsCount" : 0,
    "shouldDisplayMessage" : false,
    "hasContent" : true
  }, {
    "name" : "clear_allure_results_folder",
    "time" : {
      "start" : 1716948078838,
      "stop" : 1716948078838,
      "duration" : 0
    },
    "status" : "passed",
    "steps" : [ ],
    "attachments" : [ ],
    "parameters" : [ ],
    "stepsCount" : 0,
    "attachmentsCount" : 0,
    "shouldDisplayMessage" : false,
    "hasContent" : false
  }, {
    "name" : "driver",
    "time" : {
      "start" : 1716948149472,
      "stop" : 1716948149668,
      "duration" : 196
    },
    "status" : "passed",
    "steps" : [ ],
    "attachments" : [ ],
    "parameters" : [ ],
    "stepsCount" : 0,
    "attachmentsCount" : 0,
    "shouldDisplayMessage" : false,
    "hasContent" : false
  } ],
  "afterStages" : [ {
    "name" : "driver::0",
    "time" : {
      "start" : 1716948162330,
      "stop" : 1716948162389,
      "duration" : 59
    },
    "status" : "passed",
    "steps" : [ ],
    "attachments" : [ ],
    "parameters" : [ ],
    "stepsCount" : 0,
    "attachmentsCount" : 0,
    "shouldDisplayMessage" : false,
    "hasContent" : false
  } ],
  "labels" : [ {
    "name" : "epic",
    "value" : "Test Main Page smoke_test"
  }, {
    "name" : "tag",
    "value" : "smoke_test"
  }, {
    "name" : "parentSuite",
    "value" : "tests"
  }, {
    "name" : "suite",
    "value" : "main_page_test"
  }, {
    "name" : "subSuite",
    "value" : "TestMainPageSmoke"
  }, {
    "name" : "host",
    "value" : "fv-az1435-859"
  }, {
    "name" : "thread",
    "value" : "2237-MainThread"
  }, {
    "name" : "framework",
    "value" : "pytest"
  }, {
    "name" : "language",
    "value" : "cpython3"
  }, {
    "name" : "package",
    "value" : "tests.main_page_test"
  }, {
    "name" : "resultFormat",
    "value" : "allure2"
  } ],
  "parameters" : [ {
    "name" : "url",
    "value" : "'https://dealer-passport-test.xsfera.ru/editor/'"
  } ],
  "links" : [ ],
  "hidden" : false,
  "retry" : false,
  "extra" : {
    "severity" : "normal",
    "retries" : [ ],
    "categories" : [ {
      "name" : "Test defects",
      "matchedStatuses" : [ ],
      "flaky" : false
    } ],
    "history" : {
      "statistic" : {
        "failed" : 0,
        "broken" : 3,
        "skipped" : 0,
        "passed" : 7,
        "unknown" : 0,
        "total" : 10
      },
      "items" : [ {
        "uid" : "eba3e03ccb2fe1b7",
        "reportUrl" : "https://Nat754.github.io/DealerPassport/6//#testresult/eba3e03ccb2fe1b7",
        "status" : "broken",
        "statusDetails" : "selenium.common.exceptions.WebDriverException: Message: unknown error: net::ERR_CONNECTION_TIMED_OUT\n  (Session info: chrome-headless-shell=125.0.6422.60)\nStacktrace:\n#0 0x56132c4a5eca <unknown>\n#1 0x56132c18f45c <unknown>\n#2 0x56132c186fd0 <unknown>\n#3 0x56132c176b32 <unknown>\n#4 0x56132c178162 <unknown>\n#5 0x56132c176ded <unknown>\n#6 0x56132c176503 <unknown>\n#7 0x56132c1763f5 <unknown>\n#8 0x56132c174336 <unknown>\n#9 0x56132c17483a <unknown>\n#10 0x56132c191ea7 <unknown>\n#11 0x56132c21ded5 <unknown>\n#12 0x56132c1fe4b2 <unknown>\n#13 0x56132c21d2cc <unknown>\n#14 0x56132c1fe253 <unknown>\n#15 0x56132c1ce1c7 <unknown>\n#16 0x56132c1ceb3e <unknown>\n#17 0x56132c46c30b <unknown>\n#18 0x56132c4703b7 <unknown>\n#19 0x56132c458e3e <unknown>\n#20 0x56132c470e82 <unknown>\n#21 0x56132c43d7df <unknown>\n#22 0x56132c4951b8 <unknown>\n#23 0x56132c49538b <unknown>\n#24 0x56132c4a4ffc <unknown>\n#25 0x7fa788094ac3 <unknown>",
        "time" : {
          "start" : 1716866078033,
          "stop" : 1716866078033,
          "duration" : 0
        }
      }, {
        "uid" : "a7a54d45e7ea1f2b",
        "reportUrl" : "https://Nat754.github.io/DealerPassport/5//#testresult/a7a54d45e7ea1f2b",
        "status" : "passed",
        "time" : {
          "start" : 1716775273367,
          "stop" : 1716775284239,
          "duration" : 10872
        }
      }, {
        "uid" : "90c3e10305207b73",
        "reportUrl" : "https://Nat754.github.io/DealerPassport/4//#testresult/90c3e10305207b73",
        "status" : "passed",
        "time" : {
          "start" : 1716688996344,
          "stop" : 1716689007185,
          "duration" : 10841
        }
      }, {
        "uid" : "168dafc1cd418477",
        "reportUrl" : "https://Nat754.github.io/DealerPassport/3//#testresult/168dafc1cd418477",
        "status" : "passed",
        "time" : {
          "start" : 1716602270312,
          "stop" : 1716602281210,
          "duration" : 10898
        }
      }, {
        "uid" : "ffa31f8e2347c93b",
        "reportUrl" : "https://Nat754.github.io/DealerPassport/2//#testresult/ffa31f8e2347c93b",
        "status" : "passed",
        "time" : {
          "start" : 1716515980281,
          "stop" : 1716515991114,
          "duration" : 10833
        }
      }, {
        "uid" : "519caf7c3778f518",
        "reportUrl" : "https://Nat754.github.io/DealerPassport/1//#testresult/519caf7c3778f518",
        "status" : "passed",
        "time" : {
          "start" : 1716443046185,
          "stop" : 1716443056995,
          "duration" : 10810
        }
      }, {
        "uid" : "1b694c30d3322511",
        "reportUrl" : "https://Nat754.github.io/DealerPassport/1//#testresult/1b694c30d3322511",
        "status" : "broken",
        "statusDetails" : "selenium.common.exceptions.TimeoutException: Message: \nStacktrace:\n#0 0x55aa17425eca <unknown>\n#1 0x55aa1710f45c <unknown>\n#2 0x55aa1715b5b5 <unknown>\n#3 0x55aa1715b671 <unknown>\n#4 0x55aa1719ff14 <unknown>\n#5 0x55aa1717e4dd <unknown>\n#6 0x55aa1719d2cc <unknown>\n#7 0x55aa1717e253 <unknown>\n#8 0x55aa1714e1c7 <unknown>\n#9 0x55aa1714eb3e <unknown>\n#10 0x55aa173ec30b <unknown>\n#11 0x55aa173f03b7 <unknown>\n#12 0x55aa173d8e3e <unknown>\n#13 0x55aa173f0e82 <unknown>\n#14 0x55aa173bd7df <unknown>\n#15 0x55aa174151b8 <unknown>\n#16 0x55aa1741538b <unknown>\n#17 0x55aa17424ffc <unknown>\n#18 0x7fa382694ac3 <unknown>",
        "time" : {
          "start" : 1716429534029,
          "stop" : 1716429534029,
          "duration" : 0
        }
      }, {
        "uid" : "364c1edc84619a91",
        "reportUrl" : "https://Nat754.github.io/DealerPassport/2//#testresult/364c1edc84619a91",
        "status" : "passed",
        "time" : {
          "start" : 1716384234030,
          "stop" : 1716384244870,
          "duration" : 10840
        }
      }, {
        "uid" : "fca5a17689e2b716",
        "reportUrl" : "https://Nat754.github.io/DealerPassport/1//#testresult/fca5a17689e2b716",
        "status" : "passed",
        "time" : {
          "start" : 1716383122588,
          "stop" : 1716383133381,
          "duration" : 10793
        }
      } ]
    },
    "tags" : [ "smoke_test" ]
  },
  "source" : "9425404c0183eeb0.json",
  "parameterValues" : [ "'https://dealer-passport-test.xsfera.ru/editor/'" ]
}