{
  "uid" : "944ed90bce940851",
  "name" : "test_open_seo[https://dealer-passport-test.xsfera.ru/q/]",
  "fullName" : "tests.main_page_test.TestMainPageSmoke#test_open_seo",
  "historyId" : "1fb1025992ec333cb53500ec94b03918",
  "time" : {
    "start" : 1716948252680,
    "stop" : 1716948252680,
    "duration" : 0
  },
  "status" : "broken",
  "statusMessage" : "selenium.common.exceptions.TimeoutException: Message: \nStacktrace:\n#0 0x557a1a008e8a <unknown>\n#1 0x557a19cf245c <unknown>\n#2 0x557a19d3e5b5 <unknown>\n#3 0x557a19d3e671 <unknown>\n#4 0x557a19d82f14 <unknown>\n#5 0x557a19d614dd <unknown>\n#6 0x557a19d802cc <unknown>\n#7 0x557a19d61253 <unknown>\n#8 0x557a19d311c7 <unknown>\n#9 0x557a19d31b3e <unknown>\n#10 0x557a19fcf2cb <unknown>\n#11 0x557a19fd3377 <unknown>\n#12 0x557a19fbbdfe <unknown>\n#13 0x557a19fd3e42 <unknown>\n#14 0x557a19fa079f <unknown>\n#15 0x557a19ff8178 <unknown>\n#16 0x557a19ff834b <unknown>\n#17 0x557a1a007fbc <unknown>\n#18 0x7f0c9d694ac3 <unknown>",
  "statusTrace" : "driver = <selenium.webdriver.chrome.webdriver.WebDriver (session=\"678099359b2aa5cad024840a08d35d6f\")>\n\n    @pytest.fixture\n    def auth_user_admin_to_seo(driver):\n        main_page = MainPage(driver)\n        url = Urls.MAIN_URL_SEO + Urls.AUTH\n        cookies = {'name': 'token', 'value': os.environ[\"SEO_ADMIN\"]}\n        driver.get(url)\n        driver.add_cookie(cookies)\n        driver.get(Urls.MAIN_URL_SEO)\n>       main_page.check_button_agree().click()\n\ntests/conftest.py:18: \n_ _ _ _ _ _ _ _ _ _ _ _ _ _ _ _ _ _ _ _ _ _ _ _ _ _ _ _ _ _ _ _ _ _ _ _ _ _ _ _ \npages/main_page.py:15: in check_button_agree\n    return self.element_is_visible(self.locator.AGREE_BUTTON)\npages/base_page.py:18: in element_is_visible\n    self.go_to_element(self.element_is_present(locator))\npages/base_page.py:34: in element_is_present\n    return Wait(self.driver, self.timeout).until(ec.presence_of_element_located(locator))\n_ _ _ _ _ _ _ _ _ _ _ _ _ _ _ _ _ _ _ _ _ _ _ _ _ _ _ _ _ _ _ _ _ _ _ _ _ _ _ _ \n\nself = <selenium.webdriver.support.wait.WebDriverWait (session=\"678099359b2aa5cad024840a08d35d6f\")>\nmethod = <function presence_of_element_located.<locals>._predicate at 0x7f3ff7c6d1c0>\nmessage = ''\n\n    def until(self, method: Callable[[D], Union[Literal[False], T]], message: str = \"\") -> T:\n        \"\"\"Calls the method provided with the driver as an argument until the \\\n        return value does not evaluate to ``False``.\n    \n        :param method: callable(WebDriver)\n        :param message: optional message for :exc:`TimeoutException`\n        :returns: the result of the last call to `method`\n        :raises: :exc:`selenium.common.exceptions.TimeoutException` if timeout occurs\n        \"\"\"\n        screen = None\n        stacktrace = None\n    \n        end_time = time.monotonic() + self._timeout\n        while True:\n            try:\n                value = method(self._driver)\n                if value:\n                    return value\n            except self._ignored_exceptions as exc:\n                screen = getattr(exc, \"screen\", None)\n                stacktrace = getattr(exc, \"stacktrace\", None)\n            time.sleep(self._poll)\n            if time.monotonic() > end_time:\n                break\n>       raise TimeoutException(message, screen, stacktrace)\nE       selenium.common.exceptions.TimeoutException: Message: \nE       Stacktrace:\nE       #0 0x557a1a008e8a <unknown>\nE       #1 0x557a19cf245c <unknown>\nE       #2 0x557a19d3e5b5 <unknown>\nE       #3 0x557a19d3e671 <unknown>\nE       #4 0x557a19d82f14 <unknown>\nE       #5 0x557a19d614dd <unknown>\nE       #6 0x557a19d802cc <unknown>\nE       #7 0x557a19d61253 <unknown>\nE       #8 0x557a19d311c7 <unknown>\nE       #9 0x557a19d31b3e <unknown>\nE       #10 0x557a19fcf2cb <unknown>\nE       #11 0x557a19fd3377 <unknown>\nE       #12 0x557a19fbbdfe <unknown>\nE       #13 0x557a19fd3e42 <unknown>\nE       #14 0x557a19fa079f <unknown>\nE       #15 0x557a19ff8178 <unknown>\nE       #16 0x557a19ff834b <unknown>\nE       #17 0x557a1a007fbc <unknown>\nE       #18 0x7f0c9d694ac3 <unknown>\n\n/opt/hostedtoolcache/Python/3.12.3/x64/lib/python3.12/site-packages/selenium/webdriver/support/wait.py:105: TimeoutException",
  "flaky" : false,
  "newFailed" : false,
  "beforeStages" : [ {
    "name" : "auth_user_admin_to_seo",
    "time" : {
      "start" : 1716948252877,
      "stop" : 1716948265466,
      "duration" : 12589
    },
    "status" : "broken",
    "statusMessage" : "selenium.common.exceptions.TimeoutException: Message: \nStacktrace:\n#0 0x557a1a008e8a <unknown>\n#1 0x557a19cf245c <unknown>\n#2 0x557a19d3e5b5 <unknown>\n#3 0x557a19d3e671 <unknown>\n#4 0x557a19d82f14 <unknown>\n#5 0x557a19d614dd <unknown>\n#6 0x557a19d802cc <unknown>\n#7 0x557a19d61253 <unknown>\n#8 0x557a19d311c7 <unknown>\n#9 0x557a19d31b3e <unknown>\n#10 0x557a19fcf2cb <unknown>\n#11 0x557a19fd3377 <unknown>\n#12 0x557a19fbbdfe <unknown>\n#13 0x557a19fd3e42 <unknown>\n#14 0x557a19fa079f <unknown>\n#15 0x557a19ff8178 <unknown>\n#16 0x557a19ff834b <unknown>\n#17 0x557a1a007fbc <unknown>\n#18 0x7f0c9d694ac3 <unknown>\n\n",
    "statusTrace" : "  File \"/opt/hostedtoolcache/Python/3.12.3/x64/lib/python3.12/site-packages/pluggy/_callers.py\", line 167, in _multicall\n    teardown.throw(outcome._exception)\n  File \"/opt/hostedtoolcache/Python/3.12.3/x64/lib/python3.12/site-packages/_pytest/setuponly.py\", line 36, in pytest_fixture_setup\n    return (yield)\n            ^^^^^\n  File \"/opt/hostedtoolcache/Python/3.12.3/x64/lib/python3.12/site-packages/pluggy/_callers.py\", line 103, in _multicall\n    res = hook_impl.function(*args)\n          ^^^^^^^^^^^^^^^^^^^^^^^^^\n  File \"/opt/hostedtoolcache/Python/3.12.3/x64/lib/python3.12/site-packages/_pytest/fixtures.py\", line 1140, in pytest_fixture_setup\n    result = call_fixture_func(fixturefunc, request, kwargs)\n             ^^^^^^^^^^^^^^^^^^^^^^^^^^^^^^^^^^^^^^^^^^^^^^^\n  File \"/opt/hostedtoolcache/Python/3.12.3/x64/lib/python3.12/site-packages/_pytest/fixtures.py\", line 917, in call_fixture_func\n    fixture_result = fixturefunc(**kwargs)\n                     ^^^^^^^^^^^^^^^^^^^^^\n  File \"/home/runner/work/DealerPassport/DealerPassport/tests/conftest.py\", line 18, in auth_user_admin_to_seo\n    main_page.check_button_agree().click()\n    ^^^^^^^^^^^^^^^^^^^^^^^^^^^^^^\n  File \"/opt/hostedtoolcache/Python/3.12.3/x64/lib/python3.12/site-packages/allure_commons/_allure.py\", line 192, in impl\n    return func(*a, **kw)\n           ^^^^^^^^^^^^^^\n  File \"/home/runner/work/DealerPassport/DealerPassport/pages/main_page.py\", line 15, in check_button_agree\n    return self.element_is_visible(self.locator.AGREE_BUTTON)\n           ^^^^^^^^^^^^^^^^^^^^^^^^^^^^^^^^^^^^^^^^^^^^^^^^^^\n  File \"/home/runner/work/DealerPassport/DealerPassport/pages/base_page.py\", line 18, in element_is_visible\n    self.go_to_element(self.element_is_present(locator))\n                       ^^^^^^^^^^^^^^^^^^^^^^^^^^^^^^^^\n  File \"/home/runner/work/DealerPassport/DealerPassport/pages/base_page.py\", line 34, in element_is_present\n    return Wait(self.driver, self.timeout).until(ec.presence_of_element_located(locator))\n           ^^^^^^^^^^^^^^^^^^^^^^^^^^^^^^^^^^^^^^^^^^^^^^^^^^^^^^^^^^^^^^^^^^^^^^^^^^^^^^\n  File \"/opt/hostedtoolcache/Python/3.12.3/x64/lib/python3.12/site-packages/selenium/webdriver/support/wait.py\", line 105, in until\n    raise TimeoutException(message, screen, stacktrace)\n",
    "steps" : [ {
      "name" : "Проверка видимости кнопки '('xpath', '//span[text()=\"Согласен\"]')' на главной странице",
      "time" : {
        "start" : 1716948255239,
        "stop" : 1716948265465,
        "duration" : 10226
      },
      "status" : "broken",
      "statusMessage" : "selenium.common.exceptions.TimeoutException: Message: \nStacktrace:\n#0 0x557a1a008e8a <unknown>\n#1 0x557a19cf245c <unknown>\n#2 0x557a19d3e5b5 <unknown>\n#3 0x557a19d3e671 <unknown>\n#4 0x557a19d82f14 <unknown>\n#5 0x557a19d614dd <unknown>\n#6 0x557a19d802cc <unknown>\n#7 0x557a19d61253 <unknown>\n#8 0x557a19d311c7 <unknown>\n#9 0x557a19d31b3e <unknown>\n#10 0x557a19fcf2cb <unknown>\n#11 0x557a19fd3377 <unknown>\n#12 0x557a19fbbdfe <unknown>\n#13 0x557a19fd3e42 <unknown>\n#14 0x557a19fa079f <unknown>\n#15 0x557a19ff8178 <unknown>\n#16 0x557a19ff834b <unknown>\n#17 0x557a1a007fbc <unknown>\n#18 0x7f0c9d694ac3 <unknown>\n\n",
      "statusTrace" : "  File \"/opt/hostedtoolcache/Python/3.12.3/x64/lib/python3.12/site-packages/allure_commons/_allure.py\", line 192, in impl\n    return func(*a, **kw)\n           ^^^^^^^^^^^^^^\n  File \"/home/runner/work/DealerPassport/DealerPassport/pages/main_page.py\", line 15, in check_button_agree\n    return self.element_is_visible(self.locator.AGREE_BUTTON)\n           ^^^^^^^^^^^^^^^^^^^^^^^^^^^^^^^^^^^^^^^^^^^^^^^^^^\n  File \"/home/runner/work/DealerPassport/DealerPassport/pages/base_page.py\", line 18, in element_is_visible\n    self.go_to_element(self.element_is_present(locator))\n                       ^^^^^^^^^^^^^^^^^^^^^^^^^^^^^^^^\n  File \"/home/runner/work/DealerPassport/DealerPassport/pages/base_page.py\", line 34, in element_is_present\n    return Wait(self.driver, self.timeout).until(ec.presence_of_element_located(locator))\n           ^^^^^^^^^^^^^^^^^^^^^^^^^^^^^^^^^^^^^^^^^^^^^^^^^^^^^^^^^^^^^^^^^^^^^^^^^^^^^^\n  File \"/opt/hostedtoolcache/Python/3.12.3/x64/lib/python3.12/site-packages/selenium/webdriver/support/wait.py\", line 105, in until\n    raise TimeoutException(message, screen, stacktrace)\n",
      "steps" : [ ],
      "attachments" : [ ],
      "parameters" : [ ],
      "stepsCount" : 0,
      "attachmentsCount" : 0,
      "shouldDisplayMessage" : true,
      "hasContent" : true
    } ],
    "attachments" : [ ],
    "parameters" : [ ],
    "stepsCount" : 1,
    "attachmentsCount" : 0,
    "shouldDisplayMessage" : false,
    "hasContent" : true
  }, {
    "name" : "driver",
    "time" : {
      "start" : 1716948252681,
      "stop" : 1716948252877,
      "duration" : 196
    },
    "status" : "passed",
    "steps" : [ ],
    "attachments" : [ ],
    "parameters" : [ ],
    "stepsCount" : 0,
    "attachmentsCount" : 0,
    "shouldDisplayMessage" : false,
    "hasContent" : false
  }, {
    "name" : "clear_allure_results_folder",
    "time" : {
      "start" : 1716948078838,
      "stop" : 1716948078838,
      "duration" : 0
    },
    "status" : "passed",
    "steps" : [ ],
    "attachments" : [ ],
    "parameters" : [ ],
    "stepsCount" : 0,
    "attachmentsCount" : 0,
    "shouldDisplayMessage" : false,
    "hasContent" : false
  } ],
  "afterStages" : [ {
    "name" : "driver::0",
    "time" : {
      "start" : 1716948265479,
      "stop" : 1716948265538,
      "duration" : 59
    },
    "status" : "passed",
    "steps" : [ ],
    "attachments" : [ ],
    "parameters" : [ ],
    "stepsCount" : 0,
    "attachmentsCount" : 0,
    "shouldDisplayMessage" : false,
    "hasContent" : false
  } ],
  "labels" : [ {
    "name" : "epic",
    "value" : "Test Main Page smoke_test"
  }, {
    "name" : "tag",
    "value" : "smoke_test"
  }, {
    "name" : "parentSuite",
    "value" : "tests"
  }, {
    "name" : "suite",
    "value" : "main_page_test"
  }, {
    "name" : "subSuite",
    "value" : "TestMainPageSmoke"
  }, {
    "name" : "host",
    "value" : "fv-az1435-859"
  }, {
    "name" : "thread",
    "value" : "2237-MainThread"
  }, {
    "name" : "framework",
    "value" : "pytest"
  }, {
    "name" : "language",
    "value" : "cpython3"
  }, {
    "name" : "package",
    "value" : "tests.main_page_test"
  }, {
    "name" : "resultFormat",
    "value" : "allure2"
  } ],
  "parameters" : [ {
    "name" : "url",
    "value" : "'https://dealer-passport-test.xsfera.ru/q/'"
  } ],
  "links" : [ ],
  "hidden" : false,
  "retry" : false,
  "extra" : {
    "severity" : "normal",
    "retries" : [ ],
    "categories" : [ {
      "name" : "Test defects",
      "matchedStatuses" : [ ],
      "flaky" : false
    } ],
    "history" : {
      "statistic" : {
        "failed" : 0,
        "broken" : 3,
        "skipped" : 0,
        "passed" : 7,
        "unknown" : 0,
        "total" : 10
      },
      "items" : [ {
        "uid" : "97115d901348611f",
        "reportUrl" : "https://Nat754.github.io/DealerPassport/6//#testresult/97115d901348611f",
        "status" : "broken",
        "statusDetails" : "selenium.common.exceptions.WebDriverException: Message: unknown error: net::ERR_CONNECTION_TIMED_OUT\n  (Session info: chrome-headless-shell=125.0.6422.60)\nStacktrace:\n#0 0x55efbdfc4eca <unknown>\n#1 0x55efbdcae45c <unknown>\n#2 0x55efbdca5fd0 <unknown>\n#3 0x55efbdc95b32 <unknown>\n#4 0x55efbdc97162 <unknown>\n#5 0x55efbdc95ded <unknown>\n#6 0x55efbdc95503 <unknown>\n#7 0x55efbdc953f5 <unknown>\n#8 0x55efbdc93336 <unknown>\n#9 0x55efbdc9383a <unknown>\n#10 0x55efbdcb0ea7 <unknown>\n#11 0x55efbdd3ced5 <unknown>\n#12 0x55efbdd1d4b2 <unknown>\n#13 0x55efbdd3c2cc <unknown>\n#14 0x55efbdd1d253 <unknown>\n#15 0x55efbdced1c7 <unknown>\n#16 0x55efbdcedb3e <unknown>\n#17 0x55efbdf8b30b <unknown>\n#18 0x55efbdf8f3b7 <unknown>\n#19 0x55efbdf77e3e <unknown>\n#20 0x55efbdf8fe82 <unknown>\n#21 0x55efbdf5c7df <unknown>\n#22 0x55efbdfb41b8 <unknown>\n#23 0x55efbdfb438b <unknown>\n#24 0x55efbdfc3ffc <unknown>\n#25 0x7f4e58694ac3 <unknown>",
        "time" : {
          "start" : 1716867159377,
          "stop" : 1716867159377,
          "duration" : 0
        }
      }, {
        "uid" : "95ca9504f7e557e1",
        "reportUrl" : "https://Nat754.github.io/DealerPassport/5//#testresult/95ca9504f7e557e1",
        "status" : "passed",
        "time" : {
          "start" : 1716775385917,
          "stop" : 1716775396813,
          "duration" : 10896
        }
      }, {
        "uid" : "3d1dfdeacb0907fb",
        "reportUrl" : "https://Nat754.github.io/DealerPassport/4//#testresult/3d1dfdeacb0907fb",
        "status" : "passed",
        "time" : {
          "start" : 1716689108287,
          "stop" : 1716689119141,
          "duration" : 10854
        }
      }, {
        "uid" : "6bad3843a8ee87d8",
        "reportUrl" : "https://Nat754.github.io/DealerPassport/3//#testresult/6bad3843a8ee87d8",
        "status" : "passed",
        "time" : {
          "start" : 1716602388575,
          "stop" : 1716602399517,
          "duration" : 10942
        }
      }, {
        "uid" : "76aa1141f059d074",
        "reportUrl" : "https://Nat754.github.io/DealerPassport/2//#testresult/76aa1141f059d074",
        "status" : "passed",
        "time" : {
          "start" : 1716516090359,
          "stop" : 1716516101213,
          "duration" : 10854
        }
      }, {
        "uid" : "80374ac3e3630bb3",
        "reportUrl" : "https://Nat754.github.io/DealerPassport/1//#testresult/80374ac3e3630bb3",
        "status" : "passed",
        "time" : {
          "start" : 1716443155091,
          "stop" : 1716443165911,
          "duration" : 10820
        }
      }, {
        "uid" : "cda79be475e27e6e",
        "reportUrl" : "https://Nat754.github.io/DealerPassport/1//#testresult/cda79be475e27e6e",
        "status" : "broken",
        "statusDetails" : "selenium.common.exceptions.TimeoutException: Message: \nStacktrace:\n#0 0x561aec48deca <unknown>\n#1 0x561aec17745c <unknown>\n#2 0x561aec1c35b5 <unknown>\n#3 0x561aec1c3671 <unknown>\n#4 0x561aec207f14 <unknown>\n#5 0x561aec1e64dd <unknown>\n#6 0x561aec2052cc <unknown>\n#7 0x561aec1e6253 <unknown>\n#8 0x561aec1b61c7 <unknown>\n#9 0x561aec1b6b3e <unknown>\n#10 0x561aec45430b <unknown>\n#11 0x561aec4583b7 <unknown>\n#12 0x561aec440e3e <unknown>\n#13 0x561aec458e82 <unknown>\n#14 0x561aec4257df <unknown>\n#15 0x561aec47d1b8 <unknown>\n#16 0x561aec47d38b <unknown>\n#17 0x561aec48cffc <unknown>\n#18 0x7fa23f294ac3 <unknown>",
        "time" : {
          "start" : 1716429637117,
          "stop" : 1716429637117,
          "duration" : 0
        }
      }, {
        "uid" : "22fabe4a38bf00e6",
        "reportUrl" : "https://Nat754.github.io/DealerPassport/2//#testresult/22fabe4a38bf00e6",
        "status" : "passed",
        "time" : {
          "start" : 1716384344254,
          "stop" : 1716384355156,
          "duration" : 10902
        }
      }, {
        "uid" : "d9bbb9c9400623cc",
        "reportUrl" : "https://Nat754.github.io/DealerPassport/1//#testresult/d9bbb9c9400623cc",
        "status" : "passed",
        "time" : {
          "start" : 1716383233379,
          "stop" : 1716383244300,
          "duration" : 10921
        }
      } ]
    },
    "tags" : [ "smoke_test" ]
  },
  "source" : "944ed90bce940851.json",
  "parameterValues" : [ "'https://dealer-passport-test.xsfera.ru/q/'" ]
}