{
  "uid" : "a41e76f6603f312c",
  "name" : "test_open_seo[https://dealer-passport-test.xsfera.ru/dealers/]",
  "fullName" : "tests.main_page_test.TestMainPageSmoke#test_open_seo",
  "historyId" : "4b9832eca4d22a522e019e9cf18dcb53",
  "time" : {
    "start" : 1716948278451,
    "stop" : 1716948278451,
    "duration" : 0
  },
  "status" : "broken",
  "statusMessage" : "selenium.common.exceptions.TimeoutException: Message: \nStacktrace:\n#0 0x557d21569e8a <unknown>\n#1 0x557d2125345c <unknown>\n#2 0x557d2129f5b5 <unknown>\n#3 0x557d2129f671 <unknown>\n#4 0x557d212e3f14 <unknown>\n#5 0x557d212c24dd <unknown>\n#6 0x557d212e12cc <unknown>\n#7 0x557d212c2253 <unknown>\n#8 0x557d212921c7 <unknown>\n#9 0x557d21292b3e <unknown>\n#10 0x557d215302cb <unknown>\n#11 0x557d21534377 <unknown>\n#12 0x557d2151cdfe <unknown>\n#13 0x557d21534e42 <unknown>\n#14 0x557d2150179f <unknown>\n#15 0x557d21559178 <unknown>\n#16 0x557d2155934b <unknown>\n#17 0x557d21568fbc <unknown>\n#18 0x7fcb0a294ac3 <unknown>",
  "statusTrace" : "driver = <selenium.webdriver.chrome.webdriver.WebDriver (session=\"d8e645100c32799052245eef2598f4e8\")>\n\n    @pytest.fixture\n    def auth_user_admin_to_seo(driver):\n        main_page = MainPage(driver)\n        url = Urls.MAIN_URL_SEO + Urls.AUTH\n        cookies = {'name': 'token', 'value': os.environ[\"SEO_ADMIN\"]}\n        driver.get(url)\n        driver.add_cookie(cookies)\n        driver.get(Urls.MAIN_URL_SEO)\n>       main_page.check_button_agree().click()\n\ntests/conftest.py:18: \n_ _ _ _ _ _ _ _ _ _ _ _ _ _ _ _ _ _ _ _ _ _ _ _ _ _ _ _ _ _ _ _ _ _ _ _ _ _ _ _ \npages/main_page.py:15: in check_button_agree\n    return self.element_is_visible(self.locator.AGREE_BUTTON)\npages/base_page.py:18: in element_is_visible\n    self.go_to_element(self.element_is_present(locator))\npages/base_page.py:34: in element_is_present\n    return Wait(self.driver, self.timeout).until(ec.presence_of_element_located(locator))\n_ _ _ _ _ _ _ _ _ _ _ _ _ _ _ _ _ _ _ _ _ _ _ _ _ _ _ _ _ _ _ _ _ _ _ _ _ _ _ _ \n\nself = <selenium.webdriver.support.wait.WebDriverWait (session=\"d8e645100c32799052245eef2598f4e8\")>\nmethod = <function presence_of_element_located.<locals>._predicate at 0x7f3ff7c6e480>\nmessage = ''\n\n    def until(self, method: Callable[[D], Union[Literal[False], T]], message: str = \"\") -> T:\n        \"\"\"Calls the method provided with the driver as an argument until the \\\n        return value does not evaluate to ``False``.\n    \n        :param method: callable(WebDriver)\n        :param message: optional message for :exc:`TimeoutException`\n        :returns: the result of the last call to `method`\n        :raises: :exc:`selenium.common.exceptions.TimeoutException` if timeout occurs\n        \"\"\"\n        screen = None\n        stacktrace = None\n    \n        end_time = time.monotonic() + self._timeout\n        while True:\n            try:\n                value = method(self._driver)\n                if value:\n                    return value\n            except self._ignored_exceptions as exc:\n                screen = getattr(exc, \"screen\", None)\n                stacktrace = getattr(exc, \"stacktrace\", None)\n            time.sleep(self._poll)\n            if time.monotonic() > end_time:\n                break\n>       raise TimeoutException(message, screen, stacktrace)\nE       selenium.common.exceptions.TimeoutException: Message: \nE       Stacktrace:\nE       #0 0x557d21569e8a <unknown>\nE       #1 0x557d2125345c <unknown>\nE       #2 0x557d2129f5b5 <unknown>\nE       #3 0x557d2129f671 <unknown>\nE       #4 0x557d212e3f14 <unknown>\nE       #5 0x557d212c24dd <unknown>\nE       #6 0x557d212e12cc <unknown>\nE       #7 0x557d212c2253 <unknown>\nE       #8 0x557d212921c7 <unknown>\nE       #9 0x557d21292b3e <unknown>\nE       #10 0x557d215302cb <unknown>\nE       #11 0x557d21534377 <unknown>\nE       #12 0x557d2151cdfe <unknown>\nE       #13 0x557d21534e42 <unknown>\nE       #14 0x557d2150179f <unknown>\nE       #15 0x557d21559178 <unknown>\nE       #16 0x557d2155934b <unknown>\nE       #17 0x557d21568fbc <unknown>\nE       #18 0x7fcb0a294ac3 <unknown>\n\n/opt/hostedtoolcache/Python/3.12.3/x64/lib/python3.12/site-packages/selenium/webdriver/support/wait.py:105: TimeoutException",
  "flaky" : false,
  "newFailed" : false,
  "beforeStages" : [ {
    "name" : "clear_allure_results_folder",
    "time" : {
      "start" : 1716948078838,
      "stop" : 1716948078838,
      "duration" : 0
    },
    "status" : "passed",
    "steps" : [ ],
    "attachments" : [ ],
    "parameters" : [ ],
    "stepsCount" : 0,
    "attachmentsCount" : 0,
    "shouldDisplayMessage" : false,
    "hasContent" : false
  }, {
    "name" : "auth_user_admin_to_seo",
    "time" : {
      "start" : 1716948278651,
      "stop" : 1716948291233,
      "duration" : 12582
    },
    "status" : "broken",
    "statusMessage" : "selenium.common.exceptions.TimeoutException: Message: \nStacktrace:\n#0 0x557d21569e8a <unknown>\n#1 0x557d2125345c <unknown>\n#2 0x557d2129f5b5 <unknown>\n#3 0x557d2129f671 <unknown>\n#4 0x557d212e3f14 <unknown>\n#5 0x557d212c24dd <unknown>\n#6 0x557d212e12cc <unknown>\n#7 0x557d212c2253 <unknown>\n#8 0x557d212921c7 <unknown>\n#9 0x557d21292b3e <unknown>\n#10 0x557d215302cb <unknown>\n#11 0x557d21534377 <unknown>\n#12 0x557d2151cdfe <unknown>\n#13 0x557d21534e42 <unknown>\n#14 0x557d2150179f <unknown>\n#15 0x557d21559178 <unknown>\n#16 0x557d2155934b <unknown>\n#17 0x557d21568fbc <unknown>\n#18 0x7fcb0a294ac3 <unknown>\n\n",
    "statusTrace" : "  File \"/opt/hostedtoolcache/Python/3.12.3/x64/lib/python3.12/site-packages/pluggy/_callers.py\", line 167, in _multicall\n    teardown.throw(outcome._exception)\n  File \"/opt/hostedtoolcache/Python/3.12.3/x64/lib/python3.12/site-packages/_pytest/setuponly.py\", line 36, in pytest_fixture_setup\n    return (yield)\n            ^^^^^\n  File \"/opt/hostedtoolcache/Python/3.12.3/x64/lib/python3.12/site-packages/pluggy/_callers.py\", line 103, in _multicall\n    res = hook_impl.function(*args)\n          ^^^^^^^^^^^^^^^^^^^^^^^^^\n  File \"/opt/hostedtoolcache/Python/3.12.3/x64/lib/python3.12/site-packages/_pytest/fixtures.py\", line 1140, in pytest_fixture_setup\n    result = call_fixture_func(fixturefunc, request, kwargs)\n             ^^^^^^^^^^^^^^^^^^^^^^^^^^^^^^^^^^^^^^^^^^^^^^^\n  File \"/opt/hostedtoolcache/Python/3.12.3/x64/lib/python3.12/site-packages/_pytest/fixtures.py\", line 917, in call_fixture_func\n    fixture_result = fixturefunc(**kwargs)\n                     ^^^^^^^^^^^^^^^^^^^^^\n  File \"/home/runner/work/DealerPassport/DealerPassport/tests/conftest.py\", line 18, in auth_user_admin_to_seo\n    main_page.check_button_agree().click()\n    ^^^^^^^^^^^^^^^^^^^^^^^^^^^^^^\n  File \"/opt/hostedtoolcache/Python/3.12.3/x64/lib/python3.12/site-packages/allure_commons/_allure.py\", line 192, in impl\n    return func(*a, **kw)\n           ^^^^^^^^^^^^^^\n  File \"/home/runner/work/DealerPassport/DealerPassport/pages/main_page.py\", line 15, in check_button_agree\n    return self.element_is_visible(self.locator.AGREE_BUTTON)\n           ^^^^^^^^^^^^^^^^^^^^^^^^^^^^^^^^^^^^^^^^^^^^^^^^^^\n  File \"/home/runner/work/DealerPassport/DealerPassport/pages/base_page.py\", line 18, in element_is_visible\n    self.go_to_element(self.element_is_present(locator))\n                       ^^^^^^^^^^^^^^^^^^^^^^^^^^^^^^^^\n  File \"/home/runner/work/DealerPassport/DealerPassport/pages/base_page.py\", line 34, in element_is_present\n    return Wait(self.driver, self.timeout).until(ec.presence_of_element_located(locator))\n           ^^^^^^^^^^^^^^^^^^^^^^^^^^^^^^^^^^^^^^^^^^^^^^^^^^^^^^^^^^^^^^^^^^^^^^^^^^^^^^\n  File \"/opt/hostedtoolcache/Python/3.12.3/x64/lib/python3.12/site-packages/selenium/webdriver/support/wait.py\", line 105, in until\n    raise TimeoutException(message, screen, stacktrace)\n",
    "steps" : [ {
      "name" : "Проверка видимости кнопки '('xpath', '//span[text()=\"Согласен\"]')' на главной странице",
      "time" : {
        "start" : 1716948281005,
        "stop" : 1716948291233,
        "duration" : 10228
      },
      "status" : "broken",
      "statusMessage" : "selenium.common.exceptions.TimeoutException: Message: \nStacktrace:\n#0 0x557d21569e8a <unknown>\n#1 0x557d2125345c <unknown>\n#2 0x557d2129f5b5 <unknown>\n#3 0x557d2129f671 <unknown>\n#4 0x557d212e3f14 <unknown>\n#5 0x557d212c24dd <unknown>\n#6 0x557d212e12cc <unknown>\n#7 0x557d212c2253 <unknown>\n#8 0x557d212921c7 <unknown>\n#9 0x557d21292b3e <unknown>\n#10 0x557d215302cb <unknown>\n#11 0x557d21534377 <unknown>\n#12 0x557d2151cdfe <unknown>\n#13 0x557d21534e42 <unknown>\n#14 0x557d2150179f <unknown>\n#15 0x557d21559178 <unknown>\n#16 0x557d2155934b <unknown>\n#17 0x557d21568fbc <unknown>\n#18 0x7fcb0a294ac3 <unknown>\n\n",
      "statusTrace" : "  File \"/opt/hostedtoolcache/Python/3.12.3/x64/lib/python3.12/site-packages/allure_commons/_allure.py\", line 192, in impl\n    return func(*a, **kw)\n           ^^^^^^^^^^^^^^\n  File \"/home/runner/work/DealerPassport/DealerPassport/pages/main_page.py\", line 15, in check_button_agree\n    return self.element_is_visible(self.locator.AGREE_BUTTON)\n           ^^^^^^^^^^^^^^^^^^^^^^^^^^^^^^^^^^^^^^^^^^^^^^^^^^\n  File \"/home/runner/work/DealerPassport/DealerPassport/pages/base_page.py\", line 18, in element_is_visible\n    self.go_to_element(self.element_is_present(locator))\n                       ^^^^^^^^^^^^^^^^^^^^^^^^^^^^^^^^\n  File \"/home/runner/work/DealerPassport/DealerPassport/pages/base_page.py\", line 34, in element_is_present\n    return Wait(self.driver, self.timeout).until(ec.presence_of_element_located(locator))\n           ^^^^^^^^^^^^^^^^^^^^^^^^^^^^^^^^^^^^^^^^^^^^^^^^^^^^^^^^^^^^^^^^^^^^^^^^^^^^^^\n  File \"/opt/hostedtoolcache/Python/3.12.3/x64/lib/python3.12/site-packages/selenium/webdriver/support/wait.py\", line 105, in until\n    raise TimeoutException(message, screen, stacktrace)\n",
      "steps" : [ ],
      "attachments" : [ ],
      "parameters" : [ ],
      "stepsCount" : 0,
      "attachmentsCount" : 0,
      "shouldDisplayMessage" : true,
      "hasContent" : true
    } ],
    "attachments" : [ ],
    "parameters" : [ ],
    "stepsCount" : 1,
    "attachmentsCount" : 0,
    "shouldDisplayMessage" : false,
    "hasContent" : true
  }, {
    "name" : "driver",
    "time" : {
      "start" : 1716948278452,
      "stop" : 1716948278650,
      "duration" : 198
    },
    "status" : "passed",
    "steps" : [ ],
    "attachments" : [ ],
    "parameters" : [ ],
    "stepsCount" : 0,
    "attachmentsCount" : 0,
    "shouldDisplayMessage" : false,
    "hasContent" : false
  } ],
  "afterStages" : [ {
    "name" : "driver::0",
    "time" : {
      "start" : 1716948291247,
      "stop" : 1716948291306,
      "duration" : 59
    },
    "status" : "passed",
    "steps" : [ ],
    "attachments" : [ ],
    "parameters" : [ ],
    "stepsCount" : 0,
    "attachmentsCount" : 0,
    "shouldDisplayMessage" : false,
    "hasContent" : false
  } ],
  "labels" : [ {
    "name" : "epic",
    "value" : "Test Main Page smoke_test"
  }, {
    "name" : "tag",
    "value" : "smoke_test"
  }, {
    "name" : "parentSuite",
    "value" : "tests"
  }, {
    "name" : "suite",
    "value" : "main_page_test"
  }, {
    "name" : "subSuite",
    "value" : "TestMainPageSmoke"
  }, {
    "name" : "host",
    "value" : "fv-az1435-859"
  }, {
    "name" : "thread",
    "value" : "2237-MainThread"
  }, {
    "name" : "framework",
    "value" : "pytest"
  }, {
    "name" : "language",
    "value" : "cpython3"
  }, {
    "name" : "package",
    "value" : "tests.main_page_test"
  }, {
    "name" : "resultFormat",
    "value" : "allure2"
  } ],
  "parameters" : [ {
    "name" : "url",
    "value" : "'https://dealer-passport-test.xsfera.ru/dealers/'"
  } ],
  "links" : [ ],
  "hidden" : false,
  "retry" : false,
  "extra" : {
    "severity" : "normal",
    "retries" : [ ],
    "categories" : [ {
      "name" : "Test defects",
      "matchedStatuses" : [ ],
      "flaky" : false
    } ],
    "history" : {
      "statistic" : {
        "failed" : 0,
        "broken" : 3,
        "skipped" : 0,
        "passed" : 7,
        "unknown" : 0,
        "total" : 10
      },
      "items" : [ {
        "uid" : "e4058b76973acc95",
        "reportUrl" : "https://Nat754.github.io/DealerPassport/6//#testresult/e4058b76973acc95",
        "status" : "broken",
        "statusDetails" : "selenium.common.exceptions.WebDriverException: Message: unknown error: net::ERR_CONNECTION_TIMED_OUT\n  (Session info: chrome-headless-shell=125.0.6422.60)\nStacktrace:\n#0 0x5654a5060eca <unknown>\n#1 0x5654a4d4a45c <unknown>\n#2 0x5654a4d41fd0 <unknown>\n#3 0x5654a4d31b32 <unknown>\n#4 0x5654a4d33162 <unknown>\n#5 0x5654a4d31ded <unknown>\n#6 0x5654a4d31503 <unknown>\n#7 0x5654a4d313f5 <unknown>\n#8 0x5654a4d2f336 <unknown>\n#9 0x5654a4d2f83a <unknown>\n#10 0x5654a4d4cea7 <unknown>\n#11 0x5654a4dd8ed5 <unknown>\n#12 0x5654a4db94b2 <unknown>\n#13 0x5654a4dd82cc <unknown>\n#14 0x5654a4db9253 <unknown>\n#15 0x5654a4d891c7 <unknown>\n#16 0x5654a4d89b3e <unknown>\n#17 0x5654a502730b <unknown>\n#18 0x5654a502b3b7 <unknown>\n#19 0x5654a5013e3e <unknown>\n#20 0x5654a502be82 <unknown>\n#21 0x5654a4ff87df <unknown>\n#22 0x5654a50501b8 <unknown>\n#23 0x5654a505038b <unknown>\n#24 0x5654a505fffc <unknown>\n#25 0x7ff169494ac3 <unknown>",
        "time" : {
          "start" : 1716867429714,
          "stop" : 1716867429714,
          "duration" : 0
        }
      }, {
        "uid" : "86704cf4266e4fb",
        "reportUrl" : "https://Nat754.github.io/DealerPassport/5//#testresult/86704cf4266e4fb",
        "status" : "passed",
        "time" : {
          "start" : 1716775415277,
          "stop" : 1716775426494,
          "duration" : 11217
        }
      }, {
        "uid" : "d54f0e2ab9e36bbd",
        "reportUrl" : "https://Nat754.github.io/DealerPassport/4//#testresult/d54f0e2ab9e36bbd",
        "status" : "passed",
        "time" : {
          "start" : 1716689141567,
          "stop" : 1716689152408,
          "duration" : 10841
        }
      }, {
        "uid" : "79fe5f9c2e7d60b3",
        "reportUrl" : "https://Nat754.github.io/DealerPassport/3//#testresult/79fe5f9c2e7d60b3",
        "status" : "passed",
        "time" : {
          "start" : 1716602417751,
          "stop" : 1716602428666,
          "duration" : 10915
        }
      }, {
        "uid" : "458f1f32e71e6f14",
        "reportUrl" : "https://Nat754.github.io/DealerPassport/2//#testresult/458f1f32e71e6f14",
        "status" : "passed",
        "time" : {
          "start" : 1716516118384,
          "stop" : 1716516129179,
          "duration" : 10795
        }
      }, {
        "uid" : "df79cc97b4285793",
        "reportUrl" : "https://Nat754.github.io/DealerPassport/1//#testresult/df79cc97b4285793",
        "status" : "passed",
        "time" : {
          "start" : 1716443182262,
          "stop" : 1716443193060,
          "duration" : 10798
        }
      }, {
        "uid" : "cd63530430af318d",
        "reportUrl" : "https://Nat754.github.io/DealerPassport/1//#testresult/cd63530430af318d",
        "status" : "broken",
        "statusDetails" : "selenium.common.exceptions.TimeoutException: Message: \nStacktrace:\n#0 0x55f8a070ceca <unknown>\n#1 0x55f8a03f645c <unknown>\n#2 0x55f8a04425b5 <unknown>\n#3 0x55f8a0442671 <unknown>\n#4 0x55f8a0486f14 <unknown>\n#5 0x55f8a04654dd <unknown>\n#6 0x55f8a04842cc <unknown>\n#7 0x55f8a0465253 <unknown>\n#8 0x55f8a04351c7 <unknown>\n#9 0x55f8a0435b3e <unknown>\n#10 0x55f8a06d330b <unknown>\n#11 0x55f8a06d73b7 <unknown>\n#12 0x55f8a06bfe3e <unknown>\n#13 0x55f8a06d7e82 <unknown>\n#14 0x55f8a06a47df <unknown>\n#15 0x55f8a06fc1b8 <unknown>\n#16 0x55f8a06fc38b <unknown>\n#17 0x55f8a070bffc <unknown>\n#18 0x7ff8bee94ac3 <unknown>",
        "time" : {
          "start" : 1716429662896,
          "stop" : 1716429662896,
          "duration" : 0
        }
      }, {
        "uid" : "34913a2a13398503",
        "reportUrl" : "https://Nat754.github.io/DealerPassport/2//#testresult/34913a2a13398503",
        "status" : "passed",
        "time" : {
          "start" : 1716384371642,
          "stop" : 1716384382506,
          "duration" : 10864
        }
      }, {
        "uid" : "8a7b097490f89fa8",
        "reportUrl" : "https://Nat754.github.io/DealerPassport/1//#testresult/8a7b097490f89fa8",
        "status" : "passed",
        "time" : {
          "start" : 1716383261155,
          "stop" : 1716383272001,
          "duration" : 10846
        }
      } ]
    },
    "tags" : [ "smoke_test" ]
  },
  "source" : "a41e76f6603f312c.json",
  "parameterValues" : [ "'https://dealer-passport-test.xsfera.ru/dealers/'" ]
}