{
  "uid" : "e3f792886b22743a",
  "name" : "test_open_seo[https://dealer-passport-test.xsfera.ru/indicators/]",
  "fullName" : "tests.main_page_test.TestMainPageSmoke#test_open_seo",
  "historyId" : "c424dc5c191f237d2970674212d19a31",
  "time" : {
    "start" : 1716948304156,
    "stop" : 1716948304156,
    "duration" : 0
  },
  "status" : "broken",
  "statusMessage" : "selenium.common.exceptions.TimeoutException: Message: \nStacktrace:\n#0 0x560a14f1de8a <unknown>\n#1 0x560a14c0745c <unknown>\n#2 0x560a14c535b5 <unknown>\n#3 0x560a14c53671 <unknown>\n#4 0x560a14c97f14 <unknown>\n#5 0x560a14c764dd <unknown>\n#6 0x560a14c952cc <unknown>\n#7 0x560a14c76253 <unknown>\n#8 0x560a14c461c7 <unknown>\n#9 0x560a14c46b3e <unknown>\n#10 0x560a14ee42cb <unknown>\n#11 0x560a14ee8377 <unknown>\n#12 0x560a14ed0dfe <unknown>\n#13 0x560a14ee8e42 <unknown>\n#14 0x560a14eb579f <unknown>\n#15 0x560a14f0d178 <unknown>\n#16 0x560a14f0d34b <unknown>\n#17 0x560a14f1cfbc <unknown>\n#18 0x7f2b5b294ac3 <unknown>",
  "statusTrace" : "driver = <selenium.webdriver.chrome.webdriver.WebDriver (session=\"5c04804f01092c8b8f7ecd4a83b4851b\")>\n\n    @pytest.fixture\n    def auth_user_admin_to_seo(driver):\n        main_page = MainPage(driver)\n        url = Urls.MAIN_URL_SEO + Urls.AUTH\n        cookies = {'name': 'token', 'value': os.environ[\"SEO_ADMIN\"]}\n        driver.get(url)\n        driver.add_cookie(cookies)\n        driver.get(Urls.MAIN_URL_SEO)\n>       main_page.check_button_agree().click()\n\ntests/conftest.py:18: \n_ _ _ _ _ _ _ _ _ _ _ _ _ _ _ _ _ _ _ _ _ _ _ _ _ _ _ _ _ _ _ _ _ _ _ _ _ _ _ _ \npages/main_page.py:15: in check_button_agree\n    return self.element_is_visible(self.locator.AGREE_BUTTON)\npages/base_page.py:18: in element_is_visible\n    self.go_to_element(self.element_is_present(locator))\npages/base_page.py:34: in element_is_present\n    return Wait(self.driver, self.timeout).until(ec.presence_of_element_located(locator))\n_ _ _ _ _ _ _ _ _ _ _ _ _ _ _ _ _ _ _ _ _ _ _ _ _ _ _ _ _ _ _ _ _ _ _ _ _ _ _ _ \n\nself = <selenium.webdriver.support.wait.WebDriverWait (session=\"5c04804f01092c8b8f7ecd4a83b4851b\")>\nmethod = <function presence_of_element_located.<locals>._predicate at 0x7f3ff7c6de40>\nmessage = ''\n\n    def until(self, method: Callable[[D], Union[Literal[False], T]], message: str = \"\") -> T:\n        \"\"\"Calls the method provided with the driver as an argument until the \\\n        return value does not evaluate to ``False``.\n    \n        :param method: callable(WebDriver)\n        :param message: optional message for :exc:`TimeoutException`\n        :returns: the result of the last call to `method`\n        :raises: :exc:`selenium.common.exceptions.TimeoutException` if timeout occurs\n        \"\"\"\n        screen = None\n        stacktrace = None\n    \n        end_time = time.monotonic() + self._timeout\n        while True:\n            try:\n                value = method(self._driver)\n                if value:\n                    return value\n            except self._ignored_exceptions as exc:\n                screen = getattr(exc, \"screen\", None)\n                stacktrace = getattr(exc, \"stacktrace\", None)\n            time.sleep(self._poll)\n            if time.monotonic() > end_time:\n                break\n>       raise TimeoutException(message, screen, stacktrace)\nE       selenium.common.exceptions.TimeoutException: Message: \nE       Stacktrace:\nE       #0 0x560a14f1de8a <unknown>\nE       #1 0x560a14c0745c <unknown>\nE       #2 0x560a14c535b5 <unknown>\nE       #3 0x560a14c53671 <unknown>\nE       #4 0x560a14c97f14 <unknown>\nE       #5 0x560a14c764dd <unknown>\nE       #6 0x560a14c952cc <unknown>\nE       #7 0x560a14c76253 <unknown>\nE       #8 0x560a14c461c7 <unknown>\nE       #9 0x560a14c46b3e <unknown>\nE       #10 0x560a14ee42cb <unknown>\nE       #11 0x560a14ee8377 <unknown>\nE       #12 0x560a14ed0dfe <unknown>\nE       #13 0x560a14ee8e42 <unknown>\nE       #14 0x560a14eb579f <unknown>\nE       #15 0x560a14f0d178 <unknown>\nE       #16 0x560a14f0d34b <unknown>\nE       #17 0x560a14f1cfbc <unknown>\nE       #18 0x7f2b5b294ac3 <unknown>\n\n/opt/hostedtoolcache/Python/3.12.3/x64/lib/python3.12/site-packages/selenium/webdriver/support/wait.py:105: TimeoutException",
  "flaky" : false,
  "newFailed" : false,
  "beforeStages" : [ {
    "name" : "clear_allure_results_folder",
    "time" : {
      "start" : 1716948078838,
      "stop" : 1716948078838,
      "duration" : 0
    },
    "status" : "passed",
    "steps" : [ ],
    "attachments" : [ ],
    "parameters" : [ ],
    "stepsCount" : 0,
    "attachmentsCount" : 0,
    "shouldDisplayMessage" : false,
    "hasContent" : false
  }, {
    "name" : "driver",
    "time" : {
      "start" : 1716948304156,
      "stop" : 1716948304353,
      "duration" : 197
    },
    "status" : "passed",
    "steps" : [ ],
    "attachments" : [ ],
    "parameters" : [ ],
    "stepsCount" : 0,
    "attachmentsCount" : 0,
    "shouldDisplayMessage" : false,
    "hasContent" : false
  }, {
    "name" : "auth_user_admin_to_seo",
    "time" : {
      "start" : 1716948304353,
      "stop" : 1716948316976,
      "duration" : 12623
    },
    "status" : "broken",
    "statusMessage" : "selenium.common.exceptions.TimeoutException: Message: \nStacktrace:\n#0 0x560a14f1de8a <unknown>\n#1 0x560a14c0745c <unknown>\n#2 0x560a14c535b5 <unknown>\n#3 0x560a14c53671 <unknown>\n#4 0x560a14c97f14 <unknown>\n#5 0x560a14c764dd <unknown>\n#6 0x560a14c952cc <unknown>\n#7 0x560a14c76253 <unknown>\n#8 0x560a14c461c7 <unknown>\n#9 0x560a14c46b3e <unknown>\n#10 0x560a14ee42cb <unknown>\n#11 0x560a14ee8377 <unknown>\n#12 0x560a14ed0dfe <unknown>\n#13 0x560a14ee8e42 <unknown>\n#14 0x560a14eb579f <unknown>\n#15 0x560a14f0d178 <unknown>\n#16 0x560a14f0d34b <unknown>\n#17 0x560a14f1cfbc <unknown>\n#18 0x7f2b5b294ac3 <unknown>\n\n",
    "statusTrace" : "  File \"/opt/hostedtoolcache/Python/3.12.3/x64/lib/python3.12/site-packages/pluggy/_callers.py\", line 167, in _multicall\n    teardown.throw(outcome._exception)\n  File \"/opt/hostedtoolcache/Python/3.12.3/x64/lib/python3.12/site-packages/_pytest/setuponly.py\", line 36, in pytest_fixture_setup\n    return (yield)\n            ^^^^^\n  File \"/opt/hostedtoolcache/Python/3.12.3/x64/lib/python3.12/site-packages/pluggy/_callers.py\", line 103, in _multicall\n    res = hook_impl.function(*args)\n          ^^^^^^^^^^^^^^^^^^^^^^^^^\n  File \"/opt/hostedtoolcache/Python/3.12.3/x64/lib/python3.12/site-packages/_pytest/fixtures.py\", line 1140, in pytest_fixture_setup\n    result = call_fixture_func(fixturefunc, request, kwargs)\n             ^^^^^^^^^^^^^^^^^^^^^^^^^^^^^^^^^^^^^^^^^^^^^^^\n  File \"/opt/hostedtoolcache/Python/3.12.3/x64/lib/python3.12/site-packages/_pytest/fixtures.py\", line 917, in call_fixture_func\n    fixture_result = fixturefunc(**kwargs)\n                     ^^^^^^^^^^^^^^^^^^^^^\n  File \"/home/runner/work/DealerPassport/DealerPassport/tests/conftest.py\", line 18, in auth_user_admin_to_seo\n    main_page.check_button_agree().click()\n    ^^^^^^^^^^^^^^^^^^^^^^^^^^^^^^\n  File \"/opt/hostedtoolcache/Python/3.12.3/x64/lib/python3.12/site-packages/allure_commons/_allure.py\", line 192, in impl\n    return func(*a, **kw)\n           ^^^^^^^^^^^^^^\n  File \"/home/runner/work/DealerPassport/DealerPassport/pages/main_page.py\", line 15, in check_button_agree\n    return self.element_is_visible(self.locator.AGREE_BUTTON)\n           ^^^^^^^^^^^^^^^^^^^^^^^^^^^^^^^^^^^^^^^^^^^^^^^^^^\n  File \"/home/runner/work/DealerPassport/DealerPassport/pages/base_page.py\", line 18, in element_is_visible\n    self.go_to_element(self.element_is_present(locator))\n                       ^^^^^^^^^^^^^^^^^^^^^^^^^^^^^^^^\n  File \"/home/runner/work/DealerPassport/DealerPassport/pages/base_page.py\", line 34, in element_is_present\n    return Wait(self.driver, self.timeout).until(ec.presence_of_element_located(locator))\n           ^^^^^^^^^^^^^^^^^^^^^^^^^^^^^^^^^^^^^^^^^^^^^^^^^^^^^^^^^^^^^^^^^^^^^^^^^^^^^^\n  File \"/opt/hostedtoolcache/Python/3.12.3/x64/lib/python3.12/site-packages/selenium/webdriver/support/wait.py\", line 105, in until\n    raise TimeoutException(message, screen, stacktrace)\n",
    "steps" : [ {
      "name" : "Проверка видимости кнопки '('xpath', '//span[text()=\"Согласен\"]')' на главной странице",
      "time" : {
        "start" : 1716948306751,
        "stop" : 1716948316975,
        "duration" : 10224
      },
      "status" : "broken",
      "statusMessage" : "selenium.common.exceptions.TimeoutException: Message: \nStacktrace:\n#0 0x560a14f1de8a <unknown>\n#1 0x560a14c0745c <unknown>\n#2 0x560a14c535b5 <unknown>\n#3 0x560a14c53671 <unknown>\n#4 0x560a14c97f14 <unknown>\n#5 0x560a14c764dd <unknown>\n#6 0x560a14c952cc <unknown>\n#7 0x560a14c76253 <unknown>\n#8 0x560a14c461c7 <unknown>\n#9 0x560a14c46b3e <unknown>\n#10 0x560a14ee42cb <unknown>\n#11 0x560a14ee8377 <unknown>\n#12 0x560a14ed0dfe <unknown>\n#13 0x560a14ee8e42 <unknown>\n#14 0x560a14eb579f <unknown>\n#15 0x560a14f0d178 <unknown>\n#16 0x560a14f0d34b <unknown>\n#17 0x560a14f1cfbc <unknown>\n#18 0x7f2b5b294ac3 <unknown>\n\n",
      "statusTrace" : "  File \"/opt/hostedtoolcache/Python/3.12.3/x64/lib/python3.12/site-packages/allure_commons/_allure.py\", line 192, in impl\n    return func(*a, **kw)\n           ^^^^^^^^^^^^^^\n  File \"/home/runner/work/DealerPassport/DealerPassport/pages/main_page.py\", line 15, in check_button_agree\n    return self.element_is_visible(self.locator.AGREE_BUTTON)\n           ^^^^^^^^^^^^^^^^^^^^^^^^^^^^^^^^^^^^^^^^^^^^^^^^^^\n  File \"/home/runner/work/DealerPassport/DealerPassport/pages/base_page.py\", line 18, in element_is_visible\n    self.go_to_element(self.element_is_present(locator))\n                       ^^^^^^^^^^^^^^^^^^^^^^^^^^^^^^^^\n  File \"/home/runner/work/DealerPassport/DealerPassport/pages/base_page.py\", line 34, in element_is_present\n    return Wait(self.driver, self.timeout).until(ec.presence_of_element_located(locator))\n           ^^^^^^^^^^^^^^^^^^^^^^^^^^^^^^^^^^^^^^^^^^^^^^^^^^^^^^^^^^^^^^^^^^^^^^^^^^^^^^\n  File \"/opt/hostedtoolcache/Python/3.12.3/x64/lib/python3.12/site-packages/selenium/webdriver/support/wait.py\", line 105, in until\n    raise TimeoutException(message, screen, stacktrace)\n",
      "steps" : [ ],
      "attachments" : [ ],
      "parameters" : [ ],
      "stepsCount" : 0,
      "attachmentsCount" : 0,
      "shouldDisplayMessage" : true,
      "hasContent" : true
    } ],
    "attachments" : [ ],
    "parameters" : [ ],
    "stepsCount" : 1,
    "attachmentsCount" : 0,
    "shouldDisplayMessage" : false,
    "hasContent" : true
  } ],
  "afterStages" : [ {
    "name" : "driver::0",
    "time" : {
      "start" : 1716948316989,
      "stop" : 1716948317048,
      "duration" : 59
    },
    "status" : "passed",
    "steps" : [ ],
    "attachments" : [ ],
    "parameters" : [ ],
    "stepsCount" : 0,
    "attachmentsCount" : 0,
    "shouldDisplayMessage" : false,
    "hasContent" : false
  } ],
  "labels" : [ {
    "name" : "epic",
    "value" : "Test Main Page smoke_test"
  }, {
    "name" : "tag",
    "value" : "smoke_test"
  }, {
    "name" : "parentSuite",
    "value" : "tests"
  }, {
    "name" : "suite",
    "value" : "main_page_test"
  }, {
    "name" : "subSuite",
    "value" : "TestMainPageSmoke"
  }, {
    "name" : "host",
    "value" : "fv-az1435-859"
  }, {
    "name" : "thread",
    "value" : "2237-MainThread"
  }, {
    "name" : "framework",
    "value" : "pytest"
  }, {
    "name" : "language",
    "value" : "cpython3"
  }, {
    "name" : "package",
    "value" : "tests.main_page_test"
  }, {
    "name" : "resultFormat",
    "value" : "allure2"
  } ],
  "parameters" : [ {
    "name" : "url",
    "value" : "'https://dealer-passport-test.xsfera.ru/indicators/'"
  } ],
  "links" : [ ],
  "hidden" : false,
  "retry" : false,
  "extra" : {
    "severity" : "normal",
    "retries" : [ ],
    "categories" : [ {
      "name" : "Test defects",
      "matchedStatuses" : [ ],
      "flaky" : false
    } ],
    "history" : {
      "statistic" : {
        "failed" : 0,
        "broken" : 3,
        "skipped" : 0,
        "passed" : 7,
        "unknown" : 0,
        "total" : 10
      },
      "items" : [ {
        "uid" : "480235ca10f0d280",
        "reportUrl" : "https://Nat754.github.io/DealerPassport/6//#testresult/480235ca10f0d280",
        "status" : "broken",
        "statusDetails" : "selenium.common.exceptions.WebDriverException: Message: unknown error: net::ERR_CONNECTION_TIMED_OUT\n  (Session info: chrome-headless-shell=125.0.6422.60)\nStacktrace:\n#0 0x55618a70eeca <unknown>\n#1 0x55618a3f845c <unknown>\n#2 0x55618a3effd0 <unknown>\n#3 0x55618a3dfb32 <unknown>\n#4 0x55618a3e1162 <unknown>\n#5 0x55618a3dfded <unknown>\n#6 0x55618a3df503 <unknown>\n#7 0x55618a3df3f5 <unknown>\n#8 0x55618a3dd336 <unknown>\n#9 0x55618a3dd83a <unknown>\n#10 0x55618a3faea7 <unknown>\n#11 0x55618a486ed5 <unknown>\n#12 0x55618a4674b2 <unknown>\n#13 0x55618a4862cc <unknown>\n#14 0x55618a467253 <unknown>\n#15 0x55618a4371c7 <unknown>\n#16 0x55618a437b3e <unknown>\n#17 0x55618a6d530b <unknown>\n#18 0x55618a6d93b7 <unknown>\n#19 0x55618a6c1e3e <unknown>\n#20 0x55618a6d9e82 <unknown>\n#21 0x55618a6a67df <unknown>\n#22 0x55618a6fe1b8 <unknown>\n#23 0x55618a6fe38b <unknown>\n#24 0x55618a70dffc <unknown>\n#25 0x7f43cba94ac3 <unknown>",
        "time" : {
          "start" : 1716867700049,
          "stop" : 1716867700049,
          "duration" : 0
        }
      }, {
        "uid" : "8afbe0d5e6deab9",
        "reportUrl" : "https://Nat754.github.io/DealerPassport/5//#testresult/8afbe0d5e6deab9",
        "status" : "passed",
        "time" : {
          "start" : 1716775445777,
          "stop" : 1716775456708,
          "duration" : 10931
        }
      }, {
        "uid" : "abff83219c965e04",
        "reportUrl" : "https://Nat754.github.io/DealerPassport/4//#testresult/abff83219c965e04",
        "status" : "passed",
        "time" : {
          "start" : 1716689169503,
          "stop" : 1716689180379,
          "duration" : 10876
        }
      }, {
        "uid" : "99b39dc93d1fb6e",
        "reportUrl" : "https://Nat754.github.io/DealerPassport/3//#testresult/99b39dc93d1fb6e",
        "status" : "passed",
        "time" : {
          "start" : 1716602446787,
          "stop" : 1716602457747,
          "duration" : 10960
        }
      }, {
        "uid" : "dd5ac45d9a242145",
        "reportUrl" : "https://Nat754.github.io/DealerPassport/2//#testresult/dd5ac45d9a242145",
        "status" : "passed",
        "time" : {
          "start" : 1716516146755,
          "stop" : 1716516158335,
          "duration" : 11580
        }
      }, {
        "uid" : "d80e404aeb60356b",
        "reportUrl" : "https://Nat754.github.io/DealerPassport/1//#testresult/d80e404aeb60356b",
        "status" : "passed",
        "time" : {
          "start" : 1716443209394,
          "stop" : 1716443220209,
          "duration" : 10815
        }
      }, {
        "uid" : "318b86d3f049bd7d",
        "reportUrl" : "https://Nat754.github.io/DealerPassport/1//#testresult/318b86d3f049bd7d",
        "status" : "broken",
        "statusDetails" : "selenium.common.exceptions.TimeoutException: Message: \nStacktrace:\n#0 0x559ab0582eca <unknown>\n#1 0x559ab026c45c <unknown>\n#2 0x559ab02b85b5 <unknown>\n#3 0x559ab02b8671 <unknown>\n#4 0x559ab02fcf14 <unknown>\n#5 0x559ab02db4dd <unknown>\n#6 0x559ab02fa2cc <unknown>\n#7 0x559ab02db253 <unknown>\n#8 0x559ab02ab1c7 <unknown>\n#9 0x559ab02abb3e <unknown>\n#10 0x559ab054930b <unknown>\n#11 0x559ab054d3b7 <unknown>\n#12 0x559ab0535e3e <unknown>\n#13 0x559ab054de82 <unknown>\n#14 0x559ab051a7df <unknown>\n#15 0x559ab05721b8 <unknown>\n#16 0x559ab057238b <unknown>\n#17 0x559ab0581ffc <unknown>\n#18 0x7f732d494ac3 <unknown>",
        "time" : {
          "start" : 1716429688679,
          "stop" : 1716429688679,
          "duration" : 0
        }
      }, {
        "uid" : "cc75d120907e7d3e",
        "reportUrl" : "https://Nat754.github.io/DealerPassport/2//#testresult/cc75d120907e7d3e",
        "status" : "passed",
        "time" : {
          "start" : 1716384399058,
          "stop" : 1716384409907,
          "duration" : 10849
        }
      }, {
        "uid" : "ad7ec7cf62327354",
        "reportUrl" : "https://Nat754.github.io/DealerPassport/1//#testresult/ad7ec7cf62327354",
        "status" : "passed",
        "time" : {
          "start" : 1716383288440,
          "stop" : 1716383299265,
          "duration" : 10825
        }
      } ]
    },
    "tags" : [ "smoke_test" ]
  },
  "source" : "e3f792886b22743a.json",
  "parameterValues" : [ "'https://dealer-passport-test.xsfera.ru/indicators/'" ]
}