{
  "uid" : "f3c2107f90f9061a",
  "name" : "test_open_seo[https://dealer-passport-test.xsfera.ru/uploads/]",
  "fullName" : "tests.main_page_test.TestMainPageSmoke#test_open_seo",
  "historyId" : "c82ac21e676b251a3734f141e0f54623",
  "time" : {
    "start" : 1716948317049,
    "stop" : 1716948317049,
    "duration" : 0
  },
  "status" : "broken",
  "statusMessage" : "selenium.common.exceptions.TimeoutException: Message: \nStacktrace:\n#0 0x5591139d9e8a <unknown>\n#1 0x5591136c345c <unknown>\n#2 0x55911370f5b5 <unknown>\n#3 0x55911370f671 <unknown>\n#4 0x559113753f14 <unknown>\n#5 0x5591137324dd <unknown>\n#6 0x5591137512cc <unknown>\n#7 0x559113732253 <unknown>\n#8 0x5591137021c7 <unknown>\n#9 0x559113702b3e <unknown>\n#10 0x5591139a02cb <unknown>\n#11 0x5591139a4377 <unknown>\n#12 0x55911398cdfe <unknown>\n#13 0x5591139a4e42 <unknown>\n#14 0x55911397179f <unknown>\n#15 0x5591139c9178 <unknown>\n#16 0x5591139c934b <unknown>\n#17 0x5591139d8fbc <unknown>\n#18 0x7f5ab8494ac3 <unknown>",
  "statusTrace" : "driver = <selenium.webdriver.chrome.webdriver.WebDriver (session=\"b77b6c1c164eec3df0fb45ba59b6e509\")>\n\n    @pytest.fixture\n    def auth_user_admin_to_seo(driver):\n        main_page = MainPage(driver)\n        url = Urls.MAIN_URL_SEO + Urls.AUTH\n        cookies = {'name': 'token', 'value': os.environ[\"SEO_ADMIN\"]}\n        driver.get(url)\n        driver.add_cookie(cookies)\n        driver.get(Urls.MAIN_URL_SEO)\n>       main_page.check_button_agree().click()\n\ntests/conftest.py:18: \n_ _ _ _ _ _ _ _ _ _ _ _ _ _ _ _ _ _ _ _ _ _ _ _ _ _ _ _ _ _ _ _ _ _ _ _ _ _ _ _ \npages/main_page.py:15: in check_button_agree\n    return self.element_is_visible(self.locator.AGREE_BUTTON)\npages/base_page.py:18: in element_is_visible\n    self.go_to_element(self.element_is_present(locator))\npages/base_page.py:34: in element_is_present\n    return Wait(self.driver, self.timeout).until(ec.presence_of_element_located(locator))\n_ _ _ _ _ _ _ _ _ _ _ _ _ _ _ _ _ _ _ _ _ _ _ _ _ _ _ _ _ _ _ _ _ _ _ _ _ _ _ _ \n\nself = <selenium.webdriver.support.wait.WebDriverWait (session=\"b77b6c1c164eec3df0fb45ba59b6e509\")>\nmethod = <function presence_of_element_located.<locals>._predicate at 0x7f3ff7c6ce00>\nmessage = ''\n\n    def until(self, method: Callable[[D], Union[Literal[False], T]], message: str = \"\") -> T:\n        \"\"\"Calls the method provided with the driver as an argument until the \\\n        return value does not evaluate to ``False``.\n    \n        :param method: callable(WebDriver)\n        :param message: optional message for :exc:`TimeoutException`\n        :returns: the result of the last call to `method`\n        :raises: :exc:`selenium.common.exceptions.TimeoutException` if timeout occurs\n        \"\"\"\n        screen = None\n        stacktrace = None\n    \n        end_time = time.monotonic() + self._timeout\n        while True:\n            try:\n                value = method(self._driver)\n                if value:\n                    return value\n            except self._ignored_exceptions as exc:\n                screen = getattr(exc, \"screen\", None)\n                stacktrace = getattr(exc, \"stacktrace\", None)\n            time.sleep(self._poll)\n            if time.monotonic() > end_time:\n                break\n>       raise TimeoutException(message, screen, stacktrace)\nE       selenium.common.exceptions.TimeoutException: Message: \nE       Stacktrace:\nE       #0 0x5591139d9e8a <unknown>\nE       #1 0x5591136c345c <unknown>\nE       #2 0x55911370f5b5 <unknown>\nE       #3 0x55911370f671 <unknown>\nE       #4 0x559113753f14 <unknown>\nE       #5 0x5591137324dd <unknown>\nE       #6 0x5591137512cc <unknown>\nE       #7 0x559113732253 <unknown>\nE       #8 0x5591137021c7 <unknown>\nE       #9 0x559113702b3e <unknown>\nE       #10 0x5591139a02cb <unknown>\nE       #11 0x5591139a4377 <unknown>\nE       #12 0x55911398cdfe <unknown>\nE       #13 0x5591139a4e42 <unknown>\nE       #14 0x55911397179f <unknown>\nE       #15 0x5591139c9178 <unknown>\nE       #16 0x5591139c934b <unknown>\nE       #17 0x5591139d8fbc <unknown>\nE       #18 0x7f5ab8494ac3 <unknown>\n\n/opt/hostedtoolcache/Python/3.12.3/x64/lib/python3.12/site-packages/selenium/webdriver/support/wait.py:105: TimeoutException",
  "flaky" : false,
  "newFailed" : false,
  "beforeStages" : [ {
    "name" : "auth_user_admin_to_seo",
    "time" : {
      "start" : 1716948317246,
      "stop" : 1716948329856,
      "duration" : 12610
    },
    "status" : "broken",
    "statusMessage" : "selenium.common.exceptions.TimeoutException: Message: \nStacktrace:\n#0 0x5591139d9e8a <unknown>\n#1 0x5591136c345c <unknown>\n#2 0x55911370f5b5 <unknown>\n#3 0x55911370f671 <unknown>\n#4 0x559113753f14 <unknown>\n#5 0x5591137324dd <unknown>\n#6 0x5591137512cc <unknown>\n#7 0x559113732253 <unknown>\n#8 0x5591137021c7 <unknown>\n#9 0x559113702b3e <unknown>\n#10 0x5591139a02cb <unknown>\n#11 0x5591139a4377 <unknown>\n#12 0x55911398cdfe <unknown>\n#13 0x5591139a4e42 <unknown>\n#14 0x55911397179f <unknown>\n#15 0x5591139c9178 <unknown>\n#16 0x5591139c934b <unknown>\n#17 0x5591139d8fbc <unknown>\n#18 0x7f5ab8494ac3 <unknown>\n\n",
    "statusTrace" : "  File \"/opt/hostedtoolcache/Python/3.12.3/x64/lib/python3.12/site-packages/pluggy/_callers.py\", line 167, in _multicall\n    teardown.throw(outcome._exception)\n  File \"/opt/hostedtoolcache/Python/3.12.3/x64/lib/python3.12/site-packages/_pytest/setuponly.py\", line 36, in pytest_fixture_setup\n    return (yield)\n            ^^^^^\n  File \"/opt/hostedtoolcache/Python/3.12.3/x64/lib/python3.12/site-packages/pluggy/_callers.py\", line 103, in _multicall\n    res = hook_impl.function(*args)\n          ^^^^^^^^^^^^^^^^^^^^^^^^^\n  File \"/opt/hostedtoolcache/Python/3.12.3/x64/lib/python3.12/site-packages/_pytest/fixtures.py\", line 1140, in pytest_fixture_setup\n    result = call_fixture_func(fixturefunc, request, kwargs)\n             ^^^^^^^^^^^^^^^^^^^^^^^^^^^^^^^^^^^^^^^^^^^^^^^\n  File \"/opt/hostedtoolcache/Python/3.12.3/x64/lib/python3.12/site-packages/_pytest/fixtures.py\", line 917, in call_fixture_func\n    fixture_result = fixturefunc(**kwargs)\n                     ^^^^^^^^^^^^^^^^^^^^^\n  File \"/home/runner/work/DealerPassport/DealerPassport/tests/conftest.py\", line 18, in auth_user_admin_to_seo\n    main_page.check_button_agree().click()\n    ^^^^^^^^^^^^^^^^^^^^^^^^^^^^^^\n  File \"/opt/hostedtoolcache/Python/3.12.3/x64/lib/python3.12/site-packages/allure_commons/_allure.py\", line 192, in impl\n    return func(*a, **kw)\n           ^^^^^^^^^^^^^^\n  File \"/home/runner/work/DealerPassport/DealerPassport/pages/main_page.py\", line 15, in check_button_agree\n    return self.element_is_visible(self.locator.AGREE_BUTTON)\n           ^^^^^^^^^^^^^^^^^^^^^^^^^^^^^^^^^^^^^^^^^^^^^^^^^^\n  File \"/home/runner/work/DealerPassport/DealerPassport/pages/base_page.py\", line 18, in element_is_visible\n    self.go_to_element(self.element_is_present(locator))\n                       ^^^^^^^^^^^^^^^^^^^^^^^^^^^^^^^^\n  File \"/home/runner/work/DealerPassport/DealerPassport/pages/base_page.py\", line 34, in element_is_present\n    return Wait(self.driver, self.timeout).until(ec.presence_of_element_located(locator))\n           ^^^^^^^^^^^^^^^^^^^^^^^^^^^^^^^^^^^^^^^^^^^^^^^^^^^^^^^^^^^^^^^^^^^^^^^^^^^^^^\n  File \"/opt/hostedtoolcache/Python/3.12.3/x64/lib/python3.12/site-packages/selenium/webdriver/support/wait.py\", line 105, in until\n    raise TimeoutException(message, screen, stacktrace)\n",
    "steps" : [ {
      "name" : "Проверка видимости кнопки '('xpath', '//span[text()=\"Согласен\"]')' на главной странице",
      "time" : {
        "start" : 1716948319630,
        "stop" : 1716948329855,
        "duration" : 10225
      },
      "status" : "broken",
      "statusMessage" : "selenium.common.exceptions.TimeoutException: Message: \nStacktrace:\n#0 0x5591139d9e8a <unknown>\n#1 0x5591136c345c <unknown>\n#2 0x55911370f5b5 <unknown>\n#3 0x55911370f671 <unknown>\n#4 0x559113753f14 <unknown>\n#5 0x5591137324dd <unknown>\n#6 0x5591137512cc <unknown>\n#7 0x559113732253 <unknown>\n#8 0x5591137021c7 <unknown>\n#9 0x559113702b3e <unknown>\n#10 0x5591139a02cb <unknown>\n#11 0x5591139a4377 <unknown>\n#12 0x55911398cdfe <unknown>\n#13 0x5591139a4e42 <unknown>\n#14 0x55911397179f <unknown>\n#15 0x5591139c9178 <unknown>\n#16 0x5591139c934b <unknown>\n#17 0x5591139d8fbc <unknown>\n#18 0x7f5ab8494ac3 <unknown>\n\n",
      "statusTrace" : "  File \"/opt/hostedtoolcache/Python/3.12.3/x64/lib/python3.12/site-packages/allure_commons/_allure.py\", line 192, in impl\n    return func(*a, **kw)\n           ^^^^^^^^^^^^^^\n  File \"/home/runner/work/DealerPassport/DealerPassport/pages/main_page.py\", line 15, in check_button_agree\n    return self.element_is_visible(self.locator.AGREE_BUTTON)\n           ^^^^^^^^^^^^^^^^^^^^^^^^^^^^^^^^^^^^^^^^^^^^^^^^^^\n  File \"/home/runner/work/DealerPassport/DealerPassport/pages/base_page.py\", line 18, in element_is_visible\n    self.go_to_element(self.element_is_present(locator))\n                       ^^^^^^^^^^^^^^^^^^^^^^^^^^^^^^^^\n  File \"/home/runner/work/DealerPassport/DealerPassport/pages/base_page.py\", line 34, in element_is_present\n    return Wait(self.driver, self.timeout).until(ec.presence_of_element_located(locator))\n           ^^^^^^^^^^^^^^^^^^^^^^^^^^^^^^^^^^^^^^^^^^^^^^^^^^^^^^^^^^^^^^^^^^^^^^^^^^^^^^\n  File \"/opt/hostedtoolcache/Python/3.12.3/x64/lib/python3.12/site-packages/selenium/webdriver/support/wait.py\", line 105, in until\n    raise TimeoutException(message, screen, stacktrace)\n",
      "steps" : [ ],
      "attachments" : [ ],
      "parameters" : [ ],
      "stepsCount" : 0,
      "attachmentsCount" : 0,
      "shouldDisplayMessage" : true,
      "hasContent" : true
    } ],
    "attachments" : [ ],
    "parameters" : [ ],
    "stepsCount" : 1,
    "attachmentsCount" : 0,
    "shouldDisplayMessage" : false,
    "hasContent" : true
  }, {
    "name" : "clear_allure_results_folder",
    "time" : {
      "start" : 1716948078838,
      "stop" : 1716948078838,
      "duration" : 0
    },
    "status" : "passed",
    "steps" : [ ],
    "attachments" : [ ],
    "parameters" : [ ],
    "stepsCount" : 0,
    "attachmentsCount" : 0,
    "shouldDisplayMessage" : false,
    "hasContent" : false
  }, {
    "name" : "driver",
    "time" : {
      "start" : 1716948317050,
      "stop" : 1716948317246,
      "duration" : 196
    },
    "status" : "passed",
    "steps" : [ ],
    "attachments" : [ ],
    "parameters" : [ ],
    "stepsCount" : 0,
    "attachmentsCount" : 0,
    "shouldDisplayMessage" : false,
    "hasContent" : false
  } ],
  "afterStages" : [ {
    "name" : "driver::0",
    "time" : {
      "start" : 1716948329870,
      "stop" : 1716948329930,
      "duration" : 60
    },
    "status" : "passed",
    "steps" : [ ],
    "attachments" : [ ],
    "parameters" : [ ],
    "stepsCount" : 0,
    "attachmentsCount" : 0,
    "shouldDisplayMessage" : false,
    "hasContent" : false
  } ],
  "labels" : [ {
    "name" : "epic",
    "value" : "Test Main Page smoke_test"
  }, {
    "name" : "tag",
    "value" : "smoke_test"
  }, {
    "name" : "parentSuite",
    "value" : "tests"
  }, {
    "name" : "suite",
    "value" : "main_page_test"
  }, {
    "name" : "subSuite",
    "value" : "TestMainPageSmoke"
  }, {
    "name" : "host",
    "value" : "fv-az1435-859"
  }, {
    "name" : "thread",
    "value" : "2237-MainThread"
  }, {
    "name" : "framework",
    "value" : "pytest"
  }, {
    "name" : "language",
    "value" : "cpython3"
  }, {
    "name" : "package",
    "value" : "tests.main_page_test"
  }, {
    "name" : "resultFormat",
    "value" : "allure2"
  } ],
  "parameters" : [ {
    "name" : "url",
    "value" : "'https://dealer-passport-test.xsfera.ru/uploads/'"
  } ],
  "links" : [ ],
  "hidden" : false,
  "retry" : false,
  "extra" : {
    "severity" : "normal",
    "retries" : [ ],
    "categories" : [ {
      "name" : "Test defects",
      "matchedStatuses" : [ ],
      "flaky" : false
    } ],
    "history" : {
      "statistic" : {
        "failed" : 0,
        "broken" : 3,
        "skipped" : 0,
        "passed" : 7,
        "unknown" : 0,
        "total" : 10
      },
      "items" : [ {
        "uid" : "8c5cfb8b7ab98ab0",
        "reportUrl" : "https://Nat754.github.io/DealerPassport/6//#testresult/8c5cfb8b7ab98ab0",
        "status" : "broken",
        "statusDetails" : "selenium.common.exceptions.WebDriverException: Message: unknown error: net::ERR_CONNECTION_TIMED_OUT\n  (Session info: chrome-headless-shell=125.0.6422.60)\nStacktrace:\n#0 0x56320899ceca <unknown>\n#1 0x56320868645c <unknown>\n#2 0x56320867dfd0 <unknown>\n#3 0x56320866db32 <unknown>\n#4 0x56320866f162 <unknown>\n#5 0x56320866dded <unknown>\n#6 0x56320866d503 <unknown>\n#7 0x56320866d3f5 <unknown>\n#8 0x56320866b336 <unknown>\n#9 0x56320866b83a <unknown>\n#10 0x563208688ea7 <unknown>\n#11 0x563208714ed5 <unknown>\n#12 0x5632086f54b2 <unknown>\n#13 0x5632087142cc <unknown>\n#14 0x5632086f5253 <unknown>\n#15 0x5632086c51c7 <unknown>\n#16 0x5632086c5b3e <unknown>\n#17 0x56320896330b <unknown>\n#18 0x5632089673b7 <unknown>\n#19 0x56320894fe3e <unknown>\n#20 0x563208967e82 <unknown>\n#21 0x5632089347df <unknown>\n#22 0x56320898c1b8 <unknown>\n#23 0x56320898c38b <unknown>\n#24 0x56320899bffc <unknown>\n#25 0x7fb680a94ac3 <unknown>",
        "time" : {
          "start" : 1716867835217,
          "stop" : 1716867835217,
          "duration" : 0
        }
      }, {
        "uid" : "b75febb384b8a70d",
        "reportUrl" : "https://Nat754.github.io/DealerPassport/5//#testresult/b75febb384b8a70d",
        "status" : "passed",
        "time" : {
          "start" : 1716775459913,
          "stop" : 1716775470839,
          "duration" : 10926
        }
      }, {
        "uid" : "ee7a7de098ce4e5",
        "reportUrl" : "https://Nat754.github.io/DealerPassport/4//#testresult/ee7a7de098ce4e5",
        "status" : "passed",
        "time" : {
          "start" : 1716689183694,
          "stop" : 1716689194554,
          "duration" : 10860
        }
      }, {
        "uid" : "f941387e7f15a2a6",
        "reportUrl" : "https://Nat754.github.io/DealerPassport/3//#testresult/f941387e7f15a2a6",
        "status" : "passed",
        "time" : {
          "start" : 1716602461391,
          "stop" : 1716602472332,
          "duration" : 10941
        }
      }, {
        "uid" : "d5a8ae54efab288a",
        "reportUrl" : "https://Nat754.github.io/DealerPassport/2//#testresult/d5a8ae54efab288a",
        "status" : "passed",
        "time" : {
          "start" : 1716516161270,
          "stop" : 1716516172063,
          "duration" : 10793
        }
      }, {
        "uid" : "b980aa80c87c9cee",
        "reportUrl" : "https://Nat754.github.io/DealerPassport/1//#testresult/b980aa80c87c9cee",
        "status" : "passed",
        "time" : {
          "start" : 1716443222899,
          "stop" : 1716443233725,
          "duration" : 10826
        }
      }, {
        "uid" : "6bd4ca3b725845e4",
        "reportUrl" : "https://Nat754.github.io/DealerPassport/1//#testresult/6bd4ca3b725845e4",
        "status" : "broken",
        "statusDetails" : "selenium.common.exceptions.TimeoutException: Message: \nStacktrace:\n#0 0x55bbf92feeca <unknown>\n#1 0x55bbf8fe845c <unknown>\n#2 0x55bbf90345b5 <unknown>\n#3 0x55bbf9034671 <unknown>\n#4 0x55bbf9078f14 <unknown>\n#5 0x55bbf90574dd <unknown>\n#6 0x55bbf90762cc <unknown>\n#7 0x55bbf9057253 <unknown>\n#8 0x55bbf90271c7 <unknown>\n#9 0x55bbf9027b3e <unknown>\n#10 0x55bbf92c530b <unknown>\n#11 0x55bbf92c93b7 <unknown>\n#12 0x55bbf92b1e3e <unknown>\n#13 0x55bbf92c9e82 <unknown>\n#14 0x55bbf92967df <unknown>\n#15 0x55bbf92ee1b8 <unknown>\n#16 0x55bbf92ee38b <unknown>\n#17 0x55bbf92fdffc <unknown>\n#18 0x7f1993494ac3 <unknown>",
        "time" : {
          "start" : 1716429701571,
          "stop" : 1716429701571,
          "duration" : 0
        }
      }, {
        "uid" : "3a242ed8b42b0ce2",
        "reportUrl" : "https://Nat754.github.io/DealerPassport/2//#testresult/3a242ed8b42b0ce2",
        "status" : "passed",
        "time" : {
          "start" : 1716384412763,
          "stop" : 1716384423605,
          "duration" : 10842
        }
      }, {
        "uid" : "9dd50018092d9d5e",
        "reportUrl" : "https://Nat754.github.io/DealerPassport/1//#testresult/9dd50018092d9d5e",
        "status" : "passed",
        "time" : {
          "start" : 1716383302100,
          "stop" : 1716383312920,
          "duration" : 10820
        }
      } ]
    },
    "tags" : [ "smoke_test" ]
  },
  "source" : "f3c2107f90f9061a.json",
  "parameterValues" : [ "'https://dealer-passport-test.xsfera.ru/uploads/'" ]
}