{
  "uid" : "b5b7629ab347f0fa",
  "name" : "test_open_seo[https://dealer-passport-test.xsfera.ru/dealers/]",
  "fullName" : "tests.main_page_test.TestMainPageSmoke#test_open_seo",
  "historyId" : "4b9832eca4d22a522e019e9cf18dcb53",
  "time" : {
    "start" : 1718676327414,
    "stop" : 1718676327414,
    "duration" : 0
  },
  "status" : "broken",
  "statusMessage" : "selenium.common.exceptions.TimeoutException: Message: \nStacktrace:\n#0 0x556bb64e8e3a <unknown>\n#1 0x556bb61d245c <unknown>\n#2 0x556bb621e5b5 <unknown>\n#3 0x556bb621e671 <unknown>\n#4 0x556bb6262f14 <unknown>\n#5 0x556bb62414dd <unknown>\n#6 0x556bb62602cc <unknown>\n#7 0x556bb6241253 <unknown>\n#8 0x556bb62111c7 <unknown>\n#9 0x556bb6211b3e <unknown>\n#10 0x556bb64af27b <unknown>\n#11 0x556bb64b3327 <unknown>\n#12 0x556bb649bdae <unknown>\n#13 0x556bb64b3df2 <unknown>\n#14 0x556bb648074f <unknown>\n#15 0x556bb64d8128 <unknown>\n#16 0x556bb64d82fb <unknown>\n#17 0x556bb64e7f6c <unknown>\n#18 0x7fe958294ac3 <unknown>",
  "statusTrace" : "driver = <selenium.webdriver.chrome.webdriver.WebDriver (session=\"7e230bab9393846f998d23534e535caf\")>\n\n    @pytest.fixture\n    def auth_user_admin_to_seo(driver):\n        main_page = MainPage(driver)\n        url = Urls.MAIN_URL_SEO + Urls.AUTH\n        cookies = {'name': 'token', 'value': os.environ[\"SEO_ADMIN\"]}\n        driver.get(url)\n        driver.add_cookie(cookies)\n        driver.get(Urls.MAIN_URL_SEO)\n>       main_page.check_button_agree().click()\n\ntests/conftest.py:18: \n_ _ _ _ _ _ _ _ _ _ _ _ _ _ _ _ _ _ _ _ _ _ _ _ _ _ _ _ _ _ _ _ _ _ _ _ _ _ _ _ \npages/main_page.py:15: in check_button_agree\n    return self.element_is_visible(self.locator.AGREE_BUTTON)\npages/base_page.py:18: in element_is_visible\n    self.go_to_element(self.element_is_present(locator))\npages/base_page.py:34: in element_is_present\n    return Wait(self.driver, self.timeout).until(ec.presence_of_element_located(locator))\n_ _ _ _ _ _ _ _ _ _ _ _ _ _ _ _ _ _ _ _ _ _ _ _ _ _ _ _ _ _ _ _ _ _ _ _ _ _ _ _ \n\nself = <selenium.webdriver.support.wait.WebDriverWait (session=\"7e230bab9393846f998d23534e535caf\")>\nmethod = <function presence_of_element_located.<locals>._predicate at 0x7f89da24a700>\nmessage = ''\n\n    def until(self, method: Callable[[D], Union[Literal[False], T]], message: str = \"\") -> T:\n        \"\"\"Calls the method provided with the driver as an argument until the \\\n        return value does not evaluate to ``False``.\n    \n        :param method: callable(WebDriver)\n        :param message: optional message for :exc:`TimeoutException`\n        :returns: the result of the last call to `method`\n        :raises: :exc:`selenium.common.exceptions.TimeoutException` if timeout occurs\n        \"\"\"\n        screen = None\n        stacktrace = None\n    \n        end_time = time.monotonic() + self._timeout\n        while True:\n            try:\n                value = method(self._driver)\n                if value:\n                    return value\n            except self._ignored_exceptions as exc:\n                screen = getattr(exc, \"screen\", None)\n                stacktrace = getattr(exc, \"stacktrace\", None)\n            time.sleep(self._poll)\n            if time.monotonic() > end_time:\n                break\n>       raise TimeoutException(message, screen, stacktrace)\nE       selenium.common.exceptions.TimeoutException: Message: \nE       Stacktrace:\nE       #0 0x556bb64e8e3a <unknown>\nE       #1 0x556bb61d245c <unknown>\nE       #2 0x556bb621e5b5 <unknown>\nE       #3 0x556bb621e671 <unknown>\nE       #4 0x556bb6262f14 <unknown>\nE       #5 0x556bb62414dd <unknown>\nE       #6 0x556bb62602cc <unknown>\nE       #7 0x556bb6241253 <unknown>\nE       #8 0x556bb62111c7 <unknown>\nE       #9 0x556bb6211b3e <unknown>\nE       #10 0x556bb64af27b <unknown>\nE       #11 0x556bb64b3327 <unknown>\nE       #12 0x556bb649bdae <unknown>\nE       #13 0x556bb64b3df2 <unknown>\nE       #14 0x556bb648074f <unknown>\nE       #15 0x556bb64d8128 <unknown>\nE       #16 0x556bb64d82fb <unknown>\nE       #17 0x556bb64e7f6c <unknown>\nE       #18 0x7fe958294ac3 <unknown>\n\n/opt/hostedtoolcache/Python/3.12.3/x64/lib/python3.12/site-packages/selenium/webdriver/support/wait.py:105: TimeoutException",
  "flaky" : false,
  "newFailed" : false,
  "beforeStages" : [ {
    "name" : "clear_allure_results_folder",
    "time" : {
      "start" : 1718676130878,
      "stop" : 1718676130878,
      "duration" : 0
    },
    "status" : "passed",
    "steps" : [ ],
    "attachments" : [ ],
    "parameters" : [ ],
    "stepsCount" : 0,
    "attachmentsCount" : 0,
    "shouldDisplayMessage" : false,
    "hasContent" : false
  }, {
    "name" : "driver",
    "time" : {
      "start" : 1718676327414,
      "stop" : 1718676327611,
      "duration" : 197
    },
    "status" : "passed",
    "steps" : [ ],
    "attachments" : [ ],
    "parameters" : [ ],
    "stepsCount" : 0,
    "attachmentsCount" : 0,
    "shouldDisplayMessage" : false,
    "hasContent" : false
  }, {
    "name" : "auth_user_admin_to_seo",
    "time" : {
      "start" : 1718676327611,
      "stop" : 1718676340324,
      "duration" : 12713
    },
    "status" : "broken",
    "statusMessage" : "selenium.common.exceptions.TimeoutException: Message: \nStacktrace:\n#0 0x556bb64e8e3a <unknown>\n#1 0x556bb61d245c <unknown>\n#2 0x556bb621e5b5 <unknown>\n#3 0x556bb621e671 <unknown>\n#4 0x556bb6262f14 <unknown>\n#5 0x556bb62414dd <unknown>\n#6 0x556bb62602cc <unknown>\n#7 0x556bb6241253 <unknown>\n#8 0x556bb62111c7 <unknown>\n#9 0x556bb6211b3e <unknown>\n#10 0x556bb64af27b <unknown>\n#11 0x556bb64b3327 <unknown>\n#12 0x556bb649bdae <unknown>\n#13 0x556bb64b3df2 <unknown>\n#14 0x556bb648074f <unknown>\n#15 0x556bb64d8128 <unknown>\n#16 0x556bb64d82fb <unknown>\n#17 0x556bb64e7f6c <unknown>\n#18 0x7fe958294ac3 <unknown>\n\n",
    "statusTrace" : "  File \"/opt/hostedtoolcache/Python/3.12.3/x64/lib/python3.12/site-packages/pluggy/_callers.py\", line 167, in _multicall\n    teardown.throw(outcome._exception)\n  File \"/opt/hostedtoolcache/Python/3.12.3/x64/lib/python3.12/site-packages/_pytest/setuponly.py\", line 36, in pytest_fixture_setup\n    return (yield)\n            ^^^^^\n  File \"/opt/hostedtoolcache/Python/3.12.3/x64/lib/python3.12/site-packages/pluggy/_callers.py\", line 103, in _multicall\n    res = hook_impl.function(*args)\n          ^^^^^^^^^^^^^^^^^^^^^^^^^\n  File \"/opt/hostedtoolcache/Python/3.12.3/x64/lib/python3.12/site-packages/_pytest/fixtures.py\", line 1140, in pytest_fixture_setup\n    result = call_fixture_func(fixturefunc, request, kwargs)\n             ^^^^^^^^^^^^^^^^^^^^^^^^^^^^^^^^^^^^^^^^^^^^^^^\n  File \"/opt/hostedtoolcache/Python/3.12.3/x64/lib/python3.12/site-packages/_pytest/fixtures.py\", line 917, in call_fixture_func\n    fixture_result = fixturefunc(**kwargs)\n                     ^^^^^^^^^^^^^^^^^^^^^\n  File \"/home/runner/work/DealerPassport/DealerPassport/tests/conftest.py\", line 18, in auth_user_admin_to_seo\n    main_page.check_button_agree().click()\n    ^^^^^^^^^^^^^^^^^^^^^^^^^^^^^^\n  File \"/opt/hostedtoolcache/Python/3.12.3/x64/lib/python3.12/site-packages/allure_commons/_allure.py\", line 192, in impl\n    return func(*a, **kw)\n           ^^^^^^^^^^^^^^\n  File \"/home/runner/work/DealerPassport/DealerPassport/pages/main_page.py\", line 15, in check_button_agree\n    return self.element_is_visible(self.locator.AGREE_BUTTON)\n           ^^^^^^^^^^^^^^^^^^^^^^^^^^^^^^^^^^^^^^^^^^^^^^^^^^\n  File \"/home/runner/work/DealerPassport/DealerPassport/pages/base_page.py\", line 18, in element_is_visible\n    self.go_to_element(self.element_is_present(locator))\n                       ^^^^^^^^^^^^^^^^^^^^^^^^^^^^^^^^\n  File \"/home/runner/work/DealerPassport/DealerPassport/pages/base_page.py\", line 34, in element_is_present\n    return Wait(self.driver, self.timeout).until(ec.presence_of_element_located(locator))\n           ^^^^^^^^^^^^^^^^^^^^^^^^^^^^^^^^^^^^^^^^^^^^^^^^^^^^^^^^^^^^^^^^^^^^^^^^^^^^^^\n  File \"/opt/hostedtoolcache/Python/3.12.3/x64/lib/python3.12/site-packages/selenium/webdriver/support/wait.py\", line 105, in until\n    raise TimeoutException(message, screen, stacktrace)\n",
    "steps" : [ {
      "name" : "Проверка видимости кнопки '('xpath', '//span[text()=\"Согласен\"]')' на главной странице",
      "time" : {
        "start" : 1718676330096,
        "stop" : 1718676340323,
        "duration" : 10227
      },
      "status" : "broken",
      "statusMessage" : "selenium.common.exceptions.TimeoutException: Message: \nStacktrace:\n#0 0x556bb64e8e3a <unknown>\n#1 0x556bb61d245c <unknown>\n#2 0x556bb621e5b5 <unknown>\n#3 0x556bb621e671 <unknown>\n#4 0x556bb6262f14 <unknown>\n#5 0x556bb62414dd <unknown>\n#6 0x556bb62602cc <unknown>\n#7 0x556bb6241253 <unknown>\n#8 0x556bb62111c7 <unknown>\n#9 0x556bb6211b3e <unknown>\n#10 0x556bb64af27b <unknown>\n#11 0x556bb64b3327 <unknown>\n#12 0x556bb649bdae <unknown>\n#13 0x556bb64b3df2 <unknown>\n#14 0x556bb648074f <unknown>\n#15 0x556bb64d8128 <unknown>\n#16 0x556bb64d82fb <unknown>\n#17 0x556bb64e7f6c <unknown>\n#18 0x7fe958294ac3 <unknown>\n\n",
      "statusTrace" : "  File \"/opt/hostedtoolcache/Python/3.12.3/x64/lib/python3.12/site-packages/allure_commons/_allure.py\", line 192, in impl\n    return func(*a, **kw)\n           ^^^^^^^^^^^^^^\n  File \"/home/runner/work/DealerPassport/DealerPassport/pages/main_page.py\", line 15, in check_button_agree\n    return self.element_is_visible(self.locator.AGREE_BUTTON)\n           ^^^^^^^^^^^^^^^^^^^^^^^^^^^^^^^^^^^^^^^^^^^^^^^^^^\n  File \"/home/runner/work/DealerPassport/DealerPassport/pages/base_page.py\", line 18, in element_is_visible\n    self.go_to_element(self.element_is_present(locator))\n                       ^^^^^^^^^^^^^^^^^^^^^^^^^^^^^^^^\n  File \"/home/runner/work/DealerPassport/DealerPassport/pages/base_page.py\", line 34, in element_is_present\n    return Wait(self.driver, self.timeout).until(ec.presence_of_element_located(locator))\n           ^^^^^^^^^^^^^^^^^^^^^^^^^^^^^^^^^^^^^^^^^^^^^^^^^^^^^^^^^^^^^^^^^^^^^^^^^^^^^^\n  File \"/opt/hostedtoolcache/Python/3.12.3/x64/lib/python3.12/site-packages/selenium/webdriver/support/wait.py\", line 105, in until\n    raise TimeoutException(message, screen, stacktrace)\n",
      "steps" : [ ],
      "attachments" : [ ],
      "parameters" : [ ],
      "stepsCount" : 0,
      "attachmentsCount" : 0,
      "shouldDisplayMessage" : true,
      "hasContent" : true
    } ],
    "attachments" : [ ],
    "parameters" : [ ],
    "stepsCount" : 1,
    "attachmentsCount" : 0,
    "shouldDisplayMessage" : false,
    "hasContent" : true
  } ],
  "afterStages" : [ {
    "name" : "driver::0",
    "time" : {
      "start" : 1718676340338,
      "stop" : 1718676340397,
      "duration" : 59
    },
    "status" : "passed",
    "steps" : [ ],
    "attachments" : [ ],
    "parameters" : [ ],
    "stepsCount" : 0,
    "attachmentsCount" : 0,
    "shouldDisplayMessage" : false,
    "hasContent" : false
  } ],
  "labels" : [ {
    "name" : "epic",
    "value" : "Test Main Page smoke_test"
  }, {
    "name" : "tag",
    "value" : "smoke_test"
  }, {
    "name" : "parentSuite",
    "value" : "tests"
  }, {
    "name" : "suite",
    "value" : "main_page_test"
  }, {
    "name" : "subSuite",
    "value" : "TestMainPageSmoke"
  }, {
    "name" : "host",
    "value" : "fv-az1251-995"
  }, {
    "name" : "thread",
    "value" : "2332-MainThread"
  }, {
    "name" : "framework",
    "value" : "pytest"
  }, {
    "name" : "language",
    "value" : "cpython3"
  }, {
    "name" : "package",
    "value" : "tests.main_page_test"
  }, {
    "name" : "resultFormat",
    "value" : "allure2"
  } ],
  "parameters" : [ {
    "name" : "url",
    "value" : "'https://dealer-passport-test.xsfera.ru/dealers/'"
  } ],
  "links" : [ ],
  "hidden" : false,
  "retry" : false,
  "extra" : {
    "severity" : "normal",
    "retries" : [ ],
    "categories" : [ {
      "name" : "Test defects",
      "matchedStatuses" : [ ],
      "flaky" : false
    } ],
    "history" : {
      "statistic" : {
        "failed" : 4,
        "broken" : 7,
        "skipped" : 0,
        "passed" : 13,
        "unknown" : 0,
        "total" : 24
      },
      "items" : [ {
        "uid" : "f6ca5595c7c05f25",
        "reportUrl" : "https://Nat754.github.io/DealerPassport/26//#testresult/f6ca5595c7c05f25",
        "status" : "broken",
        "statusDetails" : "selenium.common.exceptions.TimeoutException: Message: \nStacktrace:\n#0 0x56298dbdae3a <unknown>\n#1 0x56298d8c445c <unknown>\n#2 0x56298d9105b5 <unknown>\n#3 0x56298d910671 <unknown>\n#4 0x56298d954f14 <unknown>\n#5 0x56298d9334dd <unknown>\n#6 0x56298d9522cc <unknown>\n#7 0x56298d933253 <unknown>\n#8 0x56298d9031c7 <unknown>\n#9 0x56298d903b3e <unknown>\n#10 0x56298dba127b <unknown>\n#11 0x56298dba5327 <unknown>\n#12 0x56298db8ddae <unknown>\n#13 0x56298dba5df2 <unknown>\n#14 0x56298db7274f <unknown>\n#15 0x56298dbca128 <unknown>\n#16 0x56298dbca2fb <unknown>\n#17 0x56298dbd9f6c <unknown>\n#18 0x7ffb3d094ac3 <unknown>",
        "time" : {
          "start" : 1718590086802,
          "stop" : 1718590086802,
          "duration" : 0
        }
      }, {
        "uid" : "d809c1f7246859b7",
        "reportUrl" : "https://Nat754.github.io/DealerPassport/25//#testresult/d809c1f7246859b7",
        "status" : "broken",
        "statusDetails" : "selenium.common.exceptions.TimeoutException: Message: \nStacktrace:\n#0 0x558298f46e3a <unknown>\n#1 0x558298c3045c <unknown>\n#2 0x558298c7c5b5 <unknown>\n#3 0x558298c7c671 <unknown>\n#4 0x558298cc0f14 <unknown>\n#5 0x558298c9f4dd <unknown>\n#6 0x558298cbe2cc <unknown>\n#7 0x558298c9f253 <unknown>\n#8 0x558298c6f1c7 <unknown>\n#9 0x558298c6fb3e <unknown>\n#10 0x558298f0d27b <unknown>\n#11 0x558298f11327 <unknown>\n#12 0x558298ef9dae <unknown>\n#13 0x558298f11df2 <unknown>\n#14 0x558298ede74f <unknown>\n#15 0x558298f36128 <unknown>\n#16 0x558298f362fb <unknown>\n#17 0x558298f45f6c <unknown>\n#18 0x7f6c71294ac3 <unknown>",
        "time" : {
          "start" : 1718503796564,
          "stop" : 1718503796564,
          "duration" : 0
        }
      }, {
        "uid" : "7a1aec04237c7c7a",
        "reportUrl" : "https://Nat754.github.io/DealerPassport/24//#testresult/7a1aec04237c7c7a",
        "status" : "broken",
        "statusDetails" : "selenium.common.exceptions.TimeoutException: Message: \nStacktrace:\n#0 0x5631e28eae3a <unknown>\n#1 0x5631e25d445c <unknown>\n#2 0x5631e26205b5 <unknown>\n#3 0x5631e2620671 <unknown>\n#4 0x5631e2664f14 <unknown>\n#5 0x5631e26434dd <unknown>\n#6 0x5631e26622cc <unknown>\n#7 0x5631e2643253 <unknown>\n#8 0x5631e26131c7 <unknown>\n#9 0x5631e2613b3e <unknown>\n#10 0x5631e28b127b <unknown>\n#11 0x5631e28b5327 <unknown>\n#12 0x5631e289ddae <unknown>\n#13 0x5631e28b5df2 <unknown>\n#14 0x5631e288274f <unknown>\n#15 0x5631e28da128 <unknown>\n#16 0x5631e28da2fb <unknown>\n#17 0x5631e28e9f6c <unknown>\n#18 0x7fec0f094ac3 <unknown>",
        "time" : {
          "start" : 1718417030441,
          "stop" : 1718417030441,
          "duration" : 0
        }
      }, {
        "uid" : "bf950e61bd0e4c83",
        "reportUrl" : "https://Nat754.github.io/DealerPassport/23//#testresult/bf950e61bd0e4c83",
        "status" : "passed",
        "time" : {
          "start" : 1718330733145,
          "stop" : 1718330744148,
          "duration" : 11003
        }
      }, {
        "uid" : "c25d6779fdb814c7",
        "reportUrl" : "https://Nat754.github.io/DealerPassport/22//#testresult/c25d6779fdb814c7",
        "status" : "passed",
        "time" : {
          "start" : 1718244347653,
          "stop" : 1718244358649,
          "duration" : 10996
        }
      }, {
        "uid" : "61283e0747209139",
        "reportUrl" : "https://Nat754.github.io/DealerPassport/21//#testresult/61283e0747209139",
        "status" : "passed",
        "time" : {
          "start" : 1718157931236,
          "stop" : 1718157942007,
          "duration" : 10771
        }
      }, {
        "uid" : "285a64a9cfef1592",
        "reportUrl" : "https://Nat754.github.io/DealerPassport/20//#testresult/285a64a9cfef1592",
        "status" : "passed",
        "time" : {
          "start" : 1718071533472,
          "stop" : 1718071544328,
          "duration" : 10856
        }
      }, {
        "uid" : "95621c2bd314764d",
        "reportUrl" : "https://Nat754.github.io/DealerPassport/19//#testresult/95621c2bd314764d",
        "status" : "passed",
        "time" : {
          "start" : 1717985278317,
          "stop" : 1717985289267,
          "duration" : 10950
        }
      }, {
        "uid" : "d170ba5ffb760f35",
        "reportUrl" : "https://Nat754.github.io/DealerPassport/18//#testresult/d170ba5ffb760f35",
        "status" : "passed",
        "time" : {
          "start" : 1717898994031,
          "stop" : 1717899004956,
          "duration" : 10925
        }
      }, {
        "uid" : "6983fd3771d778a0",
        "reportUrl" : "https://Nat754.github.io/DealerPassport/17//#testresult/6983fd3771d778a0",
        "status" : "passed",
        "time" : {
          "start" : 1717812214350,
          "stop" : 1717812225182,
          "duration" : 10832
        }
      }, {
        "uid" : "ff6f4184bc016684",
        "reportUrl" : "https://Nat754.github.io/DealerPassport/16//#testresult/ff6f4184bc016684",
        "status" : "passed",
        "time" : {
          "start" : 1717725944000,
          "stop" : 1717725954823,
          "duration" : 10823
        }
      }, {
        "uid" : "e97f1a73f14438ea",
        "reportUrl" : "https://Nat754.github.io/DealerPassport/15//#testresult/e97f1a73f14438ea",
        "status" : "passed",
        "time" : {
          "start" : 1717639439513,
          "stop" : 1717639450485,
          "duration" : 10972
        }
      }, {
        "uid" : "b8577ad8824a76dd",
        "reportUrl" : "https://Nat754.github.io/DealerPassport/14//#testresult/b8577ad8824a76dd",
        "status" : "broken",
        "statusDetails" : "selenium.common.exceptions.TimeoutException: Message: \nStacktrace:\n#0 0x55619e361e8a <unknown>\n#1 0x55619e04b45c <unknown>\n#2 0x55619e0975b5 <unknown>\n#3 0x55619e097671 <unknown>\n#4 0x55619e0dbf14 <unknown>\n#5 0x55619e0ba4dd <unknown>\n#6 0x55619e0d92cc <unknown>\n#7 0x55619e0ba253 <unknown>\n#8 0x55619e08a1c7 <unknown>\n#9 0x55619e08ab3e <unknown>\n#10 0x55619e3282cb <unknown>\n#11 0x55619e32c377 <unknown>\n#12 0x55619e314dfe <unknown>\n#13 0x55619e32ce42 <unknown>\n#14 0x55619e2f979f <unknown>\n#15 0x55619e351178 <unknown>\n#16 0x55619e35134b <unknown>\n#17 0x55619e360fbc <unknown>\n#18 0x7f6ea1c94ac3 <unknown>",
        "time" : {
          "start" : 1717553045561,
          "stop" : 1717553045561,
          "duration" : 0
        }
      }, {
        "uid" : "a6eecb8fb1add1e9",
        "reportUrl" : "https://Nat754.github.io/DealerPassport/13//#testresult/a6eecb8fb1add1e9",
        "status" : "failed",
        "statusDetails" : "AssertionError: Ошибка: ['Произошла ошибка: errors.GRAPHQL_VALIDATION_FAILED']\nassert None\n +  where None = <bound method MainPage.check_not_errors of <pages.main_page.MainPage object at 0x7f730643bb00>>()\n +    where <bound method MainPage.check_not_errors of <pages.main_page.MainPage object at 0x7f730643bb00>> = <pages.main_page.MainPage object at 0x7f730643bb00>.check_not_errors",
        "time" : {
          "start" : 1717466634132,
          "stop" : 1717466635318,
          "duration" : 1186
        }
      }, {
        "uid" : "6668805cc183d1f0",
        "reportUrl" : "https://Nat754.github.io/DealerPassport/5//#testresult/6668805cc183d1f0",
        "status" : "failed",
        "statusDetails" : "AssertionError: Ошибка: ['Произошла ошибка: errors.GRAPHQL_VALIDATION_FAILED\\nПроизошла ошибка: errors.GRAPHQL_VALIDATION_FAILED\\nПроизошла ошибка: errors.GRAPHQL_VALIDATION_FAILED\\nПроизошла ошибка: errors.GRAPHQL_VALIDATION_FAILED']\nassert None\n +  where None = <bound method MainPage.check_not_errors of <pages.main_page.MainPage object at 0x7faf6eaf3500>>()\n +    where <bound method MainPage.check_not_errors of <pages.main_page.MainPage object at 0x7faf6eaf3500>> = <pages.main_page.MainPage object at 0x7faf6eaf3500>.check_not_errors",
        "time" : {
          "start" : 1717426166994,
          "stop" : 1717426168146,
          "duration" : 1152
        }
      }, {
        "uid" : "ec47975425e291c8",
        "reportUrl" : "https://Nat754.github.io/DealerPassport/12//#testresult/ec47975425e291c8",
        "status" : "broken",
        "statusDetails" : "selenium.common.exceptions.TimeoutException: Message: \nStacktrace:\n#0 0x55e0a99dbe8a <unknown>\n#1 0x55e0a96c545c <unknown>\n#2 0x55e0a97115b5 <unknown>\n#3 0x55e0a9711671 <unknown>\n#4 0x55e0a9755f14 <unknown>\n#5 0x55e0a97344dd <unknown>\n#6 0x55e0a97532cc <unknown>\n#7 0x55e0a9734253 <unknown>\n#8 0x55e0a97041c7 <unknown>\n#9 0x55e0a9704b3e <unknown>\n#10 0x55e0a99a22cb <unknown>\n#11 0x55e0a99a6377 <unknown>\n#12 0x55e0a998edfe <unknown>\n#13 0x55e0a99a6e42 <unknown>\n#14 0x55e0a997379f <unknown>\n#15 0x55e0a99cb178 <unknown>\n#16 0x55e0a99cb34b <unknown>\n#17 0x55e0a99dafbc <unknown>\n#18 0x7f1a41094ac3 <unknown>",
        "time" : {
          "start" : 1717380306096,
          "stop" : 1717380306096,
          "duration" : 0
        }
      }, {
        "uid" : "58ac710e394107e",
        "reportUrl" : "https://Nat754.github.io/DealerPassport/11//#testresult/58ac710e394107e",
        "status" : "broken",
        "statusDetails" : "selenium.common.exceptions.TimeoutException: Message: \nStacktrace:\n#0 0x55e88fdf3e8a <unknown>\n#1 0x55e88fadd45c <unknown>\n#2 0x55e88fb295b5 <unknown>\n#3 0x55e88fb29671 <unknown>\n#4 0x55e88fb6df14 <unknown>\n#5 0x55e88fb4c4dd <unknown>\n#6 0x55e88fb6b2cc <unknown>\n#7 0x55e88fb4c253 <unknown>\n#8 0x55e88fb1c1c7 <unknown>\n#9 0x55e88fb1cb3e <unknown>\n#10 0x55e88fdba2cb <unknown>\n#11 0x55e88fdbe377 <unknown>\n#12 0x55e88fda6dfe <unknown>\n#13 0x55e88fdbee42 <unknown>\n#14 0x55e88fd8b79f <unknown>\n#15 0x55e88fde3178 <unknown>\n#16 0x55e88fde334b <unknown>\n#17 0x55e88fdf2fbc <unknown>\n#18 0x7f4b11294ac3 <unknown>",
        "time" : {
          "start" : 1717294013824,
          "stop" : 1717294013824,
          "duration" : 0
        }
      }, {
        "uid" : "7c6b230c8c40215a",
        "reportUrl" : "https://Nat754.github.io/DealerPassport/10//#testresult/7c6b230c8c40215a",
        "status" : "failed",
        "statusDetails" : "AssertionError: Ошибка: ['Произошла ошибка: errors.GRAPHQL_VALIDATION_FAILED\\nПроизошла ошибка: errors.GRAPHQL_VALIDATION_FAILED\\nПроизошла ошибка: errors.GRAPHQL_VALIDATION_FAILED\\nПроизошла ошибка: errors.GRAPHQL_VALIDATION_FAILED\\nПроизошла ошибка: errors.GRAPHQL_VALIDATION_FAILED\\n[Network error]: ServerError: Response not successful: Received status code 400\\nПроизошла ошибка: errors.GRAPHQL_VALIDATION_FAILED\\nПроизошла ошибка: errors.GRAPHQL_VALIDATION_FAILED\\nПроизошла ошибка: errors.GRAPHQL_VALIDATION_FAILED\\nПроизошла ошибка: errors.GRAPHQL_VALIDATION_FAILED\\nПроизошла ошибка: errors.GRAPHQL_VALIDATION_FAILED\\nПроизошла ошибка: errors.GRAPHQL_VALIDATION_FAILED']\nassert None\n +  where None = <bound method MainPage.check_not_errors of <pages.main_page.MainPage object at 0x7f925923be60>>()\n +    where <bound method MainPage.check_not_errors of <pages.main_page.MainPage object at 0x7f925923be60>> = <pages.main_page.MainPage object at 0x7f925923be60>.check_not_errors",
        "time" : {
          "start" : 1717207592048,
          "stop" : 1717207595388,
          "duration" : 3340
        }
      }, {
        "uid" : "6e64d4d9fa9c4d4a",
        "reportUrl" : "https://Nat754.github.io/DealerPassport/5//#testresult/6e64d4d9fa9c4d4a",
        "status" : "failed",
        "statusDetails" : "AssertionError: Ошибка: ['Произошла ошибка: errors.GRAPHQL_VALIDATION_FAILED\\nПроизошла ошибка: errors.GRAPHQL_VALIDATION_FAILED\\nПроизошла ошибка: errors.GRAPHQL_VALIDATION_FAILED']\nassert None\n +  where None = <bound method MainPage.check_not_errors of <pages.main_page.MainPage object at 0x7fa8887f9d30>>()\n +    where <bound method MainPage.check_not_errors of <pages.main_page.MainPage object at 0x7fa8887f9d30>> = <pages.main_page.MainPage object at 0x7fa8887f9d30>.check_not_errors",
        "time" : {
          "start" : 1717150294130,
          "stop" : 1717150295279,
          "duration" : 1149
        }
      }, {
        "uid" : "f809d4d8907424ca",
        "reportUrl" : "https://Nat754.github.io/DealerPassport/5//#testresult/f809d4d8907424ca",
        "status" : "passed",
        "time" : {
          "start" : 1717143950941,
          "stop" : 1717143961871,
          "duration" : 10930
        }
      } ]
    },
    "tags" : [ "smoke_test" ]
  },
  "source" : "b5b7629ab347f0fa.json",
  "parameterValues" : [ "'https://dealer-passport-test.xsfera.ru/dealers/'" ]
}