{
  "uid" : "314098558042889a",
  "name" : "Проверить формирование отчета SRR в файл excell",
  "fullName" : "tests.srr_page_test.TestSRRPageSmoke#test_report_srr_to_excell",
  "historyId" : "60ebfef149fd8a3ff04c02effcc7df85",
  "time" : {
    "start" : 1731412162907,
    "stop" : 1731412162907,
    "duration" : 0
  },
  "status" : "broken",
  "statusMessage" : "selenium.common.exceptions.InvalidArgumentException: Message: invalid argument\n  (Session info: chrome=130.0.6723.91)\nStacktrace:\n#0 0x55adb8d9513a <unknown>\n#1 0x55adb88b02bd <unknown>\n#2 0x55adb889816f <unknown>\n#3 0x55adb88967c8 <unknown>\n#4 0x55adb8896eba <unknown>\n#5 0x55adb88b2d59 <unknown>\n#6 0x55adb8940645 <unknown>\n#7 0x55adb8921012 <unknown>\n#8 0x55adb893faf6 <unknown>\n#9 0x55adb8920db3 <unknown>\n#10 0x55adb88efc10 <unknown>\n#11 0x55adb88f0bee <unknown>\n#12 0x55adb8d613cb <unknown>\n#13 0x55adb8d65368 <unknown>\n#14 0x55adb8d4eeec <unknown>\n#15 0x55adb8d65ee7 <unknown>\n#16 0x55adb8d3413f <unknown>\n#17 0x55adb8d83858 <unknown>\n#18 0x55adb8d83a20 <unknown>\n#19 0x55adb8d93fb6 <unknown>\n#20 0x7fe97b894ac3 <unknown>",
  "statusTrace" : "driver = <selenium.webdriver.chrome.webdriver.WebDriver (session=\"4517b6dcad95ed58417b1b34982aa968\")>\n\n    @pytest.fixture\n    def auth_user_admin(driver):\n        main_page = MainPage(driver)\n        url = Urls.MAIN_URL + Urls.AUTH\n        cookies = {'name': 'token', 'value': os.environ[\"PROD_ADMIN\"]}\n>       driver.get(url)\n\ntests/conftest.py:42: \n_ _ _ _ _ _ _ _ _ _ _ _ _ _ _ _ _ _ _ _ _ _ _ _ _ _ _ _ _ _ _ _ _ _ _ _ _ _ _ _ \n/opt/hostedtoolcache/Python/3.12.7/x64/lib/python3.12/site-packages/selenium/webdriver/remote/webdriver.py:356: in get\n    self.execute(Command.GET, {\"url\": url})\n/opt/hostedtoolcache/Python/3.12.7/x64/lib/python3.12/site-packages/selenium/webdriver/remote/webdriver.py:347: in execute\n    self.error_handler.check_response(response)\n_ _ _ _ _ _ _ _ _ _ _ _ _ _ _ _ _ _ _ _ _ _ _ _ _ _ _ _ _ _ _ _ _ _ _ _ _ _ _ _ \n\nself = <selenium.webdriver.remote.errorhandler.ErrorHandler object at 0x7f72e8731790>\nresponse = {'status': 400, 'value': '{\"value\":{\"error\":\"invalid argument\",\"message\":\"invalid argument\\\\n  (Session info: chrome=1...\\\\n#18 0x55adb8d83a20 \\\\u003Cunknown>\\\\n#19 0x55adb8d93fb6 \\\\u003Cunknown>\\\\n#20 0x7fe97b894ac3 \\\\u003Cunknown>\\\\n\"}}'}\n\n    def check_response(self, response: Dict[str, Any]) -> None:\n        \"\"\"Checks that a JSON response from the WebDriver does not have an\n        error.\n    \n        :Args:\n         - response - The JSON response from the WebDriver server as a dictionary\n           object.\n    \n        :Raises: If the response contains an error message.\n        \"\"\"\n        status = response.get(\"status\", None)\n        if not status or status == ErrorCode.SUCCESS:\n            return\n        value = None\n        message = response.get(\"message\", \"\")\n        screen: str = response.get(\"screen\", \"\")\n        stacktrace = None\n        if isinstance(status, int):\n            value_json = response.get(\"value\", None)\n            if value_json and isinstance(value_json, str):\n                import json\n    \n                try:\n                    value = json.loads(value_json)\n                    if len(value) == 1:\n                        value = value[\"value\"]\n                    status = value.get(\"error\", None)\n                    if not status:\n                        status = value.get(\"status\", ErrorCode.UNKNOWN_ERROR)\n                        message = value.get(\"value\") or value.get(\"message\")\n                        if not isinstance(message, str):\n                            value = message\n                            message = message.get(\"message\")\n                    else:\n                        message = value.get(\"message\", None)\n                except ValueError:\n                    pass\n    \n        exception_class: Type[WebDriverException]\n        e = ErrorCode()\n        error_codes = [item for item in dir(e) if not item.startswith(\"__\")]\n        for error_code in error_codes:\n            error_info = getattr(ErrorCode, error_code)\n            if isinstance(error_info, list) and status in error_info:\n                exception_class = getattr(ExceptionMapping, error_code, WebDriverException)\n                break\n        else:\n            exception_class = WebDriverException\n    \n        if not value:\n            value = response[\"value\"]\n        if isinstance(value, str):\n            raise exception_class(value)\n        if message == \"\" and \"message\" in value:\n            message = value[\"message\"]\n    \n        screen = None  # type: ignore[assignment]\n        if \"screen\" in value:\n            screen = value[\"screen\"]\n    \n        stacktrace = None\n        st_value = value.get(\"stackTrace\") or value.get(\"stacktrace\")\n        if st_value:\n            if isinstance(st_value, str):\n                stacktrace = st_value.split(\"\\n\")\n            else:\n                stacktrace = []\n                try:\n                    for frame in st_value:\n                        line = frame.get(\"lineNumber\", \"\")\n                        file = frame.get(\"fileName\", \"<anonymous>\")\n                        if line:\n                            file = f\"{file}:{line}\"\n                        meth = frame.get(\"methodName\", \"<anonymous>\")\n                        if \"className\" in frame:\n                            meth = f\"{frame['className']}.{meth}\"\n                        msg = \"    at %s (%s)\"\n                        msg = msg % (meth, file)\n                        stacktrace.append(msg)\n                except TypeError:\n                    pass\n        if exception_class == UnexpectedAlertPresentException:\n            alert_text = None\n            if \"data\" in value:\n                alert_text = value[\"data\"].get(\"text\")\n            elif \"alert\" in value:\n                alert_text = value[\"alert\"].get(\"text\")\n            raise exception_class(message, screen, stacktrace, alert_text)  # type: ignore[call-arg]  # mypy is not smart enough here\n>       raise exception_class(message, screen, stacktrace)\nE       selenium.common.exceptions.InvalidArgumentException: Message: invalid argument\nE         (Session info: chrome=130.0.6723.91)\nE       Stacktrace:\nE       #0 0x55adb8d9513a <unknown>\nE       #1 0x55adb88b02bd <unknown>\nE       #2 0x55adb889816f <unknown>\nE       #3 0x55adb88967c8 <unknown>\nE       #4 0x55adb8896eba <unknown>\nE       #5 0x55adb88b2d59 <unknown>\nE       #6 0x55adb8940645 <unknown>\nE       #7 0x55adb8921012 <unknown>\nE       #8 0x55adb893faf6 <unknown>\nE       #9 0x55adb8920db3 <unknown>\nE       #10 0x55adb88efc10 <unknown>\nE       #11 0x55adb88f0bee <unknown>\nE       #12 0x55adb8d613cb <unknown>\nE       #13 0x55adb8d65368 <unknown>\nE       #14 0x55adb8d4eeec <unknown>\nE       #15 0x55adb8d65ee7 <unknown>\nE       #16 0x55adb8d3413f <unknown>\nE       #17 0x55adb8d83858 <unknown>\nE       #18 0x55adb8d83a20 <unknown>\nE       #19 0x55adb8d93fb6 <unknown>\nE       #20 0x7fe97b894ac3 <unknown>\n\n/opt/hostedtoolcache/Python/3.12.7/x64/lib/python3.12/site-packages/selenium/webdriver/remote/errorhandler.py:229: InvalidArgumentException",
  "flaky" : false,
  "newFailed" : false,
  "beforeStages" : [ {
    "name" : "clear_allure_results_folder",
    "time" : {
      "start" : 1731412128199,
      "stop" : 1731412128199,
      "duration" : 0
    },
    "status" : "passed",
    "steps" : [ ],
    "attachments" : [ ],
    "parameters" : [ ],
    "stepsCount" : 0,
    "attachmentsCount" : 0,
    "shouldDisplayMessage" : false,
    "hasContent" : false
  }, {
    "name" : "driver",
    "time" : {
      "start" : 1731412162907,
      "stop" : 1731412163173,
      "duration" : 266
    },
    "status" : "passed",
    "steps" : [ ],
    "attachments" : [ ],
    "parameters" : [ ],
    "stepsCount" : 0,
    "attachmentsCount" : 0,
    "shouldDisplayMessage" : false,
    "hasContent" : false
  }, {
    "name" : "auth_user_admin",
    "time" : {
      "start" : 1731412163173,
      "stop" : 1731412163180,
      "duration" : 7
    },
    "status" : "broken",
    "statusMessage" : "selenium.common.exceptions.InvalidArgumentException: Message: invalid argument\n  (Session info: chrome=130.0.6723.91)\nStacktrace:\n#0 0x55adb8d9513a <unknown>\n#1 0x55adb88b02bd <unknown>\n#2 0x55adb889816f <unknown>\n#3 0x55adb88967c8 <unknown>\n#4 0x55adb8896eba <unknown>\n#5 0x55adb88b2d59 <unknown>\n#6 0x55adb8940645 <unknown>\n#7 0x55adb8921012 <unknown>\n#8 0x55adb893faf6 <unknown>\n#9 0x55adb8920db3 <unknown>\n#10 0x55adb88efc10 <unknown>\n#11 0x55adb88f0bee <unknown>\n#12 0x55adb8d613cb <unknown>\n#13 0x55adb8d65368 <unknown>\n#14 0x55adb8d4eeec <unknown>\n#15 0x55adb8d65ee7 <unknown>\n#16 0x55adb8d3413f <unknown>\n#17 0x55adb8d83858 <unknown>\n#18 0x55adb8d83a20 <unknown>\n#19 0x55adb8d93fb6 <unknown>\n#20 0x7fe97b894ac3 <unknown>\n\n",
    "statusTrace" : "  File \"/opt/hostedtoolcache/Python/3.12.7/x64/lib/python3.12/site-packages/pluggy/_callers.py\", line 167, in _multicall\n    teardown.throw(outcome._exception)\n  File \"/opt/hostedtoolcache/Python/3.12.7/x64/lib/python3.12/site-packages/_pytest/setuponly.py\", line 36, in pytest_fixture_setup\n    return (yield)\n            ^^^^^\n  File \"/opt/hostedtoolcache/Python/3.12.7/x64/lib/python3.12/site-packages/pluggy/_callers.py\", line 103, in _multicall\n    res = hook_impl.function(*args)\n          ^^^^^^^^^^^^^^^^^^^^^^^^^\n  File \"/opt/hostedtoolcache/Python/3.12.7/x64/lib/python3.12/site-packages/_pytest/fixtures.py\", line 1140, in pytest_fixture_setup\n    result = call_fixture_func(fixturefunc, request, kwargs)\n             ^^^^^^^^^^^^^^^^^^^^^^^^^^^^^^^^^^^^^^^^^^^^^^^\n  File \"/opt/hostedtoolcache/Python/3.12.7/x64/lib/python3.12/site-packages/_pytest/fixtures.py\", line 917, in call_fixture_func\n    fixture_result = fixturefunc(**kwargs)\n                     ^^^^^^^^^^^^^^^^^^^^^\n  File \"/home/runner/work/DealerPassport/DealerPassport/tests/conftest.py\", line 42, in auth_user_admin\n    driver.get(url)\n  File \"/opt/hostedtoolcache/Python/3.12.7/x64/lib/python3.12/site-packages/selenium/webdriver/remote/webdriver.py\", line 356, in get\n    self.execute(Command.GET, {\"url\": url})\n  File \"/opt/hostedtoolcache/Python/3.12.7/x64/lib/python3.12/site-packages/selenium/webdriver/remote/webdriver.py\", line 347, in execute\n    self.error_handler.check_response(response)\n  File \"/opt/hostedtoolcache/Python/3.12.7/x64/lib/python3.12/site-packages/selenium/webdriver/remote/errorhandler.py\", line 229, in check_response\n    raise exception_class(message, screen, stacktrace)\n",
    "steps" : [ ],
    "attachments" : [ ],
    "parameters" : [ ],
    "stepsCount" : 0,
    "attachmentsCount" : 0,
    "shouldDisplayMessage" : true,
    "hasContent" : true
  } ],
  "afterStages" : [ {
    "name" : "driver::0",
    "time" : {
      "start" : 1731412163215,
      "stop" : 1731412163277,
      "duration" : 62
    },
    "status" : "passed",
    "steps" : [ ],
    "attachments" : [ ],
    "parameters" : [ ],
    "stepsCount" : 0,
    "attachmentsCount" : 0,
    "shouldDisplayMessage" : false,
    "hasContent" : false
  } ],
  "labels" : [ {
    "name" : "epic",
    "value" : "Тестирование страницы отчетов SRR"
  }, {
    "name" : "tag",
    "value" : "smoke_test"
  }, {
    "name" : "parentSuite",
    "value" : "tests"
  }, {
    "name" : "suite",
    "value" : "srr_page_test"
  }, {
    "name" : "subSuite",
    "value" : "TestSRRPageSmoke"
  }, {
    "name" : "host",
    "value" : "fv-az915-386"
  }, {
    "name" : "thread",
    "value" : "2286-MainThread"
  }, {
    "name" : "framework",
    "value" : "pytest"
  }, {
    "name" : "language",
    "value" : "cpython3"
  }, {
    "name" : "package",
    "value" : "tests.srr_page_test"
  }, {
    "name" : "resultFormat",
    "value" : "allure2"
  } ],
  "parameters" : [ ],
  "links" : [ ],
  "hidden" : false,
  "retry" : false,
  "extra" : {
    "severity" : "normal",
    "retries" : [ ],
    "categories" : [ {
      "name" : "Test defects",
      "matchedStatuses" : [ ],
      "flaky" : false
    } ],
    "history" : {
      "statistic" : {
        "failed" : 0,
        "broken" : 3,
        "skipped" : 0,
        "passed" : 0,
        "unknown" : 0,
        "total" : 3
      },
      "items" : [ {
        "uid" : "a65bdeea44857c15",
        "reportUrl" : "https://Nat754.github.io/DealerPassport/13//#testresult/a65bdeea44857c15",
        "status" : "broken",
        "statusDetails" : "selenium.common.exceptions.InvalidArgumentException: Message: invalid argument\n  (Session info: chrome=130.0.6723.91)\nStacktrace:\n#0 0x55ebc174213a <unknown>\n#1 0x55ebc125d2bd <unknown>\n#2 0x55ebc124516f <unknown>\n#3 0x55ebc12437c8 <unknown>\n#4 0x55ebc1243eba <unknown>\n#5 0x55ebc125fd59 <unknown>\n#6 0x55ebc12ed645 <unknown>\n#7 0x55ebc12ce012 <unknown>\n#8 0x55ebc12ecaf6 <unknown>\n#9 0x55ebc12cddb3 <unknown>\n#10 0x55ebc129cc10 <unknown>\n#11 0x55ebc129dbee <unknown>\n#12 0x55ebc170e3cb <unknown>\n#13 0x55ebc1712368 <unknown>\n#14 0x55ebc16fbeec <unknown>\n#15 0x55ebc1712ee7 <unknown>\n#16 0x55ebc16e113f <unknown>\n#17 0x55ebc1730858 <unknown>\n#18 0x55ebc1730a20 <unknown>\n#19 0x55ebc1740fb6 <unknown>\n#20 0x7f61b1294ac3 <unknown>",
        "time" : {
          "start" : 1731411772183,
          "stop" : 1731411772183,
          "duration" : 0
        }
      }, {
        "uid" : "bf2ecaf4a1c95ac2",
        "reportUrl" : "https://Nat754.github.io/DealerPassport/13//#testresult/bf2ecaf4a1c95ac2",
        "status" : "broken",
        "statusDetails" : "selenium.common.exceptions.InvalidArgumentException: Message: invalid argument\n  (Session info: chrome=130.0.6723.91)\nStacktrace:\n#0 0x55e2ceae713a <unknown>\n#1 0x55e2ce6022bd <unknown>\n#2 0x55e2ce5ea16f <unknown>\n#3 0x55e2ce5e87c8 <unknown>\n#4 0x55e2ce5e8eba <unknown>\n#5 0x55e2ce604d59 <unknown>\n#6 0x55e2ce692645 <unknown>\n#7 0x55e2ce673012 <unknown>\n#8 0x55e2ce691af6 <unknown>\n#9 0x55e2ce672db3 <unknown>\n#10 0x55e2ce641c10 <unknown>\n#11 0x55e2ce642bee <unknown>\n#12 0x55e2ceab33cb <unknown>\n#13 0x55e2ceab7368 <unknown>\n#14 0x55e2ceaa0eec <unknown>\n#15 0x55e2ceab7ee7 <unknown>\n#16 0x55e2cea8613f <unknown>\n#17 0x55e2cead5858 <unknown>\n#18 0x55e2cead5a20 <unknown>\n#19 0x55e2ceae5fb6 <unknown>\n#20 0x7f4ba1894ac3 <unknown>",
        "time" : {
          "start" : 1731410926209,
          "stop" : 1731410926209,
          "duration" : 0
        }
      } ]
    },
    "tags" : [ "smoke_test" ]
  },
  "source" : "314098558042889a.json",
  "parameterValues" : [ ]
}