{
  "uid" : "51183e8db055913c",
  "name" : "test_open_url[/indicators/]",
  "fullName" : "tests.main_page_test.TestMainPageSmoke#test_open_url",
  "historyId" : "c0d4d7abaab9183e0c9faf448e375aeb",
  "time" : {
    "start" : 1731412152425,
    "stop" : 1731412152425,
    "duration" : 0
  },
  "status" : "broken",
  "statusMessage" : "selenium.common.exceptions.InvalidArgumentException: Message: invalid argument\n  (Session info: chrome=130.0.6723.91)\nStacktrace:\n#0 0x55771983c13a <unknown>\n#1 0x5577193572bd <unknown>\n#2 0x55771933f16f <unknown>\n#3 0x55771933d7c8 <unknown>\n#4 0x55771933deba <unknown>\n#5 0x557719359d59 <unknown>\n#6 0x5577193e7645 <unknown>\n#7 0x5577193c8012 <unknown>\n#8 0x5577193e6af6 <unknown>\n#9 0x5577193c7db3 <unknown>\n#10 0x557719396c10 <unknown>\n#11 0x557719397bee <unknown>\n#12 0x5577198083cb <unknown>\n#13 0x55771980c368 <unknown>\n#14 0x5577197f5eec <unknown>\n#15 0x55771980cee7 <unknown>\n#16 0x5577197db13f <unknown>\n#17 0x55771982a858 <unknown>\n#18 0x55771982aa20 <unknown>\n#19 0x55771983afb6 <unknown>\n#20 0x7f7d9de94ac3 <unknown>",
  "statusTrace" : "driver = <selenium.webdriver.chrome.webdriver.WebDriver (session=\"439c2bd2ddcc6e03a2ad998dc6d181f2\")>\n\n    @pytest.fixture\n    def auth_user_admin(driver):\n        main_page = MainPage(driver)\n        url = Urls.MAIN_URL + Urls.AUTH\n        cookies = {'name': 'token', 'value': os.environ[\"PROD_ADMIN\"]}\n>       driver.get(url)\n\ntests/conftest.py:42: \n_ _ _ _ _ _ _ _ _ _ _ _ _ _ _ _ _ _ _ _ _ _ _ _ _ _ _ _ _ _ _ _ _ _ _ _ _ _ _ _ \n/opt/hostedtoolcache/Python/3.12.7/x64/lib/python3.12/site-packages/selenium/webdriver/remote/webdriver.py:356: in get\n    self.execute(Command.GET, {\"url\": url})\n/opt/hostedtoolcache/Python/3.12.7/x64/lib/python3.12/site-packages/selenium/webdriver/remote/webdriver.py:347: in execute\n    self.error_handler.check_response(response)\n_ _ _ _ _ _ _ _ _ _ _ _ _ _ _ _ _ _ _ _ _ _ _ _ _ _ _ _ _ _ _ _ _ _ _ _ _ _ _ _ \n\nself = <selenium.webdriver.remote.errorhandler.ErrorHandler object at 0x7f72e87323c0>\nresponse = {'status': 400, 'value': '{\"value\":{\"error\":\"invalid argument\",\"message\":\"invalid argument\\\\n  (Session info: chrome=1...\\\\n#18 0x55771982aa20 \\\\u003Cunknown>\\\\n#19 0x55771983afb6 \\\\u003Cunknown>\\\\n#20 0x7f7d9de94ac3 \\\\u003Cunknown>\\\\n\"}}'}\n\n    def check_response(self, response: Dict[str, Any]) -> None:\n        \"\"\"Checks that a JSON response from the WebDriver does not have an\n        error.\n    \n        :Args:\n         - response - The JSON response from the WebDriver server as a dictionary\n           object.\n    \n        :Raises: If the response contains an error message.\n        \"\"\"\n        status = response.get(\"status\", None)\n        if not status or status == ErrorCode.SUCCESS:\n            return\n        value = None\n        message = response.get(\"message\", \"\")\n        screen: str = response.get(\"screen\", \"\")\n        stacktrace = None\n        if isinstance(status, int):\n            value_json = response.get(\"value\", None)\n            if value_json and isinstance(value_json, str):\n                import json\n    \n                try:\n                    value = json.loads(value_json)\n                    if len(value) == 1:\n                        value = value[\"value\"]\n                    status = value.get(\"error\", None)\n                    if not status:\n                        status = value.get(\"status\", ErrorCode.UNKNOWN_ERROR)\n                        message = value.get(\"value\") or value.get(\"message\")\n                        if not isinstance(message, str):\n                            value = message\n                            message = message.get(\"message\")\n                    else:\n                        message = value.get(\"message\", None)\n                except ValueError:\n                    pass\n    \n        exception_class: Type[WebDriverException]\n        e = ErrorCode()\n        error_codes = [item for item in dir(e) if not item.startswith(\"__\")]\n        for error_code in error_codes:\n            error_info = getattr(ErrorCode, error_code)\n            if isinstance(error_info, list) and status in error_info:\n                exception_class = getattr(ExceptionMapping, error_code, WebDriverException)\n                break\n        else:\n            exception_class = WebDriverException\n    \n        if not value:\n            value = response[\"value\"]\n        if isinstance(value, str):\n            raise exception_class(value)\n        if message == \"\" and \"message\" in value:\n            message = value[\"message\"]\n    \n        screen = None  # type: ignore[assignment]\n        if \"screen\" in value:\n            screen = value[\"screen\"]\n    \n        stacktrace = None\n        st_value = value.get(\"stackTrace\") or value.get(\"stacktrace\")\n        if st_value:\n            if isinstance(st_value, str):\n                stacktrace = st_value.split(\"\\n\")\n            else:\n                stacktrace = []\n                try:\n                    for frame in st_value:\n                        line = frame.get(\"lineNumber\", \"\")\n                        file = frame.get(\"fileName\", \"<anonymous>\")\n                        if line:\n                            file = f\"{file}:{line}\"\n                        meth = frame.get(\"methodName\", \"<anonymous>\")\n                        if \"className\" in frame:\n                            meth = f\"{frame['className']}.{meth}\"\n                        msg = \"    at %s (%s)\"\n                        msg = msg % (meth, file)\n                        stacktrace.append(msg)\n                except TypeError:\n                    pass\n        if exception_class == UnexpectedAlertPresentException:\n            alert_text = None\n            if \"data\" in value:\n                alert_text = value[\"data\"].get(\"text\")\n            elif \"alert\" in value:\n                alert_text = value[\"alert\"].get(\"text\")\n            raise exception_class(message, screen, stacktrace, alert_text)  # type: ignore[call-arg]  # mypy is not smart enough here\n>       raise exception_class(message, screen, stacktrace)\nE       selenium.common.exceptions.InvalidArgumentException: Message: invalid argument\nE         (Session info: chrome=130.0.6723.91)\nE       Stacktrace:\nE       #0 0x55771983c13a <unknown>\nE       #1 0x5577193572bd <unknown>\nE       #2 0x55771933f16f <unknown>\nE       #3 0x55771933d7c8 <unknown>\nE       #4 0x55771933deba <unknown>\nE       #5 0x557719359d59 <unknown>\nE       #6 0x5577193e7645 <unknown>\nE       #7 0x5577193c8012 <unknown>\nE       #8 0x5577193e6af6 <unknown>\nE       #9 0x5577193c7db3 <unknown>\nE       #10 0x557719396c10 <unknown>\nE       #11 0x557719397bee <unknown>\nE       #12 0x5577198083cb <unknown>\nE       #13 0x55771980c368 <unknown>\nE       #14 0x5577197f5eec <unknown>\nE       #15 0x55771980cee7 <unknown>\nE       #16 0x5577197db13f <unknown>\nE       #17 0x55771982a858 <unknown>\nE       #18 0x55771982aa20 <unknown>\nE       #19 0x55771983afb6 <unknown>\nE       #20 0x7f7d9de94ac3 <unknown>\n\n/opt/hostedtoolcache/Python/3.12.7/x64/lib/python3.12/site-packages/selenium/webdriver/remote/errorhandler.py:229: InvalidArgumentException",
  "flaky" : false,
  "newFailed" : false,
  "beforeStages" : [ {
    "name" : "clear_allure_results_folder",
    "time" : {
      "start" : 1731412128199,
      "stop" : 1731412128199,
      "duration" : 0
    },
    "status" : "passed",
    "steps" : [ ],
    "attachments" : [ ],
    "parameters" : [ ],
    "stepsCount" : 0,
    "attachmentsCount" : 0,
    "shouldDisplayMessage" : false,
    "hasContent" : false
  }, {
    "name" : "driver",
    "time" : {
      "start" : 1731412152426,
      "stop" : 1731412152710,
      "duration" : 284
    },
    "status" : "passed",
    "steps" : [ ],
    "attachments" : [ ],
    "parameters" : [ ],
    "stepsCount" : 0,
    "attachmentsCount" : 0,
    "shouldDisplayMessage" : false,
    "hasContent" : false
  }, {
    "name" : "auth_user_admin",
    "time" : {
      "start" : 1731412152710,
      "stop" : 1731412152719,
      "duration" : 9
    },
    "status" : "broken",
    "statusMessage" : "selenium.common.exceptions.InvalidArgumentException: Message: invalid argument\n  (Session info: chrome=130.0.6723.91)\nStacktrace:\n#0 0x55771983c13a <unknown>\n#1 0x5577193572bd <unknown>\n#2 0x55771933f16f <unknown>\n#3 0x55771933d7c8 <unknown>\n#4 0x55771933deba <unknown>\n#5 0x557719359d59 <unknown>\n#6 0x5577193e7645 <unknown>\n#7 0x5577193c8012 <unknown>\n#8 0x5577193e6af6 <unknown>\n#9 0x5577193c7db3 <unknown>\n#10 0x557719396c10 <unknown>\n#11 0x557719397bee <unknown>\n#12 0x5577198083cb <unknown>\n#13 0x55771980c368 <unknown>\n#14 0x5577197f5eec <unknown>\n#15 0x55771980cee7 <unknown>\n#16 0x5577197db13f <unknown>\n#17 0x55771982a858 <unknown>\n#18 0x55771982aa20 <unknown>\n#19 0x55771983afb6 <unknown>\n#20 0x7f7d9de94ac3 <unknown>\n\n",
    "statusTrace" : "  File \"/opt/hostedtoolcache/Python/3.12.7/x64/lib/python3.12/site-packages/pluggy/_callers.py\", line 167, in _multicall\n    teardown.throw(outcome._exception)\n  File \"/opt/hostedtoolcache/Python/3.12.7/x64/lib/python3.12/site-packages/_pytest/setuponly.py\", line 36, in pytest_fixture_setup\n    return (yield)\n            ^^^^^\n  File \"/opt/hostedtoolcache/Python/3.12.7/x64/lib/python3.12/site-packages/pluggy/_callers.py\", line 103, in _multicall\n    res = hook_impl.function(*args)\n          ^^^^^^^^^^^^^^^^^^^^^^^^^\n  File \"/opt/hostedtoolcache/Python/3.12.7/x64/lib/python3.12/site-packages/_pytest/fixtures.py\", line 1140, in pytest_fixture_setup\n    result = call_fixture_func(fixturefunc, request, kwargs)\n             ^^^^^^^^^^^^^^^^^^^^^^^^^^^^^^^^^^^^^^^^^^^^^^^\n  File \"/opt/hostedtoolcache/Python/3.12.7/x64/lib/python3.12/site-packages/_pytest/fixtures.py\", line 917, in call_fixture_func\n    fixture_result = fixturefunc(**kwargs)\n                     ^^^^^^^^^^^^^^^^^^^^^\n  File \"/home/runner/work/DealerPassport/DealerPassport/tests/conftest.py\", line 42, in auth_user_admin\n    driver.get(url)\n  File \"/opt/hostedtoolcache/Python/3.12.7/x64/lib/python3.12/site-packages/selenium/webdriver/remote/webdriver.py\", line 356, in get\n    self.execute(Command.GET, {\"url\": url})\n  File \"/opt/hostedtoolcache/Python/3.12.7/x64/lib/python3.12/site-packages/selenium/webdriver/remote/webdriver.py\", line 347, in execute\n    self.error_handler.check_response(response)\n  File \"/opt/hostedtoolcache/Python/3.12.7/x64/lib/python3.12/site-packages/selenium/webdriver/remote/errorhandler.py\", line 229, in check_response\n    raise exception_class(message, screen, stacktrace)\n",
    "steps" : [ ],
    "attachments" : [ ],
    "parameters" : [ ],
    "stepsCount" : 0,
    "attachmentsCount" : 0,
    "shouldDisplayMessage" : true,
    "hasContent" : true
  } ],
  "afterStages" : [ {
    "name" : "driver::0",
    "time" : {
      "start" : 1731412152749,
      "stop" : 1731412152811,
      "duration" : 62
    },
    "status" : "passed",
    "steps" : [ ],
    "attachments" : [ ],
    "parameters" : [ ],
    "stepsCount" : 0,
    "attachmentsCount" : 0,
    "shouldDisplayMessage" : false,
    "hasContent" : false
  } ],
  "labels" : [ {
    "name" : "epic",
    "value" : "Тестирование главной страницы"
  }, {
    "name" : "tag",
    "value" : "smoke_test"
  }, {
    "name" : "parentSuite",
    "value" : "tests"
  }, {
    "name" : "suite",
    "value" : "main_page_test"
  }, {
    "name" : "subSuite",
    "value" : "TestMainPageSmoke"
  }, {
    "name" : "host",
    "value" : "fv-az915-386"
  }, {
    "name" : "thread",
    "value" : "2286-MainThread"
  }, {
    "name" : "framework",
    "value" : "pytest"
  }, {
    "name" : "language",
    "value" : "cpython3"
  }, {
    "name" : "package",
    "value" : "tests.main_page_test"
  }, {
    "name" : "resultFormat",
    "value" : "allure2"
  } ],
  "parameters" : [ {
    "name" : "url",
    "value" : "'/indicators/'"
  } ],
  "links" : [ ],
  "hidden" : false,
  "retry" : false,
  "extra" : {
    "severity" : "normal",
    "retries" : [ ],
    "categories" : [ {
      "name" : "Test defects",
      "matchedStatuses" : [ ],
      "flaky" : false
    } ],
    "history" : {
      "statistic" : {
        "failed" : 0,
        "broken" : 3,
        "skipped" : 0,
        "passed" : 0,
        "unknown" : 0,
        "total" : 3
      },
      "items" : [ {
        "uid" : "bc3d65826bc35992",
        "reportUrl" : "https://Nat754.github.io/DealerPassport/13//#testresult/bc3d65826bc35992",
        "status" : "broken",
        "statusDetails" : "selenium.common.exceptions.InvalidArgumentException: Message: invalid argument\n  (Session info: chrome=130.0.6723.91)\nStacktrace:\n#0 0x5620497f213a <unknown>\n#1 0x56204930d2bd <unknown>\n#2 0x5620492f516f <unknown>\n#3 0x5620492f37c8 <unknown>\n#4 0x5620492f3eba <unknown>\n#5 0x56204930fd59 <unknown>\n#6 0x56204939d645 <unknown>\n#7 0x56204937e012 <unknown>\n#8 0x56204939caf6 <unknown>\n#9 0x56204937ddb3 <unknown>\n#10 0x56204934cc10 <unknown>\n#11 0x56204934dbee <unknown>\n#12 0x5620497be3cb <unknown>\n#13 0x5620497c2368 <unknown>\n#14 0x5620497abeec <unknown>\n#15 0x5620497c2ee7 <unknown>\n#16 0x56204979113f <unknown>\n#17 0x5620497e0858 <unknown>\n#18 0x5620497e0a20 <unknown>\n#19 0x5620497f0fb6 <unknown>\n#20 0x7fbc70694ac3 <unknown>",
        "time" : {
          "start" : 1731411758934,
          "stop" : 1731411758934,
          "duration" : 0
        }
      }, {
        "uid" : "b1ac4bf868673f87",
        "reportUrl" : "https://Nat754.github.io/DealerPassport/13//#testresult/b1ac4bf868673f87",
        "status" : "broken",
        "statusDetails" : "selenium.common.exceptions.InvalidArgumentException: Message: invalid argument\n  (Session info: chrome=130.0.6723.91)\nStacktrace:\n#0 0x56228b13913a <unknown>\n#1 0x56228ac542bd <unknown>\n#2 0x56228ac3c16f <unknown>\n#3 0x56228ac3a7c8 <unknown>\n#4 0x56228ac3aeba <unknown>\n#5 0x56228ac56d59 <unknown>\n#6 0x56228ace4645 <unknown>\n#7 0x56228acc5012 <unknown>\n#8 0x56228ace3af6 <unknown>\n#9 0x56228acc4db3 <unknown>\n#10 0x56228ac93c10 <unknown>\n#11 0x56228ac94bee <unknown>\n#12 0x56228b1053cb <unknown>\n#13 0x56228b109368 <unknown>\n#14 0x56228b0f2eec <unknown>\n#15 0x56228b109ee7 <unknown>\n#16 0x56228b0d813f <unknown>\n#17 0x56228b127858 <unknown>\n#18 0x56228b127a20 <unknown>\n#19 0x56228b137fb6 <unknown>\n#20 0x7f0444694ac3 <unknown>",
        "time" : {
          "start" : 1731410916410,
          "stop" : 1731410916410,
          "duration" : 0
        }
      } ]
    },
    "tags" : [ "smoke_test" ]
  },
  "source" : "51183e8db055913c.json",
  "parameterValues" : [ "'/indicators/'" ]
}