{
  "uid" : "64128f69ee87fdc3",
  "name" : "test_open_url[/dealers/]",
  "fullName" : "tests.main_page_test.TestMainPageSmoke#test_open_url",
  "historyId" : "0a62b7c19f0c94df1eb1e200f73d3d50",
  "time" : {
    "start" : 1731412151661,
    "stop" : 1731412151661,
    "duration" : 0
  },
  "status" : "broken",
  "statusMessage" : "selenium.common.exceptions.InvalidArgumentException: Message: invalid argument\n  (Session info: chrome=130.0.6723.91)\nStacktrace:\n#0 0x55baed38213a <unknown>\n#1 0x55baece9d2bd <unknown>\n#2 0x55baece8516f <unknown>\n#3 0x55baece837c8 <unknown>\n#4 0x55baece83eba <unknown>\n#5 0x55baece9fd59 <unknown>\n#6 0x55baecf2d645 <unknown>\n#7 0x55baecf0e012 <unknown>\n#8 0x55baecf2caf6 <unknown>\n#9 0x55baecf0ddb3 <unknown>\n#10 0x55baecedcc10 <unknown>\n#11 0x55baeceddbee <unknown>\n#12 0x55baed34e3cb <unknown>\n#13 0x55baed352368 <unknown>\n#14 0x55baed33beec <unknown>\n#15 0x55baed352ee7 <unknown>\n#16 0x55baed32113f <unknown>\n#17 0x55baed370858 <unknown>\n#18 0x55baed370a20 <unknown>\n#19 0x55baed380fb6 <unknown>\n#20 0x7effdf894ac3 <unknown>",
  "statusTrace" : "driver = <selenium.webdriver.chrome.webdriver.WebDriver (session=\"b02a596ad1e6fcc27c10d7505d8280e6\")>\n\n    @pytest.fixture\n    def auth_user_admin(driver):\n        main_page = MainPage(driver)\n        url = Urls.MAIN_URL + Urls.AUTH\n        cookies = {'name': 'token', 'value': os.environ[\"PROD_ADMIN\"]}\n>       driver.get(url)\n\ntests/conftest.py:42: \n_ _ _ _ _ _ _ _ _ _ _ _ _ _ _ _ _ _ _ _ _ _ _ _ _ _ _ _ _ _ _ _ _ _ _ _ _ _ _ _ \n/opt/hostedtoolcache/Python/3.12.7/x64/lib/python3.12/site-packages/selenium/webdriver/remote/webdriver.py:356: in get\n    self.execute(Command.GET, {\"url\": url})\n/opt/hostedtoolcache/Python/3.12.7/x64/lib/python3.12/site-packages/selenium/webdriver/remote/webdriver.py:347: in execute\n    self.error_handler.check_response(response)\n_ _ _ _ _ _ _ _ _ _ _ _ _ _ _ _ _ _ _ _ _ _ _ _ _ _ _ _ _ _ _ _ _ _ _ _ _ _ _ _ \n\nself = <selenium.webdriver.remote.errorhandler.ErrorHandler object at 0x7f72e87327e0>\nresponse = {'status': 400, 'value': '{\"value\":{\"error\":\"invalid argument\",\"message\":\"invalid argument\\\\n  (Session info: chrome=1...\\\\n#18 0x55baed370a20 \\\\u003Cunknown>\\\\n#19 0x55baed380fb6 \\\\u003Cunknown>\\\\n#20 0x7effdf894ac3 \\\\u003Cunknown>\\\\n\"}}'}\n\n    def check_response(self, response: Dict[str, Any]) -> None:\n        \"\"\"Checks that a JSON response from the WebDriver does not have an\n        error.\n    \n        :Args:\n         - response - The JSON response from the WebDriver server as a dictionary\n           object.\n    \n        :Raises: If the response contains an error message.\n        \"\"\"\n        status = response.get(\"status\", None)\n        if not status or status == ErrorCode.SUCCESS:\n            return\n        value = None\n        message = response.get(\"message\", \"\")\n        screen: str = response.get(\"screen\", \"\")\n        stacktrace = None\n        if isinstance(status, int):\n            value_json = response.get(\"value\", None)\n            if value_json and isinstance(value_json, str):\n                import json\n    \n                try:\n                    value = json.loads(value_json)\n                    if len(value) == 1:\n                        value = value[\"value\"]\n                    status = value.get(\"error\", None)\n                    if not status:\n                        status = value.get(\"status\", ErrorCode.UNKNOWN_ERROR)\n                        message = value.get(\"value\") or value.get(\"message\")\n                        if not isinstance(message, str):\n                            value = message\n                            message = message.get(\"message\")\n                    else:\n                        message = value.get(\"message\", None)\n                except ValueError:\n                    pass\n    \n        exception_class: Type[WebDriverException]\n        e = ErrorCode()\n        error_codes = [item for item in dir(e) if not item.startswith(\"__\")]\n        for error_code in error_codes:\n            error_info = getattr(ErrorCode, error_code)\n            if isinstance(error_info, list) and status in error_info:\n                exception_class = getattr(ExceptionMapping, error_code, WebDriverException)\n                break\n        else:\n            exception_class = WebDriverException\n    \n        if not value:\n            value = response[\"value\"]\n        if isinstance(value, str):\n            raise exception_class(value)\n        if message == \"\" and \"message\" in value:\n            message = value[\"message\"]\n    \n        screen = None  # type: ignore[assignment]\n        if \"screen\" in value:\n            screen = value[\"screen\"]\n    \n        stacktrace = None\n        st_value = value.get(\"stackTrace\") or value.get(\"stacktrace\")\n        if st_value:\n            if isinstance(st_value, str):\n                stacktrace = st_value.split(\"\\n\")\n            else:\n                stacktrace = []\n                try:\n                    for frame in st_value:\n                        line = frame.get(\"lineNumber\", \"\")\n                        file = frame.get(\"fileName\", \"<anonymous>\")\n                        if line:\n                            file = f\"{file}:{line}\"\n                        meth = frame.get(\"methodName\", \"<anonymous>\")\n                        if \"className\" in frame:\n                            meth = f\"{frame['className']}.{meth}\"\n                        msg = \"    at %s (%s)\"\n                        msg = msg % (meth, file)\n                        stacktrace.append(msg)\n                except TypeError:\n                    pass\n        if exception_class == UnexpectedAlertPresentException:\n            alert_text = None\n            if \"data\" in value:\n                alert_text = value[\"data\"].get(\"text\")\n            elif \"alert\" in value:\n                alert_text = value[\"alert\"].get(\"text\")\n            raise exception_class(message, screen, stacktrace, alert_text)  # type: ignore[call-arg]  # mypy is not smart enough here\n>       raise exception_class(message, screen, stacktrace)\nE       selenium.common.exceptions.InvalidArgumentException: Message: invalid argument\nE         (Session info: chrome=130.0.6723.91)\nE       Stacktrace:\nE       #0 0x55baed38213a <unknown>\nE       #1 0x55baece9d2bd <unknown>\nE       #2 0x55baece8516f <unknown>\nE       #3 0x55baece837c8 <unknown>\nE       #4 0x55baece83eba <unknown>\nE       #5 0x55baece9fd59 <unknown>\nE       #6 0x55baecf2d645 <unknown>\nE       #7 0x55baecf0e012 <unknown>\nE       #8 0x55baecf2caf6 <unknown>\nE       #9 0x55baecf0ddb3 <unknown>\nE       #10 0x55baecedcc10 <unknown>\nE       #11 0x55baeceddbee <unknown>\nE       #12 0x55baed34e3cb <unknown>\nE       #13 0x55baed352368 <unknown>\nE       #14 0x55baed33beec <unknown>\nE       #15 0x55baed352ee7 <unknown>\nE       #16 0x55baed32113f <unknown>\nE       #17 0x55baed370858 <unknown>\nE       #18 0x55baed370a20 <unknown>\nE       #19 0x55baed380fb6 <unknown>\nE       #20 0x7effdf894ac3 <unknown>\n\n/opt/hostedtoolcache/Python/3.12.7/x64/lib/python3.12/site-packages/selenium/webdriver/remote/errorhandler.py:229: InvalidArgumentException",
  "flaky" : false,
  "newFailed" : false,
  "beforeStages" : [ {
    "name" : "clear_allure_results_folder",
    "time" : {
      "start" : 1731412128199,
      "stop" : 1731412128199,
      "duration" : 0
    },
    "status" : "passed",
    "steps" : [ ],
    "attachments" : [ ],
    "parameters" : [ ],
    "stepsCount" : 0,
    "attachmentsCount" : 0,
    "shouldDisplayMessage" : false,
    "hasContent" : false
  }, {
    "name" : "auth_user_admin",
    "time" : {
      "start" : 1731412151938,
      "stop" : 1731412151945,
      "duration" : 7
    },
    "status" : "broken",
    "statusMessage" : "selenium.common.exceptions.InvalidArgumentException: Message: invalid argument\n  (Session info: chrome=130.0.6723.91)\nStacktrace:\n#0 0x55baed38213a <unknown>\n#1 0x55baece9d2bd <unknown>\n#2 0x55baece8516f <unknown>\n#3 0x55baece837c8 <unknown>\n#4 0x55baece83eba <unknown>\n#5 0x55baece9fd59 <unknown>\n#6 0x55baecf2d645 <unknown>\n#7 0x55baecf0e012 <unknown>\n#8 0x55baecf2caf6 <unknown>\n#9 0x55baecf0ddb3 <unknown>\n#10 0x55baecedcc10 <unknown>\n#11 0x55baeceddbee <unknown>\n#12 0x55baed34e3cb <unknown>\n#13 0x55baed352368 <unknown>\n#14 0x55baed33beec <unknown>\n#15 0x55baed352ee7 <unknown>\n#16 0x55baed32113f <unknown>\n#17 0x55baed370858 <unknown>\n#18 0x55baed370a20 <unknown>\n#19 0x55baed380fb6 <unknown>\n#20 0x7effdf894ac3 <unknown>\n\n",
    "statusTrace" : "  File \"/opt/hostedtoolcache/Python/3.12.7/x64/lib/python3.12/site-packages/pluggy/_callers.py\", line 167, in _multicall\n    teardown.throw(outcome._exception)\n  File \"/opt/hostedtoolcache/Python/3.12.7/x64/lib/python3.12/site-packages/_pytest/setuponly.py\", line 36, in pytest_fixture_setup\n    return (yield)\n            ^^^^^\n  File \"/opt/hostedtoolcache/Python/3.12.7/x64/lib/python3.12/site-packages/pluggy/_callers.py\", line 103, in _multicall\n    res = hook_impl.function(*args)\n          ^^^^^^^^^^^^^^^^^^^^^^^^^\n  File \"/opt/hostedtoolcache/Python/3.12.7/x64/lib/python3.12/site-packages/_pytest/fixtures.py\", line 1140, in pytest_fixture_setup\n    result = call_fixture_func(fixturefunc, request, kwargs)\n             ^^^^^^^^^^^^^^^^^^^^^^^^^^^^^^^^^^^^^^^^^^^^^^^\n  File \"/opt/hostedtoolcache/Python/3.12.7/x64/lib/python3.12/site-packages/_pytest/fixtures.py\", line 917, in call_fixture_func\n    fixture_result = fixturefunc(**kwargs)\n                     ^^^^^^^^^^^^^^^^^^^^^\n  File \"/home/runner/work/DealerPassport/DealerPassport/tests/conftest.py\", line 42, in auth_user_admin\n    driver.get(url)\n  File \"/opt/hostedtoolcache/Python/3.12.7/x64/lib/python3.12/site-packages/selenium/webdriver/remote/webdriver.py\", line 356, in get\n    self.execute(Command.GET, {\"url\": url})\n  File \"/opt/hostedtoolcache/Python/3.12.7/x64/lib/python3.12/site-packages/selenium/webdriver/remote/webdriver.py\", line 347, in execute\n    self.error_handler.check_response(response)\n  File \"/opt/hostedtoolcache/Python/3.12.7/x64/lib/python3.12/site-packages/selenium/webdriver/remote/errorhandler.py\", line 229, in check_response\n    raise exception_class(message, screen, stacktrace)\n",
    "steps" : [ ],
    "attachments" : [ ],
    "parameters" : [ ],
    "stepsCount" : 0,
    "attachmentsCount" : 0,
    "shouldDisplayMessage" : true,
    "hasContent" : true
  }, {
    "name" : "driver",
    "time" : {
      "start" : 1731412151661,
      "stop" : 1731412151937,
      "duration" : 276
    },
    "status" : "passed",
    "steps" : [ ],
    "attachments" : [ ],
    "parameters" : [ ],
    "stepsCount" : 0,
    "attachmentsCount" : 0,
    "shouldDisplayMessage" : false,
    "hasContent" : false
  } ],
  "afterStages" : [ {
    "name" : "driver::0",
    "time" : {
      "start" : 1731412151979,
      "stop" : 1731412152041,
      "duration" : 62
    },
    "status" : "passed",
    "steps" : [ ],
    "attachments" : [ ],
    "parameters" : [ ],
    "stepsCount" : 0,
    "attachmentsCount" : 0,
    "shouldDisplayMessage" : false,
    "hasContent" : false
  } ],
  "labels" : [ {
    "name" : "epic",
    "value" : "Тестирование главной страницы"
  }, {
    "name" : "tag",
    "value" : "smoke_test"
  }, {
    "name" : "parentSuite",
    "value" : "tests"
  }, {
    "name" : "suite",
    "value" : "main_page_test"
  }, {
    "name" : "subSuite",
    "value" : "TestMainPageSmoke"
  }, {
    "name" : "host",
    "value" : "fv-az915-386"
  }, {
    "name" : "thread",
    "value" : "2286-MainThread"
  }, {
    "name" : "framework",
    "value" : "pytest"
  }, {
    "name" : "language",
    "value" : "cpython3"
  }, {
    "name" : "package",
    "value" : "tests.main_page_test"
  }, {
    "name" : "resultFormat",
    "value" : "allure2"
  } ],
  "parameters" : [ {
    "name" : "url",
    "value" : "'/dealers/'"
  } ],
  "links" : [ ],
  "hidden" : false,
  "retry" : false,
  "extra" : {
    "severity" : "normal",
    "retries" : [ ],
    "categories" : [ {
      "name" : "Test defects",
      "matchedStatuses" : [ ],
      "flaky" : false
    } ],
    "history" : {
      "statistic" : {
        "failed" : 0,
        "broken" : 3,
        "skipped" : 0,
        "passed" : 0,
        "unknown" : 0,
        "total" : 3
      },
      "items" : [ {
        "uid" : "fe3924a2e1500f24",
        "reportUrl" : "https://Nat754.github.io/DealerPassport/13//#testresult/fe3924a2e1500f24",
        "status" : "broken",
        "statusDetails" : "selenium.common.exceptions.InvalidArgumentException: Message: invalid argument\n  (Session info: chrome=130.0.6723.91)\nStacktrace:\n#0 0x55946c96013a <unknown>\n#1 0x55946c47b2bd <unknown>\n#2 0x55946c46316f <unknown>\n#3 0x55946c4617c8 <unknown>\n#4 0x55946c461eba <unknown>\n#5 0x55946c47dd59 <unknown>\n#6 0x55946c50b645 <unknown>\n#7 0x55946c4ec012 <unknown>\n#8 0x55946c50aaf6 <unknown>\n#9 0x55946c4ebdb3 <unknown>\n#10 0x55946c4bac10 <unknown>\n#11 0x55946c4bbbee <unknown>\n#12 0x55946c92c3cb <unknown>\n#13 0x55946c930368 <unknown>\n#14 0x55946c919eec <unknown>\n#15 0x55946c930ee7 <unknown>\n#16 0x55946c8ff13f <unknown>\n#17 0x55946c94e858 <unknown>\n#18 0x55946c94ea20 <unknown>\n#19 0x55946c95efb6 <unknown>\n#20 0x7f24c6a94ac3 <unknown>",
        "time" : {
          "start" : 1731411758141,
          "stop" : 1731411758141,
          "duration" : 0
        }
      }, {
        "uid" : "921624540a01bc55",
        "reportUrl" : "https://Nat754.github.io/DealerPassport/13//#testresult/921624540a01bc55",
        "status" : "broken",
        "statusDetails" : "selenium.common.exceptions.InvalidArgumentException: Message: invalid argument\n  (Session info: chrome=130.0.6723.91)\nStacktrace:\n#0 0x5577424eb13a <unknown>\n#1 0x5577420062bd <unknown>\n#2 0x557741fee16f <unknown>\n#3 0x557741fec7c8 <unknown>\n#4 0x557741feceba <unknown>\n#5 0x557742008d59 <unknown>\n#6 0x557742096645 <unknown>\n#7 0x557742077012 <unknown>\n#8 0x557742095af6 <unknown>\n#9 0x557742076db3 <unknown>\n#10 0x557742045c10 <unknown>\n#11 0x557742046bee <unknown>\n#12 0x5577424b73cb <unknown>\n#13 0x5577424bb368 <unknown>\n#14 0x5577424a4eec <unknown>\n#15 0x5577424bbee7 <unknown>\n#16 0x55774248a13f <unknown>\n#17 0x5577424d9858 <unknown>\n#18 0x5577424d9a20 <unknown>\n#19 0x5577424e9fb6 <unknown>\n#20 0x7f51a7694ac3 <unknown>",
        "time" : {
          "start" : 1731410915614,
          "stop" : 1731410915614,
          "duration" : 0
        }
      } ]
    },
    "tags" : [ "smoke_test" ]
  },
  "source" : "64128f69ee87fdc3.json",
  "parameterValues" : [ "'/dealers/'" ]
}