{
  "uid" : "29115de1fb974907",
  "name" : "test_open_seo_prod[https://dealer-passport-test.xsfera.ru:3001]",
  "fullName" : "tests.main_page_test.TestMainPageSmoke#test_open_seo_prod",
  "historyId" : "a1cf1ba8b81c0f0ee1e5be7ee0e3900f",
  "time" : {
    "start" : 1717080716005,
    "stop" : 1717080716005,
    "duration" : 0
  },
  "status" : "broken",
  "statusMessage" : "selenium.common.exceptions.TimeoutException: Message: \nStacktrace:\n#0 0x556c7d9c8e8a <unknown>\n#1 0x556c7d6b245c <unknown>\n#2 0x556c7d6fe5b5 <unknown>\n#3 0x556c7d6fe671 <unknown>\n#4 0x556c7d742f14 <unknown>\n#5 0x556c7d7214dd <unknown>\n#6 0x556c7d7402cc <unknown>\n#7 0x556c7d721253 <unknown>\n#8 0x556c7d6f11c7 <unknown>\n#9 0x556c7d6f1b3e <unknown>\n#10 0x556c7d98f2cb <unknown>\n#11 0x556c7d993377 <unknown>\n#12 0x556c7d97bdfe <unknown>\n#13 0x556c7d993e42 <unknown>\n#14 0x556c7d96079f <unknown>\n#15 0x556c7d9b8178 <unknown>\n#16 0x556c7d9b834b <unknown>\n#17 0x556c7d9c7fbc <unknown>\n#18 0x7f96c4294ac3 <unknown>",
  "statusTrace" : "driver = <selenium.webdriver.chrome.webdriver.WebDriver (session=\"0827b88ad732c43c49975e507219b0c3\")>\n\n    @pytest.fixture\n    def auth_user_admin_to_seo_prod(driver):\n        main_page = MainPage(driver)\n        url = Urls.MAIN_URL_SEO_PROD + Urls.AUTH\n        cookies = {'name': 'token', 'value': os.environ[\"SEO_ADMIN\"]}\n        driver.get(url)\n        driver.add_cookie(cookies)\n        driver.get(Urls.MAIN_URL_SEO_PROD)\n>       main_page.check_button_agree().click()\n\ntests/conftest.py:30: \n_ _ _ _ _ _ _ _ _ _ _ _ _ _ _ _ _ _ _ _ _ _ _ _ _ _ _ _ _ _ _ _ _ _ _ _ _ _ _ _ \npages/main_page.py:15: in check_button_agree\n    return self.element_is_visible(self.locator.AGREE_BUTTON)\npages/base_page.py:18: in element_is_visible\n    self.go_to_element(self.element_is_present(locator))\npages/base_page.py:34: in element_is_present\n    return Wait(self.driver, self.timeout).until(ec.presence_of_element_located(locator))\n_ _ _ _ _ _ _ _ _ _ _ _ _ _ _ _ _ _ _ _ _ _ _ _ _ _ _ _ _ _ _ _ _ _ _ _ _ _ _ _ \n\nself = <selenium.webdriver.support.wait.WebDriverWait (session=\"0827b88ad732c43c49975e507219b0c3\")>\nmethod = <function presence_of_element_located.<locals>._predicate at 0x7f6cc79502c0>\nmessage = ''\n\n    def until(self, method: Callable[[D], Union[Literal[False], T]], message: str = \"\") -> T:\n        \"\"\"Calls the method provided with the driver as an argument until the \\\n        return value does not evaluate to ``False``.\n    \n        :param method: callable(WebDriver)\n        :param message: optional message for :exc:`TimeoutException`\n        :returns: the result of the last call to `method`\n        :raises: :exc:`selenium.common.exceptions.TimeoutException` if timeout occurs\n        \"\"\"\n        screen = None\n        stacktrace = None\n    \n        end_time = time.monotonic() + self._timeout\n        while True:\n            try:\n                value = method(self._driver)\n                if value:\n                    return value\n            except self._ignored_exceptions as exc:\n                screen = getattr(exc, \"screen\", None)\n                stacktrace = getattr(exc, \"stacktrace\", None)\n            time.sleep(self._poll)\n            if time.monotonic() > end_time:\n                break\n>       raise TimeoutException(message, screen, stacktrace)\nE       selenium.common.exceptions.TimeoutException: Message: \nE       Stacktrace:\nE       #0 0x556c7d9c8e8a <unknown>\nE       #1 0x556c7d6b245c <unknown>\nE       #2 0x556c7d6fe5b5 <unknown>\nE       #3 0x556c7d6fe671 <unknown>\nE       #4 0x556c7d742f14 <unknown>\nE       #5 0x556c7d7214dd <unknown>\nE       #6 0x556c7d7402cc <unknown>\nE       #7 0x556c7d721253 <unknown>\nE       #8 0x556c7d6f11c7 <unknown>\nE       #9 0x556c7d6f1b3e <unknown>\nE       #10 0x556c7d98f2cb <unknown>\nE       #11 0x556c7d993377 <unknown>\nE       #12 0x556c7d97bdfe <unknown>\nE       #13 0x556c7d993e42 <unknown>\nE       #14 0x556c7d96079f <unknown>\nE       #15 0x556c7d9b8178 <unknown>\nE       #16 0x556c7d9b834b <unknown>\nE       #17 0x556c7d9c7fbc <unknown>\nE       #18 0x7f96c4294ac3 <unknown>\n\n/opt/hostedtoolcache/Python/3.12.3/x64/lib/python3.12/site-packages/selenium/webdriver/support/wait.py:105: TimeoutException",
  "flaky" : false,
  "newFailed" : false,
  "beforeStages" : [ {
    "name" : "auth_user_admin_to_seo_prod",
    "time" : {
      "start" : 1717080716204,
      "stop" : 1717080729406,
      "duration" : 13202
    },
    "status" : "broken",
    "statusMessage" : "selenium.common.exceptions.TimeoutException: Message: \nStacktrace:\n#0 0x556c7d9c8e8a <unknown>\n#1 0x556c7d6b245c <unknown>\n#2 0x556c7d6fe5b5 <unknown>\n#3 0x556c7d6fe671 <unknown>\n#4 0x556c7d742f14 <unknown>\n#5 0x556c7d7214dd <unknown>\n#6 0x556c7d7402cc <unknown>\n#7 0x556c7d721253 <unknown>\n#8 0x556c7d6f11c7 <unknown>\n#9 0x556c7d6f1b3e <unknown>\n#10 0x556c7d98f2cb <unknown>\n#11 0x556c7d993377 <unknown>\n#12 0x556c7d97bdfe <unknown>\n#13 0x556c7d993e42 <unknown>\n#14 0x556c7d96079f <unknown>\n#15 0x556c7d9b8178 <unknown>\n#16 0x556c7d9b834b <unknown>\n#17 0x556c7d9c7fbc <unknown>\n#18 0x7f96c4294ac3 <unknown>\n\n",
    "statusTrace" : "  File \"/opt/hostedtoolcache/Python/3.12.3/x64/lib/python3.12/site-packages/pluggy/_callers.py\", line 167, in _multicall\n    teardown.throw(outcome._exception)\n  File \"/opt/hostedtoolcache/Python/3.12.3/x64/lib/python3.12/site-packages/_pytest/setuponly.py\", line 36, in pytest_fixture_setup\n    return (yield)\n            ^^^^^\n  File \"/opt/hostedtoolcache/Python/3.12.3/x64/lib/python3.12/site-packages/pluggy/_callers.py\", line 103, in _multicall\n    res = hook_impl.function(*args)\n          ^^^^^^^^^^^^^^^^^^^^^^^^^\n  File \"/opt/hostedtoolcache/Python/3.12.3/x64/lib/python3.12/site-packages/_pytest/fixtures.py\", line 1140, in pytest_fixture_setup\n    result = call_fixture_func(fixturefunc, request, kwargs)\n             ^^^^^^^^^^^^^^^^^^^^^^^^^^^^^^^^^^^^^^^^^^^^^^^\n  File \"/opt/hostedtoolcache/Python/3.12.3/x64/lib/python3.12/site-packages/_pytest/fixtures.py\", line 917, in call_fixture_func\n    fixture_result = fixturefunc(**kwargs)\n                     ^^^^^^^^^^^^^^^^^^^^^\n  File \"/home/runner/work/DealerPassport/DealerPassport/tests/conftest.py\", line 30, in auth_user_admin_to_seo_prod\n    main_page.check_button_agree().click()\n    ^^^^^^^^^^^^^^^^^^^^^^^^^^^^^^\n  File \"/opt/hostedtoolcache/Python/3.12.3/x64/lib/python3.12/site-packages/allure_commons/_allure.py\", line 192, in impl\n    return func(*a, **kw)\n           ^^^^^^^^^^^^^^\n  File \"/home/runner/work/DealerPassport/DealerPassport/pages/main_page.py\", line 15, in check_button_agree\n    return self.element_is_visible(self.locator.AGREE_BUTTON)\n           ^^^^^^^^^^^^^^^^^^^^^^^^^^^^^^^^^^^^^^^^^^^^^^^^^^\n  File \"/home/runner/work/DealerPassport/DealerPassport/pages/base_page.py\", line 18, in element_is_visible\n    self.go_to_element(self.element_is_present(locator))\n                       ^^^^^^^^^^^^^^^^^^^^^^^^^^^^^^^^\n  File \"/home/runner/work/DealerPassport/DealerPassport/pages/base_page.py\", line 34, in element_is_present\n    return Wait(self.driver, self.timeout).until(ec.presence_of_element_located(locator))\n           ^^^^^^^^^^^^^^^^^^^^^^^^^^^^^^^^^^^^^^^^^^^^^^^^^^^^^^^^^^^^^^^^^^^^^^^^^^^^^^\n  File \"/opt/hostedtoolcache/Python/3.12.3/x64/lib/python3.12/site-packages/selenium/webdriver/support/wait.py\", line 105, in until\n    raise TimeoutException(message, screen, stacktrace)\n",
    "steps" : [ {
      "name" : "Проверка видимости кнопки '('xpath', '//span[text()=\"Согласен\"]')' на главной странице",
      "time" : {
        "start" : 1717080719179,
        "stop" : 1717080729405,
        "duration" : 10226
      },
      "status" : "broken",
      "statusMessage" : "selenium.common.exceptions.TimeoutException: Message: \nStacktrace:\n#0 0x556c7d9c8e8a <unknown>\n#1 0x556c7d6b245c <unknown>\n#2 0x556c7d6fe5b5 <unknown>\n#3 0x556c7d6fe671 <unknown>\n#4 0x556c7d742f14 <unknown>\n#5 0x556c7d7214dd <unknown>\n#6 0x556c7d7402cc <unknown>\n#7 0x556c7d721253 <unknown>\n#8 0x556c7d6f11c7 <unknown>\n#9 0x556c7d6f1b3e <unknown>\n#10 0x556c7d98f2cb <unknown>\n#11 0x556c7d993377 <unknown>\n#12 0x556c7d97bdfe <unknown>\n#13 0x556c7d993e42 <unknown>\n#14 0x556c7d96079f <unknown>\n#15 0x556c7d9b8178 <unknown>\n#16 0x556c7d9b834b <unknown>\n#17 0x556c7d9c7fbc <unknown>\n#18 0x7f96c4294ac3 <unknown>\n\n",
      "statusTrace" : "  File \"/opt/hostedtoolcache/Python/3.12.3/x64/lib/python3.12/site-packages/allure_commons/_allure.py\", line 192, in impl\n    return func(*a, **kw)\n           ^^^^^^^^^^^^^^\n  File \"/home/runner/work/DealerPassport/DealerPassport/pages/main_page.py\", line 15, in check_button_agree\n    return self.element_is_visible(self.locator.AGREE_BUTTON)\n           ^^^^^^^^^^^^^^^^^^^^^^^^^^^^^^^^^^^^^^^^^^^^^^^^^^\n  File \"/home/runner/work/DealerPassport/DealerPassport/pages/base_page.py\", line 18, in element_is_visible\n    self.go_to_element(self.element_is_present(locator))\n                       ^^^^^^^^^^^^^^^^^^^^^^^^^^^^^^^^\n  File \"/home/runner/work/DealerPassport/DealerPassport/pages/base_page.py\", line 34, in element_is_present\n    return Wait(self.driver, self.timeout).until(ec.presence_of_element_located(locator))\n           ^^^^^^^^^^^^^^^^^^^^^^^^^^^^^^^^^^^^^^^^^^^^^^^^^^^^^^^^^^^^^^^^^^^^^^^^^^^^^^\n  File \"/opt/hostedtoolcache/Python/3.12.3/x64/lib/python3.12/site-packages/selenium/webdriver/support/wait.py\", line 105, in until\n    raise TimeoutException(message, screen, stacktrace)\n",
      "steps" : [ ],
      "attachments" : [ ],
      "parameters" : [ ],
      "stepsCount" : 0,
      "attachmentsCount" : 0,
      "shouldDisplayMessage" : true,
      "hasContent" : true
    } ],
    "attachments" : [ ],
    "parameters" : [ ],
    "stepsCount" : 1,
    "attachmentsCount" : 0,
    "shouldDisplayMessage" : false,
    "hasContent" : true
  }, {
    "name" : "clear_allure_results_folder",
    "time" : {
      "start" : 1717080456737,
      "stop" : 1717080456737,
      "duration" : 0
    },
    "status" : "passed",
    "steps" : [ ],
    "attachments" : [ ],
    "parameters" : [ ],
    "stepsCount" : 0,
    "attachmentsCount" : 0,
    "shouldDisplayMessage" : false,
    "hasContent" : false
  }, {
    "name" : "driver",
    "time" : {
      "start" : 1717080716006,
      "stop" : 1717080716204,
      "duration" : 198
    },
    "status" : "passed",
    "steps" : [ ],
    "attachments" : [ ],
    "parameters" : [ ],
    "stepsCount" : 0,
    "attachmentsCount" : 0,
    "shouldDisplayMessage" : false,
    "hasContent" : false
  } ],
  "afterStages" : [ {
    "name" : "driver::0",
    "time" : {
      "start" : 1717080729420,
      "stop" : 1717080729479,
      "duration" : 59
    },
    "status" : "passed",
    "steps" : [ ],
    "attachments" : [ ],
    "parameters" : [ ],
    "stepsCount" : 0,
    "attachmentsCount" : 0,
    "shouldDisplayMessage" : false,
    "hasContent" : false
  } ],
  "labels" : [ {
    "name" : "epic",
    "value" : "Test Main Page smoke_test"
  }, {
    "name" : "tag",
    "value" : "smoke_test"
  }, {
    "name" : "parentSuite",
    "value" : "tests"
  }, {
    "name" : "suite",
    "value" : "main_page_test"
  }, {
    "name" : "subSuite",
    "value" : "TestMainPageSmoke"
  }, {
    "name" : "host",
    "value" : "fv-az1424-299"
  }, {
    "name" : "thread",
    "value" : "2244-MainThread"
  }, {
    "name" : "framework",
    "value" : "pytest"
  }, {
    "name" : "language",
    "value" : "cpython3"
  }, {
    "name" : "package",
    "value" : "tests.main_page_test"
  }, {
    "name" : "resultFormat",
    "value" : "allure2"
  } ],
  "parameters" : [ {
    "name" : "url",
    "value" : "'https://dealer-passport-test.xsfera.ru:3001'"
  } ],
  "links" : [ ],
  "hidden" : false,
  "retry" : false,
  "extra" : {
    "severity" : "normal",
    "retries" : [ ],
    "categories" : [ {
      "name" : "Test defects",
      "matchedStatuses" : [ ],
      "flaky" : false
    } ],
    "history" : {
      "statistic" : {
        "failed" : 0,
        "broken" : 1,
        "skipped" : 0,
        "passed" : 1,
        "unknown" : 0,
        "total" : 2
      },
      "items" : [ {
        "uid" : "ff659cfebf978ffe",
        "reportUrl" : "https://Nat754.github.io/DealerPassport/4//#testresult/ff659cfebf978ffe",
        "status" : "passed",
        "time" : {
          "start" : 1717059332501,
          "stop" : 1717059342987,
          "duration" : 10486
        }
      } ]
    },
    "tags" : [ "smoke_test" ]
  },
  "source" : "29115de1fb974907.json",
  "parameterValues" : [ "'https://dealer-passport-test.xsfera.ru:3001'" ]
}