{
  "uid" : "2c35a2c4b701f156",
  "name" : "Проверить доступность меню в редакторе на seo prod",
  "fullName" : "tests.editor_page_test.TestEditorPageSmoke#test_editor_menu_seo_prod",
  "historyId" : "3568d72cd38718aaf05341bb1fa6cddc",
  "time" : {
    "start" : 1717425975140,
    "stop" : 1717425975140,
    "duration" : 0
  },
  "status" : "broken",
  "statusMessage" : "selenium.common.exceptions.TimeoutException: Message: \nStacktrace:\n#0 0x55b1c3c8de8a <unknown>\n#1 0x55b1c397745c <unknown>\n#2 0x55b1c39c35b5 <unknown>\n#3 0x55b1c39c3671 <unknown>\n#4 0x55b1c3a07f14 <unknown>\n#5 0x55b1c39e64dd <unknown>\n#6 0x55b1c3a052cc <unknown>\n#7 0x55b1c39e6253 <unknown>\n#8 0x55b1c39b61c7 <unknown>\n#9 0x55b1c39b6b3e <unknown>\n#10 0x55b1c3c542cb <unknown>\n#11 0x55b1c3c58377 <unknown>\n#12 0x55b1c3c40dfe <unknown>\n#13 0x55b1c3c58e42 <unknown>\n#14 0x55b1c3c2579f <unknown>\n#15 0x55b1c3c7d178 <unknown>\n#16 0x55b1c3c7d34b <unknown>\n#17 0x55b1c3c8cfbc <unknown>\n#18 0x7f540ee94ac3 <unknown>",
  "statusTrace" : "driver = <selenium.webdriver.chrome.webdriver.WebDriver (session=\"ebf8f25229ec5b479bcd27bef716ed42\")>\n\n    @pytest.fixture\n    def auth_user_admin_to_seo_prod(driver):\n        main_page = MainPage(driver)\n        url = Urls.MAIN_URL_SEO_PROD + Urls.AUTH\n        cookies = {'name': 'token', 'value': os.environ[\"SEO_ADMIN\"]}\n        driver.get(url)\n        driver.add_cookie(cookies)\n        driver.get(Urls.MAIN_URL_SEO_PROD)\n>       main_page.check_button_agree().click()\n\ntests/conftest.py:30: \n_ _ _ _ _ _ _ _ _ _ _ _ _ _ _ _ _ _ _ _ _ _ _ _ _ _ _ _ _ _ _ _ _ _ _ _ _ _ _ _ \npages/main_page.py:15: in check_button_agree\n    return self.element_is_visible(self.locator.AGREE_BUTTON)\npages/base_page.py:18: in element_is_visible\n    self.go_to_element(self.element_is_present(locator))\npages/base_page.py:34: in element_is_present\n    return Wait(self.driver, self.timeout).until(ec.presence_of_element_located(locator))\n_ _ _ _ _ _ _ _ _ _ _ _ _ _ _ _ _ _ _ _ _ _ _ _ _ _ _ _ _ _ _ _ _ _ _ _ _ _ _ _ \n\nself = <selenium.webdriver.support.wait.WebDriverWait (session=\"ebf8f25229ec5b479bcd27bef716ed42\")>\nmethod = <function presence_of_element_located.<locals>._predicate at 0x7faf6ea90d60>\nmessage = ''\n\n    def until(self, method: Callable[[D], Union[Literal[False], T]], message: str = \"\") -> T:\n        \"\"\"Calls the method provided with the driver as an argument until the \\\n        return value does not evaluate to ``False``.\n    \n        :param method: callable(WebDriver)\n        :param message: optional message for :exc:`TimeoutException`\n        :returns: the result of the last call to `method`\n        :raises: :exc:`selenium.common.exceptions.TimeoutException` if timeout occurs\n        \"\"\"\n        screen = None\n        stacktrace = None\n    \n        end_time = time.monotonic() + self._timeout\n        while True:\n            try:\n                value = method(self._driver)\n                if value:\n                    return value\n            except self._ignored_exceptions as exc:\n                screen = getattr(exc, \"screen\", None)\n                stacktrace = getattr(exc, \"stacktrace\", None)\n            time.sleep(self._poll)\n            if time.monotonic() > end_time:\n                break\n>       raise TimeoutException(message, screen, stacktrace)\nE       selenium.common.exceptions.TimeoutException: Message: \nE       Stacktrace:\nE       #0 0x55b1c3c8de8a <unknown>\nE       #1 0x55b1c397745c <unknown>\nE       #2 0x55b1c39c35b5 <unknown>\nE       #3 0x55b1c39c3671 <unknown>\nE       #4 0x55b1c3a07f14 <unknown>\nE       #5 0x55b1c39e64dd <unknown>\nE       #6 0x55b1c3a052cc <unknown>\nE       #7 0x55b1c39e6253 <unknown>\nE       #8 0x55b1c39b61c7 <unknown>\nE       #9 0x55b1c39b6b3e <unknown>\nE       #10 0x55b1c3c542cb <unknown>\nE       #11 0x55b1c3c58377 <unknown>\nE       #12 0x55b1c3c40dfe <unknown>\nE       #13 0x55b1c3c58e42 <unknown>\nE       #14 0x55b1c3c2579f <unknown>\nE       #15 0x55b1c3c7d178 <unknown>\nE       #16 0x55b1c3c7d34b <unknown>\nE       #17 0x55b1c3c8cfbc <unknown>\nE       #18 0x7f540ee94ac3 <unknown>\n\n/opt/hostedtoolcache/Python/3.12.3/x64/lib/python3.12/site-packages/selenium/webdriver/support/wait.py:105: TimeoutException",
  "flaky" : false,
  "newFailed" : false,
  "beforeStages" : [ {
    "name" : "driver",
    "time" : {
      "start" : 1717425975141,
      "stop" : 1717425975339,
      "duration" : 198
    },
    "status" : "passed",
    "steps" : [ ],
    "attachments" : [ ],
    "parameters" : [ ],
    "shouldDisplayMessage" : false,
    "hasContent" : false,
    "stepsCount" : 0,
    "attachmentsCount" : 0
  }, {
    "name" : "clear_allure_results_folder",
    "time" : {
      "start" : 1717425962338,
      "stop" : 1717425962338,
      "duration" : 0
    },
    "status" : "passed",
    "steps" : [ ],
    "attachments" : [ ],
    "parameters" : [ ],
    "shouldDisplayMessage" : false,
    "hasContent" : false,
    "stepsCount" : 0,
    "attachmentsCount" : 0
  }, {
    "name" : "auth_user_admin_to_seo_prod",
    "time" : {
      "start" : 1717425975339,
      "stop" : 1717425988017,
      "duration" : 12678
    },
    "status" : "broken",
    "statusMessage" : "selenium.common.exceptions.TimeoutException: Message: \nStacktrace:\n#0 0x55b1c3c8de8a <unknown>\n#1 0x55b1c397745c <unknown>\n#2 0x55b1c39c35b5 <unknown>\n#3 0x55b1c39c3671 <unknown>\n#4 0x55b1c3a07f14 <unknown>\n#5 0x55b1c39e64dd <unknown>\n#6 0x55b1c3a052cc <unknown>\n#7 0x55b1c39e6253 <unknown>\n#8 0x55b1c39b61c7 <unknown>\n#9 0x55b1c39b6b3e <unknown>\n#10 0x55b1c3c542cb <unknown>\n#11 0x55b1c3c58377 <unknown>\n#12 0x55b1c3c40dfe <unknown>\n#13 0x55b1c3c58e42 <unknown>\n#14 0x55b1c3c2579f <unknown>\n#15 0x55b1c3c7d178 <unknown>\n#16 0x55b1c3c7d34b <unknown>\n#17 0x55b1c3c8cfbc <unknown>\n#18 0x7f540ee94ac3 <unknown>\n\n",
    "statusTrace" : "  File \"/opt/hostedtoolcache/Python/3.12.3/x64/lib/python3.12/site-packages/pluggy/_callers.py\", line 167, in _multicall\n    teardown.throw(outcome._exception)\n  File \"/opt/hostedtoolcache/Python/3.12.3/x64/lib/python3.12/site-packages/_pytest/setuponly.py\", line 36, in pytest_fixture_setup\n    return (yield)\n            ^^^^^\n  File \"/opt/hostedtoolcache/Python/3.12.3/x64/lib/python3.12/site-packages/pluggy/_callers.py\", line 103, in _multicall\n    res = hook_impl.function(*args)\n          ^^^^^^^^^^^^^^^^^^^^^^^^^\n  File \"/opt/hostedtoolcache/Python/3.12.3/x64/lib/python3.12/site-packages/_pytest/fixtures.py\", line 1140, in pytest_fixture_setup\n    result = call_fixture_func(fixturefunc, request, kwargs)\n             ^^^^^^^^^^^^^^^^^^^^^^^^^^^^^^^^^^^^^^^^^^^^^^^\n  File \"/opt/hostedtoolcache/Python/3.12.3/x64/lib/python3.12/site-packages/_pytest/fixtures.py\", line 917, in call_fixture_func\n    fixture_result = fixturefunc(**kwargs)\n                     ^^^^^^^^^^^^^^^^^^^^^\n  File \"/home/runner/work/DealerPassport/DealerPassport/tests/conftest.py\", line 30, in auth_user_admin_to_seo_prod\n    main_page.check_button_agree().click()\n    ^^^^^^^^^^^^^^^^^^^^^^^^^^^^^^\n  File \"/opt/hostedtoolcache/Python/3.12.3/x64/lib/python3.12/site-packages/allure_commons/_allure.py\", line 192, in impl\n    return func(*a, **kw)\n           ^^^^^^^^^^^^^^\n  File \"/home/runner/work/DealerPassport/DealerPassport/pages/main_page.py\", line 15, in check_button_agree\n    return self.element_is_visible(self.locator.AGREE_BUTTON)\n           ^^^^^^^^^^^^^^^^^^^^^^^^^^^^^^^^^^^^^^^^^^^^^^^^^^\n  File \"/home/runner/work/DealerPassport/DealerPassport/pages/base_page.py\", line 18, in element_is_visible\n    self.go_to_element(self.element_is_present(locator))\n                       ^^^^^^^^^^^^^^^^^^^^^^^^^^^^^^^^\n  File \"/home/runner/work/DealerPassport/DealerPassport/pages/base_page.py\", line 34, in element_is_present\n    return Wait(self.driver, self.timeout).until(ec.presence_of_element_located(locator))\n           ^^^^^^^^^^^^^^^^^^^^^^^^^^^^^^^^^^^^^^^^^^^^^^^^^^^^^^^^^^^^^^^^^^^^^^^^^^^^^^\n  File \"/opt/hostedtoolcache/Python/3.12.3/x64/lib/python3.12/site-packages/selenium/webdriver/support/wait.py\", line 105, in until\n    raise TimeoutException(message, screen, stacktrace)\n",
    "steps" : [ {
      "name" : "Проверка видимости кнопки '('xpath', '//span[text()=\"Согласен\"]')' на главной странице",
      "time" : {
        "start" : 1717425977786,
        "stop" : 1717425988016,
        "duration" : 10230
      },
      "status" : "broken",
      "statusMessage" : "selenium.common.exceptions.TimeoutException: Message: \nStacktrace:\n#0 0x55b1c3c8de8a <unknown>\n#1 0x55b1c397745c <unknown>\n#2 0x55b1c39c35b5 <unknown>\n#3 0x55b1c39c3671 <unknown>\n#4 0x55b1c3a07f14 <unknown>\n#5 0x55b1c39e64dd <unknown>\n#6 0x55b1c3a052cc <unknown>\n#7 0x55b1c39e6253 <unknown>\n#8 0x55b1c39b61c7 <unknown>\n#9 0x55b1c39b6b3e <unknown>\n#10 0x55b1c3c542cb <unknown>\n#11 0x55b1c3c58377 <unknown>\n#12 0x55b1c3c40dfe <unknown>\n#13 0x55b1c3c58e42 <unknown>\n#14 0x55b1c3c2579f <unknown>\n#15 0x55b1c3c7d178 <unknown>\n#16 0x55b1c3c7d34b <unknown>\n#17 0x55b1c3c8cfbc <unknown>\n#18 0x7f540ee94ac3 <unknown>\n\n",
      "statusTrace" : "  File \"/opt/hostedtoolcache/Python/3.12.3/x64/lib/python3.12/site-packages/allure_commons/_allure.py\", line 192, in impl\n    return func(*a, **kw)\n           ^^^^^^^^^^^^^^\n  File \"/home/runner/work/DealerPassport/DealerPassport/pages/main_page.py\", line 15, in check_button_agree\n    return self.element_is_visible(self.locator.AGREE_BUTTON)\n           ^^^^^^^^^^^^^^^^^^^^^^^^^^^^^^^^^^^^^^^^^^^^^^^^^^\n  File \"/home/runner/work/DealerPassport/DealerPassport/pages/base_page.py\", line 18, in element_is_visible\n    self.go_to_element(self.element_is_present(locator))\n                       ^^^^^^^^^^^^^^^^^^^^^^^^^^^^^^^^\n  File \"/home/runner/work/DealerPassport/DealerPassport/pages/base_page.py\", line 34, in element_is_present\n    return Wait(self.driver, self.timeout).until(ec.presence_of_element_located(locator))\n           ^^^^^^^^^^^^^^^^^^^^^^^^^^^^^^^^^^^^^^^^^^^^^^^^^^^^^^^^^^^^^^^^^^^^^^^^^^^^^^\n  File \"/opt/hostedtoolcache/Python/3.12.3/x64/lib/python3.12/site-packages/selenium/webdriver/support/wait.py\", line 105, in until\n    raise TimeoutException(message, screen, stacktrace)\n",
      "steps" : [ ],
      "attachments" : [ ],
      "parameters" : [ ],
      "shouldDisplayMessage" : true,
      "hasContent" : true,
      "stepsCount" : 0,
      "attachmentsCount" : 0
    } ],
    "attachments" : [ ],
    "parameters" : [ ],
    "shouldDisplayMessage" : false,
    "hasContent" : true,
    "stepsCount" : 1,
    "attachmentsCount" : 0
  } ],
  "afterStages" : [ {
    "name" : "driver::0",
    "time" : {
      "start" : 1717425988030,
      "stop" : 1717425988089,
      "duration" : 59
    },
    "status" : "passed",
    "steps" : [ ],
    "attachments" : [ ],
    "parameters" : [ ],
    "shouldDisplayMessage" : false,
    "hasContent" : false,
    "stepsCount" : 0,
    "attachmentsCount" : 0
  } ],
  "labels" : [ {
    "name" : "epic",
    "value" : "Test SRR Page smoke_test"
  }, {
    "name" : "tag",
    "value" : "smoke_test"
  }, {
    "name" : "parentSuite",
    "value" : "tests"
  }, {
    "name" : "suite",
    "value" : "editor_page_test"
  }, {
    "name" : "subSuite",
    "value" : "TestEditorPageSmoke"
  }, {
    "name" : "host",
    "value" : "fv-az1153-519"
  }, {
    "name" : "thread",
    "value" : "2225-MainThread"
  }, {
    "name" : "framework",
    "value" : "pytest"
  }, {
    "name" : "language",
    "value" : "cpython3"
  }, {
    "name" : "package",
    "value" : "tests.editor_page_test"
  }, {
    "name" : "resultFormat",
    "value" : "allure2"
  } ],
  "parameters" : [ ],
  "links" : [ ],
  "hidden" : false,
  "retry" : false,
  "extra" : {
    "severity" : "normal",
    "retries" : [ ],
    "categories" : [ {
      "name" : "Test defects",
      "matchedStatuses" : [ ],
      "flaky" : false
    } ],
    "history" : {
      "statistic" : {
        "failed" : 0,
        "broken" : 1,
        "skipped" : 0,
        "passed" : 8,
        "unknown" : 0,
        "total" : 9
      },
      "items" : [ {
        "uid" : "be951985470c7e29",
        "reportUrl" : "https://Nat754.github.io/DealerPassport/12//#testresult/be951985470c7e29",
        "status" : "passed",
        "time" : {
          "start" : 1717380125668,
          "stop" : 1717380126914,
          "duration" : 1246
        }
      }, {
        "uid" : "be76b478a028f3ce",
        "reportUrl" : "https://Nat754.github.io/DealerPassport/11//#testresult/be76b478a028f3ce",
        "status" : "passed",
        "time" : {
          "start" : 1717293830503,
          "stop" : 1717293831815,
          "duration" : 1312
        }
      }, {
        "uid" : "ecd1760961d3032b",
        "reportUrl" : "https://Nat754.github.io/DealerPassport/10//#testresult/ecd1760961d3032b",
        "status" : "passed",
        "time" : {
          "start" : 1717207380897,
          "stop" : 1717207382251,
          "duration" : 1354
        }
      }, {
        "uid" : "479ccd2c124c36ba",
        "reportUrl" : "https://Nat754.github.io/DealerPassport/5//#testresult/479ccd2c124c36ba",
        "status" : "passed",
        "time" : {
          "start" : 1717150115802,
          "stop" : 1717150117017,
          "duration" : 1215
        }
      }, {
        "uid" : "59913fa4a8da54ba",
        "reportUrl" : "https://Nat754.github.io/DealerPassport/5//#testresult/59913fa4a8da54ba",
        "status" : "passed",
        "time" : {
          "start" : 1717143736480,
          "stop" : 1717143737875,
          "duration" : 1395
        }
      }, {
        "uid" : "7126de89631927e5",
        "reportUrl" : "https://Nat754.github.io/DealerPassport/9//#testresult/7126de89631927e5",
        "status" : "passed",
        "time" : {
          "start" : 1717120947146,
          "stop" : 1717120948453,
          "duration" : 1307
        }
      }, {
        "uid" : "d888a0cd5ebd48a2",
        "reportUrl" : "https://Nat754.github.io/DealerPassport/5//#testresult/d888a0cd5ebd48a2",
        "status" : "passed",
        "time" : {
          "start" : 1717080467015,
          "stop" : 1717080468285,
          "duration" : 1270
        }
      }, {
        "uid" : "c58c82666c27a93e",
        "reportUrl" : "https://Nat754.github.io/DealerPassport/4//#testresult/c58c82666c27a93e",
        "status" : "passed",
        "time" : {
          "start" : 1717059083823,
          "stop" : 1717059085110,
          "duration" : 1287
        }
      } ]
    },
    "tags" : [ "smoke_test" ]
  },
  "source" : "2c35a2c4b701f156.json",
  "parameterValues" : [ ]
}