{
  "uid" : "6668805cc183d1f0",
  "name" : "Проверить отсутствие ошибок при открытии https://dealer-passport-test.xsfera.ru/dealers/ на сервере СЕО",
  "fullName" : "tests.main_page_test.TestMainPageSmoke#test_open_seo",
  "historyId" : "4b9832eca4d22a522e019e9cf18dcb53",
  "time" : {
    "start" : 1717426166994,
    "stop" : 1717426168146,
    "duration" : 1152
  },
  "status" : "failed",
  "statusMessage" : "AssertionError: Ошибка: ['Произошла ошибка: errors.GRAPHQL_VALIDATION_FAILED\\nПроизошла ошибка: errors.GRAPHQL_VALIDATION_FAILED\\nПроизошла ошибка: errors.GRAPHQL_VALIDATION_FAILED\\nПроизошла ошибка: errors.GRAPHQL_VALIDATION_FAILED']\nassert None\n +  where None = <bound method MainPage.check_not_errors of <pages.main_page.MainPage object at 0x7faf6eaf3500>>()\n +    where <bound method MainPage.check_not_errors of <pages.main_page.MainPage object at 0x7faf6eaf3500>> = <pages.main_page.MainPage object at 0x7faf6eaf3500>.check_not_errors",
  "statusTrace" : "self = <tests.main_page_test.TestMainPageSmoke object at 0x7faf6ecdca10>\nauth_user_admin_to_seo = <pages.main_page.MainPage object at 0x7faf6eaf3500>\ndriver = <selenium.webdriver.chrome.webdriver.WebDriver (session=\"34ad850c9769c3891828f542f5155ea3\")>\nurl = 'https://dealer-passport-test.xsfera.ru/dealers/'\n\n    @pytest.mark.parametrize('url', Urls.LIST_URLS_SEO)\n    def test_open_seo(self, auth_user_admin_to_seo, driver, url):\n        allure.dynamic.title(f'Проверить отсутствие ошибок при открытии {url} на сервере СЕО')\n        driver.get(url)\n>       assert auth_user_admin_to_seo.check_not_errors(), \\\n            f'Ошибка: {[item.text for item in auth_user_admin_to_seo.check_error_notifications()]}'\nE       AssertionError: Ошибка: ['Произошла ошибка: errors.GRAPHQL_VALIDATION_FAILED\\nПроизошла ошибка: errors.GRAPHQL_VALIDATION_FAILED\\nПроизошла ошибка: errors.GRAPHQL_VALIDATION_FAILED\\nПроизошла ошибка: errors.GRAPHQL_VALIDATION_FAILED']\nE       assert None\nE        +  where None = <bound method MainPage.check_not_errors of <pages.main_page.MainPage object at 0x7faf6eaf3500>>()\nE        +    where <bound method MainPage.check_not_errors of <pages.main_page.MainPage object at 0x7faf6eaf3500>> = <pages.main_page.MainPage object at 0x7faf6eaf3500>.check_not_errors\n\ntests/main_page_test.py:30: AssertionError",
  "flaky" : false,
  "newFailed" : false,
  "beforeStages" : [ {
    "name" : "driver",
    "time" : {
      "start" : 1717426164178,
      "stop" : 1717426164392,
      "duration" : 214
    },
    "status" : "passed",
    "steps" : [ ],
    "attachments" : [ ],
    "parameters" : [ ],
    "shouldDisplayMessage" : false,
    "hasContent" : false,
    "stepsCount" : 0,
    "attachmentsCount" : 0
  }, {
    "name" : "clear_allure_results_folder",
    "time" : {
      "start" : 1717425962338,
      "stop" : 1717425962338,
      "duration" : 0
    },
    "status" : "passed",
    "steps" : [ ],
    "attachments" : [ ],
    "parameters" : [ ],
    "shouldDisplayMessage" : false,
    "hasContent" : false,
    "stepsCount" : 0,
    "attachmentsCount" : 0
  }, {
    "name" : "auth_user_admin_to_seo",
    "time" : {
      "start" : 1717426164392,
      "stop" : 1717426166993,
      "duration" : 2601
    },
    "status" : "passed",
    "steps" : [ {
      "name" : "Проверка видимости кнопки '('xpath', '//span[text()=\"Согласен\"]')' на главной странице",
      "time" : {
        "start" : 1717426166908,
        "stop" : 1717426166940,
        "duration" : 32
      },
      "status" : "passed",
      "steps" : [ ],
      "attachments" : [ ],
      "parameters" : [ ],
      "shouldDisplayMessage" : false,
      "hasContent" : false,
      "stepsCount" : 0,
      "attachmentsCount" : 0
    } ],
    "attachments" : [ ],
    "parameters" : [ ],
    "shouldDisplayMessage" : false,
    "hasContent" : true,
    "stepsCount" : 1,
    "attachmentsCount" : 0
  } ],
  "testStage" : {
    "status" : "failed",
    "statusMessage" : "AssertionError: Ошибка: ['Произошла ошибка: errors.GRAPHQL_VALIDATION_FAILED\\nПроизошла ошибка: errors.GRAPHQL_VALIDATION_FAILED\\nПроизошла ошибка: errors.GRAPHQL_VALIDATION_FAILED\\nПроизошла ошибка: errors.GRAPHQL_VALIDATION_FAILED']\nassert None\n +  where None = <bound method MainPage.check_not_errors of <pages.main_page.MainPage object at 0x7faf6eaf3500>>()\n +    where <bound method MainPage.check_not_errors of <pages.main_page.MainPage object at 0x7faf6eaf3500>> = <pages.main_page.MainPage object at 0x7faf6eaf3500>.check_not_errors",
    "statusTrace" : "self = <tests.main_page_test.TestMainPageSmoke object at 0x7faf6ecdca10>\nauth_user_admin_to_seo = <pages.main_page.MainPage object at 0x7faf6eaf3500>\ndriver = <selenium.webdriver.chrome.webdriver.WebDriver (session=\"34ad850c9769c3891828f542f5155ea3\")>\nurl = 'https://dealer-passport-test.xsfera.ru/dealers/'\n\n    @pytest.mark.parametrize('url', Urls.LIST_URLS_SEO)\n    def test_open_seo(self, auth_user_admin_to_seo, driver, url):\n        allure.dynamic.title(f'Проверить отсутствие ошибок при открытии {url} на сервере СЕО')\n        driver.get(url)\n>       assert auth_user_admin_to_seo.check_not_errors(), \\\n            f'Ошибка: {[item.text for item in auth_user_admin_to_seo.check_error_notifications()]}'\nE       AssertionError: Ошибка: ['Произошла ошибка: errors.GRAPHQL_VALIDATION_FAILED\\nПроизошла ошибка: errors.GRAPHQL_VALIDATION_FAILED\\nПроизошла ошибка: errors.GRAPHQL_VALIDATION_FAILED\\nПроизошла ошибка: errors.GRAPHQL_VALIDATION_FAILED']\nE       assert None\nE        +  where None = <bound method MainPage.check_not_errors of <pages.main_page.MainPage object at 0x7faf6eaf3500>>()\nE        +    where <bound method MainPage.check_not_errors of <pages.main_page.MainPage object at 0x7faf6eaf3500>> = <pages.main_page.MainPage object at 0x7faf6eaf3500>.check_not_errors\n\ntests/main_page_test.py:30: AssertionError",
    "steps" : [ {
      "name" : "Проверить отсутствие ошибок",
      "time" : {
        "start" : 1717426167526,
        "stop" : 1717426168073,
        "duration" : 547
      },
      "status" : "passed",
      "steps" : [ ],
      "attachments" : [ ],
      "parameters" : [ ],
      "shouldDisplayMessage" : false,
      "hasContent" : false,
      "stepsCount" : 0,
      "attachmentsCount" : 0
    }, {
      "name" : "Проверить видимость ошибок",
      "time" : {
        "start" : 1717426168073,
        "stop" : 1717426168085,
        "duration" : 12
      },
      "status" : "passed",
      "steps" : [ ],
      "attachments" : [ ],
      "parameters" : [ ],
      "shouldDisplayMessage" : false,
      "hasContent" : false,
      "stepsCount" : 0,
      "attachmentsCount" : 0
    } ],
    "attachments" : [ {
      "uid" : "ee5773fbac075a56",
      "name" : "Screenshot",
      "source" : "ee5773fbac075a56.png",
      "type" : "image/png",
      "size" : 97999
    }, {
      "uid" : "488f9149fe12def7",
      "name" : "HTML source",
      "source" : "488f9149fe12def7.html",
      "type" : "text/html",
      "size" : 45815
    } ],
    "parameters" : [ ],
    "shouldDisplayMessage" : true,
    "hasContent" : true,
    "stepsCount" : 2,
    "attachmentsCount" : 2
  },
  "afterStages" : [ {
    "name" : "driver::0",
    "time" : {
      "start" : 1717426168280,
      "stop" : 1717426168344,
      "duration" : 64
    },
    "status" : "passed",
    "steps" : [ ],
    "attachments" : [ ],
    "parameters" : [ ],
    "shouldDisplayMessage" : false,
    "hasContent" : false,
    "stepsCount" : 0,
    "attachmentsCount" : 0
  } ],
  "labels" : [ {
    "name" : "epic",
    "value" : "Test Main Page smoke_test"
  }, {
    "name" : "tag",
    "value" : "smoke_test"
  }, {
    "name" : "parentSuite",
    "value" : "tests"
  }, {
    "name" : "suite",
    "value" : "main_page_test"
  }, {
    "name" : "subSuite",
    "value" : "TestMainPageSmoke"
  }, {
    "name" : "host",
    "value" : "fv-az1153-519"
  }, {
    "name" : "thread",
    "value" : "2225-MainThread"
  }, {
    "name" : "framework",
    "value" : "pytest"
  }, {
    "name" : "language",
    "value" : "cpython3"
  }, {
    "name" : "package",
    "value" : "tests.main_page_test"
  }, {
    "name" : "resultFormat",
    "value" : "allure2"
  } ],
  "parameters" : [ {
    "name" : "url",
    "value" : "'https://dealer-passport-test.xsfera.ru/dealers/'"
  } ],
  "links" : [ ],
  "hidden" : false,
  "retry" : false,
  "extra" : {
    "severity" : "normal",
    "retries" : [ ],
    "categories" : [ {
      "name" : "Product defects",
      "matchedStatuses" : [ ],
      "flaky" : false
    } ],
    "history" : {
      "statistic" : {
        "failed" : 3,
        "broken" : 2,
        "skipped" : 0,
        "passed" : 4,
        "unknown" : 0,
        "total" : 9
      },
      "items" : [ {
        "uid" : "ec47975425e291c8",
        "reportUrl" : "https://Nat754.github.io/DealerPassport/12//#testresult/ec47975425e291c8",
        "status" : "broken",
        "statusDetails" : "selenium.common.exceptions.TimeoutException: Message: \nStacktrace:\n#0 0x55e0a99dbe8a <unknown>\n#1 0x55e0a96c545c <unknown>\n#2 0x55e0a97115b5 <unknown>\n#3 0x55e0a9711671 <unknown>\n#4 0x55e0a9755f14 <unknown>\n#5 0x55e0a97344dd <unknown>\n#6 0x55e0a97532cc <unknown>\n#7 0x55e0a9734253 <unknown>\n#8 0x55e0a97041c7 <unknown>\n#9 0x55e0a9704b3e <unknown>\n#10 0x55e0a99a22cb <unknown>\n#11 0x55e0a99a6377 <unknown>\n#12 0x55e0a998edfe <unknown>\n#13 0x55e0a99a6e42 <unknown>\n#14 0x55e0a997379f <unknown>\n#15 0x55e0a99cb178 <unknown>\n#16 0x55e0a99cb34b <unknown>\n#17 0x55e0a99dafbc <unknown>\n#18 0x7f1a41094ac3 <unknown>",
        "time" : {
          "start" : 1717380306096,
          "stop" : 1717380306096,
          "duration" : 0
        }
      }, {
        "uid" : "58ac710e394107e",
        "reportUrl" : "https://Nat754.github.io/DealerPassport/11//#testresult/58ac710e394107e",
        "status" : "broken",
        "statusDetails" : "selenium.common.exceptions.TimeoutException: Message: \nStacktrace:\n#0 0x55e88fdf3e8a <unknown>\n#1 0x55e88fadd45c <unknown>\n#2 0x55e88fb295b5 <unknown>\n#3 0x55e88fb29671 <unknown>\n#4 0x55e88fb6df14 <unknown>\n#5 0x55e88fb4c4dd <unknown>\n#6 0x55e88fb6b2cc <unknown>\n#7 0x55e88fb4c253 <unknown>\n#8 0x55e88fb1c1c7 <unknown>\n#9 0x55e88fb1cb3e <unknown>\n#10 0x55e88fdba2cb <unknown>\n#11 0x55e88fdbe377 <unknown>\n#12 0x55e88fda6dfe <unknown>\n#13 0x55e88fdbee42 <unknown>\n#14 0x55e88fd8b79f <unknown>\n#15 0x55e88fde3178 <unknown>\n#16 0x55e88fde334b <unknown>\n#17 0x55e88fdf2fbc <unknown>\n#18 0x7f4b11294ac3 <unknown>",
        "time" : {
          "start" : 1717294013824,
          "stop" : 1717294013824,
          "duration" : 0
        }
      }, {
        "uid" : "7c6b230c8c40215a",
        "reportUrl" : "https://Nat754.github.io/DealerPassport/10//#testresult/7c6b230c8c40215a",
        "status" : "failed",
        "statusDetails" : "AssertionError: Ошибка: ['Произошла ошибка: errors.GRAPHQL_VALIDATION_FAILED\\nПроизошла ошибка: errors.GRAPHQL_VALIDATION_FAILED\\nПроизошла ошибка: errors.GRAPHQL_VALIDATION_FAILED\\nПроизошла ошибка: errors.GRAPHQL_VALIDATION_FAILED\\nПроизошла ошибка: errors.GRAPHQL_VALIDATION_FAILED\\n[Network error]: ServerError: Response not successful: Received status code 400\\nПроизошла ошибка: errors.GRAPHQL_VALIDATION_FAILED\\nПроизошла ошибка: errors.GRAPHQL_VALIDATION_FAILED\\nПроизошла ошибка: errors.GRAPHQL_VALIDATION_FAILED\\nПроизошла ошибка: errors.GRAPHQL_VALIDATION_FAILED\\nПроизошла ошибка: errors.GRAPHQL_VALIDATION_FAILED\\nПроизошла ошибка: errors.GRAPHQL_VALIDATION_FAILED']\nassert None\n +  where None = <bound method MainPage.check_not_errors of <pages.main_page.MainPage object at 0x7f925923be60>>()\n +    where <bound method MainPage.check_not_errors of <pages.main_page.MainPage object at 0x7f925923be60>> = <pages.main_page.MainPage object at 0x7f925923be60>.check_not_errors",
        "time" : {
          "start" : 1717207592048,
          "stop" : 1717207595388,
          "duration" : 3340
        }
      }, {
        "uid" : "6e64d4d9fa9c4d4a",
        "reportUrl" : "https://Nat754.github.io/DealerPassport/5//#testresult/6e64d4d9fa9c4d4a",
        "status" : "failed",
        "statusDetails" : "AssertionError: Ошибка: ['Произошла ошибка: errors.GRAPHQL_VALIDATION_FAILED\\nПроизошла ошибка: errors.GRAPHQL_VALIDATION_FAILED\\nПроизошла ошибка: errors.GRAPHQL_VALIDATION_FAILED']\nassert None\n +  where None = <bound method MainPage.check_not_errors of <pages.main_page.MainPage object at 0x7fa8887f9d30>>()\n +    where <bound method MainPage.check_not_errors of <pages.main_page.MainPage object at 0x7fa8887f9d30>> = <pages.main_page.MainPage object at 0x7fa8887f9d30>.check_not_errors",
        "time" : {
          "start" : 1717150294130,
          "stop" : 1717150295279,
          "duration" : 1149
        }
      }, {
        "uid" : "f809d4d8907424ca",
        "reportUrl" : "https://Nat754.github.io/DealerPassport/5//#testresult/f809d4d8907424ca",
        "status" : "passed",
        "time" : {
          "start" : 1717143950941,
          "stop" : 1717143961871,
          "duration" : 10930
        }
      }, {
        "uid" : "95546dbb8737e600",
        "reportUrl" : "https://Nat754.github.io/DealerPassport/9//#testresult/95546dbb8737e600",
        "status" : "passed",
        "time" : {
          "start" : 1717121136679,
          "stop" : 1717121147664,
          "duration" : 10985
        }
      }, {
        "uid" : "fec36ba75e923b56",
        "reportUrl" : "https://Nat754.github.io/DealerPassport/5//#testresult/fec36ba75e923b56",
        "status" : "passed",
        "time" : {
          "start" : 1717080661924,
          "stop" : 1717080672791,
          "duration" : 10867
        }
      }, {
        "uid" : "671c3e002ed80168",
        "reportUrl" : "https://Nat754.github.io/DealerPassport/4//#testresult/671c3e002ed80168",
        "status" : "passed",
        "time" : {
          "start" : 1717059276944,
          "stop" : 1717059287793,
          "duration" : 10849
        }
      } ]
    },
    "tags" : [ "smoke_test" ]
  },
  "source" : "6668805cc183d1f0.json",
  "parameterValues" : [ "'https://dealer-passport-test.xsfera.ru/dealers/'" ]
}