{
  "uid" : "75f32a60bd1873dd",
  "name" : "test_open_seo_prod[https://dealer-passport-test.xsfera.ru:3001/dealers/]",
  "fullName" : "tests.main_page_test.TestMainPageSmoke#test_open_seo_prod",
  "historyId" : "4492f76ed3e119be7c418b02f2435a36",
  "time" : {
    "start" : 1717426342921,
    "stop" : 1717426342921,
    "duration" : 0
  },
  "status" : "broken",
  "statusMessage" : "selenium.common.exceptions.TimeoutException: Message: \nStacktrace:\n#0 0x562482437e8a <unknown>\n#1 0x56248212145c <unknown>\n#2 0x56248216d5b5 <unknown>\n#3 0x56248216d671 <unknown>\n#4 0x5624821b1f14 <unknown>\n#5 0x5624821904dd <unknown>\n#6 0x5624821af2cc <unknown>\n#7 0x562482190253 <unknown>\n#8 0x5624821601c7 <unknown>\n#9 0x562482160b3e <unknown>\n#10 0x5624823fe2cb <unknown>\n#11 0x562482402377 <unknown>\n#12 0x5624823eadfe <unknown>\n#13 0x562482402e42 <unknown>\n#14 0x5624823cf79f <unknown>\n#15 0x562482427178 <unknown>\n#16 0x56248242734b <unknown>\n#17 0x562482436fbc <unknown>\n#18 0x7f7a33494ac3 <unknown>",
  "statusTrace" : "driver = <selenium.webdriver.chrome.webdriver.WebDriver (session=\"bae6aa5ad53375f23b543f7a86cb32b1\")>\n\n    @pytest.fixture\n    def auth_user_admin_to_seo_prod(driver):\n        main_page = MainPage(driver)\n        url = Urls.MAIN_URL_SEO_PROD + Urls.AUTH\n        cookies = {'name': 'token', 'value': os.environ[\"SEO_ADMIN\"]}\n        driver.get(url)\n        driver.add_cookie(cookies)\n        driver.get(Urls.MAIN_URL_SEO_PROD)\n>       main_page.check_button_agree().click()\n\ntests/conftest.py:30: \n_ _ _ _ _ _ _ _ _ _ _ _ _ _ _ _ _ _ _ _ _ _ _ _ _ _ _ _ _ _ _ _ _ _ _ _ _ _ _ _ \npages/main_page.py:15: in check_button_agree\n    return self.element_is_visible(self.locator.AGREE_BUTTON)\npages/base_page.py:18: in element_is_visible\n    self.go_to_element(self.element_is_present(locator))\npages/base_page.py:34: in element_is_present\n    return Wait(self.driver, self.timeout).until(ec.presence_of_element_located(locator))\n_ _ _ _ _ _ _ _ _ _ _ _ _ _ _ _ _ _ _ _ _ _ _ _ _ _ _ _ _ _ _ _ _ _ _ _ _ _ _ _ \n\nself = <selenium.webdriver.support.wait.WebDriverWait (session=\"bae6aa5ad53375f23b543f7a86cb32b1\")>\nmethod = <function presence_of_element_located.<locals>._predicate at 0x7faf6eae1080>\nmessage = ''\n\n    def until(self, method: Callable[[D], Union[Literal[False], T]], message: str = \"\") -> T:\n        \"\"\"Calls the method provided with the driver as an argument until the \\\n        return value does not evaluate to ``False``.\n    \n        :param method: callable(WebDriver)\n        :param message: optional message for :exc:`TimeoutException`\n        :returns: the result of the last call to `method`\n        :raises: :exc:`selenium.common.exceptions.TimeoutException` if timeout occurs\n        \"\"\"\n        screen = None\n        stacktrace = None\n    \n        end_time = time.monotonic() + self._timeout\n        while True:\n            try:\n                value = method(self._driver)\n                if value:\n                    return value\n            except self._ignored_exceptions as exc:\n                screen = getattr(exc, \"screen\", None)\n                stacktrace = getattr(exc, \"stacktrace\", None)\n            time.sleep(self._poll)\n            if time.monotonic() > end_time:\n                break\n>       raise TimeoutException(message, screen, stacktrace)\nE       selenium.common.exceptions.TimeoutException: Message: \nE       Stacktrace:\nE       #0 0x562482437e8a <unknown>\nE       #1 0x56248212145c <unknown>\nE       #2 0x56248216d5b5 <unknown>\nE       #3 0x56248216d671 <unknown>\nE       #4 0x5624821b1f14 <unknown>\nE       #5 0x5624821904dd <unknown>\nE       #6 0x5624821af2cc <unknown>\nE       #7 0x562482190253 <unknown>\nE       #8 0x5624821601c7 <unknown>\nE       #9 0x562482160b3e <unknown>\nE       #10 0x5624823fe2cb <unknown>\nE       #11 0x562482402377 <unknown>\nE       #12 0x5624823eadfe <unknown>\nE       #13 0x562482402e42 <unknown>\nE       #14 0x5624823cf79f <unknown>\nE       #15 0x562482427178 <unknown>\nE       #16 0x56248242734b <unknown>\nE       #17 0x562482436fbc <unknown>\nE       #18 0x7f7a33494ac3 <unknown>\n\n/opt/hostedtoolcache/Python/3.12.3/x64/lib/python3.12/site-packages/selenium/webdriver/support/wait.py:105: TimeoutException",
  "flaky" : false,
  "newFailed" : false,
  "beforeStages" : [ {
    "name" : "auth_user_admin_to_seo_prod",
    "time" : {
      "start" : 1717426343119,
      "stop" : 1717426355789,
      "duration" : 12670
    },
    "status" : "broken",
    "statusMessage" : "selenium.common.exceptions.TimeoutException: Message: \nStacktrace:\n#0 0x562482437e8a <unknown>\n#1 0x56248212145c <unknown>\n#2 0x56248216d5b5 <unknown>\n#3 0x56248216d671 <unknown>\n#4 0x5624821b1f14 <unknown>\n#5 0x5624821904dd <unknown>\n#6 0x5624821af2cc <unknown>\n#7 0x562482190253 <unknown>\n#8 0x5624821601c7 <unknown>\n#9 0x562482160b3e <unknown>\n#10 0x5624823fe2cb <unknown>\n#11 0x562482402377 <unknown>\n#12 0x5624823eadfe <unknown>\n#13 0x562482402e42 <unknown>\n#14 0x5624823cf79f <unknown>\n#15 0x562482427178 <unknown>\n#16 0x56248242734b <unknown>\n#17 0x562482436fbc <unknown>\n#18 0x7f7a33494ac3 <unknown>\n\n",
    "statusTrace" : "  File \"/opt/hostedtoolcache/Python/3.12.3/x64/lib/python3.12/site-packages/pluggy/_callers.py\", line 167, in _multicall\n    teardown.throw(outcome._exception)\n  File \"/opt/hostedtoolcache/Python/3.12.3/x64/lib/python3.12/site-packages/_pytest/setuponly.py\", line 36, in pytest_fixture_setup\n    return (yield)\n            ^^^^^\n  File \"/opt/hostedtoolcache/Python/3.12.3/x64/lib/python3.12/site-packages/pluggy/_callers.py\", line 103, in _multicall\n    res = hook_impl.function(*args)\n          ^^^^^^^^^^^^^^^^^^^^^^^^^\n  File \"/opt/hostedtoolcache/Python/3.12.3/x64/lib/python3.12/site-packages/_pytest/fixtures.py\", line 1140, in pytest_fixture_setup\n    result = call_fixture_func(fixturefunc, request, kwargs)\n             ^^^^^^^^^^^^^^^^^^^^^^^^^^^^^^^^^^^^^^^^^^^^^^^\n  File \"/opt/hostedtoolcache/Python/3.12.3/x64/lib/python3.12/site-packages/_pytest/fixtures.py\", line 917, in call_fixture_func\n    fixture_result = fixturefunc(**kwargs)\n                     ^^^^^^^^^^^^^^^^^^^^^\n  File \"/home/runner/work/DealerPassport/DealerPassport/tests/conftest.py\", line 30, in auth_user_admin_to_seo_prod\n    main_page.check_button_agree().click()\n    ^^^^^^^^^^^^^^^^^^^^^^^^^^^^^^\n  File \"/opt/hostedtoolcache/Python/3.12.3/x64/lib/python3.12/site-packages/allure_commons/_allure.py\", line 192, in impl\n    return func(*a, **kw)\n           ^^^^^^^^^^^^^^\n  File \"/home/runner/work/DealerPassport/DealerPassport/pages/main_page.py\", line 15, in check_button_agree\n    return self.element_is_visible(self.locator.AGREE_BUTTON)\n           ^^^^^^^^^^^^^^^^^^^^^^^^^^^^^^^^^^^^^^^^^^^^^^^^^^\n  File \"/home/runner/work/DealerPassport/DealerPassport/pages/base_page.py\", line 18, in element_is_visible\n    self.go_to_element(self.element_is_present(locator))\n                       ^^^^^^^^^^^^^^^^^^^^^^^^^^^^^^^^\n  File \"/home/runner/work/DealerPassport/DealerPassport/pages/base_page.py\", line 34, in element_is_present\n    return Wait(self.driver, self.timeout).until(ec.presence_of_element_located(locator))\n           ^^^^^^^^^^^^^^^^^^^^^^^^^^^^^^^^^^^^^^^^^^^^^^^^^^^^^^^^^^^^^^^^^^^^^^^^^^^^^^\n  File \"/opt/hostedtoolcache/Python/3.12.3/x64/lib/python3.12/site-packages/selenium/webdriver/support/wait.py\", line 105, in until\n    raise TimeoutException(message, screen, stacktrace)\n",
    "steps" : [ {
      "name" : "Проверка видимости кнопки '('xpath', '//span[text()=\"Согласен\"]')' на главной странице",
      "time" : {
        "start" : 1717426345562,
        "stop" : 1717426355789,
        "duration" : 10227
      },
      "status" : "broken",
      "statusMessage" : "selenium.common.exceptions.TimeoutException: Message: \nStacktrace:\n#0 0x562482437e8a <unknown>\n#1 0x56248212145c <unknown>\n#2 0x56248216d5b5 <unknown>\n#3 0x56248216d671 <unknown>\n#4 0x5624821b1f14 <unknown>\n#5 0x5624821904dd <unknown>\n#6 0x5624821af2cc <unknown>\n#7 0x562482190253 <unknown>\n#8 0x5624821601c7 <unknown>\n#9 0x562482160b3e <unknown>\n#10 0x5624823fe2cb <unknown>\n#11 0x562482402377 <unknown>\n#12 0x5624823eadfe <unknown>\n#13 0x562482402e42 <unknown>\n#14 0x5624823cf79f <unknown>\n#15 0x562482427178 <unknown>\n#16 0x56248242734b <unknown>\n#17 0x562482436fbc <unknown>\n#18 0x7f7a33494ac3 <unknown>\n\n",
      "statusTrace" : "  File \"/opt/hostedtoolcache/Python/3.12.3/x64/lib/python3.12/site-packages/allure_commons/_allure.py\", line 192, in impl\n    return func(*a, **kw)\n           ^^^^^^^^^^^^^^\n  File \"/home/runner/work/DealerPassport/DealerPassport/pages/main_page.py\", line 15, in check_button_agree\n    return self.element_is_visible(self.locator.AGREE_BUTTON)\n           ^^^^^^^^^^^^^^^^^^^^^^^^^^^^^^^^^^^^^^^^^^^^^^^^^^\n  File \"/home/runner/work/DealerPassport/DealerPassport/pages/base_page.py\", line 18, in element_is_visible\n    self.go_to_element(self.element_is_present(locator))\n                       ^^^^^^^^^^^^^^^^^^^^^^^^^^^^^^^^\n  File \"/home/runner/work/DealerPassport/DealerPassport/pages/base_page.py\", line 34, in element_is_present\n    return Wait(self.driver, self.timeout).until(ec.presence_of_element_located(locator))\n           ^^^^^^^^^^^^^^^^^^^^^^^^^^^^^^^^^^^^^^^^^^^^^^^^^^^^^^^^^^^^^^^^^^^^^^^^^^^^^^\n  File \"/opt/hostedtoolcache/Python/3.12.3/x64/lib/python3.12/site-packages/selenium/webdriver/support/wait.py\", line 105, in until\n    raise TimeoutException(message, screen, stacktrace)\n",
      "steps" : [ ],
      "attachments" : [ ],
      "parameters" : [ ],
      "shouldDisplayMessage" : true,
      "hasContent" : true,
      "stepsCount" : 0,
      "attachmentsCount" : 0
    } ],
    "attachments" : [ ],
    "parameters" : [ ],
    "shouldDisplayMessage" : false,
    "hasContent" : true,
    "stepsCount" : 1,
    "attachmentsCount" : 0
  }, {
    "name" : "clear_allure_results_folder",
    "time" : {
      "start" : 1717425962338,
      "stop" : 1717425962338,
      "duration" : 0
    },
    "status" : "passed",
    "steps" : [ ],
    "attachments" : [ ],
    "parameters" : [ ],
    "shouldDisplayMessage" : false,
    "hasContent" : false,
    "stepsCount" : 0,
    "attachmentsCount" : 0
  }, {
    "name" : "driver",
    "time" : {
      "start" : 1717426342921,
      "stop" : 1717426343118,
      "duration" : 197
    },
    "status" : "passed",
    "steps" : [ ],
    "attachments" : [ ],
    "parameters" : [ ],
    "shouldDisplayMessage" : false,
    "hasContent" : false,
    "stepsCount" : 0,
    "attachmentsCount" : 0
  } ],
  "afterStages" : [ {
    "name" : "driver::0",
    "time" : {
      "start" : 1717426355802,
      "stop" : 1717426355861,
      "duration" : 59
    },
    "status" : "passed",
    "steps" : [ ],
    "attachments" : [ ],
    "parameters" : [ ],
    "shouldDisplayMessage" : false,
    "hasContent" : false,
    "stepsCount" : 0,
    "attachmentsCount" : 0
  } ],
  "labels" : [ {
    "name" : "epic",
    "value" : "Test Main Page smoke_test"
  }, {
    "name" : "tag",
    "value" : "smoke_test"
  }, {
    "name" : "parentSuite",
    "value" : "tests"
  }, {
    "name" : "suite",
    "value" : "main_page_test"
  }, {
    "name" : "subSuite",
    "value" : "TestMainPageSmoke"
  }, {
    "name" : "host",
    "value" : "fv-az1153-519"
  }, {
    "name" : "thread",
    "value" : "2225-MainThread"
  }, {
    "name" : "framework",
    "value" : "pytest"
  }, {
    "name" : "language",
    "value" : "cpython3"
  }, {
    "name" : "package",
    "value" : "tests.main_page_test"
  }, {
    "name" : "resultFormat",
    "value" : "allure2"
  } ],
  "parameters" : [ {
    "name" : "url",
    "value" : "'https://dealer-passport-test.xsfera.ru:3001/dealers/'"
  } ],
  "links" : [ ],
  "hidden" : false,
  "retry" : false,
  "extra" : {
    "severity" : "normal",
    "retries" : [ ],
    "categories" : [ {
      "name" : "Test defects",
      "matchedStatuses" : [ ],
      "flaky" : false
    } ],
    "history" : {
      "statistic" : {
        "failed" : 2,
        "broken" : 1,
        "skipped" : 0,
        "passed" : 6,
        "unknown" : 0,
        "total" : 9
      },
      "items" : [ {
        "uid" : "387def8d6fca79a",
        "reportUrl" : "https://Nat754.github.io/DealerPassport/12//#testresult/387def8d6fca79a",
        "status" : "passed",
        "time" : {
          "start" : 1717380516152,
          "stop" : 1717380527007,
          "duration" : 10855
        }
      }, {
        "uid" : "adfc9924e9ae2f46",
        "reportUrl" : "https://Nat754.github.io/DealerPassport/11//#testresult/adfc9924e9ae2f46",
        "status" : "passed",
        "time" : {
          "start" : 1717294223959,
          "stop" : 1717294234865,
          "duration" : 10906
        }
      }, {
        "uid" : "355681c4e8da84b2",
        "reportUrl" : "https://Nat754.github.io/DealerPassport/10//#testresult/355681c4e8da84b2",
        "status" : "passed",
        "time" : {
          "start" : 1717207808065,
          "stop" : 1717207819347,
          "duration" : 11282
        }
      }, {
        "uid" : "ffdaba326036ee7d",
        "reportUrl" : "https://Nat754.github.io/DealerPassport/5//#testresult/ffdaba326036ee7d",
        "status" : "passed",
        "time" : {
          "start" : 1717150478933,
          "stop" : 1717150489690,
          "duration" : 10757
        }
      }, {
        "uid" : "bf21d87bf291c015",
        "reportUrl" : "https://Nat754.github.io/DealerPassport/5//#testresult/bf21d87bf291c015",
        "status" : "passed",
        "time" : {
          "start" : 1717144173324,
          "stop" : 1717144184269,
          "duration" : 10945
        }
      }, {
        "uid" : "e8d08746028fc18e",
        "reportUrl" : "https://Nat754.github.io/DealerPassport/9//#testresult/e8d08746028fc18e",
        "status" : "failed",
        "statusDetails" : "AssertionError: Ошибка: ['Произошла ошибка: errors.GRAPHQL_VALIDATION_FAILED\\nПроизошла ошибка: errors.GRAPHQL_VALIDATION_FAILED\\nПроизошла ошибка: errors.GRAPHQL_VALIDATION_FAILED\\nПроизошла ошибка: errors.GRAPHQL_VALIDATION_FAILED']\nassert None\n +  where None = <bound method MainPage.check_not_errors of <pages.main_page.MainPage object at 0x7f282775b050>>()\n +    where <bound method MainPage.check_not_errors of <pages.main_page.MainPage object at 0x7f282775b050>> = <pages.main_page.MainPage object at 0x7f282775b050>.check_not_errors",
        "time" : {
          "start" : 1717121339073,
          "stop" : 1717121346244,
          "duration" : 7171
        }
      }, {
        "uid" : "fbc9e1589882a5df",
        "reportUrl" : "https://Nat754.github.io/DealerPassport/5//#testresult/fbc9e1589882a5df",
        "status" : "failed",
        "statusDetails" : "AssertionError: Ошибка: ['Произошла ошибка: errors.GRAPHQL_VALIDATION_FAILED\\nПроизошла ошибка: errors.GRAPHQL_VALIDATION_FAILED\\nПроизошла ошибка: errors.GRAPHQL_VALIDATION_FAILED\\nПроизошла ошибка: errors.GRAPHQL_VALIDATION_FAILED\\nПроизошла ошибка: errors.GRAPHQL_VALIDATION_FAILED\\n[Network error]: ServerError: Response not successful: Received status code 400\\nПроизошла ошибка: errors.GRAPHQL_VALIDATION_FAILED\\nПроизошла ошибка: errors.GRAPHQL_VALIDATION_FAILED\\nПроизошла ошибка: errors.GRAPHQL_VALIDATION_FAILED\\nПроизошла ошибка: errors.GRAPHQL_VALIDATION_FAILED\\nПроизошла ошибка: errors.GRAPHQL_VALIDATION_FAILED\\nПроизошла ошибка: errors.GRAPHQL_VALIDATION_FAILED\\nПроизошла ошибка: errors.GRAPHQL_VALIDATION_FAILED']\nassert None\n +  where None = <bound method MainPage.check_not_errors of <pages.main_page.MainPage object at 0x7f6cc7cb65d0>>()\n +    where <bound method MainPage.check_not_errors of <pages.main_page.MainPage object at 0x7f6cc7cb65d0>> = <pages.main_page.MainPage object at 0x7f6cc7cb65d0>.check_not_errors",
        "time" : {
          "start" : 1717080881399,
          "stop" : 1717080883086,
          "duration" : 1687
        }
      }, {
        "uid" : "c5012d04b815b0fe",
        "reportUrl" : "https://Nat754.github.io/DealerPassport/4//#testresult/c5012d04b815b0fe",
        "status" : "passed",
        "time" : {
          "start" : 1717059487998,
          "stop" : 1717059498830,
          "duration" : 10832
        }
      } ]
    },
    "tags" : [ "smoke_test" ]
  },
  "source" : "75f32a60bd1873dd.json",
  "parameterValues" : [ "'https://dealer-passport-test.xsfera.ru:3001/dealers/'" ]
}