{
  "uid" : "8839c248aa55f6a",
  "name" : "test_open_seo_prod[https://dealer-passport-test.xsfera.ru:3001/srr/]",
  "fullName" : "tests.main_page_test.TestMainPageSmoke#test_open_seo_prod",
  "historyId" : "66fe53b157a02ee6c1a30ddf2ab84d74",
  "time" : {
    "start" : 1717426252245,
    "stop" : 1717426252245,
    "duration" : 0
  },
  "status" : "broken",
  "statusMessage" : "selenium.common.exceptions.TimeoutException: Message: \nStacktrace:\n#0 0x560670355e8a <unknown>\n#1 0x56067003f45c <unknown>\n#2 0x56067008b5b5 <unknown>\n#3 0x56067008b671 <unknown>\n#4 0x5606700cff14 <unknown>\n#5 0x5606700ae4dd <unknown>\n#6 0x5606700cd2cc <unknown>\n#7 0x5606700ae253 <unknown>\n#8 0x56067007e1c7 <unknown>\n#9 0x56067007eb3e <unknown>\n#10 0x56067031c2cb <unknown>\n#11 0x560670320377 <unknown>\n#12 0x560670308dfe <unknown>\n#13 0x560670320e42 <unknown>\n#14 0x5606702ed79f <unknown>\n#15 0x560670345178 <unknown>\n#16 0x56067034534b <unknown>\n#17 0x560670354fbc <unknown>\n#18 0x7fd1c6c94ac3 <unknown>",
  "statusTrace" : "driver = <selenium.webdriver.chrome.webdriver.WebDriver (session=\"af065f33232cce4f4dff019f241b096c\")>\n\n    @pytest.fixture\n    def auth_user_admin_to_seo_prod(driver):\n        main_page = MainPage(driver)\n        url = Urls.MAIN_URL_SEO_PROD + Urls.AUTH\n        cookies = {'name': 'token', 'value': os.environ[\"SEO_ADMIN\"]}\n        driver.get(url)\n        driver.add_cookie(cookies)\n        driver.get(Urls.MAIN_URL_SEO_PROD)\n>       main_page.check_button_agree().click()\n\ntests/conftest.py:30: \n_ _ _ _ _ _ _ _ _ _ _ _ _ _ _ _ _ _ _ _ _ _ _ _ _ _ _ _ _ _ _ _ _ _ _ _ _ _ _ _ \npages/main_page.py:15: in check_button_agree\n    return self.element_is_visible(self.locator.AGREE_BUTTON)\npages/base_page.py:18: in element_is_visible\n    self.go_to_element(self.element_is_present(locator))\npages/base_page.py:34: in element_is_present\n    return Wait(self.driver, self.timeout).until(ec.presence_of_element_located(locator))\n_ _ _ _ _ _ _ _ _ _ _ _ _ _ _ _ _ _ _ _ _ _ _ _ _ _ _ _ _ _ _ _ _ _ _ _ _ _ _ _ \n\nself = <selenium.webdriver.support.wait.WebDriverWait (session=\"af065f33232cce4f4dff019f241b096c\")>\nmethod = <function presence_of_element_located.<locals>._predicate at 0x7faf6eae3100>\nmessage = ''\n\n    def until(self, method: Callable[[D], Union[Literal[False], T]], message: str = \"\") -> T:\n        \"\"\"Calls the method provided with the driver as an argument until the \\\n        return value does not evaluate to ``False``.\n    \n        :param method: callable(WebDriver)\n        :param message: optional message for :exc:`TimeoutException`\n        :returns: the result of the last call to `method`\n        :raises: :exc:`selenium.common.exceptions.TimeoutException` if timeout occurs\n        \"\"\"\n        screen = None\n        stacktrace = None\n    \n        end_time = time.monotonic() + self._timeout\n        while True:\n            try:\n                value = method(self._driver)\n                if value:\n                    return value\n            except self._ignored_exceptions as exc:\n                screen = getattr(exc, \"screen\", None)\n                stacktrace = getattr(exc, \"stacktrace\", None)\n            time.sleep(self._poll)\n            if time.monotonic() > end_time:\n                break\n>       raise TimeoutException(message, screen, stacktrace)\nE       selenium.common.exceptions.TimeoutException: Message: \nE       Stacktrace:\nE       #0 0x560670355e8a <unknown>\nE       #1 0x56067003f45c <unknown>\nE       #2 0x56067008b5b5 <unknown>\nE       #3 0x56067008b671 <unknown>\nE       #4 0x5606700cff14 <unknown>\nE       #5 0x5606700ae4dd <unknown>\nE       #6 0x5606700cd2cc <unknown>\nE       #7 0x5606700ae253 <unknown>\nE       #8 0x56067007e1c7 <unknown>\nE       #9 0x56067007eb3e <unknown>\nE       #10 0x56067031c2cb <unknown>\nE       #11 0x560670320377 <unknown>\nE       #12 0x560670308dfe <unknown>\nE       #13 0x560670320e42 <unknown>\nE       #14 0x5606702ed79f <unknown>\nE       #15 0x560670345178 <unknown>\nE       #16 0x56067034534b <unknown>\nE       #17 0x560670354fbc <unknown>\nE       #18 0x7fd1c6c94ac3 <unknown>\n\n/opt/hostedtoolcache/Python/3.12.3/x64/lib/python3.12/site-packages/selenium/webdriver/support/wait.py:105: TimeoutException",
  "flaky" : false,
  "newFailed" : false,
  "beforeStages" : [ {
    "name" : "driver",
    "time" : {
      "start" : 1717426252245,
      "stop" : 1717426252443,
      "duration" : 198
    },
    "status" : "passed",
    "steps" : [ ],
    "attachments" : [ ],
    "parameters" : [ ],
    "shouldDisplayMessage" : false,
    "hasContent" : false,
    "stepsCount" : 0,
    "attachmentsCount" : 0
  }, {
    "name" : "clear_allure_results_folder",
    "time" : {
      "start" : 1717425962338,
      "stop" : 1717425962338,
      "duration" : 0
    },
    "status" : "passed",
    "steps" : [ ],
    "attachments" : [ ],
    "parameters" : [ ],
    "shouldDisplayMessage" : false,
    "hasContent" : false,
    "stepsCount" : 0,
    "attachmentsCount" : 0
  }, {
    "name" : "auth_user_admin_to_seo_prod",
    "time" : {
      "start" : 1717426252443,
      "stop" : 1717426265082,
      "duration" : 12639
    },
    "status" : "broken",
    "statusMessage" : "selenium.common.exceptions.TimeoutException: Message: \nStacktrace:\n#0 0x560670355e8a <unknown>\n#1 0x56067003f45c <unknown>\n#2 0x56067008b5b5 <unknown>\n#3 0x56067008b671 <unknown>\n#4 0x5606700cff14 <unknown>\n#5 0x5606700ae4dd <unknown>\n#6 0x5606700cd2cc <unknown>\n#7 0x5606700ae253 <unknown>\n#8 0x56067007e1c7 <unknown>\n#9 0x56067007eb3e <unknown>\n#10 0x56067031c2cb <unknown>\n#11 0x560670320377 <unknown>\n#12 0x560670308dfe <unknown>\n#13 0x560670320e42 <unknown>\n#14 0x5606702ed79f <unknown>\n#15 0x560670345178 <unknown>\n#16 0x56067034534b <unknown>\n#17 0x560670354fbc <unknown>\n#18 0x7fd1c6c94ac3 <unknown>\n\n",
    "statusTrace" : "  File \"/opt/hostedtoolcache/Python/3.12.3/x64/lib/python3.12/site-packages/pluggy/_callers.py\", line 167, in _multicall\n    teardown.throw(outcome._exception)\n  File \"/opt/hostedtoolcache/Python/3.12.3/x64/lib/python3.12/site-packages/_pytest/setuponly.py\", line 36, in pytest_fixture_setup\n    return (yield)\n            ^^^^^\n  File \"/opt/hostedtoolcache/Python/3.12.3/x64/lib/python3.12/site-packages/pluggy/_callers.py\", line 103, in _multicall\n    res = hook_impl.function(*args)\n          ^^^^^^^^^^^^^^^^^^^^^^^^^\n  File \"/opt/hostedtoolcache/Python/3.12.3/x64/lib/python3.12/site-packages/_pytest/fixtures.py\", line 1140, in pytest_fixture_setup\n    result = call_fixture_func(fixturefunc, request, kwargs)\n             ^^^^^^^^^^^^^^^^^^^^^^^^^^^^^^^^^^^^^^^^^^^^^^^\n  File \"/opt/hostedtoolcache/Python/3.12.3/x64/lib/python3.12/site-packages/_pytest/fixtures.py\", line 917, in call_fixture_func\n    fixture_result = fixturefunc(**kwargs)\n                     ^^^^^^^^^^^^^^^^^^^^^\n  File \"/home/runner/work/DealerPassport/DealerPassport/tests/conftest.py\", line 30, in auth_user_admin_to_seo_prod\n    main_page.check_button_agree().click()\n    ^^^^^^^^^^^^^^^^^^^^^^^^^^^^^^\n  File \"/opt/hostedtoolcache/Python/3.12.3/x64/lib/python3.12/site-packages/allure_commons/_allure.py\", line 192, in impl\n    return func(*a, **kw)\n           ^^^^^^^^^^^^^^\n  File \"/home/runner/work/DealerPassport/DealerPassport/pages/main_page.py\", line 15, in check_button_agree\n    return self.element_is_visible(self.locator.AGREE_BUTTON)\n           ^^^^^^^^^^^^^^^^^^^^^^^^^^^^^^^^^^^^^^^^^^^^^^^^^^\n  File \"/home/runner/work/DealerPassport/DealerPassport/pages/base_page.py\", line 18, in element_is_visible\n    self.go_to_element(self.element_is_present(locator))\n                       ^^^^^^^^^^^^^^^^^^^^^^^^^^^^^^^^\n  File \"/home/runner/work/DealerPassport/DealerPassport/pages/base_page.py\", line 34, in element_is_present\n    return Wait(self.driver, self.timeout).until(ec.presence_of_element_located(locator))\n           ^^^^^^^^^^^^^^^^^^^^^^^^^^^^^^^^^^^^^^^^^^^^^^^^^^^^^^^^^^^^^^^^^^^^^^^^^^^^^^\n  File \"/opt/hostedtoolcache/Python/3.12.3/x64/lib/python3.12/site-packages/selenium/webdriver/support/wait.py\", line 105, in until\n    raise TimeoutException(message, screen, stacktrace)\n",
    "steps" : [ {
      "name" : "Проверка видимости кнопки '('xpath', '//span[text()=\"Согласен\"]')' на главной странице",
      "time" : {
        "start" : 1717426254855,
        "stop" : 1717426265082,
        "duration" : 10227
      },
      "status" : "broken",
      "statusMessage" : "selenium.common.exceptions.TimeoutException: Message: \nStacktrace:\n#0 0x560670355e8a <unknown>\n#1 0x56067003f45c <unknown>\n#2 0x56067008b5b5 <unknown>\n#3 0x56067008b671 <unknown>\n#4 0x5606700cff14 <unknown>\n#5 0x5606700ae4dd <unknown>\n#6 0x5606700cd2cc <unknown>\n#7 0x5606700ae253 <unknown>\n#8 0x56067007e1c7 <unknown>\n#9 0x56067007eb3e <unknown>\n#10 0x56067031c2cb <unknown>\n#11 0x560670320377 <unknown>\n#12 0x560670308dfe <unknown>\n#13 0x560670320e42 <unknown>\n#14 0x5606702ed79f <unknown>\n#15 0x560670345178 <unknown>\n#16 0x56067034534b <unknown>\n#17 0x560670354fbc <unknown>\n#18 0x7fd1c6c94ac3 <unknown>\n\n",
      "statusTrace" : "  File \"/opt/hostedtoolcache/Python/3.12.3/x64/lib/python3.12/site-packages/allure_commons/_allure.py\", line 192, in impl\n    return func(*a, **kw)\n           ^^^^^^^^^^^^^^\n  File \"/home/runner/work/DealerPassport/DealerPassport/pages/main_page.py\", line 15, in check_button_agree\n    return self.element_is_visible(self.locator.AGREE_BUTTON)\n           ^^^^^^^^^^^^^^^^^^^^^^^^^^^^^^^^^^^^^^^^^^^^^^^^^^\n  File \"/home/runner/work/DealerPassport/DealerPassport/pages/base_page.py\", line 18, in element_is_visible\n    self.go_to_element(self.element_is_present(locator))\n                       ^^^^^^^^^^^^^^^^^^^^^^^^^^^^^^^^\n  File \"/home/runner/work/DealerPassport/DealerPassport/pages/base_page.py\", line 34, in element_is_present\n    return Wait(self.driver, self.timeout).until(ec.presence_of_element_located(locator))\n           ^^^^^^^^^^^^^^^^^^^^^^^^^^^^^^^^^^^^^^^^^^^^^^^^^^^^^^^^^^^^^^^^^^^^^^^^^^^^^^\n  File \"/opt/hostedtoolcache/Python/3.12.3/x64/lib/python3.12/site-packages/selenium/webdriver/support/wait.py\", line 105, in until\n    raise TimeoutException(message, screen, stacktrace)\n",
      "steps" : [ ],
      "attachments" : [ ],
      "parameters" : [ ],
      "shouldDisplayMessage" : true,
      "hasContent" : true,
      "stepsCount" : 0,
      "attachmentsCount" : 0
    } ],
    "attachments" : [ ],
    "parameters" : [ ],
    "shouldDisplayMessage" : false,
    "hasContent" : true,
    "stepsCount" : 1,
    "attachmentsCount" : 0
  } ],
  "afterStages" : [ {
    "name" : "driver::0",
    "time" : {
      "start" : 1717426265095,
      "stop" : 1717426265155,
      "duration" : 60
    },
    "status" : "passed",
    "steps" : [ ],
    "attachments" : [ ],
    "parameters" : [ ],
    "shouldDisplayMessage" : false,
    "hasContent" : false,
    "stepsCount" : 0,
    "attachmentsCount" : 0
  } ],
  "labels" : [ {
    "name" : "epic",
    "value" : "Test Main Page smoke_test"
  }, {
    "name" : "tag",
    "value" : "smoke_test"
  }, {
    "name" : "parentSuite",
    "value" : "tests"
  }, {
    "name" : "suite",
    "value" : "main_page_test"
  }, {
    "name" : "subSuite",
    "value" : "TestMainPageSmoke"
  }, {
    "name" : "host",
    "value" : "fv-az1153-519"
  }, {
    "name" : "thread",
    "value" : "2225-MainThread"
  }, {
    "name" : "framework",
    "value" : "pytest"
  }, {
    "name" : "language",
    "value" : "cpython3"
  }, {
    "name" : "package",
    "value" : "tests.main_page_test"
  }, {
    "name" : "resultFormat",
    "value" : "allure2"
  } ],
  "parameters" : [ {
    "name" : "url",
    "value" : "'https://dealer-passport-test.xsfera.ru:3001/srr/'"
  } ],
  "links" : [ ],
  "hidden" : false,
  "retry" : false,
  "extra" : {
    "severity" : "normal",
    "retries" : [ ],
    "categories" : [ {
      "name" : "Test defects",
      "matchedStatuses" : [ ],
      "flaky" : false
    } ],
    "history" : {
      "statistic" : {
        "failed" : 0,
        "broken" : 1,
        "skipped" : 0,
        "passed" : 8,
        "unknown" : 0,
        "total" : 9
      },
      "items" : [ {
        "uid" : "c22ca21755c06cba",
        "reportUrl" : "https://Nat754.github.io/DealerPassport/12//#testresult/c22ca21755c06cba",
        "status" : "passed",
        "time" : {
          "start" : 1717380417379,
          "stop" : 1717380428290,
          "duration" : 10911
        }
      }, {
        "uid" : "c1817c3fd465c06f",
        "reportUrl" : "https://Nat754.github.io/DealerPassport/11//#testresult/c1817c3fd465c06f",
        "status" : "passed",
        "time" : {
          "start" : 1717294126149,
          "stop" : 1717294137031,
          "duration" : 10882
        }
      }, {
        "uid" : "33ee03bc394a59e2",
        "reportUrl" : "https://Nat754.github.io/DealerPassport/10//#testresult/33ee03bc394a59e2",
        "status" : "passed",
        "time" : {
          "start" : 1717207700607,
          "stop" : 1717207711701,
          "duration" : 11094
        }
      }, {
        "uid" : "fa0ff0585925e7c3",
        "reportUrl" : "https://Nat754.github.io/DealerPassport/5//#testresult/fa0ff0585925e7c3",
        "status" : "passed",
        "time" : {
          "start" : 1717150383471,
          "stop" : 1717150394321,
          "duration" : 10850
        }
      }, {
        "uid" : "d088f881a6d77a45",
        "reportUrl" : "https://Nat754.github.io/DealerPassport/5//#testresult/d088f881a6d77a45",
        "status" : "passed",
        "time" : {
          "start" : 1717144069113,
          "stop" : 1717144080141,
          "duration" : 11028
        }
      }, {
        "uid" : "53e284ef2ec00d5e",
        "reportUrl" : "https://Nat754.github.io/DealerPassport/9//#testresult/53e284ef2ec00d5e",
        "status" : "passed",
        "time" : {
          "start" : 1717121250683,
          "stop" : 1717121261585,
          "duration" : 10902
        }
      }, {
        "uid" : "3fd7c81ed71f9b14",
        "reportUrl" : "https://Nat754.github.io/DealerPassport/5//#testresult/3fd7c81ed71f9b14",
        "status" : "passed",
        "time" : {
          "start" : 1717080777780,
          "stop" : 1717080788683,
          "duration" : 10903
        }
      }, {
        "uid" : "516b04f941e54a12",
        "reportUrl" : "https://Nat754.github.io/DealerPassport/4//#testresult/516b04f941e54a12",
        "status" : "passed",
        "time" : {
          "start" : 1717059390368,
          "stop" : 1717059401264,
          "duration" : 10896
        }
      } ]
    },
    "tags" : [ "smoke_test" ]
  },
  "source" : "8839c248aa55f6a.json",
  "parameterValues" : [ "'https://dealer-passport-test.xsfera.ru:3001/srr/'" ]
}