{
  "uid" : "a14d89226b054f25",
  "name" : "Проверка корректности перехода по ссылке Отчеты СЕО",
  "fullName" : "tests.main_page_test.TestMainPageRegression#test_clickable_and_redirect_button_reports",
  "historyId" : "40a60482d299ed56ef5959429874b73c",
  "time" : {
    "start" : 1717426617645,
    "stop" : 1717426617645,
    "duration" : 0
  },
  "status" : "broken",
  "statusMessage" : "selenium.common.exceptions.TimeoutException: Message: \nStacktrace:\n#0 0x55f8db9fce8a <unknown>\n#1 0x55f8db6e645c <unknown>\n#2 0x55f8db7325b5 <unknown>\n#3 0x55f8db732671 <unknown>\n#4 0x55f8db776f14 <unknown>\n#5 0x55f8db7554dd <unknown>\n#6 0x55f8db7742cc <unknown>\n#7 0x55f8db755253 <unknown>\n#8 0x55f8db7251c7 <unknown>\n#9 0x55f8db725b3e <unknown>\n#10 0x55f8db9c32cb <unknown>\n#11 0x55f8db9c7377 <unknown>\n#12 0x55f8db9afdfe <unknown>\n#13 0x55f8db9c7e42 <unknown>\n#14 0x55f8db99479f <unknown>\n#15 0x55f8db9ec178 <unknown>\n#16 0x55f8db9ec34b <unknown>\n#17 0x55f8db9fbfbc <unknown>\n#18 0x7f374d494ac3 <unknown>",
  "statusTrace" : "driver = <selenium.webdriver.chrome.webdriver.WebDriver (session=\"26323d04ecb0887680b5826ab590bf2a\")>\n\n    @pytest.fixture\n    def auth_user_admin_to_seo_prod(driver):\n        main_page = MainPage(driver)\n        url = Urls.MAIN_URL_SEO_PROD + Urls.AUTH\n        cookies = {'name': 'token', 'value': os.environ[\"SEO_ADMIN\"]}\n        driver.get(url)\n        driver.add_cookie(cookies)\n        driver.get(Urls.MAIN_URL_SEO_PROD)\n>       main_page.check_button_agree().click()\n\ntests/conftest.py:30: \n_ _ _ _ _ _ _ _ _ _ _ _ _ _ _ _ _ _ _ _ _ _ _ _ _ _ _ _ _ _ _ _ _ _ _ _ _ _ _ _ \npages/main_page.py:15: in check_button_agree\n    return self.element_is_visible(self.locator.AGREE_BUTTON)\npages/base_page.py:18: in element_is_visible\n    self.go_to_element(self.element_is_present(locator))\npages/base_page.py:34: in element_is_present\n    return Wait(self.driver, self.timeout).until(ec.presence_of_element_located(locator))\n_ _ _ _ _ _ _ _ _ _ _ _ _ _ _ _ _ _ _ _ _ _ _ _ _ _ _ _ _ _ _ _ _ _ _ _ _ _ _ _ \n\nself = <selenium.webdriver.support.wait.WebDriverWait (session=\"26323d04ecb0887680b5826ab590bf2a\")>\nmethod = <function presence_of_element_located.<locals>._predicate at 0x7faf6eae0cc0>\nmessage = ''\n\n    def until(self, method: Callable[[D], Union[Literal[False], T]], message: str = \"\") -> T:\n        \"\"\"Calls the method provided with the driver as an argument until the \\\n        return value does not evaluate to ``False``.\n    \n        :param method: callable(WebDriver)\n        :param message: optional message for :exc:`TimeoutException`\n        :returns: the result of the last call to `method`\n        :raises: :exc:`selenium.common.exceptions.TimeoutException` if timeout occurs\n        \"\"\"\n        screen = None\n        stacktrace = None\n    \n        end_time = time.monotonic() + self._timeout\n        while True:\n            try:\n                value = method(self._driver)\n                if value:\n                    return value\n            except self._ignored_exceptions as exc:\n                screen = getattr(exc, \"screen\", None)\n                stacktrace = getattr(exc, \"stacktrace\", None)\n            time.sleep(self._poll)\n            if time.monotonic() > end_time:\n                break\n>       raise TimeoutException(message, screen, stacktrace)\nE       selenium.common.exceptions.TimeoutException: Message: \nE       Stacktrace:\nE       #0 0x55f8db9fce8a <unknown>\nE       #1 0x55f8db6e645c <unknown>\nE       #2 0x55f8db7325b5 <unknown>\nE       #3 0x55f8db732671 <unknown>\nE       #4 0x55f8db776f14 <unknown>\nE       #5 0x55f8db7554dd <unknown>\nE       #6 0x55f8db7742cc <unknown>\nE       #7 0x55f8db755253 <unknown>\nE       #8 0x55f8db7251c7 <unknown>\nE       #9 0x55f8db725b3e <unknown>\nE       #10 0x55f8db9c32cb <unknown>\nE       #11 0x55f8db9c7377 <unknown>\nE       #12 0x55f8db9afdfe <unknown>\nE       #13 0x55f8db9c7e42 <unknown>\nE       #14 0x55f8db99479f <unknown>\nE       #15 0x55f8db9ec178 <unknown>\nE       #16 0x55f8db9ec34b <unknown>\nE       #17 0x55f8db9fbfbc <unknown>\nE       #18 0x7f374d494ac3 <unknown>\n\n/opt/hostedtoolcache/Python/3.12.3/x64/lib/python3.12/site-packages/selenium/webdriver/support/wait.py:105: TimeoutException",
  "flaky" : false,
  "newFailed" : false,
  "beforeStages" : [ {
    "name" : "driver",
    "time" : {
      "start" : 1717426617646,
      "stop" : 1717426617844,
      "duration" : 198
    },
    "status" : "passed",
    "steps" : [ ],
    "attachments" : [ ],
    "parameters" : [ ],
    "shouldDisplayMessage" : false,
    "hasContent" : false,
    "stepsCount" : 0,
    "attachmentsCount" : 0
  }, {
    "name" : "clear_allure_results_folder",
    "time" : {
      "start" : 1717425962338,
      "stop" : 1717425962338,
      "duration" : 0
    },
    "status" : "passed",
    "steps" : [ ],
    "attachments" : [ ],
    "parameters" : [ ],
    "shouldDisplayMessage" : false,
    "hasContent" : false,
    "stepsCount" : 0,
    "attachmentsCount" : 0
  }, {
    "name" : "auth_user_admin_to_seo_prod",
    "time" : {
      "start" : 1717426617844,
      "stop" : 1717426630487,
      "duration" : 12643
    },
    "status" : "broken",
    "statusMessage" : "selenium.common.exceptions.TimeoutException: Message: \nStacktrace:\n#0 0x55f8db9fce8a <unknown>\n#1 0x55f8db6e645c <unknown>\n#2 0x55f8db7325b5 <unknown>\n#3 0x55f8db732671 <unknown>\n#4 0x55f8db776f14 <unknown>\n#5 0x55f8db7554dd <unknown>\n#6 0x55f8db7742cc <unknown>\n#7 0x55f8db755253 <unknown>\n#8 0x55f8db7251c7 <unknown>\n#9 0x55f8db725b3e <unknown>\n#10 0x55f8db9c32cb <unknown>\n#11 0x55f8db9c7377 <unknown>\n#12 0x55f8db9afdfe <unknown>\n#13 0x55f8db9c7e42 <unknown>\n#14 0x55f8db99479f <unknown>\n#15 0x55f8db9ec178 <unknown>\n#16 0x55f8db9ec34b <unknown>\n#17 0x55f8db9fbfbc <unknown>\n#18 0x7f374d494ac3 <unknown>\n\n",
    "statusTrace" : "  File \"/opt/hostedtoolcache/Python/3.12.3/x64/lib/python3.12/site-packages/pluggy/_callers.py\", line 167, in _multicall\n    teardown.throw(outcome._exception)\n  File \"/opt/hostedtoolcache/Python/3.12.3/x64/lib/python3.12/site-packages/_pytest/setuponly.py\", line 36, in pytest_fixture_setup\n    return (yield)\n            ^^^^^\n  File \"/opt/hostedtoolcache/Python/3.12.3/x64/lib/python3.12/site-packages/pluggy/_callers.py\", line 103, in _multicall\n    res = hook_impl.function(*args)\n          ^^^^^^^^^^^^^^^^^^^^^^^^^\n  File \"/opt/hostedtoolcache/Python/3.12.3/x64/lib/python3.12/site-packages/_pytest/fixtures.py\", line 1140, in pytest_fixture_setup\n    result = call_fixture_func(fixturefunc, request, kwargs)\n             ^^^^^^^^^^^^^^^^^^^^^^^^^^^^^^^^^^^^^^^^^^^^^^^\n  File \"/opt/hostedtoolcache/Python/3.12.3/x64/lib/python3.12/site-packages/_pytest/fixtures.py\", line 917, in call_fixture_func\n    fixture_result = fixturefunc(**kwargs)\n                     ^^^^^^^^^^^^^^^^^^^^^\n  File \"/home/runner/work/DealerPassport/DealerPassport/tests/conftest.py\", line 30, in auth_user_admin_to_seo_prod\n    main_page.check_button_agree().click()\n    ^^^^^^^^^^^^^^^^^^^^^^^^^^^^^^\n  File \"/opt/hostedtoolcache/Python/3.12.3/x64/lib/python3.12/site-packages/allure_commons/_allure.py\", line 192, in impl\n    return func(*a, **kw)\n           ^^^^^^^^^^^^^^\n  File \"/home/runner/work/DealerPassport/DealerPassport/pages/main_page.py\", line 15, in check_button_agree\n    return self.element_is_visible(self.locator.AGREE_BUTTON)\n           ^^^^^^^^^^^^^^^^^^^^^^^^^^^^^^^^^^^^^^^^^^^^^^^^^^\n  File \"/home/runner/work/DealerPassport/DealerPassport/pages/base_page.py\", line 18, in element_is_visible\n    self.go_to_element(self.element_is_present(locator))\n                       ^^^^^^^^^^^^^^^^^^^^^^^^^^^^^^^^\n  File \"/home/runner/work/DealerPassport/DealerPassport/pages/base_page.py\", line 34, in element_is_present\n    return Wait(self.driver, self.timeout).until(ec.presence_of_element_located(locator))\n           ^^^^^^^^^^^^^^^^^^^^^^^^^^^^^^^^^^^^^^^^^^^^^^^^^^^^^^^^^^^^^^^^^^^^^^^^^^^^^^\n  File \"/opt/hostedtoolcache/Python/3.12.3/x64/lib/python3.12/site-packages/selenium/webdriver/support/wait.py\", line 105, in until\n    raise TimeoutException(message, screen, stacktrace)\n",
    "steps" : [ {
      "name" : "Проверка видимости кнопки '('xpath', '//span[text()=\"Согласен\"]')' на главной странице",
      "time" : {
        "start" : 1717426620259,
        "stop" : 1717426630487,
        "duration" : 10228
      },
      "status" : "broken",
      "statusMessage" : "selenium.common.exceptions.TimeoutException: Message: \nStacktrace:\n#0 0x55f8db9fce8a <unknown>\n#1 0x55f8db6e645c <unknown>\n#2 0x55f8db7325b5 <unknown>\n#3 0x55f8db732671 <unknown>\n#4 0x55f8db776f14 <unknown>\n#5 0x55f8db7554dd <unknown>\n#6 0x55f8db7742cc <unknown>\n#7 0x55f8db755253 <unknown>\n#8 0x55f8db7251c7 <unknown>\n#9 0x55f8db725b3e <unknown>\n#10 0x55f8db9c32cb <unknown>\n#11 0x55f8db9c7377 <unknown>\n#12 0x55f8db9afdfe <unknown>\n#13 0x55f8db9c7e42 <unknown>\n#14 0x55f8db99479f <unknown>\n#15 0x55f8db9ec178 <unknown>\n#16 0x55f8db9ec34b <unknown>\n#17 0x55f8db9fbfbc <unknown>\n#18 0x7f374d494ac3 <unknown>\n\n",
      "statusTrace" : "  File \"/opt/hostedtoolcache/Python/3.12.3/x64/lib/python3.12/site-packages/allure_commons/_allure.py\", line 192, in impl\n    return func(*a, **kw)\n           ^^^^^^^^^^^^^^\n  File \"/home/runner/work/DealerPassport/DealerPassport/pages/main_page.py\", line 15, in check_button_agree\n    return self.element_is_visible(self.locator.AGREE_BUTTON)\n           ^^^^^^^^^^^^^^^^^^^^^^^^^^^^^^^^^^^^^^^^^^^^^^^^^^\n  File \"/home/runner/work/DealerPassport/DealerPassport/pages/base_page.py\", line 18, in element_is_visible\n    self.go_to_element(self.element_is_present(locator))\n                       ^^^^^^^^^^^^^^^^^^^^^^^^^^^^^^^^\n  File \"/home/runner/work/DealerPassport/DealerPassport/pages/base_page.py\", line 34, in element_is_present\n    return Wait(self.driver, self.timeout).until(ec.presence_of_element_located(locator))\n           ^^^^^^^^^^^^^^^^^^^^^^^^^^^^^^^^^^^^^^^^^^^^^^^^^^^^^^^^^^^^^^^^^^^^^^^^^^^^^^\n  File \"/opt/hostedtoolcache/Python/3.12.3/x64/lib/python3.12/site-packages/selenium/webdriver/support/wait.py\", line 105, in until\n    raise TimeoutException(message, screen, stacktrace)\n",
      "steps" : [ ],
      "attachments" : [ ],
      "parameters" : [ ],
      "shouldDisplayMessage" : true,
      "hasContent" : true,
      "stepsCount" : 0,
      "attachmentsCount" : 0
    } ],
    "attachments" : [ ],
    "parameters" : [ ],
    "shouldDisplayMessage" : false,
    "hasContent" : true,
    "stepsCount" : 1,
    "attachmentsCount" : 0
  } ],
  "afterStages" : [ {
    "name" : "driver::0",
    "time" : {
      "start" : 1717426630500,
      "stop" : 1717426630559,
      "duration" : 59
    },
    "status" : "passed",
    "steps" : [ ],
    "attachments" : [ ],
    "parameters" : [ ],
    "shouldDisplayMessage" : false,
    "hasContent" : false,
    "stepsCount" : 0,
    "attachmentsCount" : 0
  } ],
  "labels" : [ {
    "name" : "epic",
    "value" : "Test Main Page regression_test"
  }, {
    "name" : "tag",
    "value" : "regression_test"
  }, {
    "name" : "parentSuite",
    "value" : "tests"
  }, {
    "name" : "suite",
    "value" : "main_page_test"
  }, {
    "name" : "subSuite",
    "value" : "TestMainPageRegression"
  }, {
    "name" : "host",
    "value" : "fv-az1153-519"
  }, {
    "name" : "thread",
    "value" : "2225-MainThread"
  }, {
    "name" : "framework",
    "value" : "pytest"
  }, {
    "name" : "language",
    "value" : "cpython3"
  }, {
    "name" : "package",
    "value" : "tests.main_page_test"
  }, {
    "name" : "resultFormat",
    "value" : "allure2"
  } ],
  "parameters" : [ ],
  "links" : [ ],
  "hidden" : false,
  "retry" : false,
  "extra" : {
    "severity" : "normal",
    "retries" : [ ],
    "categories" : [ {
      "name" : "Test defects",
      "matchedStatuses" : [ ],
      "flaky" : false
    } ],
    "history" : {
      "statistic" : {
        "failed" : 0,
        "broken" : 1,
        "skipped" : 0,
        "passed" : 8,
        "unknown" : 0,
        "total" : 9
      },
      "items" : [ {
        "uid" : "c192588984b0c38c",
        "reportUrl" : "https://Nat754.github.io/DealerPassport/12//#testresult/c192588984b0c38c",
        "status" : "passed",
        "time" : {
          "start" : 1717380790199,
          "stop" : 1717380795263,
          "duration" : 5064
        }
      }, {
        "uid" : "f7d4aaf46a3bd73d",
        "reportUrl" : "https://Nat754.github.io/DealerPassport/11//#testresult/f7d4aaf46a3bd73d",
        "status" : "passed",
        "time" : {
          "start" : 1717294496362,
          "stop" : 1717294501425,
          "duration" : 5063
        }
      }, {
        "uid" : "39c231765a4e125f",
        "reportUrl" : "https://Nat754.github.io/DealerPassport/10//#testresult/39c231765a4e125f",
        "status" : "passed",
        "time" : {
          "start" : 1717208099204,
          "stop" : 1717208104266,
          "duration" : 5062
        }
      }, {
        "uid" : "548ca3bdf6d09a82",
        "reportUrl" : "https://Nat754.github.io/DealerPassport/5//#testresult/548ca3bdf6d09a82",
        "status" : "passed",
        "time" : {
          "start" : 1717150746327,
          "stop" : 1717150751388,
          "duration" : 5061
        }
      }, {
        "uid" : "8c62e947af97a273",
        "reportUrl" : "https://Nat754.github.io/DealerPassport/5//#testresult/8c62e947af97a273",
        "status" : "passed",
        "time" : {
          "start" : 1717144466682,
          "stop" : 1717144471744,
          "duration" : 5062
        }
      }, {
        "uid" : "5ad03b98a63a4e22",
        "reportUrl" : "https://Nat754.github.io/DealerPassport/9//#testresult/5ad03b98a63a4e22",
        "status" : "passed",
        "time" : {
          "start" : 1717121594898,
          "stop" : 1717121599968,
          "duration" : 5070
        }
      }, {
        "uid" : "9fb9876af7604160",
        "reportUrl" : "https://Nat754.github.io/DealerPassport/5//#testresult/9fb9876af7604160",
        "status" : "passed",
        "time" : {
          "start" : 1717081161859,
          "stop" : 1717081166923,
          "duration" : 5064
        }
      }, {
        "uid" : "7bc2bb95dd14c51e",
        "reportUrl" : "https://Nat754.github.io/DealerPassport/4//#testresult/7bc2bb95dd14c51e",
        "status" : "passed",
        "time" : {
          "start" : 1717059762365,
          "stop" : 1717059767426,
          "duration" : 5061
        }
      } ]
    },
    "tags" : [ "regression_test" ]
  },
  "source" : "a14d89226b054f25.json",
  "parameterValues" : [ ]
}