{
  "uid" : "b1e3fee5a9ce93ec",
  "name" : "test_open_seo_prod[https://dealer-passport-test.xsfera.ru:3001/q/]",
  "fullName" : "tests.main_page_test.TestMainPageSmoke#test_open_seo_prod",
  "historyId" : "d98e8f10c235e38341170d6c6a1c1f2a",
  "time" : {
    "start" : 1717426317107,
    "stop" : 1717426317107,
    "duration" : 0
  },
  "status" : "broken",
  "statusMessage" : "selenium.common.exceptions.TimeoutException: Message: \nStacktrace:\n#0 0x5567d54afe8a <unknown>\n#1 0x5567d519945c <unknown>\n#2 0x5567d51e55b5 <unknown>\n#3 0x5567d51e5671 <unknown>\n#4 0x5567d5229f14 <unknown>\n#5 0x5567d52084dd <unknown>\n#6 0x5567d52272cc <unknown>\n#7 0x5567d5208253 <unknown>\n#8 0x5567d51d81c7 <unknown>\n#9 0x5567d51d8b3e <unknown>\n#10 0x5567d54762cb <unknown>\n#11 0x5567d547a377 <unknown>\n#12 0x5567d5462dfe <unknown>\n#13 0x5567d547ae42 <unknown>\n#14 0x5567d544779f <unknown>\n#15 0x5567d549f178 <unknown>\n#16 0x5567d549f34b <unknown>\n#17 0x5567d54aefbc <unknown>\n#18 0x7fc95d494ac3 <unknown>",
  "statusTrace" : "driver = <selenium.webdriver.chrome.webdriver.WebDriver (session=\"0a6ce9d3c9e9aa8a05f3908444cbeaaa\")>\n\n    @pytest.fixture\n    def auth_user_admin_to_seo_prod(driver):\n        main_page = MainPage(driver)\n        url = Urls.MAIN_URL_SEO_PROD + Urls.AUTH\n        cookies = {'name': 'token', 'value': os.environ[\"SEO_ADMIN\"]}\n        driver.get(url)\n        driver.add_cookie(cookies)\n        driver.get(Urls.MAIN_URL_SEO_PROD)\n>       main_page.check_button_agree().click()\n\ntests/conftest.py:30: \n_ _ _ _ _ _ _ _ _ _ _ _ _ _ _ _ _ _ _ _ _ _ _ _ _ _ _ _ _ _ _ _ _ _ _ _ _ _ _ _ \npages/main_page.py:15: in check_button_agree\n    return self.element_is_visible(self.locator.AGREE_BUTTON)\npages/base_page.py:18: in element_is_visible\n    self.go_to_element(self.element_is_present(locator))\npages/base_page.py:34: in element_is_present\n    return Wait(self.driver, self.timeout).until(ec.presence_of_element_located(locator))\n_ _ _ _ _ _ _ _ _ _ _ _ _ _ _ _ _ _ _ _ _ _ _ _ _ _ _ _ _ _ _ _ _ _ _ _ _ _ _ _ \n\nself = <selenium.webdriver.support.wait.WebDriverWait (session=\"0a6ce9d3c9e9aa8a05f3908444cbeaaa\")>\nmethod = <function presence_of_element_located.<locals>._predicate at 0x7faf6eae0d60>\nmessage = ''\n\n    def until(self, method: Callable[[D], Union[Literal[False], T]], message: str = \"\") -> T:\n        \"\"\"Calls the method provided with the driver as an argument until the \\\n        return value does not evaluate to ``False``.\n    \n        :param method: callable(WebDriver)\n        :param message: optional message for :exc:`TimeoutException`\n        :returns: the result of the last call to `method`\n        :raises: :exc:`selenium.common.exceptions.TimeoutException` if timeout occurs\n        \"\"\"\n        screen = None\n        stacktrace = None\n    \n        end_time = time.monotonic() + self._timeout\n        while True:\n            try:\n                value = method(self._driver)\n                if value:\n                    return value\n            except self._ignored_exceptions as exc:\n                screen = getattr(exc, \"screen\", None)\n                stacktrace = getattr(exc, \"stacktrace\", None)\n            time.sleep(self._poll)\n            if time.monotonic() > end_time:\n                break\n>       raise TimeoutException(message, screen, stacktrace)\nE       selenium.common.exceptions.TimeoutException: Message: \nE       Stacktrace:\nE       #0 0x5567d54afe8a <unknown>\nE       #1 0x5567d519945c <unknown>\nE       #2 0x5567d51e55b5 <unknown>\nE       #3 0x5567d51e5671 <unknown>\nE       #4 0x5567d5229f14 <unknown>\nE       #5 0x5567d52084dd <unknown>\nE       #6 0x5567d52272cc <unknown>\nE       #7 0x5567d5208253 <unknown>\nE       #8 0x5567d51d81c7 <unknown>\nE       #9 0x5567d51d8b3e <unknown>\nE       #10 0x5567d54762cb <unknown>\nE       #11 0x5567d547a377 <unknown>\nE       #12 0x5567d5462dfe <unknown>\nE       #13 0x5567d547ae42 <unknown>\nE       #14 0x5567d544779f <unknown>\nE       #15 0x5567d549f178 <unknown>\nE       #16 0x5567d549f34b <unknown>\nE       #17 0x5567d54aefbc <unknown>\nE       #18 0x7fc95d494ac3 <unknown>\n\n/opt/hostedtoolcache/Python/3.12.3/x64/lib/python3.12/site-packages/selenium/webdriver/support/wait.py:105: TimeoutException",
  "flaky" : false,
  "newFailed" : false,
  "beforeStages" : [ {
    "name" : "driver",
    "time" : {
      "start" : 1717426317108,
      "stop" : 1717426317305,
      "duration" : 197
    },
    "status" : "passed",
    "steps" : [ ],
    "attachments" : [ ],
    "parameters" : [ ],
    "shouldDisplayMessage" : false,
    "hasContent" : false,
    "stepsCount" : 0,
    "attachmentsCount" : 0
  }, {
    "name" : "clear_allure_results_folder",
    "time" : {
      "start" : 1717425962338,
      "stop" : 1717425962338,
      "duration" : 0
    },
    "status" : "passed",
    "steps" : [ ],
    "attachments" : [ ],
    "parameters" : [ ],
    "shouldDisplayMessage" : false,
    "hasContent" : false,
    "stepsCount" : 0,
    "attachmentsCount" : 0
  }, {
    "name" : "auth_user_admin_to_seo_prod",
    "time" : {
      "start" : 1717426317305,
      "stop" : 1717426329920,
      "duration" : 12615
    },
    "status" : "broken",
    "statusMessage" : "selenium.common.exceptions.TimeoutException: Message: \nStacktrace:\n#0 0x5567d54afe8a <unknown>\n#1 0x5567d519945c <unknown>\n#2 0x5567d51e55b5 <unknown>\n#3 0x5567d51e5671 <unknown>\n#4 0x5567d5229f14 <unknown>\n#5 0x5567d52084dd <unknown>\n#6 0x5567d52272cc <unknown>\n#7 0x5567d5208253 <unknown>\n#8 0x5567d51d81c7 <unknown>\n#9 0x5567d51d8b3e <unknown>\n#10 0x5567d54762cb <unknown>\n#11 0x5567d547a377 <unknown>\n#12 0x5567d5462dfe <unknown>\n#13 0x5567d547ae42 <unknown>\n#14 0x5567d544779f <unknown>\n#15 0x5567d549f178 <unknown>\n#16 0x5567d549f34b <unknown>\n#17 0x5567d54aefbc <unknown>\n#18 0x7fc95d494ac3 <unknown>\n\n",
    "statusTrace" : "  File \"/opt/hostedtoolcache/Python/3.12.3/x64/lib/python3.12/site-packages/pluggy/_callers.py\", line 167, in _multicall\n    teardown.throw(outcome._exception)\n  File \"/opt/hostedtoolcache/Python/3.12.3/x64/lib/python3.12/site-packages/_pytest/setuponly.py\", line 36, in pytest_fixture_setup\n    return (yield)\n            ^^^^^\n  File \"/opt/hostedtoolcache/Python/3.12.3/x64/lib/python3.12/site-packages/pluggy/_callers.py\", line 103, in _multicall\n    res = hook_impl.function(*args)\n          ^^^^^^^^^^^^^^^^^^^^^^^^^\n  File \"/opt/hostedtoolcache/Python/3.12.3/x64/lib/python3.12/site-packages/_pytest/fixtures.py\", line 1140, in pytest_fixture_setup\n    result = call_fixture_func(fixturefunc, request, kwargs)\n             ^^^^^^^^^^^^^^^^^^^^^^^^^^^^^^^^^^^^^^^^^^^^^^^\n  File \"/opt/hostedtoolcache/Python/3.12.3/x64/lib/python3.12/site-packages/_pytest/fixtures.py\", line 917, in call_fixture_func\n    fixture_result = fixturefunc(**kwargs)\n                     ^^^^^^^^^^^^^^^^^^^^^\n  File \"/home/runner/work/DealerPassport/DealerPassport/tests/conftest.py\", line 30, in auth_user_admin_to_seo_prod\n    main_page.check_button_agree().click()\n    ^^^^^^^^^^^^^^^^^^^^^^^^^^^^^^\n  File \"/opt/hostedtoolcache/Python/3.12.3/x64/lib/python3.12/site-packages/allure_commons/_allure.py\", line 192, in impl\n    return func(*a, **kw)\n           ^^^^^^^^^^^^^^\n  File \"/home/runner/work/DealerPassport/DealerPassport/pages/main_page.py\", line 15, in check_button_agree\n    return self.element_is_visible(self.locator.AGREE_BUTTON)\n           ^^^^^^^^^^^^^^^^^^^^^^^^^^^^^^^^^^^^^^^^^^^^^^^^^^\n  File \"/home/runner/work/DealerPassport/DealerPassport/pages/base_page.py\", line 18, in element_is_visible\n    self.go_to_element(self.element_is_present(locator))\n                       ^^^^^^^^^^^^^^^^^^^^^^^^^^^^^^^^\n  File \"/home/runner/work/DealerPassport/DealerPassport/pages/base_page.py\", line 34, in element_is_present\n    return Wait(self.driver, self.timeout).until(ec.presence_of_element_located(locator))\n           ^^^^^^^^^^^^^^^^^^^^^^^^^^^^^^^^^^^^^^^^^^^^^^^^^^^^^^^^^^^^^^^^^^^^^^^^^^^^^^\n  File \"/opt/hostedtoolcache/Python/3.12.3/x64/lib/python3.12/site-packages/selenium/webdriver/support/wait.py\", line 105, in until\n    raise TimeoutException(message, screen, stacktrace)\n",
    "steps" : [ {
      "name" : "Проверка видимости кнопки '('xpath', '//span[text()=\"Согласен\"]')' на главной странице",
      "time" : {
        "start" : 1717426319703,
        "stop" : 1717426329919,
        "duration" : 10216
      },
      "status" : "broken",
      "statusMessage" : "selenium.common.exceptions.TimeoutException: Message: \nStacktrace:\n#0 0x5567d54afe8a <unknown>\n#1 0x5567d519945c <unknown>\n#2 0x5567d51e55b5 <unknown>\n#3 0x5567d51e5671 <unknown>\n#4 0x5567d5229f14 <unknown>\n#5 0x5567d52084dd <unknown>\n#6 0x5567d52272cc <unknown>\n#7 0x5567d5208253 <unknown>\n#8 0x5567d51d81c7 <unknown>\n#9 0x5567d51d8b3e <unknown>\n#10 0x5567d54762cb <unknown>\n#11 0x5567d547a377 <unknown>\n#12 0x5567d5462dfe <unknown>\n#13 0x5567d547ae42 <unknown>\n#14 0x5567d544779f <unknown>\n#15 0x5567d549f178 <unknown>\n#16 0x5567d549f34b <unknown>\n#17 0x5567d54aefbc <unknown>\n#18 0x7fc95d494ac3 <unknown>\n\n",
      "statusTrace" : "  File \"/opt/hostedtoolcache/Python/3.12.3/x64/lib/python3.12/site-packages/allure_commons/_allure.py\", line 192, in impl\n    return func(*a, **kw)\n           ^^^^^^^^^^^^^^\n  File \"/home/runner/work/DealerPassport/DealerPassport/pages/main_page.py\", line 15, in check_button_agree\n    return self.element_is_visible(self.locator.AGREE_BUTTON)\n           ^^^^^^^^^^^^^^^^^^^^^^^^^^^^^^^^^^^^^^^^^^^^^^^^^^\n  File \"/home/runner/work/DealerPassport/DealerPassport/pages/base_page.py\", line 18, in element_is_visible\n    self.go_to_element(self.element_is_present(locator))\n                       ^^^^^^^^^^^^^^^^^^^^^^^^^^^^^^^^\n  File \"/home/runner/work/DealerPassport/DealerPassport/pages/base_page.py\", line 34, in element_is_present\n    return Wait(self.driver, self.timeout).until(ec.presence_of_element_located(locator))\n           ^^^^^^^^^^^^^^^^^^^^^^^^^^^^^^^^^^^^^^^^^^^^^^^^^^^^^^^^^^^^^^^^^^^^^^^^^^^^^^\n  File \"/opt/hostedtoolcache/Python/3.12.3/x64/lib/python3.12/site-packages/selenium/webdriver/support/wait.py\", line 105, in until\n    raise TimeoutException(message, screen, stacktrace)\n",
      "steps" : [ ],
      "attachments" : [ ],
      "parameters" : [ ],
      "shouldDisplayMessage" : true,
      "hasContent" : true,
      "stepsCount" : 0,
      "attachmentsCount" : 0
    } ],
    "attachments" : [ ],
    "parameters" : [ ],
    "shouldDisplayMessage" : false,
    "hasContent" : true,
    "stepsCount" : 1,
    "attachmentsCount" : 0
  } ],
  "afterStages" : [ {
    "name" : "driver::0",
    "time" : {
      "start" : 1717426329934,
      "stop" : 1717426329993,
      "duration" : 59
    },
    "status" : "passed",
    "steps" : [ ],
    "attachments" : [ ],
    "parameters" : [ ],
    "shouldDisplayMessage" : false,
    "hasContent" : false,
    "stepsCount" : 0,
    "attachmentsCount" : 0
  } ],
  "labels" : [ {
    "name" : "epic",
    "value" : "Test Main Page smoke_test"
  }, {
    "name" : "tag",
    "value" : "smoke_test"
  }, {
    "name" : "parentSuite",
    "value" : "tests"
  }, {
    "name" : "suite",
    "value" : "main_page_test"
  }, {
    "name" : "subSuite",
    "value" : "TestMainPageSmoke"
  }, {
    "name" : "host",
    "value" : "fv-az1153-519"
  }, {
    "name" : "thread",
    "value" : "2225-MainThread"
  }, {
    "name" : "framework",
    "value" : "pytest"
  }, {
    "name" : "language",
    "value" : "cpython3"
  }, {
    "name" : "package",
    "value" : "tests.main_page_test"
  }, {
    "name" : "resultFormat",
    "value" : "allure2"
  } ],
  "parameters" : [ {
    "name" : "url",
    "value" : "'https://dealer-passport-test.xsfera.ru:3001/q/'"
  } ],
  "links" : [ ],
  "hidden" : false,
  "retry" : false,
  "extra" : {
    "severity" : "normal",
    "retries" : [ ],
    "categories" : [ {
      "name" : "Test defects",
      "matchedStatuses" : [ ],
      "flaky" : false
    } ],
    "history" : {
      "statistic" : {
        "failed" : 0,
        "broken" : 1,
        "skipped" : 0,
        "passed" : 8,
        "unknown" : 0,
        "total" : 9
      },
      "items" : [ {
        "uid" : "69be02d175e936a5",
        "reportUrl" : "https://Nat754.github.io/DealerPassport/12//#testresult/69be02d175e936a5",
        "status" : "passed",
        "time" : {
          "start" : 1717380488190,
          "stop" : 1717380499128,
          "duration" : 10938
        }
      }, {
        "uid" : "b188aaa14db2c209",
        "reportUrl" : "https://Nat754.github.io/DealerPassport/11//#testresult/b188aaa14db2c209",
        "status" : "passed",
        "time" : {
          "start" : 1717294195946,
          "stop" : 1717294206875,
          "duration" : 10929
        }
      }, {
        "uid" : "c7791a21dc0fafc3",
        "reportUrl" : "https://Nat754.github.io/DealerPassport/10//#testresult/c7791a21dc0fafc3",
        "status" : "passed",
        "time" : {
          "start" : 1717207775800,
          "stop" : 1717207786756,
          "duration" : 10956
        }
      }, {
        "uid" : "7bf80dca8906376d",
        "reportUrl" : "https://Nat754.github.io/DealerPassport/5//#testresult/7bf80dca8906376d",
        "status" : "passed",
        "time" : {
          "start" : 1717150451738,
          "stop" : 1717150462580,
          "duration" : 10842
        }
      }, {
        "uid" : "4a6d35d8f566b835",
        "reportUrl" : "https://Nat754.github.io/DealerPassport/5//#testresult/4a6d35d8f566b835",
        "status" : "passed",
        "time" : {
          "start" : 1717144143520,
          "stop" : 1717144154507,
          "duration" : 10987
        }
      }, {
        "uid" : "cb8fdd7312ad5654",
        "reportUrl" : "https://Nat754.github.io/DealerPassport/9//#testresult/cb8fdd7312ad5654",
        "status" : "passed",
        "time" : {
          "start" : 1717121319304,
          "stop" : 1717121330374,
          "duration" : 11070
        }
      }, {
        "uid" : "e98db3ffaf195488",
        "reportUrl" : "https://Nat754.github.io/DealerPassport/5//#testresult/e98db3ffaf195488",
        "status" : "passed",
        "time" : {
          "start" : 1717080860863,
          "stop" : 1717080871750,
          "duration" : 10887
        }
      }, {
        "uid" : "2076fd2c10628c8e",
        "reportUrl" : "https://Nat754.github.io/DealerPassport/4//#testresult/2076fd2c10628c8e",
        "status" : "passed",
        "time" : {
          "start" : 1717059460279,
          "stop" : 1717059471086,
          "duration" : 10807
        }
      } ]
    },
    "tags" : [ "smoke_test" ]
  },
  "source" : "b1e3fee5a9ce93ec.json",
  "parameterValues" : [ "'https://dealer-passport-test.xsfera.ru:3001/q/'" ]
}