{
  "uid" : "bc8b0f87270e1efe",
  "name" : "test_open_seo_prod[https://dealer-passport-test.xsfera.ru:3001/editor/]",
  "fullName" : "tests.main_page_test.TestMainPageSmoke#test_open_seo_prod",
  "historyId" : "3d8039c91e2eb6879feffc1e516155f1",
  "time" : {
    "start" : 1717426213414,
    "stop" : 1717426213414,
    "duration" : 0
  },
  "status" : "broken",
  "statusMessage" : "selenium.common.exceptions.TimeoutException: Message: \nStacktrace:\n#0 0x561ac7c35e8a <unknown>\n#1 0x561ac791f45c <unknown>\n#2 0x561ac796b5b5 <unknown>\n#3 0x561ac796b671 <unknown>\n#4 0x561ac79aff14 <unknown>\n#5 0x561ac798e4dd <unknown>\n#6 0x561ac79ad2cc <unknown>\n#7 0x561ac798e253 <unknown>\n#8 0x561ac795e1c7 <unknown>\n#9 0x561ac795eb3e <unknown>\n#10 0x561ac7bfc2cb <unknown>\n#11 0x561ac7c00377 <unknown>\n#12 0x561ac7be8dfe <unknown>\n#13 0x561ac7c00e42 <unknown>\n#14 0x561ac7bcd79f <unknown>\n#15 0x561ac7c25178 <unknown>\n#16 0x561ac7c2534b <unknown>\n#17 0x561ac7c34fbc <unknown>\n#18 0x7f9de3e94ac3 <unknown>",
  "statusTrace" : "driver = <selenium.webdriver.chrome.webdriver.WebDriver (session=\"bfc866356285617222f42d84cde10fbd\")>\n\n    @pytest.fixture\n    def auth_user_admin_to_seo_prod(driver):\n        main_page = MainPage(driver)\n        url = Urls.MAIN_URL_SEO_PROD + Urls.AUTH\n        cookies = {'name': 'token', 'value': os.environ[\"SEO_ADMIN\"]}\n        driver.get(url)\n        driver.add_cookie(cookies)\n        driver.get(Urls.MAIN_URL_SEO_PROD)\n>       main_page.check_button_agree().click()\n\ntests/conftest.py:30: \n_ _ _ _ _ _ _ _ _ _ _ _ _ _ _ _ _ _ _ _ _ _ _ _ _ _ _ _ _ _ _ _ _ _ _ _ _ _ _ _ \npages/main_page.py:15: in check_button_agree\n    return self.element_is_visible(self.locator.AGREE_BUTTON)\npages/base_page.py:18: in element_is_visible\n    self.go_to_element(self.element_is_present(locator))\npages/base_page.py:34: in element_is_present\n    return Wait(self.driver, self.timeout).until(ec.presence_of_element_located(locator))\n_ _ _ _ _ _ _ _ _ _ _ _ _ _ _ _ _ _ _ _ _ _ _ _ _ _ _ _ _ _ _ _ _ _ _ _ _ _ _ _ \n\nself = <selenium.webdriver.support.wait.WebDriverWait (session=\"bfc866356285617222f42d84cde10fbd\")>\nmethod = <function presence_of_element_located.<locals>._predicate at 0x7faf6ea91bc0>\nmessage = ''\n\n    def until(self, method: Callable[[D], Union[Literal[False], T]], message: str = \"\") -> T:\n        \"\"\"Calls the method provided with the driver as an argument until the \\\n        return value does not evaluate to ``False``.\n    \n        :param method: callable(WebDriver)\n        :param message: optional message for :exc:`TimeoutException`\n        :returns: the result of the last call to `method`\n        :raises: :exc:`selenium.common.exceptions.TimeoutException` if timeout occurs\n        \"\"\"\n        screen = None\n        stacktrace = None\n    \n        end_time = time.monotonic() + self._timeout\n        while True:\n            try:\n                value = method(self._driver)\n                if value:\n                    return value\n            except self._ignored_exceptions as exc:\n                screen = getattr(exc, \"screen\", None)\n                stacktrace = getattr(exc, \"stacktrace\", None)\n            time.sleep(self._poll)\n            if time.monotonic() > end_time:\n                break\n>       raise TimeoutException(message, screen, stacktrace)\nE       selenium.common.exceptions.TimeoutException: Message: \nE       Stacktrace:\nE       #0 0x561ac7c35e8a <unknown>\nE       #1 0x561ac791f45c <unknown>\nE       #2 0x561ac796b5b5 <unknown>\nE       #3 0x561ac796b671 <unknown>\nE       #4 0x561ac79aff14 <unknown>\nE       #5 0x561ac798e4dd <unknown>\nE       #6 0x561ac79ad2cc <unknown>\nE       #7 0x561ac798e253 <unknown>\nE       #8 0x561ac795e1c7 <unknown>\nE       #9 0x561ac795eb3e <unknown>\nE       #10 0x561ac7bfc2cb <unknown>\nE       #11 0x561ac7c00377 <unknown>\nE       #12 0x561ac7be8dfe <unknown>\nE       #13 0x561ac7c00e42 <unknown>\nE       #14 0x561ac7bcd79f <unknown>\nE       #15 0x561ac7c25178 <unknown>\nE       #16 0x561ac7c2534b <unknown>\nE       #17 0x561ac7c34fbc <unknown>\nE       #18 0x7f9de3e94ac3 <unknown>\n\n/opt/hostedtoolcache/Python/3.12.3/x64/lib/python3.12/site-packages/selenium/webdriver/support/wait.py:105: TimeoutException",
  "flaky" : false,
  "newFailed" : false,
  "beforeStages" : [ {
    "name" : "driver",
    "time" : {
      "start" : 1717426213414,
      "stop" : 1717426213615,
      "duration" : 201
    },
    "status" : "passed",
    "steps" : [ ],
    "attachments" : [ ],
    "parameters" : [ ],
    "shouldDisplayMessage" : false,
    "hasContent" : false,
    "stepsCount" : 0,
    "attachmentsCount" : 0
  }, {
    "name" : "clear_allure_results_folder",
    "time" : {
      "start" : 1717425962338,
      "stop" : 1717425962338,
      "duration" : 0
    },
    "status" : "passed",
    "steps" : [ ],
    "attachments" : [ ],
    "parameters" : [ ],
    "shouldDisplayMessage" : false,
    "hasContent" : false,
    "stepsCount" : 0,
    "attachmentsCount" : 0
  }, {
    "name" : "auth_user_admin_to_seo_prod",
    "time" : {
      "start" : 1717426213615,
      "stop" : 1717426226297,
      "duration" : 12682
    },
    "status" : "broken",
    "statusMessage" : "selenium.common.exceptions.TimeoutException: Message: \nStacktrace:\n#0 0x561ac7c35e8a <unknown>\n#1 0x561ac791f45c <unknown>\n#2 0x561ac796b5b5 <unknown>\n#3 0x561ac796b671 <unknown>\n#4 0x561ac79aff14 <unknown>\n#5 0x561ac798e4dd <unknown>\n#6 0x561ac79ad2cc <unknown>\n#7 0x561ac798e253 <unknown>\n#8 0x561ac795e1c7 <unknown>\n#9 0x561ac795eb3e <unknown>\n#10 0x561ac7bfc2cb <unknown>\n#11 0x561ac7c00377 <unknown>\n#12 0x561ac7be8dfe <unknown>\n#13 0x561ac7c00e42 <unknown>\n#14 0x561ac7bcd79f <unknown>\n#15 0x561ac7c25178 <unknown>\n#16 0x561ac7c2534b <unknown>\n#17 0x561ac7c34fbc <unknown>\n#18 0x7f9de3e94ac3 <unknown>\n\n",
    "statusTrace" : "  File \"/opt/hostedtoolcache/Python/3.12.3/x64/lib/python3.12/site-packages/pluggy/_callers.py\", line 167, in _multicall\n    teardown.throw(outcome._exception)\n  File \"/opt/hostedtoolcache/Python/3.12.3/x64/lib/python3.12/site-packages/_pytest/setuponly.py\", line 36, in pytest_fixture_setup\n    return (yield)\n            ^^^^^\n  File \"/opt/hostedtoolcache/Python/3.12.3/x64/lib/python3.12/site-packages/pluggy/_callers.py\", line 103, in _multicall\n    res = hook_impl.function(*args)\n          ^^^^^^^^^^^^^^^^^^^^^^^^^\n  File \"/opt/hostedtoolcache/Python/3.12.3/x64/lib/python3.12/site-packages/_pytest/fixtures.py\", line 1140, in pytest_fixture_setup\n    result = call_fixture_func(fixturefunc, request, kwargs)\n             ^^^^^^^^^^^^^^^^^^^^^^^^^^^^^^^^^^^^^^^^^^^^^^^\n  File \"/opt/hostedtoolcache/Python/3.12.3/x64/lib/python3.12/site-packages/_pytest/fixtures.py\", line 917, in call_fixture_func\n    fixture_result = fixturefunc(**kwargs)\n                     ^^^^^^^^^^^^^^^^^^^^^\n  File \"/home/runner/work/DealerPassport/DealerPassport/tests/conftest.py\", line 30, in auth_user_admin_to_seo_prod\n    main_page.check_button_agree().click()\n    ^^^^^^^^^^^^^^^^^^^^^^^^^^^^^^\n  File \"/opt/hostedtoolcache/Python/3.12.3/x64/lib/python3.12/site-packages/allure_commons/_allure.py\", line 192, in impl\n    return func(*a, **kw)\n           ^^^^^^^^^^^^^^\n  File \"/home/runner/work/DealerPassport/DealerPassport/pages/main_page.py\", line 15, in check_button_agree\n    return self.element_is_visible(self.locator.AGREE_BUTTON)\n           ^^^^^^^^^^^^^^^^^^^^^^^^^^^^^^^^^^^^^^^^^^^^^^^^^^\n  File \"/home/runner/work/DealerPassport/DealerPassport/pages/base_page.py\", line 18, in element_is_visible\n    self.go_to_element(self.element_is_present(locator))\n                       ^^^^^^^^^^^^^^^^^^^^^^^^^^^^^^^^\n  File \"/home/runner/work/DealerPassport/DealerPassport/pages/base_page.py\", line 34, in element_is_present\n    return Wait(self.driver, self.timeout).until(ec.presence_of_element_located(locator))\n           ^^^^^^^^^^^^^^^^^^^^^^^^^^^^^^^^^^^^^^^^^^^^^^^^^^^^^^^^^^^^^^^^^^^^^^^^^^^^^^\n  File \"/opt/hostedtoolcache/Python/3.12.3/x64/lib/python3.12/site-packages/selenium/webdriver/support/wait.py\", line 105, in until\n    raise TimeoutException(message, screen, stacktrace)\n",
    "steps" : [ {
      "name" : "Проверка видимости кнопки '('xpath', '//span[text()=\"Согласен\"]')' на главной странице",
      "time" : {
        "start" : 1717426216067,
        "stop" : 1717426226296,
        "duration" : 10229
      },
      "status" : "broken",
      "statusMessage" : "selenium.common.exceptions.TimeoutException: Message: \nStacktrace:\n#0 0x561ac7c35e8a <unknown>\n#1 0x561ac791f45c <unknown>\n#2 0x561ac796b5b5 <unknown>\n#3 0x561ac796b671 <unknown>\n#4 0x561ac79aff14 <unknown>\n#5 0x561ac798e4dd <unknown>\n#6 0x561ac79ad2cc <unknown>\n#7 0x561ac798e253 <unknown>\n#8 0x561ac795e1c7 <unknown>\n#9 0x561ac795eb3e <unknown>\n#10 0x561ac7bfc2cb <unknown>\n#11 0x561ac7c00377 <unknown>\n#12 0x561ac7be8dfe <unknown>\n#13 0x561ac7c00e42 <unknown>\n#14 0x561ac7bcd79f <unknown>\n#15 0x561ac7c25178 <unknown>\n#16 0x561ac7c2534b <unknown>\n#17 0x561ac7c34fbc <unknown>\n#18 0x7f9de3e94ac3 <unknown>\n\n",
      "statusTrace" : "  File \"/opt/hostedtoolcache/Python/3.12.3/x64/lib/python3.12/site-packages/allure_commons/_allure.py\", line 192, in impl\n    return func(*a, **kw)\n           ^^^^^^^^^^^^^^\n  File \"/home/runner/work/DealerPassport/DealerPassport/pages/main_page.py\", line 15, in check_button_agree\n    return self.element_is_visible(self.locator.AGREE_BUTTON)\n           ^^^^^^^^^^^^^^^^^^^^^^^^^^^^^^^^^^^^^^^^^^^^^^^^^^\n  File \"/home/runner/work/DealerPassport/DealerPassport/pages/base_page.py\", line 18, in element_is_visible\n    self.go_to_element(self.element_is_present(locator))\n                       ^^^^^^^^^^^^^^^^^^^^^^^^^^^^^^^^\n  File \"/home/runner/work/DealerPassport/DealerPassport/pages/base_page.py\", line 34, in element_is_present\n    return Wait(self.driver, self.timeout).until(ec.presence_of_element_located(locator))\n           ^^^^^^^^^^^^^^^^^^^^^^^^^^^^^^^^^^^^^^^^^^^^^^^^^^^^^^^^^^^^^^^^^^^^^^^^^^^^^^\n  File \"/opt/hostedtoolcache/Python/3.12.3/x64/lib/python3.12/site-packages/selenium/webdriver/support/wait.py\", line 105, in until\n    raise TimeoutException(message, screen, stacktrace)\n",
      "steps" : [ ],
      "attachments" : [ ],
      "parameters" : [ ],
      "shouldDisplayMessage" : true,
      "hasContent" : true,
      "stepsCount" : 0,
      "attachmentsCount" : 0
    } ],
    "attachments" : [ ],
    "parameters" : [ ],
    "shouldDisplayMessage" : false,
    "hasContent" : true,
    "stepsCount" : 1,
    "attachmentsCount" : 0
  } ],
  "afterStages" : [ {
    "name" : "driver::0",
    "time" : {
      "start" : 1717426226311,
      "stop" : 1717426226370,
      "duration" : 59
    },
    "status" : "passed",
    "steps" : [ ],
    "attachments" : [ ],
    "parameters" : [ ],
    "shouldDisplayMessage" : false,
    "hasContent" : false,
    "stepsCount" : 0,
    "attachmentsCount" : 0
  } ],
  "labels" : [ {
    "name" : "epic",
    "value" : "Test Main Page smoke_test"
  }, {
    "name" : "tag",
    "value" : "smoke_test"
  }, {
    "name" : "parentSuite",
    "value" : "tests"
  }, {
    "name" : "suite",
    "value" : "main_page_test"
  }, {
    "name" : "subSuite",
    "value" : "TestMainPageSmoke"
  }, {
    "name" : "host",
    "value" : "fv-az1153-519"
  }, {
    "name" : "thread",
    "value" : "2225-MainThread"
  }, {
    "name" : "framework",
    "value" : "pytest"
  }, {
    "name" : "language",
    "value" : "cpython3"
  }, {
    "name" : "package",
    "value" : "tests.main_page_test"
  }, {
    "name" : "resultFormat",
    "value" : "allure2"
  } ],
  "parameters" : [ {
    "name" : "url",
    "value" : "'https://dealer-passport-test.xsfera.ru:3001/editor/'"
  } ],
  "links" : [ ],
  "hidden" : false,
  "retry" : false,
  "extra" : {
    "severity" : "normal",
    "retries" : [ ],
    "categories" : [ {
      "name" : "Test defects",
      "matchedStatuses" : [ ],
      "flaky" : false
    } ],
    "history" : {
      "statistic" : {
        "failed" : 0,
        "broken" : 1,
        "skipped" : 0,
        "passed" : 8,
        "unknown" : 0,
        "total" : 9
      },
      "items" : [ {
        "uid" : "45b5161694333cd",
        "reportUrl" : "https://Nat754.github.io/DealerPassport/12//#testresult/45b5161694333cd",
        "status" : "passed",
        "time" : {
          "start" : 1717380375506,
          "stop" : 1717380386385,
          "duration" : 10879
        }
      }, {
        "uid" : "278c0480e028ed5c",
        "reportUrl" : "https://Nat754.github.io/DealerPassport/11//#testresult/278c0480e028ed5c",
        "status" : "passed",
        "time" : {
          "start" : 1717294083114,
          "stop" : 1717294093973,
          "duration" : 10859
        }
      }, {
        "uid" : "f87569d927b96dc6",
        "reportUrl" : "https://Nat754.github.io/DealerPassport/10//#testresult/f87569d927b96dc6",
        "status" : "passed",
        "time" : {
          "start" : 1717207652078,
          "stop" : 1717207663133,
          "duration" : 11055
        }
      }, {
        "uid" : "f46fb1767c3ba05e",
        "reportUrl" : "https://Nat754.github.io/DealerPassport/5//#testresult/f46fb1767c3ba05e",
        "status" : "passed",
        "time" : {
          "start" : 1717150342931,
          "stop" : 1717150353732,
          "duration" : 10801
        }
      }, {
        "uid" : "d8f94d1c8b590641",
        "reportUrl" : "https://Nat754.github.io/DealerPassport/5//#testresult/d8f94d1c8b590641",
        "status" : "passed",
        "time" : {
          "start" : 1717144024551,
          "stop" : 1717144035512,
          "duration" : 10961
        }
      }, {
        "uid" : "651e0eabbdcb9015",
        "reportUrl" : "https://Nat754.github.io/DealerPassport/9//#testresult/651e0eabbdcb9015",
        "status" : "passed",
        "time" : {
          "start" : 1717121209279,
          "stop" : 1717121220162,
          "duration" : 10883
        }
      }, {
        "uid" : "65108347d0e16446",
        "reportUrl" : "https://Nat754.github.io/DealerPassport/5//#testresult/65108347d0e16446",
        "status" : "passed",
        "time" : {
          "start" : 1717080733216,
          "stop" : 1717080744080,
          "duration" : 10864
        }
      }, {
        "uid" : "9701130fdad532a3",
        "reportUrl" : "https://Nat754.github.io/DealerPassport/4//#testresult/9701130fdad532a3",
        "status" : "passed",
        "time" : {
          "start" : 1717059346064,
          "stop" : 1717059356854,
          "duration" : 10790
        }
      } ]
    },
    "tags" : [ "smoke_test" ]
  },
  "source" : "bc8b0f87270e1efe.json",
  "parameterValues" : [ "'https://dealer-passport-test.xsfera.ru:3001/editor/'" ]
}