{
  "uid" : "bce0f24e9b0f3500",
  "name" : "test_open_seo_prod[https://dealer-passport-test.xsfera.ru:3001/staff/]",
  "fullName" : "tests.main_page_test.TestMainPageSmoke#test_open_seo_prod",
  "historyId" : "c4e7676cc550504f543bf74fa6bcf031",
  "time" : {
    "start" : 1717426329994,
    "stop" : 1717426329994,
    "duration" : 0
  },
  "status" : "broken",
  "statusMessage" : "selenium.common.exceptions.TimeoutException: Message: \nStacktrace:\n#0 0x5612fc1a6e8a <unknown>\n#1 0x5612fbe9045c <unknown>\n#2 0x5612fbedc5b5 <unknown>\n#3 0x5612fbedc671 <unknown>\n#4 0x5612fbf20f14 <unknown>\n#5 0x5612fbeff4dd <unknown>\n#6 0x5612fbf1e2cc <unknown>\n#7 0x5612fbeff253 <unknown>\n#8 0x5612fbecf1c7 <unknown>\n#9 0x5612fbecfb3e <unknown>\n#10 0x5612fc16d2cb <unknown>\n#11 0x5612fc171377 <unknown>\n#12 0x5612fc159dfe <unknown>\n#13 0x5612fc171e42 <unknown>\n#14 0x5612fc13e79f <unknown>\n#15 0x5612fc196178 <unknown>\n#16 0x5612fc19634b <unknown>\n#17 0x5612fc1a5fbc <unknown>\n#18 0x7f6f19a94ac3 <unknown>",
  "statusTrace" : "driver = <selenium.webdriver.chrome.webdriver.WebDriver (session=\"74b8de9bb7907683f46c152425844b74\")>\n\n    @pytest.fixture\n    def auth_user_admin_to_seo_prod(driver):\n        main_page = MainPage(driver)\n        url = Urls.MAIN_URL_SEO_PROD + Urls.AUTH\n        cookies = {'name': 'token', 'value': os.environ[\"SEO_ADMIN\"]}\n        driver.get(url)\n        driver.add_cookie(cookies)\n        driver.get(Urls.MAIN_URL_SEO_PROD)\n>       main_page.check_button_agree().click()\n\ntests/conftest.py:30: \n_ _ _ _ _ _ _ _ _ _ _ _ _ _ _ _ _ _ _ _ _ _ _ _ _ _ _ _ _ _ _ _ _ _ _ _ _ _ _ _ \npages/main_page.py:15: in check_button_agree\n    return self.element_is_visible(self.locator.AGREE_BUTTON)\npages/base_page.py:18: in element_is_visible\n    self.go_to_element(self.element_is_present(locator))\npages/base_page.py:34: in element_is_present\n    return Wait(self.driver, self.timeout).until(ec.presence_of_element_located(locator))\n_ _ _ _ _ _ _ _ _ _ _ _ _ _ _ _ _ _ _ _ _ _ _ _ _ _ _ _ _ _ _ _ _ _ _ _ _ _ _ _ \n\nself = <selenium.webdriver.support.wait.WebDriverWait (session=\"74b8de9bb7907683f46c152425844b74\")>\nmethod = <function presence_of_element_located.<locals>._predicate at 0x7faf6eae3060>\nmessage = ''\n\n    def until(self, method: Callable[[D], Union[Literal[False], T]], message: str = \"\") -> T:\n        \"\"\"Calls the method provided with the driver as an argument until the \\\n        return value does not evaluate to ``False``.\n    \n        :param method: callable(WebDriver)\n        :param message: optional message for :exc:`TimeoutException`\n        :returns: the result of the last call to `method`\n        :raises: :exc:`selenium.common.exceptions.TimeoutException` if timeout occurs\n        \"\"\"\n        screen = None\n        stacktrace = None\n    \n        end_time = time.monotonic() + self._timeout\n        while True:\n            try:\n                value = method(self._driver)\n                if value:\n                    return value\n            except self._ignored_exceptions as exc:\n                screen = getattr(exc, \"screen\", None)\n                stacktrace = getattr(exc, \"stacktrace\", None)\n            time.sleep(self._poll)\n            if time.monotonic() > end_time:\n                break\n>       raise TimeoutException(message, screen, stacktrace)\nE       selenium.common.exceptions.TimeoutException: Message: \nE       Stacktrace:\nE       #0 0x5612fc1a6e8a <unknown>\nE       #1 0x5612fbe9045c <unknown>\nE       #2 0x5612fbedc5b5 <unknown>\nE       #3 0x5612fbedc671 <unknown>\nE       #4 0x5612fbf20f14 <unknown>\nE       #5 0x5612fbeff4dd <unknown>\nE       #6 0x5612fbf1e2cc <unknown>\nE       #7 0x5612fbeff253 <unknown>\nE       #8 0x5612fbecf1c7 <unknown>\nE       #9 0x5612fbecfb3e <unknown>\nE       #10 0x5612fc16d2cb <unknown>\nE       #11 0x5612fc171377 <unknown>\nE       #12 0x5612fc159dfe <unknown>\nE       #13 0x5612fc171e42 <unknown>\nE       #14 0x5612fc13e79f <unknown>\nE       #15 0x5612fc196178 <unknown>\nE       #16 0x5612fc19634b <unknown>\nE       #17 0x5612fc1a5fbc <unknown>\nE       #18 0x7f6f19a94ac3 <unknown>\n\n/opt/hostedtoolcache/Python/3.12.3/x64/lib/python3.12/site-packages/selenium/webdriver/support/wait.py:105: TimeoutException",
  "flaky" : false,
  "newFailed" : false,
  "beforeStages" : [ {
    "name" : "auth_user_admin_to_seo_prod",
    "time" : {
      "start" : 1717426330191,
      "stop" : 1717426342848,
      "duration" : 12657
    },
    "status" : "broken",
    "statusMessage" : "selenium.common.exceptions.TimeoutException: Message: \nStacktrace:\n#0 0x5612fc1a6e8a <unknown>\n#1 0x5612fbe9045c <unknown>\n#2 0x5612fbedc5b5 <unknown>\n#3 0x5612fbedc671 <unknown>\n#4 0x5612fbf20f14 <unknown>\n#5 0x5612fbeff4dd <unknown>\n#6 0x5612fbf1e2cc <unknown>\n#7 0x5612fbeff253 <unknown>\n#8 0x5612fbecf1c7 <unknown>\n#9 0x5612fbecfb3e <unknown>\n#10 0x5612fc16d2cb <unknown>\n#11 0x5612fc171377 <unknown>\n#12 0x5612fc159dfe <unknown>\n#13 0x5612fc171e42 <unknown>\n#14 0x5612fc13e79f <unknown>\n#15 0x5612fc196178 <unknown>\n#16 0x5612fc19634b <unknown>\n#17 0x5612fc1a5fbc <unknown>\n#18 0x7f6f19a94ac3 <unknown>\n\n",
    "statusTrace" : "  File \"/opt/hostedtoolcache/Python/3.12.3/x64/lib/python3.12/site-packages/pluggy/_callers.py\", line 167, in _multicall\n    teardown.throw(outcome._exception)\n  File \"/opt/hostedtoolcache/Python/3.12.3/x64/lib/python3.12/site-packages/_pytest/setuponly.py\", line 36, in pytest_fixture_setup\n    return (yield)\n            ^^^^^\n  File \"/opt/hostedtoolcache/Python/3.12.3/x64/lib/python3.12/site-packages/pluggy/_callers.py\", line 103, in _multicall\n    res = hook_impl.function(*args)\n          ^^^^^^^^^^^^^^^^^^^^^^^^^\n  File \"/opt/hostedtoolcache/Python/3.12.3/x64/lib/python3.12/site-packages/_pytest/fixtures.py\", line 1140, in pytest_fixture_setup\n    result = call_fixture_func(fixturefunc, request, kwargs)\n             ^^^^^^^^^^^^^^^^^^^^^^^^^^^^^^^^^^^^^^^^^^^^^^^\n  File \"/opt/hostedtoolcache/Python/3.12.3/x64/lib/python3.12/site-packages/_pytest/fixtures.py\", line 917, in call_fixture_func\n    fixture_result = fixturefunc(**kwargs)\n                     ^^^^^^^^^^^^^^^^^^^^^\n  File \"/home/runner/work/DealerPassport/DealerPassport/tests/conftest.py\", line 30, in auth_user_admin_to_seo_prod\n    main_page.check_button_agree().click()\n    ^^^^^^^^^^^^^^^^^^^^^^^^^^^^^^\n  File \"/opt/hostedtoolcache/Python/3.12.3/x64/lib/python3.12/site-packages/allure_commons/_allure.py\", line 192, in impl\n    return func(*a, **kw)\n           ^^^^^^^^^^^^^^\n  File \"/home/runner/work/DealerPassport/DealerPassport/pages/main_page.py\", line 15, in check_button_agree\n    return self.element_is_visible(self.locator.AGREE_BUTTON)\n           ^^^^^^^^^^^^^^^^^^^^^^^^^^^^^^^^^^^^^^^^^^^^^^^^^^\n  File \"/home/runner/work/DealerPassport/DealerPassport/pages/base_page.py\", line 18, in element_is_visible\n    self.go_to_element(self.element_is_present(locator))\n                       ^^^^^^^^^^^^^^^^^^^^^^^^^^^^^^^^\n  File \"/home/runner/work/DealerPassport/DealerPassport/pages/base_page.py\", line 34, in element_is_present\n    return Wait(self.driver, self.timeout).until(ec.presence_of_element_located(locator))\n           ^^^^^^^^^^^^^^^^^^^^^^^^^^^^^^^^^^^^^^^^^^^^^^^^^^^^^^^^^^^^^^^^^^^^^^^^^^^^^^\n  File \"/opt/hostedtoolcache/Python/3.12.3/x64/lib/python3.12/site-packages/selenium/webdriver/support/wait.py\", line 105, in until\n    raise TimeoutException(message, screen, stacktrace)\n",
    "steps" : [ {
      "name" : "Проверка видимости кнопки '('xpath', '//span[text()=\"Согласен\"]')' на главной странице",
      "time" : {
        "start" : 1717426332623,
        "stop" : 1717426342847,
        "duration" : 10224
      },
      "status" : "broken",
      "statusMessage" : "selenium.common.exceptions.TimeoutException: Message: \nStacktrace:\n#0 0x5612fc1a6e8a <unknown>\n#1 0x5612fbe9045c <unknown>\n#2 0x5612fbedc5b5 <unknown>\n#3 0x5612fbedc671 <unknown>\n#4 0x5612fbf20f14 <unknown>\n#5 0x5612fbeff4dd <unknown>\n#6 0x5612fbf1e2cc <unknown>\n#7 0x5612fbeff253 <unknown>\n#8 0x5612fbecf1c7 <unknown>\n#9 0x5612fbecfb3e <unknown>\n#10 0x5612fc16d2cb <unknown>\n#11 0x5612fc171377 <unknown>\n#12 0x5612fc159dfe <unknown>\n#13 0x5612fc171e42 <unknown>\n#14 0x5612fc13e79f <unknown>\n#15 0x5612fc196178 <unknown>\n#16 0x5612fc19634b <unknown>\n#17 0x5612fc1a5fbc <unknown>\n#18 0x7f6f19a94ac3 <unknown>\n\n",
      "statusTrace" : "  File \"/opt/hostedtoolcache/Python/3.12.3/x64/lib/python3.12/site-packages/allure_commons/_allure.py\", line 192, in impl\n    return func(*a, **kw)\n           ^^^^^^^^^^^^^^\n  File \"/home/runner/work/DealerPassport/DealerPassport/pages/main_page.py\", line 15, in check_button_agree\n    return self.element_is_visible(self.locator.AGREE_BUTTON)\n           ^^^^^^^^^^^^^^^^^^^^^^^^^^^^^^^^^^^^^^^^^^^^^^^^^^\n  File \"/home/runner/work/DealerPassport/DealerPassport/pages/base_page.py\", line 18, in element_is_visible\n    self.go_to_element(self.element_is_present(locator))\n                       ^^^^^^^^^^^^^^^^^^^^^^^^^^^^^^^^\n  File \"/home/runner/work/DealerPassport/DealerPassport/pages/base_page.py\", line 34, in element_is_present\n    return Wait(self.driver, self.timeout).until(ec.presence_of_element_located(locator))\n           ^^^^^^^^^^^^^^^^^^^^^^^^^^^^^^^^^^^^^^^^^^^^^^^^^^^^^^^^^^^^^^^^^^^^^^^^^^^^^^\n  File \"/opt/hostedtoolcache/Python/3.12.3/x64/lib/python3.12/site-packages/selenium/webdriver/support/wait.py\", line 105, in until\n    raise TimeoutException(message, screen, stacktrace)\n",
      "steps" : [ ],
      "attachments" : [ ],
      "parameters" : [ ],
      "shouldDisplayMessage" : true,
      "hasContent" : true,
      "stepsCount" : 0,
      "attachmentsCount" : 0
    } ],
    "attachments" : [ ],
    "parameters" : [ ],
    "shouldDisplayMessage" : false,
    "hasContent" : true,
    "stepsCount" : 1,
    "attachmentsCount" : 0
  }, {
    "name" : "clear_allure_results_folder",
    "time" : {
      "start" : 1717425962338,
      "stop" : 1717425962338,
      "duration" : 0
    },
    "status" : "passed",
    "steps" : [ ],
    "attachments" : [ ],
    "parameters" : [ ],
    "shouldDisplayMessage" : false,
    "hasContent" : false,
    "stepsCount" : 0,
    "attachmentsCount" : 0
  }, {
    "name" : "driver",
    "time" : {
      "start" : 1717426329995,
      "stop" : 1717426330191,
      "duration" : 196
    },
    "status" : "passed",
    "steps" : [ ],
    "attachments" : [ ],
    "parameters" : [ ],
    "shouldDisplayMessage" : false,
    "hasContent" : false,
    "stepsCount" : 0,
    "attachmentsCount" : 0
  } ],
  "afterStages" : [ {
    "name" : "driver::0",
    "time" : {
      "start" : 1717426342861,
      "stop" : 1717426342920,
      "duration" : 59
    },
    "status" : "passed",
    "steps" : [ ],
    "attachments" : [ ],
    "parameters" : [ ],
    "shouldDisplayMessage" : false,
    "hasContent" : false,
    "stepsCount" : 0,
    "attachmentsCount" : 0
  } ],
  "labels" : [ {
    "name" : "epic",
    "value" : "Test Main Page smoke_test"
  }, {
    "name" : "tag",
    "value" : "smoke_test"
  }, {
    "name" : "parentSuite",
    "value" : "tests"
  }, {
    "name" : "suite",
    "value" : "main_page_test"
  }, {
    "name" : "subSuite",
    "value" : "TestMainPageSmoke"
  }, {
    "name" : "host",
    "value" : "fv-az1153-519"
  }, {
    "name" : "thread",
    "value" : "2225-MainThread"
  }, {
    "name" : "framework",
    "value" : "pytest"
  }, {
    "name" : "language",
    "value" : "cpython3"
  }, {
    "name" : "package",
    "value" : "tests.main_page_test"
  }, {
    "name" : "resultFormat",
    "value" : "allure2"
  } ],
  "parameters" : [ {
    "name" : "url",
    "value" : "'https://dealer-passport-test.xsfera.ru:3001/staff/'"
  } ],
  "links" : [ ],
  "hidden" : false,
  "retry" : false,
  "extra" : {
    "severity" : "normal",
    "retries" : [ ],
    "categories" : [ {
      "name" : "Test defects",
      "matchedStatuses" : [ ],
      "flaky" : false
    } ],
    "history" : {
      "statistic" : {
        "failed" : 2,
        "broken" : 1,
        "skipped" : 0,
        "passed" : 6,
        "unknown" : 0,
        "total" : 9
      },
      "items" : [ {
        "uid" : "43e091eb8b67b815",
        "reportUrl" : "https://Nat754.github.io/DealerPassport/12//#testresult/43e091eb8b67b815",
        "status" : "passed",
        "time" : {
          "start" : 1717380502197,
          "stop" : 1717380513144,
          "duration" : 10947
        }
      }, {
        "uid" : "c5d02469a160f50f",
        "reportUrl" : "https://Nat754.github.io/DealerPassport/11//#testresult/c5d02469a160f50f",
        "status" : "passed",
        "time" : {
          "start" : 1717294209947,
          "stop" : 1717294220820,
          "duration" : 10873
        }
      }, {
        "uid" : "b7f78d20091a797d",
        "reportUrl" : "https://Nat754.github.io/DealerPassport/10//#testresult/b7f78d20091a797d",
        "status" : "passed",
        "time" : {
          "start" : 1717207790591,
          "stop" : 1717207801549,
          "duration" : 10958
        }
      }, {
        "uid" : "a268430117e9438",
        "reportUrl" : "https://Nat754.github.io/DealerPassport/5//#testresult/a268430117e9438",
        "status" : "passed",
        "time" : {
          "start" : 1717150465331,
          "stop" : 1717150476226,
          "duration" : 10895
        }
      }, {
        "uid" : "930fa504b1839e1",
        "reportUrl" : "https://Nat754.github.io/DealerPassport/5//#testresult/930fa504b1839e1",
        "status" : "passed",
        "time" : {
          "start" : 1717144158310,
          "stop" : 1717144169287,
          "duration" : 10977
        }
      }, {
        "uid" : "64c4bcf7ce987580",
        "reportUrl" : "https://Nat754.github.io/DealerPassport/9//#testresult/64c4bcf7ce987580",
        "status" : "failed",
        "statusDetails" : "AssertionError: Ошибка: ['Произошла ошибка: errors.GRAPHQL_VALIDATION_FAILED\\nПроизошла ошибка: errors.GRAPHQL_VALIDATION_FAILED']\nassert None\n +  where None = <bound method MainPage.check_not_errors of <pages.main_page.MainPage object at 0x7f28277884d0>>()\n +    where <bound method MainPage.check_not_errors of <pages.main_page.MainPage object at 0x7f28277884d0>> = <pages.main_page.MainPage object at 0x7f28277884d0>.check_not_errors",
        "time" : {
          "start" : 1717121333146,
          "stop" : 1717121335905,
          "duration" : 2759
        }
      }, {
        "uid" : "d99c2e2fbed104bf",
        "reportUrl" : "https://Nat754.github.io/DealerPassport/5//#testresult/d99c2e2fbed104bf",
        "status" : "failed",
        "statusDetails" : "AssertionError: Ошибка: ['[Network error]: ServerError: Response not successful: Received status code 400\\nПроизошла ошибка: errors.GRAPHQL_VALIDATION_FAILED\\nПроизошла ошибка: errors.GRAPHQL_VALIDATION_FAILED\\nПроизошла ошибка: errors.GRAPHQL_VALIDATION_FAILED\\nПроизошла ошибка: errors.GRAPHQL_VALIDATION_FAILED\\nПроизошла ошибка: errors.GRAPHQL_VALIDATION_FAILED\\nПроизошла ошибка: errors.GRAPHQL_VALIDATION_FAILED\\nПроизошла ошибка: errors.GRAPHQL_VALIDATION_FAILED']\nassert None\n +  where None = <bound method MainPage.check_not_errors of <pages.main_page.MainPage object at 0x7f6cc7947e00>>()\n +    where <bound method MainPage.check_not_errors of <pages.main_page.MainPage object at 0x7f6cc7947e00>> = <pages.main_page.MainPage object at 0x7f6cc7947e00>.check_not_errors",
        "time" : {
          "start" : 1717080874811,
          "stop" : 1717080878045,
          "duration" : 3234
        }
      }, {
        "uid" : "681954458ae4bdaf",
        "reportUrl" : "https://Nat754.github.io/DealerPassport/4//#testresult/681954458ae4bdaf",
        "status" : "passed",
        "time" : {
          "start" : 1717059474146,
          "stop" : 1717059484965,
          "duration" : 10819
        }
      } ]
    },
    "tags" : [ "smoke_test" ]
  },
  "source" : "bce0f24e9b0f3500.json",
  "parameterValues" : [ "'https://dealer-passport-test.xsfera.ru:3001/staff/'" ]
}