{
  "uid" : "d382c7bd2280dc97",
  "name" : "Проверка корректности перехода по ссылке Редактор СЕО",
  "fullName" : "tests.main_page_test.TestMainPageRegression#test_clickable_and_redirect_button_editor",
  "historyId" : "76de604a0942f1ca43f9688ecff35184",
  "time" : {
    "start" : 1717426604630,
    "stop" : 1717426604630,
    "duration" : 0
  },
  "status" : "broken",
  "statusMessage" : "selenium.common.exceptions.TimeoutException: Message: \nStacktrace:\n#0 0x55a0402f9e8a <unknown>\n#1 0x55a03ffe345c <unknown>\n#2 0x55a04002f5b5 <unknown>\n#3 0x55a04002f671 <unknown>\n#4 0x55a040073f14 <unknown>\n#5 0x55a0400524dd <unknown>\n#6 0x55a0400712cc <unknown>\n#7 0x55a040052253 <unknown>\n#8 0x55a0400221c7 <unknown>\n#9 0x55a040022b3e <unknown>\n#10 0x55a0402c02cb <unknown>\n#11 0x55a0402c4377 <unknown>\n#12 0x55a0402acdfe <unknown>\n#13 0x55a0402c4e42 <unknown>\n#14 0x55a04029179f <unknown>\n#15 0x55a0402e9178 <unknown>\n#16 0x55a0402e934b <unknown>\n#17 0x55a0402f8fbc <unknown>\n#18 0x7fdbc6e94ac3 <unknown>",
  "statusTrace" : "driver = <selenium.webdriver.chrome.webdriver.WebDriver (session=\"1ca051c6fe660c234532cd82be9a0cdf\")>\n\n    @pytest.fixture\n    def auth_user_admin_to_seo_prod(driver):\n        main_page = MainPage(driver)\n        url = Urls.MAIN_URL_SEO_PROD + Urls.AUTH\n        cookies = {'name': 'token', 'value': os.environ[\"SEO_ADMIN\"]}\n        driver.get(url)\n        driver.add_cookie(cookies)\n        driver.get(Urls.MAIN_URL_SEO_PROD)\n>       main_page.check_button_agree().click()\n\ntests/conftest.py:30: \n_ _ _ _ _ _ _ _ _ _ _ _ _ _ _ _ _ _ _ _ _ _ _ _ _ _ _ _ _ _ _ _ _ _ _ _ _ _ _ _ \npages/main_page.py:15: in check_button_agree\n    return self.element_is_visible(self.locator.AGREE_BUTTON)\npages/base_page.py:18: in element_is_visible\n    self.go_to_element(self.element_is_present(locator))\npages/base_page.py:34: in element_is_present\n    return Wait(self.driver, self.timeout).until(ec.presence_of_element_located(locator))\n_ _ _ _ _ _ _ _ _ _ _ _ _ _ _ _ _ _ _ _ _ _ _ _ _ _ _ _ _ _ _ _ _ _ _ _ _ _ _ _ \n\nself = <selenium.webdriver.support.wait.WebDriverWait (session=\"1ca051c6fe660c234532cd82be9a0cdf\")>\nmethod = <function presence_of_element_located.<locals>._predicate at 0x7faf6e9a9e40>\nmessage = ''\n\n    def until(self, method: Callable[[D], Union[Literal[False], T]], message: str = \"\") -> T:\n        \"\"\"Calls the method provided with the driver as an argument until the \\\n        return value does not evaluate to ``False``.\n    \n        :param method: callable(WebDriver)\n        :param message: optional message for :exc:`TimeoutException`\n        :returns: the result of the last call to `method`\n        :raises: :exc:`selenium.common.exceptions.TimeoutException` if timeout occurs\n        \"\"\"\n        screen = None\n        stacktrace = None\n    \n        end_time = time.monotonic() + self._timeout\n        while True:\n            try:\n                value = method(self._driver)\n                if value:\n                    return value\n            except self._ignored_exceptions as exc:\n                screen = getattr(exc, \"screen\", None)\n                stacktrace = getattr(exc, \"stacktrace\", None)\n            time.sleep(self._poll)\n            if time.monotonic() > end_time:\n                break\n>       raise TimeoutException(message, screen, stacktrace)\nE       selenium.common.exceptions.TimeoutException: Message: \nE       Stacktrace:\nE       #0 0x55a0402f9e8a <unknown>\nE       #1 0x55a03ffe345c <unknown>\nE       #2 0x55a04002f5b5 <unknown>\nE       #3 0x55a04002f671 <unknown>\nE       #4 0x55a040073f14 <unknown>\nE       #5 0x55a0400524dd <unknown>\nE       #6 0x55a0400712cc <unknown>\nE       #7 0x55a040052253 <unknown>\nE       #8 0x55a0400221c7 <unknown>\nE       #9 0x55a040022b3e <unknown>\nE       #10 0x55a0402c02cb <unknown>\nE       #11 0x55a0402c4377 <unknown>\nE       #12 0x55a0402acdfe <unknown>\nE       #13 0x55a0402c4e42 <unknown>\nE       #14 0x55a04029179f <unknown>\nE       #15 0x55a0402e9178 <unknown>\nE       #16 0x55a0402e934b <unknown>\nE       #17 0x55a0402f8fbc <unknown>\nE       #18 0x7fdbc6e94ac3 <unknown>\n\n/opt/hostedtoolcache/Python/3.12.3/x64/lib/python3.12/site-packages/selenium/webdriver/support/wait.py:105: TimeoutException",
  "flaky" : false,
  "newFailed" : false,
  "beforeStages" : [ {
    "name" : "auth_user_admin_to_seo_prod",
    "time" : {
      "start" : 1717426604827,
      "stop" : 1717426617571,
      "duration" : 12744
    },
    "status" : "broken",
    "statusMessage" : "selenium.common.exceptions.TimeoutException: Message: \nStacktrace:\n#0 0x55a0402f9e8a <unknown>\n#1 0x55a03ffe345c <unknown>\n#2 0x55a04002f5b5 <unknown>\n#3 0x55a04002f671 <unknown>\n#4 0x55a040073f14 <unknown>\n#5 0x55a0400524dd <unknown>\n#6 0x55a0400712cc <unknown>\n#7 0x55a040052253 <unknown>\n#8 0x55a0400221c7 <unknown>\n#9 0x55a040022b3e <unknown>\n#10 0x55a0402c02cb <unknown>\n#11 0x55a0402c4377 <unknown>\n#12 0x55a0402acdfe <unknown>\n#13 0x55a0402c4e42 <unknown>\n#14 0x55a04029179f <unknown>\n#15 0x55a0402e9178 <unknown>\n#16 0x55a0402e934b <unknown>\n#17 0x55a0402f8fbc <unknown>\n#18 0x7fdbc6e94ac3 <unknown>\n\n",
    "statusTrace" : "  File \"/opt/hostedtoolcache/Python/3.12.3/x64/lib/python3.12/site-packages/pluggy/_callers.py\", line 167, in _multicall\n    teardown.throw(outcome._exception)\n  File \"/opt/hostedtoolcache/Python/3.12.3/x64/lib/python3.12/site-packages/_pytest/setuponly.py\", line 36, in pytest_fixture_setup\n    return (yield)\n            ^^^^^\n  File \"/opt/hostedtoolcache/Python/3.12.3/x64/lib/python3.12/site-packages/pluggy/_callers.py\", line 103, in _multicall\n    res = hook_impl.function(*args)\n          ^^^^^^^^^^^^^^^^^^^^^^^^^\n  File \"/opt/hostedtoolcache/Python/3.12.3/x64/lib/python3.12/site-packages/_pytest/fixtures.py\", line 1140, in pytest_fixture_setup\n    result = call_fixture_func(fixturefunc, request, kwargs)\n             ^^^^^^^^^^^^^^^^^^^^^^^^^^^^^^^^^^^^^^^^^^^^^^^\n  File \"/opt/hostedtoolcache/Python/3.12.3/x64/lib/python3.12/site-packages/_pytest/fixtures.py\", line 917, in call_fixture_func\n    fixture_result = fixturefunc(**kwargs)\n                     ^^^^^^^^^^^^^^^^^^^^^\n  File \"/home/runner/work/DealerPassport/DealerPassport/tests/conftest.py\", line 30, in auth_user_admin_to_seo_prod\n    main_page.check_button_agree().click()\n    ^^^^^^^^^^^^^^^^^^^^^^^^^^^^^^\n  File \"/opt/hostedtoolcache/Python/3.12.3/x64/lib/python3.12/site-packages/allure_commons/_allure.py\", line 192, in impl\n    return func(*a, **kw)\n           ^^^^^^^^^^^^^^\n  File \"/home/runner/work/DealerPassport/DealerPassport/pages/main_page.py\", line 15, in check_button_agree\n    return self.element_is_visible(self.locator.AGREE_BUTTON)\n           ^^^^^^^^^^^^^^^^^^^^^^^^^^^^^^^^^^^^^^^^^^^^^^^^^^\n  File \"/home/runner/work/DealerPassport/DealerPassport/pages/base_page.py\", line 18, in element_is_visible\n    self.go_to_element(self.element_is_present(locator))\n                       ^^^^^^^^^^^^^^^^^^^^^^^^^^^^^^^^\n  File \"/home/runner/work/DealerPassport/DealerPassport/pages/base_page.py\", line 34, in element_is_present\n    return Wait(self.driver, self.timeout).until(ec.presence_of_element_located(locator))\n           ^^^^^^^^^^^^^^^^^^^^^^^^^^^^^^^^^^^^^^^^^^^^^^^^^^^^^^^^^^^^^^^^^^^^^^^^^^^^^^\n  File \"/opt/hostedtoolcache/Python/3.12.3/x64/lib/python3.12/site-packages/selenium/webdriver/support/wait.py\", line 105, in until\n    raise TimeoutException(message, screen, stacktrace)\n",
    "steps" : [ {
      "name" : "Проверка видимости кнопки '('xpath', '//span[text()=\"Согласен\"]')' на главной странице",
      "time" : {
        "start" : 1717426607342,
        "stop" : 1717426617571,
        "duration" : 10229
      },
      "status" : "broken",
      "statusMessage" : "selenium.common.exceptions.TimeoutException: Message: \nStacktrace:\n#0 0x55a0402f9e8a <unknown>\n#1 0x55a03ffe345c <unknown>\n#2 0x55a04002f5b5 <unknown>\n#3 0x55a04002f671 <unknown>\n#4 0x55a040073f14 <unknown>\n#5 0x55a0400524dd <unknown>\n#6 0x55a0400712cc <unknown>\n#7 0x55a040052253 <unknown>\n#8 0x55a0400221c7 <unknown>\n#9 0x55a040022b3e <unknown>\n#10 0x55a0402c02cb <unknown>\n#11 0x55a0402c4377 <unknown>\n#12 0x55a0402acdfe <unknown>\n#13 0x55a0402c4e42 <unknown>\n#14 0x55a04029179f <unknown>\n#15 0x55a0402e9178 <unknown>\n#16 0x55a0402e934b <unknown>\n#17 0x55a0402f8fbc <unknown>\n#18 0x7fdbc6e94ac3 <unknown>\n\n",
      "statusTrace" : "  File \"/opt/hostedtoolcache/Python/3.12.3/x64/lib/python3.12/site-packages/allure_commons/_allure.py\", line 192, in impl\n    return func(*a, **kw)\n           ^^^^^^^^^^^^^^\n  File \"/home/runner/work/DealerPassport/DealerPassport/pages/main_page.py\", line 15, in check_button_agree\n    return self.element_is_visible(self.locator.AGREE_BUTTON)\n           ^^^^^^^^^^^^^^^^^^^^^^^^^^^^^^^^^^^^^^^^^^^^^^^^^^\n  File \"/home/runner/work/DealerPassport/DealerPassport/pages/base_page.py\", line 18, in element_is_visible\n    self.go_to_element(self.element_is_present(locator))\n                       ^^^^^^^^^^^^^^^^^^^^^^^^^^^^^^^^\n  File \"/home/runner/work/DealerPassport/DealerPassport/pages/base_page.py\", line 34, in element_is_present\n    return Wait(self.driver, self.timeout).until(ec.presence_of_element_located(locator))\n           ^^^^^^^^^^^^^^^^^^^^^^^^^^^^^^^^^^^^^^^^^^^^^^^^^^^^^^^^^^^^^^^^^^^^^^^^^^^^^^\n  File \"/opt/hostedtoolcache/Python/3.12.3/x64/lib/python3.12/site-packages/selenium/webdriver/support/wait.py\", line 105, in until\n    raise TimeoutException(message, screen, stacktrace)\n",
      "steps" : [ ],
      "attachments" : [ ],
      "parameters" : [ ],
      "shouldDisplayMessage" : true,
      "hasContent" : true,
      "stepsCount" : 0,
      "attachmentsCount" : 0
    } ],
    "attachments" : [ ],
    "parameters" : [ ],
    "shouldDisplayMessage" : false,
    "hasContent" : true,
    "stepsCount" : 1,
    "attachmentsCount" : 0
  }, {
    "name" : "clear_allure_results_folder",
    "time" : {
      "start" : 1717425962338,
      "stop" : 1717425962338,
      "duration" : 0
    },
    "status" : "passed",
    "steps" : [ ],
    "attachments" : [ ],
    "parameters" : [ ],
    "shouldDisplayMessage" : false,
    "hasContent" : false,
    "stepsCount" : 0,
    "attachmentsCount" : 0
  }, {
    "name" : "driver",
    "time" : {
      "start" : 1717426604630,
      "stop" : 1717426604827,
      "duration" : 197
    },
    "status" : "passed",
    "steps" : [ ],
    "attachments" : [ ],
    "parameters" : [ ],
    "shouldDisplayMessage" : false,
    "hasContent" : false,
    "stepsCount" : 0,
    "attachmentsCount" : 0
  } ],
  "afterStages" : [ {
    "name" : "driver::0",
    "time" : {
      "start" : 1717426617585,
      "stop" : 1717426617644,
      "duration" : 59
    },
    "status" : "passed",
    "steps" : [ ],
    "attachments" : [ ],
    "parameters" : [ ],
    "shouldDisplayMessage" : false,
    "hasContent" : false,
    "stepsCount" : 0,
    "attachmentsCount" : 0
  } ],
  "labels" : [ {
    "name" : "epic",
    "value" : "Test Main Page regression_test"
  }, {
    "name" : "tag",
    "value" : "regression_test"
  }, {
    "name" : "parentSuite",
    "value" : "tests"
  }, {
    "name" : "suite",
    "value" : "main_page_test"
  }, {
    "name" : "subSuite",
    "value" : "TestMainPageRegression"
  }, {
    "name" : "host",
    "value" : "fv-az1153-519"
  }, {
    "name" : "thread",
    "value" : "2225-MainThread"
  }, {
    "name" : "framework",
    "value" : "pytest"
  }, {
    "name" : "language",
    "value" : "cpython3"
  }, {
    "name" : "package",
    "value" : "tests.main_page_test"
  }, {
    "name" : "resultFormat",
    "value" : "allure2"
  } ],
  "parameters" : [ ],
  "links" : [ ],
  "hidden" : false,
  "retry" : false,
  "extra" : {
    "severity" : "normal",
    "retries" : [ ],
    "categories" : [ {
      "name" : "Test defects",
      "matchedStatuses" : [ ],
      "flaky" : false
    } ],
    "history" : {
      "statistic" : {
        "failed" : 0,
        "broken" : 1,
        "skipped" : 0,
        "passed" : 8,
        "unknown" : 0,
        "total" : 9
      },
      "items" : [ {
        "uid" : "76c2955ef051b5b",
        "reportUrl" : "https://Nat754.github.io/DealerPassport/12//#testresult/76c2955ef051b5b",
        "status" : "passed",
        "time" : {
          "start" : 1717380785078,
          "stop" : 1717380787144,
          "duration" : 2066
        }
      }, {
        "uid" : "924525a22d491b92",
        "reportUrl" : "https://Nat754.github.io/DealerPassport/11//#testresult/924525a22d491b92",
        "status" : "passed",
        "time" : {
          "start" : 1717294491285,
          "stop" : 1717294493357,
          "duration" : 2072
        }
      }, {
        "uid" : "d33a77e5245d53bb",
        "reportUrl" : "https://Nat754.github.io/DealerPassport/10//#testresult/d33a77e5245d53bb",
        "status" : "passed",
        "time" : {
          "start" : 1717208093103,
          "stop" : 1717208095168,
          "duration" : 2065
        }
      }, {
        "uid" : "c226a24e6dba8fb8",
        "reportUrl" : "https://Nat754.github.io/DealerPassport/5//#testresult/c226a24e6dba8fb8",
        "status" : "passed",
        "time" : {
          "start" : 1717150741433,
          "stop" : 1717150743509,
          "duration" : 2076
        }
      }, {
        "uid" : "cc3bcc3d752d9bf6",
        "reportUrl" : "https://Nat754.github.io/DealerPassport/5//#testresult/cc3bcc3d752d9bf6",
        "status" : "passed",
        "time" : {
          "start" : 1717144460823,
          "stop" : 1717144462886,
          "duration" : 2063
        }
      }, {
        "uid" : "8c1f1294793b1b26",
        "reportUrl" : "https://Nat754.github.io/DealerPassport/9//#testresult/8c1f1294793b1b26",
        "status" : "passed",
        "time" : {
          "start" : 1717121590102,
          "stop" : 1717121592172,
          "duration" : 2070
        }
      }, {
        "uid" : "f068c01ad69e2ee4",
        "reportUrl" : "https://Nat754.github.io/DealerPassport/5//#testresult/f068c01ad69e2ee4",
        "status" : "passed",
        "time" : {
          "start" : 1717081156718,
          "stop" : 1717081158784,
          "duration" : 2066
        }
      }, {
        "uid" : "a455f0c4fe043f90",
        "reportUrl" : "https://Nat754.github.io/DealerPassport/4//#testresult/a455f0c4fe043f90",
        "status" : "passed",
        "time" : {
          "start" : 1717059757114,
          "stop" : 1717059759177,
          "duration" : 2063
        }
      } ]
    },
    "tags" : [ "regression_test" ]
  },
  "source" : "d382c7bd2280dc97.json",
  "parameterValues" : [ ]
}