{
  "uid" : "d5aa941cab1ed133",
  "name" : "test_open_seo_prod[https://dealer-passport-test.xsfera.ru:3001/indicators/]",
  "fullName" : "tests.main_page_test.TestMainPageSmoke#test_open_seo_prod",
  "historyId" : "5be2cd75e1b574cb584520c096389008",
  "time" : {
    "start" : 1717426368803,
    "stop" : 1717426368803,
    "duration" : 0
  },
  "status" : "broken",
  "statusMessage" : "selenium.common.exceptions.TimeoutException: Message: \nStacktrace:\n#0 0x55c75f68ee8a <unknown>\n#1 0x55c75f37845c <unknown>\n#2 0x55c75f3c45b5 <unknown>\n#3 0x55c75f3c4671 <unknown>\n#4 0x55c75f408f14 <unknown>\n#5 0x55c75f3e74dd <unknown>\n#6 0x55c75f4062cc <unknown>\n#7 0x55c75f3e7253 <unknown>\n#8 0x55c75f3b71c7 <unknown>\n#9 0x55c75f3b7b3e <unknown>\n#10 0x55c75f6552cb <unknown>\n#11 0x55c75f659377 <unknown>\n#12 0x55c75f641dfe <unknown>\n#13 0x55c75f659e42 <unknown>\n#14 0x55c75f62679f <unknown>\n#15 0x55c75f67e178 <unknown>\n#16 0x55c75f67e34b <unknown>\n#17 0x55c75f68dfbc <unknown>\n#18 0x7fc9b7094ac3 <unknown>",
  "statusTrace" : "driver = <selenium.webdriver.chrome.webdriver.WebDriver (session=\"43ff78b8b62e973b439ecc404007be0d\")>\n\n    @pytest.fixture\n    def auth_user_admin_to_seo_prod(driver):\n        main_page = MainPage(driver)\n        url = Urls.MAIN_URL_SEO_PROD + Urls.AUTH\n        cookies = {'name': 'token', 'value': os.environ[\"SEO_ADMIN\"]}\n        driver.get(url)\n        driver.add_cookie(cookies)\n        driver.get(Urls.MAIN_URL_SEO_PROD)\n>       main_page.check_button_agree().click()\n\ntests/conftest.py:30: \n_ _ _ _ _ _ _ _ _ _ _ _ _ _ _ _ _ _ _ _ _ _ _ _ _ _ _ _ _ _ _ _ _ _ _ _ _ _ _ _ \npages/main_page.py:15: in check_button_agree\n    return self.element_is_visible(self.locator.AGREE_BUTTON)\npages/base_page.py:18: in element_is_visible\n    self.go_to_element(self.element_is_present(locator))\npages/base_page.py:34: in element_is_present\n    return Wait(self.driver, self.timeout).until(ec.presence_of_element_located(locator))\n_ _ _ _ _ _ _ _ _ _ _ _ _ _ _ _ _ _ _ _ _ _ _ _ _ _ _ _ _ _ _ _ _ _ _ _ _ _ _ _ \n\nself = <selenium.webdriver.support.wait.WebDriverWait (session=\"43ff78b8b62e973b439ecc404007be0d\")>\nmethod = <function presence_of_element_located.<locals>._predicate at 0x7faf6eae2fc0>\nmessage = ''\n\n    def until(self, method: Callable[[D], Union[Literal[False], T]], message: str = \"\") -> T:\n        \"\"\"Calls the method provided with the driver as an argument until the \\\n        return value does not evaluate to ``False``.\n    \n        :param method: callable(WebDriver)\n        :param message: optional message for :exc:`TimeoutException`\n        :returns: the result of the last call to `method`\n        :raises: :exc:`selenium.common.exceptions.TimeoutException` if timeout occurs\n        \"\"\"\n        screen = None\n        stacktrace = None\n    \n        end_time = time.monotonic() + self._timeout\n        while True:\n            try:\n                value = method(self._driver)\n                if value:\n                    return value\n            except self._ignored_exceptions as exc:\n                screen = getattr(exc, \"screen\", None)\n                stacktrace = getattr(exc, \"stacktrace\", None)\n            time.sleep(self._poll)\n            if time.monotonic() > end_time:\n                break\n>       raise TimeoutException(message, screen, stacktrace)\nE       selenium.common.exceptions.TimeoutException: Message: \nE       Stacktrace:\nE       #0 0x55c75f68ee8a <unknown>\nE       #1 0x55c75f37845c <unknown>\nE       #2 0x55c75f3c45b5 <unknown>\nE       #3 0x55c75f3c4671 <unknown>\nE       #4 0x55c75f408f14 <unknown>\nE       #5 0x55c75f3e74dd <unknown>\nE       #6 0x55c75f4062cc <unknown>\nE       #7 0x55c75f3e7253 <unknown>\nE       #8 0x55c75f3b71c7 <unknown>\nE       #9 0x55c75f3b7b3e <unknown>\nE       #10 0x55c75f6552cb <unknown>\nE       #11 0x55c75f659377 <unknown>\nE       #12 0x55c75f641dfe <unknown>\nE       #13 0x55c75f659e42 <unknown>\nE       #14 0x55c75f62679f <unknown>\nE       #15 0x55c75f67e178 <unknown>\nE       #16 0x55c75f67e34b <unknown>\nE       #17 0x55c75f68dfbc <unknown>\nE       #18 0x7fc9b7094ac3 <unknown>\n\n/opt/hostedtoolcache/Python/3.12.3/x64/lib/python3.12/site-packages/selenium/webdriver/support/wait.py:105: TimeoutException",
  "flaky" : false,
  "newFailed" : false,
  "beforeStages" : [ {
    "name" : "driver",
    "time" : {
      "start" : 1717426368803,
      "stop" : 1717426369000,
      "duration" : 197
    },
    "status" : "passed",
    "steps" : [ ],
    "attachments" : [ ],
    "parameters" : [ ],
    "shouldDisplayMessage" : false,
    "hasContent" : false,
    "stepsCount" : 0,
    "attachmentsCount" : 0
  }, {
    "name" : "auth_user_admin_to_seo_prod",
    "time" : {
      "start" : 1717426369000,
      "stop" : 1717426381641,
      "duration" : 12641
    },
    "status" : "broken",
    "statusMessage" : "selenium.common.exceptions.TimeoutException: Message: \nStacktrace:\n#0 0x55c75f68ee8a <unknown>\n#1 0x55c75f37845c <unknown>\n#2 0x55c75f3c45b5 <unknown>\n#3 0x55c75f3c4671 <unknown>\n#4 0x55c75f408f14 <unknown>\n#5 0x55c75f3e74dd <unknown>\n#6 0x55c75f4062cc <unknown>\n#7 0x55c75f3e7253 <unknown>\n#8 0x55c75f3b71c7 <unknown>\n#9 0x55c75f3b7b3e <unknown>\n#10 0x55c75f6552cb <unknown>\n#11 0x55c75f659377 <unknown>\n#12 0x55c75f641dfe <unknown>\n#13 0x55c75f659e42 <unknown>\n#14 0x55c75f62679f <unknown>\n#15 0x55c75f67e178 <unknown>\n#16 0x55c75f67e34b <unknown>\n#17 0x55c75f68dfbc <unknown>\n#18 0x7fc9b7094ac3 <unknown>\n\n",
    "statusTrace" : "  File \"/opt/hostedtoolcache/Python/3.12.3/x64/lib/python3.12/site-packages/pluggy/_callers.py\", line 167, in _multicall\n    teardown.throw(outcome._exception)\n  File \"/opt/hostedtoolcache/Python/3.12.3/x64/lib/python3.12/site-packages/_pytest/setuponly.py\", line 36, in pytest_fixture_setup\n    return (yield)\n            ^^^^^\n  File \"/opt/hostedtoolcache/Python/3.12.3/x64/lib/python3.12/site-packages/pluggy/_callers.py\", line 103, in _multicall\n    res = hook_impl.function(*args)\n          ^^^^^^^^^^^^^^^^^^^^^^^^^\n  File \"/opt/hostedtoolcache/Python/3.12.3/x64/lib/python3.12/site-packages/_pytest/fixtures.py\", line 1140, in pytest_fixture_setup\n    result = call_fixture_func(fixturefunc, request, kwargs)\n             ^^^^^^^^^^^^^^^^^^^^^^^^^^^^^^^^^^^^^^^^^^^^^^^\n  File \"/opt/hostedtoolcache/Python/3.12.3/x64/lib/python3.12/site-packages/_pytest/fixtures.py\", line 917, in call_fixture_func\n    fixture_result = fixturefunc(**kwargs)\n                     ^^^^^^^^^^^^^^^^^^^^^\n  File \"/home/runner/work/DealerPassport/DealerPassport/tests/conftest.py\", line 30, in auth_user_admin_to_seo_prod\n    main_page.check_button_agree().click()\n    ^^^^^^^^^^^^^^^^^^^^^^^^^^^^^^\n  File \"/opt/hostedtoolcache/Python/3.12.3/x64/lib/python3.12/site-packages/allure_commons/_allure.py\", line 192, in impl\n    return func(*a, **kw)\n           ^^^^^^^^^^^^^^\n  File \"/home/runner/work/DealerPassport/DealerPassport/pages/main_page.py\", line 15, in check_button_agree\n    return self.element_is_visible(self.locator.AGREE_BUTTON)\n           ^^^^^^^^^^^^^^^^^^^^^^^^^^^^^^^^^^^^^^^^^^^^^^^^^^\n  File \"/home/runner/work/DealerPassport/DealerPassport/pages/base_page.py\", line 18, in element_is_visible\n    self.go_to_element(self.element_is_present(locator))\n                       ^^^^^^^^^^^^^^^^^^^^^^^^^^^^^^^^\n  File \"/home/runner/work/DealerPassport/DealerPassport/pages/base_page.py\", line 34, in element_is_present\n    return Wait(self.driver, self.timeout).until(ec.presence_of_element_located(locator))\n           ^^^^^^^^^^^^^^^^^^^^^^^^^^^^^^^^^^^^^^^^^^^^^^^^^^^^^^^^^^^^^^^^^^^^^^^^^^^^^^\n  File \"/opt/hostedtoolcache/Python/3.12.3/x64/lib/python3.12/site-packages/selenium/webdriver/support/wait.py\", line 105, in until\n    raise TimeoutException(message, screen, stacktrace)\n",
    "steps" : [ {
      "name" : "Проверка видимости кнопки '('xpath', '//span[text()=\"Согласен\"]')' на главной странице",
      "time" : {
        "start" : 1717426371414,
        "stop" : 1717426381641,
        "duration" : 10227
      },
      "status" : "broken",
      "statusMessage" : "selenium.common.exceptions.TimeoutException: Message: \nStacktrace:\n#0 0x55c75f68ee8a <unknown>\n#1 0x55c75f37845c <unknown>\n#2 0x55c75f3c45b5 <unknown>\n#3 0x55c75f3c4671 <unknown>\n#4 0x55c75f408f14 <unknown>\n#5 0x55c75f3e74dd <unknown>\n#6 0x55c75f4062cc <unknown>\n#7 0x55c75f3e7253 <unknown>\n#8 0x55c75f3b71c7 <unknown>\n#9 0x55c75f3b7b3e <unknown>\n#10 0x55c75f6552cb <unknown>\n#11 0x55c75f659377 <unknown>\n#12 0x55c75f641dfe <unknown>\n#13 0x55c75f659e42 <unknown>\n#14 0x55c75f62679f <unknown>\n#15 0x55c75f67e178 <unknown>\n#16 0x55c75f67e34b <unknown>\n#17 0x55c75f68dfbc <unknown>\n#18 0x7fc9b7094ac3 <unknown>\n\n",
      "statusTrace" : "  File \"/opt/hostedtoolcache/Python/3.12.3/x64/lib/python3.12/site-packages/allure_commons/_allure.py\", line 192, in impl\n    return func(*a, **kw)\n           ^^^^^^^^^^^^^^\n  File \"/home/runner/work/DealerPassport/DealerPassport/pages/main_page.py\", line 15, in check_button_agree\n    return self.element_is_visible(self.locator.AGREE_BUTTON)\n           ^^^^^^^^^^^^^^^^^^^^^^^^^^^^^^^^^^^^^^^^^^^^^^^^^^\n  File \"/home/runner/work/DealerPassport/DealerPassport/pages/base_page.py\", line 18, in element_is_visible\n    self.go_to_element(self.element_is_present(locator))\n                       ^^^^^^^^^^^^^^^^^^^^^^^^^^^^^^^^\n  File \"/home/runner/work/DealerPassport/DealerPassport/pages/base_page.py\", line 34, in element_is_present\n    return Wait(self.driver, self.timeout).until(ec.presence_of_element_located(locator))\n           ^^^^^^^^^^^^^^^^^^^^^^^^^^^^^^^^^^^^^^^^^^^^^^^^^^^^^^^^^^^^^^^^^^^^^^^^^^^^^^\n  File \"/opt/hostedtoolcache/Python/3.12.3/x64/lib/python3.12/site-packages/selenium/webdriver/support/wait.py\", line 105, in until\n    raise TimeoutException(message, screen, stacktrace)\n",
      "steps" : [ ],
      "attachments" : [ ],
      "parameters" : [ ],
      "shouldDisplayMessage" : true,
      "hasContent" : true,
      "stepsCount" : 0,
      "attachmentsCount" : 0
    } ],
    "attachments" : [ ],
    "parameters" : [ ],
    "shouldDisplayMessage" : false,
    "hasContent" : true,
    "stepsCount" : 1,
    "attachmentsCount" : 0
  }, {
    "name" : "clear_allure_results_folder",
    "time" : {
      "start" : 1717425962338,
      "stop" : 1717425962338,
      "duration" : 0
    },
    "status" : "passed",
    "steps" : [ ],
    "attachments" : [ ],
    "parameters" : [ ],
    "shouldDisplayMessage" : false,
    "hasContent" : false,
    "stepsCount" : 0,
    "attachmentsCount" : 0
  } ],
  "afterStages" : [ {
    "name" : "driver::0",
    "time" : {
      "start" : 1717426381655,
      "stop" : 1717426381714,
      "duration" : 59
    },
    "status" : "passed",
    "steps" : [ ],
    "attachments" : [ ],
    "parameters" : [ ],
    "shouldDisplayMessage" : false,
    "hasContent" : false,
    "stepsCount" : 0,
    "attachmentsCount" : 0
  } ],
  "labels" : [ {
    "name" : "epic",
    "value" : "Test Main Page smoke_test"
  }, {
    "name" : "tag",
    "value" : "smoke_test"
  }, {
    "name" : "parentSuite",
    "value" : "tests"
  }, {
    "name" : "suite",
    "value" : "main_page_test"
  }, {
    "name" : "subSuite",
    "value" : "TestMainPageSmoke"
  }, {
    "name" : "host",
    "value" : "fv-az1153-519"
  }, {
    "name" : "thread",
    "value" : "2225-MainThread"
  }, {
    "name" : "framework",
    "value" : "pytest"
  }, {
    "name" : "language",
    "value" : "cpython3"
  }, {
    "name" : "package",
    "value" : "tests.main_page_test"
  }, {
    "name" : "resultFormat",
    "value" : "allure2"
  } ],
  "parameters" : [ {
    "name" : "url",
    "value" : "'https://dealer-passport-test.xsfera.ru:3001/indicators/'"
  } ],
  "links" : [ ],
  "hidden" : false,
  "retry" : false,
  "extra" : {
    "severity" : "normal",
    "retries" : [ ],
    "categories" : [ {
      "name" : "Test defects",
      "matchedStatuses" : [ ],
      "flaky" : false
    } ],
    "history" : {
      "statistic" : {
        "failed" : 0,
        "broken" : 1,
        "skipped" : 0,
        "passed" : 8,
        "unknown" : 0,
        "total" : 9
      },
      "items" : [ {
        "uid" : "ca960c300581b765",
        "reportUrl" : "https://Nat754.github.io/DealerPassport/12//#testresult/ca960c300581b765",
        "status" : "passed",
        "time" : {
          "start" : 1717380543998,
          "stop" : 1717380554891,
          "duration" : 10893
        }
      }, {
        "uid" : "58b9cfa117975b4c",
        "reportUrl" : "https://Nat754.github.io/DealerPassport/11//#testresult/58b9cfa117975b4c",
        "status" : "passed",
        "time" : {
          "start" : 1717294251884,
          "stop" : 1717294262752,
          "duration" : 10868
        }
      }, {
        "uid" : "78918351f8f18f62",
        "reportUrl" : "https://Nat754.github.io/DealerPassport/10//#testresult/78918351f8f18f62",
        "status" : "passed",
        "time" : {
          "start" : 1717207838176,
          "stop" : 1717207849080,
          "duration" : 10904
        }
      }, {
        "uid" : "c444f89f8e129336",
        "reportUrl" : "https://Nat754.github.io/DealerPassport/5//#testresult/c444f89f8e129336",
        "status" : "passed",
        "time" : {
          "start" : 1717150505883,
          "stop" : 1717150516706,
          "duration" : 10823
        }
      }, {
        "uid" : "3f39be9f58f9b249",
        "reportUrl" : "https://Nat754.github.io/DealerPassport/5//#testresult/3f39be9f58f9b249",
        "status" : "passed",
        "time" : {
          "start" : 1717144202935,
          "stop" : 1717144213913,
          "duration" : 10978
        }
      }, {
        "uid" : "2f2fd6ebc37bc70",
        "reportUrl" : "https://Nat754.github.io/DealerPassport/9//#testresult/2f2fd6ebc37bc70",
        "status" : "passed",
        "time" : {
          "start" : 1717121353848,
          "stop" : 1717121364718,
          "duration" : 10870
        }
      }, {
        "uid" : "11f11ab1a1b221b",
        "reportUrl" : "https://Nat754.github.io/DealerPassport/5//#testresult/11f11ab1a1b221b",
        "status" : "passed",
        "time" : {
          "start" : 1717080904925,
          "stop" : 1717080916327,
          "duration" : 11402
        }
      }, {
        "uid" : "10517b459bd30abf",
        "reportUrl" : "https://Nat754.github.io/DealerPassport/4//#testresult/10517b459bd30abf",
        "status" : "passed",
        "time" : {
          "start" : 1717059515841,
          "stop" : 1717059526659,
          "duration" : 10818
        }
      } ]
    },
    "tags" : [ "smoke_test" ]
  },
  "source" : "d5aa941cab1ed133.json",
  "parameterValues" : [ "'https://dealer-passport-test.xsfera.ru:3001/indicators/'" ]
}