{
  "uid" : "d8db223117aa99bf",
  "name" : "test_open_seo_prod[https://dealer-passport-test.xsfera.ru:3001/users/]",
  "fullName" : "tests.main_page_test.TestMainPageSmoke#test_open_seo_prod",
  "historyId" : "198218dbfaee8beb3d9c9e4f9ab70b7a",
  "time" : {
    "start" : 1717426355862,
    "stop" : 1717426355862,
    "duration" : 0
  },
  "status" : "broken",
  "statusMessage" : "selenium.common.exceptions.TimeoutException: Message: \nStacktrace:\n#0 0x55b2db9afe8a <unknown>\n#1 0x55b2db69945c <unknown>\n#2 0x55b2db6e55b5 <unknown>\n#3 0x55b2db6e5671 <unknown>\n#4 0x55b2db729f14 <unknown>\n#5 0x55b2db7084dd <unknown>\n#6 0x55b2db7272cc <unknown>\n#7 0x55b2db708253 <unknown>\n#8 0x55b2db6d81c7 <unknown>\n#9 0x55b2db6d8b3e <unknown>\n#10 0x55b2db9762cb <unknown>\n#11 0x55b2db97a377 <unknown>\n#12 0x55b2db962dfe <unknown>\n#13 0x55b2db97ae42 <unknown>\n#14 0x55b2db94779f <unknown>\n#15 0x55b2db99f178 <unknown>\n#16 0x55b2db99f34b <unknown>\n#17 0x55b2db9aefbc <unknown>\n#18 0x7fc379494ac3 <unknown>",
  "statusTrace" : "driver = <selenium.webdriver.chrome.webdriver.WebDriver (session=\"056e25b58b4643070d1c40ce1b28ecdb\")>\n\n    @pytest.fixture\n    def auth_user_admin_to_seo_prod(driver):\n        main_page = MainPage(driver)\n        url = Urls.MAIN_URL_SEO_PROD + Urls.AUTH\n        cookies = {'name': 'token', 'value': os.environ[\"SEO_ADMIN\"]}\n        driver.get(url)\n        driver.add_cookie(cookies)\n        driver.get(Urls.MAIN_URL_SEO_PROD)\n>       main_page.check_button_agree().click()\n\ntests/conftest.py:30: \n_ _ _ _ _ _ _ _ _ _ _ _ _ _ _ _ _ _ _ _ _ _ _ _ _ _ _ _ _ _ _ _ _ _ _ _ _ _ _ _ \npages/main_page.py:15: in check_button_agree\n    return self.element_is_visible(self.locator.AGREE_BUTTON)\npages/base_page.py:18: in element_is_visible\n    self.go_to_element(self.element_is_present(locator))\npages/base_page.py:34: in element_is_present\n    return Wait(self.driver, self.timeout).until(ec.presence_of_element_located(locator))\n_ _ _ _ _ _ _ _ _ _ _ _ _ _ _ _ _ _ _ _ _ _ _ _ _ _ _ _ _ _ _ _ _ _ _ _ _ _ _ _ \n\nself = <selenium.webdriver.support.wait.WebDriverWait (session=\"056e25b58b4643070d1c40ce1b28ecdb\")>\nmethod = <function presence_of_element_located.<locals>._predicate at 0x7faf6eae1da0>\nmessage = ''\n\n    def until(self, method: Callable[[D], Union[Literal[False], T]], message: str = \"\") -> T:\n        \"\"\"Calls the method provided with the driver as an argument until the \\\n        return value does not evaluate to ``False``.\n    \n        :param method: callable(WebDriver)\n        :param message: optional message for :exc:`TimeoutException`\n        :returns: the result of the last call to `method`\n        :raises: :exc:`selenium.common.exceptions.TimeoutException` if timeout occurs\n        \"\"\"\n        screen = None\n        stacktrace = None\n    \n        end_time = time.monotonic() + self._timeout\n        while True:\n            try:\n                value = method(self._driver)\n                if value:\n                    return value\n            except self._ignored_exceptions as exc:\n                screen = getattr(exc, \"screen\", None)\n                stacktrace = getattr(exc, \"stacktrace\", None)\n            time.sleep(self._poll)\n            if time.monotonic() > end_time:\n                break\n>       raise TimeoutException(message, screen, stacktrace)\nE       selenium.common.exceptions.TimeoutException: Message: \nE       Stacktrace:\nE       #0 0x55b2db9afe8a <unknown>\nE       #1 0x55b2db69945c <unknown>\nE       #2 0x55b2db6e55b5 <unknown>\nE       #3 0x55b2db6e5671 <unknown>\nE       #4 0x55b2db729f14 <unknown>\nE       #5 0x55b2db7084dd <unknown>\nE       #6 0x55b2db7272cc <unknown>\nE       #7 0x55b2db708253 <unknown>\nE       #8 0x55b2db6d81c7 <unknown>\nE       #9 0x55b2db6d8b3e <unknown>\nE       #10 0x55b2db9762cb <unknown>\nE       #11 0x55b2db97a377 <unknown>\nE       #12 0x55b2db962dfe <unknown>\nE       #13 0x55b2db97ae42 <unknown>\nE       #14 0x55b2db94779f <unknown>\nE       #15 0x55b2db99f178 <unknown>\nE       #16 0x55b2db99f34b <unknown>\nE       #17 0x55b2db9aefbc <unknown>\nE       #18 0x7fc379494ac3 <unknown>\n\n/opt/hostedtoolcache/Python/3.12.3/x64/lib/python3.12/site-packages/selenium/webdriver/support/wait.py:105: TimeoutException",
  "flaky" : false,
  "newFailed" : false,
  "beforeStages" : [ {
    "name" : "driver",
    "time" : {
      "start" : 1717426355863,
      "stop" : 1717426356059,
      "duration" : 196
    },
    "status" : "passed",
    "steps" : [ ],
    "attachments" : [ ],
    "parameters" : [ ],
    "shouldDisplayMessage" : false,
    "hasContent" : false,
    "stepsCount" : 0,
    "attachmentsCount" : 0
  }, {
    "name" : "auth_user_admin_to_seo_prod",
    "time" : {
      "start" : 1717426356059,
      "stop" : 1717426368729,
      "duration" : 12670
    },
    "status" : "broken",
    "statusMessage" : "selenium.common.exceptions.TimeoutException: Message: \nStacktrace:\n#0 0x55b2db9afe8a <unknown>\n#1 0x55b2db69945c <unknown>\n#2 0x55b2db6e55b5 <unknown>\n#3 0x55b2db6e5671 <unknown>\n#4 0x55b2db729f14 <unknown>\n#5 0x55b2db7084dd <unknown>\n#6 0x55b2db7272cc <unknown>\n#7 0x55b2db708253 <unknown>\n#8 0x55b2db6d81c7 <unknown>\n#9 0x55b2db6d8b3e <unknown>\n#10 0x55b2db9762cb <unknown>\n#11 0x55b2db97a377 <unknown>\n#12 0x55b2db962dfe <unknown>\n#13 0x55b2db97ae42 <unknown>\n#14 0x55b2db94779f <unknown>\n#15 0x55b2db99f178 <unknown>\n#16 0x55b2db99f34b <unknown>\n#17 0x55b2db9aefbc <unknown>\n#18 0x7fc379494ac3 <unknown>\n\n",
    "statusTrace" : "  File \"/opt/hostedtoolcache/Python/3.12.3/x64/lib/python3.12/site-packages/pluggy/_callers.py\", line 167, in _multicall\n    teardown.throw(outcome._exception)\n  File \"/opt/hostedtoolcache/Python/3.12.3/x64/lib/python3.12/site-packages/_pytest/setuponly.py\", line 36, in pytest_fixture_setup\n    return (yield)\n            ^^^^^\n  File \"/opt/hostedtoolcache/Python/3.12.3/x64/lib/python3.12/site-packages/pluggy/_callers.py\", line 103, in _multicall\n    res = hook_impl.function(*args)\n          ^^^^^^^^^^^^^^^^^^^^^^^^^\n  File \"/opt/hostedtoolcache/Python/3.12.3/x64/lib/python3.12/site-packages/_pytest/fixtures.py\", line 1140, in pytest_fixture_setup\n    result = call_fixture_func(fixturefunc, request, kwargs)\n             ^^^^^^^^^^^^^^^^^^^^^^^^^^^^^^^^^^^^^^^^^^^^^^^\n  File \"/opt/hostedtoolcache/Python/3.12.3/x64/lib/python3.12/site-packages/_pytest/fixtures.py\", line 917, in call_fixture_func\n    fixture_result = fixturefunc(**kwargs)\n                     ^^^^^^^^^^^^^^^^^^^^^\n  File \"/home/runner/work/DealerPassport/DealerPassport/tests/conftest.py\", line 30, in auth_user_admin_to_seo_prod\n    main_page.check_button_agree().click()\n    ^^^^^^^^^^^^^^^^^^^^^^^^^^^^^^\n  File \"/opt/hostedtoolcache/Python/3.12.3/x64/lib/python3.12/site-packages/allure_commons/_allure.py\", line 192, in impl\n    return func(*a, **kw)\n           ^^^^^^^^^^^^^^\n  File \"/home/runner/work/DealerPassport/DealerPassport/pages/main_page.py\", line 15, in check_button_agree\n    return self.element_is_visible(self.locator.AGREE_BUTTON)\n           ^^^^^^^^^^^^^^^^^^^^^^^^^^^^^^^^^^^^^^^^^^^^^^^^^^\n  File \"/home/runner/work/DealerPassport/DealerPassport/pages/base_page.py\", line 18, in element_is_visible\n    self.go_to_element(self.element_is_present(locator))\n                       ^^^^^^^^^^^^^^^^^^^^^^^^^^^^^^^^\n  File \"/home/runner/work/DealerPassport/DealerPassport/pages/base_page.py\", line 34, in element_is_present\n    return Wait(self.driver, self.timeout).until(ec.presence_of_element_located(locator))\n           ^^^^^^^^^^^^^^^^^^^^^^^^^^^^^^^^^^^^^^^^^^^^^^^^^^^^^^^^^^^^^^^^^^^^^^^^^^^^^^\n  File \"/opt/hostedtoolcache/Python/3.12.3/x64/lib/python3.12/site-packages/selenium/webdriver/support/wait.py\", line 105, in until\n    raise TimeoutException(message, screen, stacktrace)\n",
    "steps" : [ {
      "name" : "Проверка видимости кнопки '('xpath', '//span[text()=\"Согласен\"]')' на главной странице",
      "time" : {
        "start" : 1717426358501,
        "stop" : 1717426368728,
        "duration" : 10227
      },
      "status" : "broken",
      "statusMessage" : "selenium.common.exceptions.TimeoutException: Message: \nStacktrace:\n#0 0x55b2db9afe8a <unknown>\n#1 0x55b2db69945c <unknown>\n#2 0x55b2db6e55b5 <unknown>\n#3 0x55b2db6e5671 <unknown>\n#4 0x55b2db729f14 <unknown>\n#5 0x55b2db7084dd <unknown>\n#6 0x55b2db7272cc <unknown>\n#7 0x55b2db708253 <unknown>\n#8 0x55b2db6d81c7 <unknown>\n#9 0x55b2db6d8b3e <unknown>\n#10 0x55b2db9762cb <unknown>\n#11 0x55b2db97a377 <unknown>\n#12 0x55b2db962dfe <unknown>\n#13 0x55b2db97ae42 <unknown>\n#14 0x55b2db94779f <unknown>\n#15 0x55b2db99f178 <unknown>\n#16 0x55b2db99f34b <unknown>\n#17 0x55b2db9aefbc <unknown>\n#18 0x7fc379494ac3 <unknown>\n\n",
      "statusTrace" : "  File \"/opt/hostedtoolcache/Python/3.12.3/x64/lib/python3.12/site-packages/allure_commons/_allure.py\", line 192, in impl\n    return func(*a, **kw)\n           ^^^^^^^^^^^^^^\n  File \"/home/runner/work/DealerPassport/DealerPassport/pages/main_page.py\", line 15, in check_button_agree\n    return self.element_is_visible(self.locator.AGREE_BUTTON)\n           ^^^^^^^^^^^^^^^^^^^^^^^^^^^^^^^^^^^^^^^^^^^^^^^^^^\n  File \"/home/runner/work/DealerPassport/DealerPassport/pages/base_page.py\", line 18, in element_is_visible\n    self.go_to_element(self.element_is_present(locator))\n                       ^^^^^^^^^^^^^^^^^^^^^^^^^^^^^^^^\n  File \"/home/runner/work/DealerPassport/DealerPassport/pages/base_page.py\", line 34, in element_is_present\n    return Wait(self.driver, self.timeout).until(ec.presence_of_element_located(locator))\n           ^^^^^^^^^^^^^^^^^^^^^^^^^^^^^^^^^^^^^^^^^^^^^^^^^^^^^^^^^^^^^^^^^^^^^^^^^^^^^^\n  File \"/opt/hostedtoolcache/Python/3.12.3/x64/lib/python3.12/site-packages/selenium/webdriver/support/wait.py\", line 105, in until\n    raise TimeoutException(message, screen, stacktrace)\n",
      "steps" : [ ],
      "attachments" : [ ],
      "parameters" : [ ],
      "shouldDisplayMessage" : true,
      "hasContent" : true,
      "stepsCount" : 0,
      "attachmentsCount" : 0
    } ],
    "attachments" : [ ],
    "parameters" : [ ],
    "shouldDisplayMessage" : false,
    "hasContent" : true,
    "stepsCount" : 1,
    "attachmentsCount" : 0
  }, {
    "name" : "clear_allure_results_folder",
    "time" : {
      "start" : 1717425962338,
      "stop" : 1717425962338,
      "duration" : 0
    },
    "status" : "passed",
    "steps" : [ ],
    "attachments" : [ ],
    "parameters" : [ ],
    "shouldDisplayMessage" : false,
    "hasContent" : false,
    "stepsCount" : 0,
    "attachmentsCount" : 0
  } ],
  "afterStages" : [ {
    "name" : "driver::0",
    "time" : {
      "start" : 1717426368743,
      "stop" : 1717426368802,
      "duration" : 59
    },
    "status" : "passed",
    "steps" : [ ],
    "attachments" : [ ],
    "parameters" : [ ],
    "shouldDisplayMessage" : false,
    "hasContent" : false,
    "stepsCount" : 0,
    "attachmentsCount" : 0
  } ],
  "labels" : [ {
    "name" : "epic",
    "value" : "Test Main Page smoke_test"
  }, {
    "name" : "tag",
    "value" : "smoke_test"
  }, {
    "name" : "parentSuite",
    "value" : "tests"
  }, {
    "name" : "suite",
    "value" : "main_page_test"
  }, {
    "name" : "subSuite",
    "value" : "TestMainPageSmoke"
  }, {
    "name" : "host",
    "value" : "fv-az1153-519"
  }, {
    "name" : "thread",
    "value" : "2225-MainThread"
  }, {
    "name" : "framework",
    "value" : "pytest"
  }, {
    "name" : "language",
    "value" : "cpython3"
  }, {
    "name" : "package",
    "value" : "tests.main_page_test"
  }, {
    "name" : "resultFormat",
    "value" : "allure2"
  } ],
  "parameters" : [ {
    "name" : "url",
    "value" : "'https://dealer-passport-test.xsfera.ru:3001/users/'"
  } ],
  "links" : [ ],
  "hidden" : false,
  "retry" : false,
  "extra" : {
    "severity" : "normal",
    "retries" : [ ],
    "categories" : [ {
      "name" : "Test defects",
      "matchedStatuses" : [ ],
      "flaky" : false
    } ],
    "history" : {
      "statistic" : {
        "failed" : 2,
        "broken" : 1,
        "skipped" : 0,
        "passed" : 6,
        "unknown" : 0,
        "total" : 9
      },
      "items" : [ {
        "uid" : "5956b66aff1802e6",
        "reportUrl" : "https://Nat754.github.io/DealerPassport/12//#testresult/5956b66aff1802e6",
        "status" : "passed",
        "time" : {
          "start" : 1717380530060,
          "stop" : 1717380540970,
          "duration" : 10910
        }
      }, {
        "uid" : "621e8e45032f3eab",
        "reportUrl" : "https://Nat754.github.io/DealerPassport/11//#testresult/621e8e45032f3eab",
        "status" : "passed",
        "time" : {
          "start" : 1717294237948,
          "stop" : 1717294248844,
          "duration" : 10896
        }
      }, {
        "uid" : "8737fe5d26b817ae",
        "reportUrl" : "https://Nat754.github.io/DealerPassport/10//#testresult/8737fe5d26b817ae",
        "status" : "passed",
        "time" : {
          "start" : 1717207823389,
          "stop" : 1717207834361,
          "duration" : 10972
        }
      }, {
        "uid" : "d0ef4ef4934c751",
        "reportUrl" : "https://Nat754.github.io/DealerPassport/5//#testresult/d0ef4ef4934c751",
        "status" : "passed",
        "time" : {
          "start" : 1717150492359,
          "stop" : 1717150503182,
          "duration" : 10823
        }
      }, {
        "uid" : "c699a86a1a46030a",
        "reportUrl" : "https://Nat754.github.io/DealerPassport/5//#testresult/c699a86a1a46030a",
        "status" : "passed",
        "time" : {
          "start" : 1717144188114,
          "stop" : 1717144199105,
          "duration" : 10991
        }
      }, {
        "uid" : "34c1f76aa897e97b",
        "reportUrl" : "https://Nat754.github.io/DealerPassport/9//#testresult/34c1f76aa897e97b",
        "status" : "failed",
        "statusDetails" : "AssertionError: Ошибка: ['[Network error]: ServerError: Response not successful: Received status code 400\\nПроизошла ошибка: errors.GRAPHQL_VALIDATION_FAILED\\nПроизошла ошибка: errors.GRAPHQL_VALIDATION_FAILED\\nПроизошла ошибка: errors.GRAPHQL_VALIDATION_FAILED\\nПроизошла ошибка: errors.GRAPHQL_VALIDATION_FAILED\\nПроизошла ошибка: errors.GRAPHQL_VALIDATION_FAILED\\nПроизошла ошибка: errors.GRAPHQL_VALIDATION_FAILED']\nassert None\n +  where None = <bound method MainPage.check_not_errors of <pages.main_page.MainPage object at 0x7f282776ce90>>()\n +    where <bound method MainPage.check_not_errors of <pages.main_page.MainPage object at 0x7f282776ce90>> = <pages.main_page.MainPage object at 0x7f282776ce90>.check_not_errors",
        "time" : {
          "start" : 1717121349236,
          "stop" : 1717121350908,
          "duration" : 1672
        }
      }, {
        "uid" : "598811524945bf8e",
        "reportUrl" : "https://Nat754.github.io/DealerPassport/5//#testresult/598811524945bf8e",
        "status" : "failed",
        "statusDetails" : "AssertionError: Ошибка: ['[Network error]: ServerError: Response not successful: Received status code 400\\nПроизошла ошибка: errors.GRAPHQL_VALIDATION_FAILED\\nПроизошла ошибка: errors.GRAPHQL_VALIDATION_FAILED\\nПроизошла ошибка: errors.GRAPHQL_VALIDATION_FAILED\\nПроизошла ошибка: errors.GRAPHQL_VALIDATION_FAILED\\nПроизошла ошибка: errors.GRAPHQL_VALIDATION_FAILED\\nПроизошла ошибка: errors.GRAPHQL_VALIDATION_FAILED']\nassert None\n +  where None = <bound method MainPage.check_not_errors of <pages.main_page.MainPage object at 0x7f6cc7963710>>()\n +    where <bound method MainPage.check_not_errors of <pages.main_page.MainPage object at 0x7f6cc7963710>> = <pages.main_page.MainPage object at 0x7f6cc7963710>.check_not_errors",
        "time" : {
          "start" : 1717080887492,
          "stop" : 1717080891729,
          "duration" : 4237
        }
      }, {
        "uid" : "a885871124ea678f",
        "reportUrl" : "https://Nat754.github.io/DealerPassport/4//#testresult/a885871124ea678f",
        "status" : "passed",
        "time" : {
          "start" : 1717059501916,
          "stop" : 1717059512768,
          "duration" : 10852
        }
      } ]
    },
    "tags" : [ "smoke_test" ]
  },
  "source" : "d8db223117aa99bf.json",
  "parameterValues" : [ "'https://dealer-passport-test.xsfera.ru:3001/users/'" ]
}