{
  "uid" : "da884eada02629a",
  "name" : "Проверить формирование отчета SRR в файл excell и на экран на seo prod",
  "fullName" : "tests.srr_page_test.TestSRRPageSmoke#test_report_srr_seo_prod_excell",
  "historyId" : "87970311c2b50d4805b52d9e74693fb7",
  "time" : {
    "start" : 1717426669455,
    "stop" : 1717426669455,
    "duration" : 0
  },
  "status" : "broken",
  "statusMessage" : "selenium.common.exceptions.TimeoutException: Message: \nStacktrace:\n#0 0x5559c8fc2e8a <unknown>\n#1 0x5559c8cac45c <unknown>\n#2 0x5559c8cf85b5 <unknown>\n#3 0x5559c8cf8671 <unknown>\n#4 0x5559c8d3cf14 <unknown>\n#5 0x5559c8d1b4dd <unknown>\n#6 0x5559c8d3a2cc <unknown>\n#7 0x5559c8d1b253 <unknown>\n#8 0x5559c8ceb1c7 <unknown>\n#9 0x5559c8cebb3e <unknown>\n#10 0x5559c8f892cb <unknown>\n#11 0x5559c8f8d377 <unknown>\n#12 0x5559c8f75dfe <unknown>\n#13 0x5559c8f8de42 <unknown>\n#14 0x5559c8f5a79f <unknown>\n#15 0x5559c8fb2178 <unknown>\n#16 0x5559c8fb234b <unknown>\n#17 0x5559c8fc1fbc <unknown>\n#18 0x7f81af894ac3 <unknown>",
  "statusTrace" : "driver = <selenium.webdriver.chrome.webdriver.WebDriver (session=\"e575e6f7e22aa71da76f6f2dc7a2d5ba\")>\n\n    @pytest.fixture\n    def auth_user_admin_to_seo_prod(driver):\n        main_page = MainPage(driver)\n        url = Urls.MAIN_URL_SEO_PROD + Urls.AUTH\n        cookies = {'name': 'token', 'value': os.environ[\"SEO_ADMIN\"]}\n        driver.get(url)\n        driver.add_cookie(cookies)\n        driver.get(Urls.MAIN_URL_SEO_PROD)\n>       main_page.check_button_agree().click()\n\ntests/conftest.py:30: \n_ _ _ _ _ _ _ _ _ _ _ _ _ _ _ _ _ _ _ _ _ _ _ _ _ _ _ _ _ _ _ _ _ _ _ _ _ _ _ _ \npages/main_page.py:15: in check_button_agree\n    return self.element_is_visible(self.locator.AGREE_BUTTON)\npages/base_page.py:18: in element_is_visible\n    self.go_to_element(self.element_is_present(locator))\npages/base_page.py:34: in element_is_present\n    return Wait(self.driver, self.timeout).until(ec.presence_of_element_located(locator))\n_ _ _ _ _ _ _ _ _ _ _ _ _ _ _ _ _ _ _ _ _ _ _ _ _ _ _ _ _ _ _ _ _ _ _ _ _ _ _ _ \n\nself = <selenium.webdriver.support.wait.WebDriverWait (session=\"e575e6f7e22aa71da76f6f2dc7a2d5ba\")>\nmethod = <function presence_of_element_located.<locals>._predicate at 0x7faf6ea91940>\nmessage = ''\n\n    def until(self, method: Callable[[D], Union[Literal[False], T]], message: str = \"\") -> T:\n        \"\"\"Calls the method provided with the driver as an argument until the \\\n        return value does not evaluate to ``False``.\n    \n        :param method: callable(WebDriver)\n        :param message: optional message for :exc:`TimeoutException`\n        :returns: the result of the last call to `method`\n        :raises: :exc:`selenium.common.exceptions.TimeoutException` if timeout occurs\n        \"\"\"\n        screen = None\n        stacktrace = None\n    \n        end_time = time.monotonic() + self._timeout\n        while True:\n            try:\n                value = method(self._driver)\n                if value:\n                    return value\n            except self._ignored_exceptions as exc:\n                screen = getattr(exc, \"screen\", None)\n                stacktrace = getattr(exc, \"stacktrace\", None)\n            time.sleep(self._poll)\n            if time.monotonic() > end_time:\n                break\n>       raise TimeoutException(message, screen, stacktrace)\nE       selenium.common.exceptions.TimeoutException: Message: \nE       Stacktrace:\nE       #0 0x5559c8fc2e8a <unknown>\nE       #1 0x5559c8cac45c <unknown>\nE       #2 0x5559c8cf85b5 <unknown>\nE       #3 0x5559c8cf8671 <unknown>\nE       #4 0x5559c8d3cf14 <unknown>\nE       #5 0x5559c8d1b4dd <unknown>\nE       #6 0x5559c8d3a2cc <unknown>\nE       #7 0x5559c8d1b253 <unknown>\nE       #8 0x5559c8ceb1c7 <unknown>\nE       #9 0x5559c8cebb3e <unknown>\nE       #10 0x5559c8f892cb <unknown>\nE       #11 0x5559c8f8d377 <unknown>\nE       #12 0x5559c8f75dfe <unknown>\nE       #13 0x5559c8f8de42 <unknown>\nE       #14 0x5559c8f5a79f <unknown>\nE       #15 0x5559c8fb2178 <unknown>\nE       #16 0x5559c8fb234b <unknown>\nE       #17 0x5559c8fc1fbc <unknown>\nE       #18 0x7f81af894ac3 <unknown>\n\n/opt/hostedtoolcache/Python/3.12.3/x64/lib/python3.12/site-packages/selenium/webdriver/support/wait.py:105: TimeoutException",
  "flaky" : false,
  "newFailed" : false,
  "beforeStages" : [ {
    "name" : "driver",
    "time" : {
      "start" : 1717426669455,
      "stop" : 1717426669657,
      "duration" : 202
    },
    "status" : "passed",
    "steps" : [ ],
    "attachments" : [ ],
    "parameters" : [ ],
    "shouldDisplayMessage" : false,
    "hasContent" : false,
    "stepsCount" : 0,
    "attachmentsCount" : 0
  }, {
    "name" : "auth_user_admin_to_seo_prod",
    "time" : {
      "start" : 1717426669657,
      "stop" : 1717426682347,
      "duration" : 12690
    },
    "status" : "broken",
    "statusMessage" : "selenium.common.exceptions.TimeoutException: Message: \nStacktrace:\n#0 0x5559c8fc2e8a <unknown>\n#1 0x5559c8cac45c <unknown>\n#2 0x5559c8cf85b5 <unknown>\n#3 0x5559c8cf8671 <unknown>\n#4 0x5559c8d3cf14 <unknown>\n#5 0x5559c8d1b4dd <unknown>\n#6 0x5559c8d3a2cc <unknown>\n#7 0x5559c8d1b253 <unknown>\n#8 0x5559c8ceb1c7 <unknown>\n#9 0x5559c8cebb3e <unknown>\n#10 0x5559c8f892cb <unknown>\n#11 0x5559c8f8d377 <unknown>\n#12 0x5559c8f75dfe <unknown>\n#13 0x5559c8f8de42 <unknown>\n#14 0x5559c8f5a79f <unknown>\n#15 0x5559c8fb2178 <unknown>\n#16 0x5559c8fb234b <unknown>\n#17 0x5559c8fc1fbc <unknown>\n#18 0x7f81af894ac3 <unknown>\n\n",
    "statusTrace" : "  File \"/opt/hostedtoolcache/Python/3.12.3/x64/lib/python3.12/site-packages/pluggy/_callers.py\", line 167, in _multicall\n    teardown.throw(outcome._exception)\n  File \"/opt/hostedtoolcache/Python/3.12.3/x64/lib/python3.12/site-packages/_pytest/setuponly.py\", line 36, in pytest_fixture_setup\n    return (yield)\n            ^^^^^\n  File \"/opt/hostedtoolcache/Python/3.12.3/x64/lib/python3.12/site-packages/pluggy/_callers.py\", line 103, in _multicall\n    res = hook_impl.function(*args)\n          ^^^^^^^^^^^^^^^^^^^^^^^^^\n  File \"/opt/hostedtoolcache/Python/3.12.3/x64/lib/python3.12/site-packages/_pytest/fixtures.py\", line 1140, in pytest_fixture_setup\n    result = call_fixture_func(fixturefunc, request, kwargs)\n             ^^^^^^^^^^^^^^^^^^^^^^^^^^^^^^^^^^^^^^^^^^^^^^^\n  File \"/opt/hostedtoolcache/Python/3.12.3/x64/lib/python3.12/site-packages/_pytest/fixtures.py\", line 917, in call_fixture_func\n    fixture_result = fixturefunc(**kwargs)\n                     ^^^^^^^^^^^^^^^^^^^^^\n  File \"/home/runner/work/DealerPassport/DealerPassport/tests/conftest.py\", line 30, in auth_user_admin_to_seo_prod\n    main_page.check_button_agree().click()\n    ^^^^^^^^^^^^^^^^^^^^^^^^^^^^^^\n  File \"/opt/hostedtoolcache/Python/3.12.3/x64/lib/python3.12/site-packages/allure_commons/_allure.py\", line 192, in impl\n    return func(*a, **kw)\n           ^^^^^^^^^^^^^^\n  File \"/home/runner/work/DealerPassport/DealerPassport/pages/main_page.py\", line 15, in check_button_agree\n    return self.element_is_visible(self.locator.AGREE_BUTTON)\n           ^^^^^^^^^^^^^^^^^^^^^^^^^^^^^^^^^^^^^^^^^^^^^^^^^^\n  File \"/home/runner/work/DealerPassport/DealerPassport/pages/base_page.py\", line 18, in element_is_visible\n    self.go_to_element(self.element_is_present(locator))\n                       ^^^^^^^^^^^^^^^^^^^^^^^^^^^^^^^^\n  File \"/home/runner/work/DealerPassport/DealerPassport/pages/base_page.py\", line 34, in element_is_present\n    return Wait(self.driver, self.timeout).until(ec.presence_of_element_located(locator))\n           ^^^^^^^^^^^^^^^^^^^^^^^^^^^^^^^^^^^^^^^^^^^^^^^^^^^^^^^^^^^^^^^^^^^^^^^^^^^^^^\n  File \"/opt/hostedtoolcache/Python/3.12.3/x64/lib/python3.12/site-packages/selenium/webdriver/support/wait.py\", line 105, in until\n    raise TimeoutException(message, screen, stacktrace)\n",
    "steps" : [ {
      "name" : "Проверка видимости кнопки '('xpath', '//span[text()=\"Согласен\"]')' на главной странице",
      "time" : {
        "start" : 1717426672112,
        "stop" : 1717426682347,
        "duration" : 10235
      },
      "status" : "broken",
      "statusMessage" : "selenium.common.exceptions.TimeoutException: Message: \nStacktrace:\n#0 0x5559c8fc2e8a <unknown>\n#1 0x5559c8cac45c <unknown>\n#2 0x5559c8cf85b5 <unknown>\n#3 0x5559c8cf8671 <unknown>\n#4 0x5559c8d3cf14 <unknown>\n#5 0x5559c8d1b4dd <unknown>\n#6 0x5559c8d3a2cc <unknown>\n#7 0x5559c8d1b253 <unknown>\n#8 0x5559c8ceb1c7 <unknown>\n#9 0x5559c8cebb3e <unknown>\n#10 0x5559c8f892cb <unknown>\n#11 0x5559c8f8d377 <unknown>\n#12 0x5559c8f75dfe <unknown>\n#13 0x5559c8f8de42 <unknown>\n#14 0x5559c8f5a79f <unknown>\n#15 0x5559c8fb2178 <unknown>\n#16 0x5559c8fb234b <unknown>\n#17 0x5559c8fc1fbc <unknown>\n#18 0x7f81af894ac3 <unknown>\n\n",
      "statusTrace" : "  File \"/opt/hostedtoolcache/Python/3.12.3/x64/lib/python3.12/site-packages/allure_commons/_allure.py\", line 192, in impl\n    return func(*a, **kw)\n           ^^^^^^^^^^^^^^\n  File \"/home/runner/work/DealerPassport/DealerPassport/pages/main_page.py\", line 15, in check_button_agree\n    return self.element_is_visible(self.locator.AGREE_BUTTON)\n           ^^^^^^^^^^^^^^^^^^^^^^^^^^^^^^^^^^^^^^^^^^^^^^^^^^\n  File \"/home/runner/work/DealerPassport/DealerPassport/pages/base_page.py\", line 18, in element_is_visible\n    self.go_to_element(self.element_is_present(locator))\n                       ^^^^^^^^^^^^^^^^^^^^^^^^^^^^^^^^\n  File \"/home/runner/work/DealerPassport/DealerPassport/pages/base_page.py\", line 34, in element_is_present\n    return Wait(self.driver, self.timeout).until(ec.presence_of_element_located(locator))\n           ^^^^^^^^^^^^^^^^^^^^^^^^^^^^^^^^^^^^^^^^^^^^^^^^^^^^^^^^^^^^^^^^^^^^^^^^^^^^^^\n  File \"/opt/hostedtoolcache/Python/3.12.3/x64/lib/python3.12/site-packages/selenium/webdriver/support/wait.py\", line 105, in until\n    raise TimeoutException(message, screen, stacktrace)\n",
      "steps" : [ ],
      "attachments" : [ ],
      "parameters" : [ ],
      "shouldDisplayMessage" : true,
      "hasContent" : true,
      "stepsCount" : 0,
      "attachmentsCount" : 0
    } ],
    "attachments" : [ ],
    "parameters" : [ ],
    "shouldDisplayMessage" : false,
    "hasContent" : true,
    "stepsCount" : 1,
    "attachmentsCount" : 0
  }, {
    "name" : "clear_allure_results_folder",
    "time" : {
      "start" : 1717425962338,
      "stop" : 1717425962338,
      "duration" : 0
    },
    "status" : "passed",
    "steps" : [ ],
    "attachments" : [ ],
    "parameters" : [ ],
    "shouldDisplayMessage" : false,
    "hasContent" : false,
    "stepsCount" : 0,
    "attachmentsCount" : 0
  } ],
  "afterStages" : [ {
    "name" : "driver::0",
    "time" : {
      "start" : 1717426682361,
      "stop" : 1717426682420,
      "duration" : 59
    },
    "status" : "passed",
    "steps" : [ ],
    "attachments" : [ ],
    "parameters" : [ ],
    "shouldDisplayMessage" : false,
    "hasContent" : false,
    "stepsCount" : 0,
    "attachmentsCount" : 0
  } ],
  "labels" : [ {
    "name" : "epic",
    "value" : "Test SRR Page smoke_test"
  }, {
    "name" : "tag",
    "value" : "smoke_test"
  }, {
    "name" : "parentSuite",
    "value" : "tests"
  }, {
    "name" : "suite",
    "value" : "srr_page_test"
  }, {
    "name" : "subSuite",
    "value" : "TestSRRPageSmoke"
  }, {
    "name" : "host",
    "value" : "fv-az1153-519"
  }, {
    "name" : "thread",
    "value" : "2225-MainThread"
  }, {
    "name" : "framework",
    "value" : "pytest"
  }, {
    "name" : "language",
    "value" : "cpython3"
  }, {
    "name" : "package",
    "value" : "tests.srr_page_test"
  }, {
    "name" : "resultFormat",
    "value" : "allure2"
  } ],
  "parameters" : [ ],
  "links" : [ ],
  "hidden" : false,
  "retry" : false,
  "extra" : {
    "severity" : "normal",
    "retries" : [ ],
    "categories" : [ {
      "name" : "Test defects",
      "matchedStatuses" : [ ],
      "flaky" : false
    } ],
    "history" : {
      "statistic" : {
        "failed" : 0,
        "broken" : 1,
        "skipped" : 0,
        "passed" : 8,
        "unknown" : 0,
        "total" : 9
      },
      "items" : [ {
        "uid" : "3108b1e178c87941",
        "reportUrl" : "https://Nat754.github.io/DealerPassport/12//#testresult/3108b1e178c87941",
        "status" : "passed",
        "time" : {
          "start" : 1717380837506,
          "stop" : 1717380849196,
          "duration" : 11690
        }
      }, {
        "uid" : "74591e708dabdcf5",
        "reportUrl" : "https://Nat754.github.io/DealerPassport/11//#testresult/74591e708dabdcf5",
        "status" : "passed",
        "time" : {
          "start" : 1717294546593,
          "stop" : 1717294558236,
          "duration" : 11643
        }
      }, {
        "uid" : "bfd5178349dd2c60",
        "reportUrl" : "https://Nat754.github.io/DealerPassport/10//#testresult/bfd5178349dd2c60",
        "status" : "passed",
        "time" : {
          "start" : 1717208151816,
          "stop" : 1717208163524,
          "duration" : 11708
        }
      }, {
        "uid" : "4b87e39c9fec3337",
        "reportUrl" : "https://Nat754.github.io/DealerPassport/5//#testresult/4b87e39c9fec3337",
        "status" : "passed",
        "time" : {
          "start" : 1717150801116,
          "stop" : 1717150812719,
          "duration" : 11603
        }
      }, {
        "uid" : "74728144dcf11e27",
        "reportUrl" : "https://Nat754.github.io/DealerPassport/5//#testresult/74728144dcf11e27",
        "status" : "passed",
        "time" : {
          "start" : 1717144524147,
          "stop" : 1717144535870,
          "duration" : 11723
        }
      }, {
        "uid" : "804da3001ee41935",
        "reportUrl" : "https://Nat754.github.io/DealerPassport/9//#testresult/804da3001ee41935",
        "status" : "passed",
        "time" : {
          "start" : 1717121643879,
          "stop" : 1717121655531,
          "duration" : 11652
        }
      }, {
        "uid" : "8a58ae5c8332caf2",
        "reportUrl" : "https://Nat754.github.io/DealerPassport/5//#testresult/8a58ae5c8332caf2",
        "status" : "passed",
        "time" : {
          "start" : 1717081220892,
          "stop" : 1717081233371,
          "duration" : 12479
        }
      }, {
        "uid" : "67e1e8ae55f14904",
        "reportUrl" : "https://Nat754.github.io/DealerPassport/4//#testresult/67e1e8ae55f14904",
        "status" : "passed",
        "time" : {
          "start" : 1717059808281,
          "stop" : 1717059819881,
          "duration" : 11600
        }
      } ]
    },
    "tags" : [ "smoke_test" ]
  },
  "source" : "da884eada02629a.json",
  "parameterValues" : [ ]
}