{
  "uid" : "e285f4d969abdf19",
  "name" : "Проверить отсутствие ошибок при открытии https://dealer-passport-test.xsfera.ru/staff/ на сервере СЕО",
  "fullName" : "tests.main_page_test.TestMainPageSmoke#test_open_seo",
  "historyId" : "ee626949710a0968bf928ac7701a5ea6",
  "time" : {
    "start" : 1717150288974,
    "stop" : 1717150291156,
    "duration" : 2182
  },
  "status" : "failed",
  "statusMessage" : "AssertionError: Ошибка: ['[Network error]: ServerError: Response not successful: Received status code 400\\nПроизошла ошибка: errors.GRAPHQL_VALIDATION_FAILED\\nПроизошла ошибка: errors.GRAPHQL_VALIDATION_FAILED\\nПроизошла ошибка: errors.GRAPHQL_VALIDATION_FAILED\\nПроизошла ошибка: errors.GRAPHQL_VALIDATION_FAILED\\nПроизошла ошибка: errors.GRAPHQL_VALIDATION_FAILED\\nПроизошла ошибка: errors.GRAPHQL_VALIDATION_FAILED']\nassert None\n +  where None = <bound method MainPage.check_not_errors of <pages.main_page.MainPage object at 0x7fa8884a2a20>>()\n +    where <bound method MainPage.check_not_errors of <pages.main_page.MainPage object at 0x7fa8884a2a20>> = <pages.main_page.MainPage object at 0x7fa8884a2a20>.check_not_errors",
  "statusTrace" : "self = <tests.main_page_test.TestMainPageSmoke object at 0x7fa8886dc830>\nauth_user_admin_to_seo = <pages.main_page.MainPage object at 0x7fa8884a2a20>\ndriver = <selenium.webdriver.chrome.webdriver.WebDriver (session=\"1b8a5d1bd3c1308f64672b7ef639bd9d\")>\nurl = 'https://dealer-passport-test.xsfera.ru/staff/'\n\n    @pytest.mark.parametrize('url', Urls.LIST_URLS_SEO)\n    def test_open_seo(self, auth_user_admin_to_seo, driver, url):\n        allure.dynamic.title(f'Проверить отсутствие ошибок при открытии {url} на сервере СЕО')\n        driver.get(url)\n>       assert auth_user_admin_to_seo.check_not_errors(), \\\n            f'Ошибка: {[item.text for item in auth_user_admin_to_seo.check_error_notifications()]}'\nE       AssertionError: Ошибка: ['[Network error]: ServerError: Response not successful: Received status code 400\\nПроизошла ошибка: errors.GRAPHQL_VALIDATION_FAILED\\nПроизошла ошибка: errors.GRAPHQL_VALIDATION_FAILED\\nПроизошла ошибка: errors.GRAPHQL_VALIDATION_FAILED\\nПроизошла ошибка: errors.GRAPHQL_VALIDATION_FAILED\\nПроизошла ошибка: errors.GRAPHQL_VALIDATION_FAILED\\nПроизошла ошибка: errors.GRAPHQL_VALIDATION_FAILED']\nE       assert None\nE        +  where None = <bound method MainPage.check_not_errors of <pages.main_page.MainPage object at 0x7fa8884a2a20>>()\nE        +    where <bound method MainPage.check_not_errors of <pages.main_page.MainPage object at 0x7fa8884a2a20>> = <pages.main_page.MainPage object at 0x7fa8884a2a20>.check_not_errors\n\ntests/main_page_test.py:30: AssertionError",
  "flaky" : false,
  "newFailed" : true,
  "beforeStages" : [ {
    "name" : "auth_user_admin_to_seo",
    "time" : {
      "start" : 1717150286549,
      "stop" : 1717150288973,
      "duration" : 2424
    },
    "status" : "passed",
    "steps" : [ {
      "name" : "Проверка видимости кнопки '('xpath', '//span[text()=\"Согласен\"]')' на главной странице",
      "time" : {
        "start" : 1717150288890,
        "stop" : 1717150288924,
        "duration" : 34
      },
      "status" : "passed",
      "steps" : [ ],
      "attachments" : [ ],
      "parameters" : [ ],
      "stepsCount" : 0,
      "attachmentsCount" : 0,
      "shouldDisplayMessage" : false,
      "hasContent" : false
    } ],
    "attachments" : [ ],
    "parameters" : [ ],
    "stepsCount" : 1,
    "attachmentsCount" : 0,
    "shouldDisplayMessage" : false,
    "hasContent" : true
  }, {
    "name" : "clear_allure_results_folder",
    "time" : {
      "start" : 1717150080987,
      "stop" : 1717150080988,
      "duration" : 1
    },
    "status" : "passed",
    "steps" : [ ],
    "attachments" : [ ],
    "parameters" : [ ],
    "stepsCount" : 0,
    "attachmentsCount" : 0,
    "shouldDisplayMessage" : false,
    "hasContent" : false
  }, {
    "name" : "driver",
    "time" : {
      "start" : 1717150286351,
      "stop" : 1717150286549,
      "duration" : 198
    },
    "status" : "passed",
    "steps" : [ ],
    "attachments" : [ ],
    "parameters" : [ ],
    "stepsCount" : 0,
    "attachmentsCount" : 0,
    "shouldDisplayMessage" : false,
    "hasContent" : false
  } ],
  "testStage" : {
    "status" : "failed",
    "statusMessage" : "AssertionError: Ошибка: ['[Network error]: ServerError: Response not successful: Received status code 400\\nПроизошла ошибка: errors.GRAPHQL_VALIDATION_FAILED\\nПроизошла ошибка: errors.GRAPHQL_VALIDATION_FAILED\\nПроизошла ошибка: errors.GRAPHQL_VALIDATION_FAILED\\nПроизошла ошибка: errors.GRAPHQL_VALIDATION_FAILED\\nПроизошла ошибка: errors.GRAPHQL_VALIDATION_FAILED\\nПроизошла ошибка: errors.GRAPHQL_VALIDATION_FAILED']\nassert None\n +  where None = <bound method MainPage.check_not_errors of <pages.main_page.MainPage object at 0x7fa8884a2a20>>()\n +    where <bound method MainPage.check_not_errors of <pages.main_page.MainPage object at 0x7fa8884a2a20>> = <pages.main_page.MainPage object at 0x7fa8884a2a20>.check_not_errors",
    "statusTrace" : "self = <tests.main_page_test.TestMainPageSmoke object at 0x7fa8886dc830>\nauth_user_admin_to_seo = <pages.main_page.MainPage object at 0x7fa8884a2a20>\ndriver = <selenium.webdriver.chrome.webdriver.WebDriver (session=\"1b8a5d1bd3c1308f64672b7ef639bd9d\")>\nurl = 'https://dealer-passport-test.xsfera.ru/staff/'\n\n    @pytest.mark.parametrize('url', Urls.LIST_URLS_SEO)\n    def test_open_seo(self, auth_user_admin_to_seo, driver, url):\n        allure.dynamic.title(f'Проверить отсутствие ошибок при открытии {url} на сервере СЕО')\n        driver.get(url)\n>       assert auth_user_admin_to_seo.check_not_errors(), \\\n            f'Ошибка: {[item.text for item in auth_user_admin_to_seo.check_error_notifications()]}'\nE       AssertionError: Ошибка: ['[Network error]: ServerError: Response not successful: Received status code 400\\nПроизошла ошибка: errors.GRAPHQL_VALIDATION_FAILED\\nПроизошла ошибка: errors.GRAPHQL_VALIDATION_FAILED\\nПроизошла ошибка: errors.GRAPHQL_VALIDATION_FAILED\\nПроизошла ошибка: errors.GRAPHQL_VALIDATION_FAILED\\nПроизошла ошибка: errors.GRAPHQL_VALIDATION_FAILED\\nПроизошла ошибка: errors.GRAPHQL_VALIDATION_FAILED']\nE       assert None\nE        +  where None = <bound method MainPage.check_not_errors of <pages.main_page.MainPage object at 0x7fa8884a2a20>>()\nE        +    where <bound method MainPage.check_not_errors of <pages.main_page.MainPage object at 0x7fa8884a2a20>> = <pages.main_page.MainPage object at 0x7fa8884a2a20>.check_not_errors\n\ntests/main_page_test.py:30: AssertionError",
    "steps" : [ {
      "name" : "Проверить отсутствие ошибок",
      "time" : {
        "start" : 1717150289559,
        "stop" : 1717150291120,
        "duration" : 1561
      },
      "status" : "passed",
      "steps" : [ ],
      "attachments" : [ ],
      "parameters" : [ ],
      "stepsCount" : 0,
      "attachmentsCount" : 0,
      "shouldDisplayMessage" : false,
      "hasContent" : false
    }, {
      "name" : "Проверить видимость ошибок",
      "time" : {
        "start" : 1717150291121,
        "stop" : 1717150291132,
        "duration" : 11
      },
      "status" : "passed",
      "steps" : [ ],
      "attachments" : [ ],
      "parameters" : [ ],
      "stepsCount" : 0,
      "attachmentsCount" : 0,
      "shouldDisplayMessage" : false,
      "hasContent" : false
    } ],
    "attachments" : [ {
      "uid" : "c0ab817cde7bfcd0",
      "name" : "Screenshot",
      "source" : "c0ab817cde7bfcd0.png",
      "type" : "image/png",
      "size" : 110834
    }, {
      "uid" : "a1b9dcc34c6f96d0",
      "name" : "HTML source",
      "source" : "a1b9dcc34c6f96d0.html",
      "type" : "text/html",
      "size" : 38108
    } ],
    "parameters" : [ ],
    "stepsCount" : 2,
    "attachmentsCount" : 2,
    "shouldDisplayMessage" : true,
    "hasContent" : true
  },
  "afterStages" : [ {
    "name" : "driver::0",
    "time" : {
      "start" : 1717150291298,
      "stop" : 1717150291359,
      "duration" : 61
    },
    "status" : "passed",
    "steps" : [ ],
    "attachments" : [ ],
    "parameters" : [ ],
    "stepsCount" : 0,
    "attachmentsCount" : 0,
    "shouldDisplayMessage" : false,
    "hasContent" : false
  } ],
  "labels" : [ {
    "name" : "epic",
    "value" : "Test Main Page smoke_test"
  }, {
    "name" : "tag",
    "value" : "smoke_test"
  }, {
    "name" : "parentSuite",
    "value" : "tests"
  }, {
    "name" : "suite",
    "value" : "main_page_test"
  }, {
    "name" : "subSuite",
    "value" : "TestMainPageSmoke"
  }, {
    "name" : "host",
    "value" : "fv-az1393-456"
  }, {
    "name" : "thread",
    "value" : "2278-MainThread"
  }, {
    "name" : "framework",
    "value" : "pytest"
  }, {
    "name" : "language",
    "value" : "cpython3"
  }, {
    "name" : "package",
    "value" : "tests.main_page_test"
  }, {
    "name" : "resultFormat",
    "value" : "allure2"
  } ],
  "parameters" : [ {
    "name" : "url",
    "value" : "'https://dealer-passport-test.xsfera.ru/staff/'"
  } ],
  "links" : [ ],
  "hidden" : false,
  "retry" : false,
  "extra" : {
    "severity" : "normal",
    "retries" : [ ],
    "categories" : [ {
      "name" : "Product defects",
      "matchedStatuses" : [ ],
      "flaky" : false
    } ],
    "history" : {
      "statistic" : {
        "failed" : 1,
        "broken" : 0,
        "skipped" : 0,
        "passed" : 4,
        "unknown" : 0,
        "total" : 5
      },
      "items" : [ {
        "uid" : "b8557faef0599181",
        "reportUrl" : "https://Nat754.github.io/DealerPassport/5//#testresult/b8557faef0599181",
        "status" : "passed",
        "time" : {
          "start" : 1717143936054,
          "stop" : 1717143947085,
          "duration" : 11031
        }
      }, {
        "uid" : "c9e9b929a9493485",
        "reportUrl" : "https://Nat754.github.io/DealerPassport/9//#testresult/c9e9b929a9493485",
        "status" : "passed",
        "time" : {
          "start" : 1717121122481,
          "stop" : 1717121133575,
          "duration" : 11094
        }
      }, {
        "uid" : "3065ecbe8c3f6de6",
        "reportUrl" : "https://Nat754.github.io/DealerPassport/5//#testresult/3065ecbe8c3f6de6",
        "status" : "passed",
        "time" : {
          "start" : 1717080647680,
          "stop" : 1717080658840,
          "duration" : 11160
        }
      }, {
        "uid" : "332163189f0777f5",
        "reportUrl" : "https://Nat754.github.io/DealerPassport/4//#testresult/332163189f0777f5",
        "status" : "passed",
        "time" : {
          "start" : 1717059263082,
          "stop" : 1717059273930,
          "duration" : 10848
        }
      } ]
    },
    "tags" : [ "smoke_test" ]
  },
  "source" : "e285f4d969abdf19.json",
  "parameterValues" : [ "'https://dealer-passport-test.xsfera.ru/staff/'" ]
}