{
  "uid" : "fdd1002c512a4728",
  "name" : "test_open_seo_prod[https://dealer-passport-test.xsfera.ru:3001/gr/]",
  "fullName" : "tests.main_page_test.TestMainPageSmoke#test_open_seo_prod",
  "historyId" : "8c46675ac8d8688132faa86d22a9afc9",
  "time" : {
    "start" : 1717426304206,
    "stop" : 1717426304206,
    "duration" : 0
  },
  "status" : "broken",
  "statusMessage" : "selenium.common.exceptions.TimeoutException: Message: \nStacktrace:\n#0 0x5650d827ae8a <unknown>\n#1 0x5650d7f6445c <unknown>\n#2 0x5650d7fb05b5 <unknown>\n#3 0x5650d7fb0671 <unknown>\n#4 0x5650d7ff4f14 <unknown>\n#5 0x5650d7fd34dd <unknown>\n#6 0x5650d7ff22cc <unknown>\n#7 0x5650d7fd3253 <unknown>\n#8 0x5650d7fa31c7 <unknown>\n#9 0x5650d7fa3b3e <unknown>\n#10 0x5650d82412cb <unknown>\n#11 0x5650d8245377 <unknown>\n#12 0x5650d822ddfe <unknown>\n#13 0x5650d8245e42 <unknown>\n#14 0x5650d821279f <unknown>\n#15 0x5650d826a178 <unknown>\n#16 0x5650d826a34b <unknown>\n#17 0x5650d8279fbc <unknown>\n#18 0x7f66dea94ac3 <unknown>",
  "statusTrace" : "driver = <selenium.webdriver.chrome.webdriver.WebDriver (session=\"8e24e4bfdfb8000ce77010a8703a8e6b\")>\n\n    @pytest.fixture\n    def auth_user_admin_to_seo_prod(driver):\n        main_page = MainPage(driver)\n        url = Urls.MAIN_URL_SEO_PROD + Urls.AUTH\n        cookies = {'name': 'token', 'value': os.environ[\"SEO_ADMIN\"]}\n        driver.get(url)\n        driver.add_cookie(cookies)\n        driver.get(Urls.MAIN_URL_SEO_PROD)\n>       main_page.check_button_agree().click()\n\ntests/conftest.py:30: \n_ _ _ _ _ _ _ _ _ _ _ _ _ _ _ _ _ _ _ _ _ _ _ _ _ _ _ _ _ _ _ _ _ _ _ _ _ _ _ _ \npages/main_page.py:15: in check_button_agree\n    return self.element_is_visible(self.locator.AGREE_BUTTON)\npages/base_page.py:18: in element_is_visible\n    self.go_to_element(self.element_is_present(locator))\npages/base_page.py:34: in element_is_present\n    return Wait(self.driver, self.timeout).until(ec.presence_of_element_located(locator))\n_ _ _ _ _ _ _ _ _ _ _ _ _ _ _ _ _ _ _ _ _ _ _ _ _ _ _ _ _ _ _ _ _ _ _ _ _ _ _ _ \n\nself = <selenium.webdriver.support.wait.WebDriverWait (session=\"8e24e4bfdfb8000ce77010a8703a8e6b\")>\nmethod = <function presence_of_element_located.<locals>._predicate at 0x7faf6eae2c00>\nmessage = ''\n\n    def until(self, method: Callable[[D], Union[Literal[False], T]], message: str = \"\") -> T:\n        \"\"\"Calls the method provided with the driver as an argument until the \\\n        return value does not evaluate to ``False``.\n    \n        :param method: callable(WebDriver)\n        :param message: optional message for :exc:`TimeoutException`\n        :returns: the result of the last call to `method`\n        :raises: :exc:`selenium.common.exceptions.TimeoutException` if timeout occurs\n        \"\"\"\n        screen = None\n        stacktrace = None\n    \n        end_time = time.monotonic() + self._timeout\n        while True:\n            try:\n                value = method(self._driver)\n                if value:\n                    return value\n            except self._ignored_exceptions as exc:\n                screen = getattr(exc, \"screen\", None)\n                stacktrace = getattr(exc, \"stacktrace\", None)\n            time.sleep(self._poll)\n            if time.monotonic() > end_time:\n                break\n>       raise TimeoutException(message, screen, stacktrace)\nE       selenium.common.exceptions.TimeoutException: Message: \nE       Stacktrace:\nE       #0 0x5650d827ae8a <unknown>\nE       #1 0x5650d7f6445c <unknown>\nE       #2 0x5650d7fb05b5 <unknown>\nE       #3 0x5650d7fb0671 <unknown>\nE       #4 0x5650d7ff4f14 <unknown>\nE       #5 0x5650d7fd34dd <unknown>\nE       #6 0x5650d7ff22cc <unknown>\nE       #7 0x5650d7fd3253 <unknown>\nE       #8 0x5650d7fa31c7 <unknown>\nE       #9 0x5650d7fa3b3e <unknown>\nE       #10 0x5650d82412cb <unknown>\nE       #11 0x5650d8245377 <unknown>\nE       #12 0x5650d822ddfe <unknown>\nE       #13 0x5650d8245e42 <unknown>\nE       #14 0x5650d821279f <unknown>\nE       #15 0x5650d826a178 <unknown>\nE       #16 0x5650d826a34b <unknown>\nE       #17 0x5650d8279fbc <unknown>\nE       #18 0x7f66dea94ac3 <unknown>\n\n/opt/hostedtoolcache/Python/3.12.3/x64/lib/python3.12/site-packages/selenium/webdriver/support/wait.py:105: TimeoutException",
  "flaky" : false,
  "newFailed" : false,
  "beforeStages" : [ {
    "name" : "driver",
    "time" : {
      "start" : 1717426304206,
      "stop" : 1717426304404,
      "duration" : 198
    },
    "status" : "passed",
    "steps" : [ ],
    "attachments" : [ ],
    "parameters" : [ ],
    "shouldDisplayMessage" : false,
    "hasContent" : false,
    "stepsCount" : 0,
    "attachmentsCount" : 0
  }, {
    "name" : "clear_allure_results_folder",
    "time" : {
      "start" : 1717425962338,
      "stop" : 1717425962338,
      "duration" : 0
    },
    "status" : "passed",
    "steps" : [ ],
    "attachments" : [ ],
    "parameters" : [ ],
    "shouldDisplayMessage" : false,
    "hasContent" : false,
    "stepsCount" : 0,
    "attachmentsCount" : 0
  }, {
    "name" : "auth_user_admin_to_seo_prod",
    "time" : {
      "start" : 1717426304404,
      "stop" : 1717426317034,
      "duration" : 12630
    },
    "status" : "broken",
    "statusMessage" : "selenium.common.exceptions.TimeoutException: Message: \nStacktrace:\n#0 0x5650d827ae8a <unknown>\n#1 0x5650d7f6445c <unknown>\n#2 0x5650d7fb05b5 <unknown>\n#3 0x5650d7fb0671 <unknown>\n#4 0x5650d7ff4f14 <unknown>\n#5 0x5650d7fd34dd <unknown>\n#6 0x5650d7ff22cc <unknown>\n#7 0x5650d7fd3253 <unknown>\n#8 0x5650d7fa31c7 <unknown>\n#9 0x5650d7fa3b3e <unknown>\n#10 0x5650d82412cb <unknown>\n#11 0x5650d8245377 <unknown>\n#12 0x5650d822ddfe <unknown>\n#13 0x5650d8245e42 <unknown>\n#14 0x5650d821279f <unknown>\n#15 0x5650d826a178 <unknown>\n#16 0x5650d826a34b <unknown>\n#17 0x5650d8279fbc <unknown>\n#18 0x7f66dea94ac3 <unknown>\n\n",
    "statusTrace" : "  File \"/opt/hostedtoolcache/Python/3.12.3/x64/lib/python3.12/site-packages/pluggy/_callers.py\", line 167, in _multicall\n    teardown.throw(outcome._exception)\n  File \"/opt/hostedtoolcache/Python/3.12.3/x64/lib/python3.12/site-packages/_pytest/setuponly.py\", line 36, in pytest_fixture_setup\n    return (yield)\n            ^^^^^\n  File \"/opt/hostedtoolcache/Python/3.12.3/x64/lib/python3.12/site-packages/pluggy/_callers.py\", line 103, in _multicall\n    res = hook_impl.function(*args)\n          ^^^^^^^^^^^^^^^^^^^^^^^^^\n  File \"/opt/hostedtoolcache/Python/3.12.3/x64/lib/python3.12/site-packages/_pytest/fixtures.py\", line 1140, in pytest_fixture_setup\n    result = call_fixture_func(fixturefunc, request, kwargs)\n             ^^^^^^^^^^^^^^^^^^^^^^^^^^^^^^^^^^^^^^^^^^^^^^^\n  File \"/opt/hostedtoolcache/Python/3.12.3/x64/lib/python3.12/site-packages/_pytest/fixtures.py\", line 917, in call_fixture_func\n    fixture_result = fixturefunc(**kwargs)\n                     ^^^^^^^^^^^^^^^^^^^^^\n  File \"/home/runner/work/DealerPassport/DealerPassport/tests/conftest.py\", line 30, in auth_user_admin_to_seo_prod\n    main_page.check_button_agree().click()\n    ^^^^^^^^^^^^^^^^^^^^^^^^^^^^^^\n  File \"/opt/hostedtoolcache/Python/3.12.3/x64/lib/python3.12/site-packages/allure_commons/_allure.py\", line 192, in impl\n    return func(*a, **kw)\n           ^^^^^^^^^^^^^^\n  File \"/home/runner/work/DealerPassport/DealerPassport/pages/main_page.py\", line 15, in check_button_agree\n    return self.element_is_visible(self.locator.AGREE_BUTTON)\n           ^^^^^^^^^^^^^^^^^^^^^^^^^^^^^^^^^^^^^^^^^^^^^^^^^^\n  File \"/home/runner/work/DealerPassport/DealerPassport/pages/base_page.py\", line 18, in element_is_visible\n    self.go_to_element(self.element_is_present(locator))\n                       ^^^^^^^^^^^^^^^^^^^^^^^^^^^^^^^^\n  File \"/home/runner/work/DealerPassport/DealerPassport/pages/base_page.py\", line 34, in element_is_present\n    return Wait(self.driver, self.timeout).until(ec.presence_of_element_located(locator))\n           ^^^^^^^^^^^^^^^^^^^^^^^^^^^^^^^^^^^^^^^^^^^^^^^^^^^^^^^^^^^^^^^^^^^^^^^^^^^^^^\n  File \"/opt/hostedtoolcache/Python/3.12.3/x64/lib/python3.12/site-packages/selenium/webdriver/support/wait.py\", line 105, in until\n    raise TimeoutException(message, screen, stacktrace)\n",
    "steps" : [ {
      "name" : "Проверка видимости кнопки '('xpath', '//span[text()=\"Согласен\"]')' на главной странице",
      "time" : {
        "start" : 1717426306807,
        "stop" : 1717426317034,
        "duration" : 10227
      },
      "status" : "broken",
      "statusMessage" : "selenium.common.exceptions.TimeoutException: Message: \nStacktrace:\n#0 0x5650d827ae8a <unknown>\n#1 0x5650d7f6445c <unknown>\n#2 0x5650d7fb05b5 <unknown>\n#3 0x5650d7fb0671 <unknown>\n#4 0x5650d7ff4f14 <unknown>\n#5 0x5650d7fd34dd <unknown>\n#6 0x5650d7ff22cc <unknown>\n#7 0x5650d7fd3253 <unknown>\n#8 0x5650d7fa31c7 <unknown>\n#9 0x5650d7fa3b3e <unknown>\n#10 0x5650d82412cb <unknown>\n#11 0x5650d8245377 <unknown>\n#12 0x5650d822ddfe <unknown>\n#13 0x5650d8245e42 <unknown>\n#14 0x5650d821279f <unknown>\n#15 0x5650d826a178 <unknown>\n#16 0x5650d826a34b <unknown>\n#17 0x5650d8279fbc <unknown>\n#18 0x7f66dea94ac3 <unknown>\n\n",
      "statusTrace" : "  File \"/opt/hostedtoolcache/Python/3.12.3/x64/lib/python3.12/site-packages/allure_commons/_allure.py\", line 192, in impl\n    return func(*a, **kw)\n           ^^^^^^^^^^^^^^\n  File \"/home/runner/work/DealerPassport/DealerPassport/pages/main_page.py\", line 15, in check_button_agree\n    return self.element_is_visible(self.locator.AGREE_BUTTON)\n           ^^^^^^^^^^^^^^^^^^^^^^^^^^^^^^^^^^^^^^^^^^^^^^^^^^\n  File \"/home/runner/work/DealerPassport/DealerPassport/pages/base_page.py\", line 18, in element_is_visible\n    self.go_to_element(self.element_is_present(locator))\n                       ^^^^^^^^^^^^^^^^^^^^^^^^^^^^^^^^\n  File \"/home/runner/work/DealerPassport/DealerPassport/pages/base_page.py\", line 34, in element_is_present\n    return Wait(self.driver, self.timeout).until(ec.presence_of_element_located(locator))\n           ^^^^^^^^^^^^^^^^^^^^^^^^^^^^^^^^^^^^^^^^^^^^^^^^^^^^^^^^^^^^^^^^^^^^^^^^^^^^^^\n  File \"/opt/hostedtoolcache/Python/3.12.3/x64/lib/python3.12/site-packages/selenium/webdriver/support/wait.py\", line 105, in until\n    raise TimeoutException(message, screen, stacktrace)\n",
      "steps" : [ ],
      "attachments" : [ ],
      "parameters" : [ ],
      "shouldDisplayMessage" : true,
      "hasContent" : true,
      "stepsCount" : 0,
      "attachmentsCount" : 0
    } ],
    "attachments" : [ ],
    "parameters" : [ ],
    "shouldDisplayMessage" : false,
    "hasContent" : true,
    "stepsCount" : 1,
    "attachmentsCount" : 0
  } ],
  "afterStages" : [ {
    "name" : "driver::0",
    "time" : {
      "start" : 1717426317047,
      "stop" : 1717426317106,
      "duration" : 59
    },
    "status" : "passed",
    "steps" : [ ],
    "attachments" : [ ],
    "parameters" : [ ],
    "shouldDisplayMessage" : false,
    "hasContent" : false,
    "stepsCount" : 0,
    "attachmentsCount" : 0
  } ],
  "labels" : [ {
    "name" : "epic",
    "value" : "Test Main Page smoke_test"
  }, {
    "name" : "tag",
    "value" : "smoke_test"
  }, {
    "name" : "parentSuite",
    "value" : "tests"
  }, {
    "name" : "suite",
    "value" : "main_page_test"
  }, {
    "name" : "subSuite",
    "value" : "TestMainPageSmoke"
  }, {
    "name" : "host",
    "value" : "fv-az1153-519"
  }, {
    "name" : "thread",
    "value" : "2225-MainThread"
  }, {
    "name" : "framework",
    "value" : "pytest"
  }, {
    "name" : "language",
    "value" : "cpython3"
  }, {
    "name" : "package",
    "value" : "tests.main_page_test"
  }, {
    "name" : "resultFormat",
    "value" : "allure2"
  } ],
  "parameters" : [ {
    "name" : "url",
    "value" : "'https://dealer-passport-test.xsfera.ru:3001/gr/'"
  } ],
  "links" : [ ],
  "hidden" : false,
  "retry" : false,
  "extra" : {
    "severity" : "normal",
    "retries" : [ ],
    "categories" : [ {
      "name" : "Test defects",
      "matchedStatuses" : [ ],
      "flaky" : false
    } ],
    "history" : {
      "statistic" : {
        "failed" : 0,
        "broken" : 1,
        "skipped" : 0,
        "passed" : 8,
        "unknown" : 0,
        "total" : 9
      },
      "items" : [ {
        "uid" : "201141b13a3ea97c",
        "reportUrl" : "https://Nat754.github.io/DealerPassport/12//#testresult/201141b13a3ea97c",
        "status" : "passed",
        "time" : {
          "start" : 1717380474171,
          "stop" : 1717380485096,
          "duration" : 10925
        }
      }, {
        "uid" : "c72dcfd3f7441a9c",
        "reportUrl" : "https://Nat754.github.io/DealerPassport/11//#testresult/c72dcfd3f7441a9c",
        "status" : "passed",
        "time" : {
          "start" : 1717294181966,
          "stop" : 1717294192884,
          "duration" : 10918
        }
      }, {
        "uid" : "3f5c377c7deccac1",
        "reportUrl" : "https://Nat754.github.io/DealerPassport/10//#testresult/3f5c377c7deccac1",
        "status" : "passed",
        "time" : {
          "start" : 1717207760980,
          "stop" : 1717207771946,
          "duration" : 10966
        }
      }, {
        "uid" : "fa01375ebda823b1",
        "reportUrl" : "https://Nat754.github.io/DealerPassport/5//#testresult/fa01375ebda823b1",
        "status" : "passed",
        "time" : {
          "start" : 1717150438079,
          "stop" : 1717150448917,
          "duration" : 10838
        }
      }, {
        "uid" : "6a096e7b413c785b",
        "reportUrl" : "https://Nat754.github.io/DealerPassport/5//#testresult/6a096e7b413c785b",
        "status" : "passed",
        "time" : {
          "start" : 1717144128677,
          "stop" : 1717144139665,
          "duration" : 10988
        }
      }, {
        "uid" : "187b7d5de3ac97ec",
        "reportUrl" : "https://Nat754.github.io/DealerPassport/9//#testresult/187b7d5de3ac97ec",
        "status" : "passed",
        "time" : {
          "start" : 1717121305426,
          "stop" : 1717121316306,
          "duration" : 10880
        }
      }, {
        "uid" : "338c014aa84ec2a5",
        "reportUrl" : "https://Nat754.github.io/DealerPassport/5//#testresult/338c014aa84ec2a5",
        "status" : "passed",
        "time" : {
          "start" : 1717080845787,
          "stop" : 1717080856693,
          "duration" : 10906
        }
      }, {
        "uid" : "966ee26da71aae0a",
        "reportUrl" : "https://Nat754.github.io/DealerPassport/4//#testresult/966ee26da71aae0a",
        "status" : "passed",
        "time" : {
          "start" : 1717059446388,
          "stop" : 1717059457234,
          "duration" : 10846
        }
      } ]
    },
    "tags" : [ "smoke_test" ]
  },
  "source" : "fdd1002c512a4728.json",
  "parameterValues" : [ "'https://dealer-passport-test.xsfera.ru:3001/gr/'" ]
}