{
  "uid" : "7c6b230c8c40215a",
  "name" : "Проверить отсутствие ошибок при открытии https://dealer-passport-test.xsfera.ru/dealers/ на сервере СЕО",
  "fullName" : "tests.main_page_test.TestMainPageSmoke#test_open_seo",
  "historyId" : "4b9832eca4d22a522e019e9cf18dcb53",
  "time" : {
    "start" : 1717207592048,
    "stop" : 1717207595388,
    "duration" : 3340
  },
  "status" : "failed",
  "statusMessage" : "AssertionError: Ошибка: ['Произошла ошибка: errors.GRAPHQL_VALIDATION_FAILED\\nПроизошла ошибка: errors.GRAPHQL_VALIDATION_FAILED\\nПроизошла ошибка: errors.GRAPHQL_VALIDATION_FAILED\\nПроизошла ошибка: errors.GRAPHQL_VALIDATION_FAILED\\nПроизошла ошибка: errors.GRAPHQL_VALIDATION_FAILED\\n[Network error]: ServerError: Response not successful: Received status code 400\\nПроизошла ошибка: errors.GRAPHQL_VALIDATION_FAILED\\nПроизошла ошибка: errors.GRAPHQL_VALIDATION_FAILED\\nПроизошла ошибка: errors.GRAPHQL_VALIDATION_FAILED\\nПроизошла ошибка: errors.GRAPHQL_VALIDATION_FAILED\\nПроизошла ошибка: errors.GRAPHQL_VALIDATION_FAILED\\nПроизошла ошибка: errors.GRAPHQL_VALIDATION_FAILED']\nassert None\n +  where None = <bound method MainPage.check_not_errors of <pages.main_page.MainPage object at 0x7f925923be60>>()\n +    where <bound method MainPage.check_not_errors of <pages.main_page.MainPage object at 0x7f925923be60>> = <pages.main_page.MainPage object at 0x7f925923be60>.check_not_errors",
  "statusTrace" : "self = <tests.main_page_test.TestMainPageSmoke object at 0x7f92592e53d0>\nauth_user_admin_to_seo = <pages.main_page.MainPage object at 0x7f925923be60>\ndriver = <selenium.webdriver.chrome.webdriver.WebDriver (session=\"6eb1cfe4f8f117b2063ae0d96da24c80\")>\nurl = 'https://dealer-passport-test.xsfera.ru/dealers/'\n\n    @pytest.mark.parametrize('url', Urls.LIST_URLS_SEO)\n    def test_open_seo(self, auth_user_admin_to_seo, driver, url):\n        allure.dynamic.title(f'Проверить отсутствие ошибок при открытии {url} на сервере СЕО')\n        driver.get(url)\n>       assert auth_user_admin_to_seo.check_not_errors(), \\\n            f'Ошибка: {[item.text for item in auth_user_admin_to_seo.check_error_notifications()]}'\nE       AssertionError: Ошибка: ['Произошла ошибка: errors.GRAPHQL_VALIDATION_FAILED\\nПроизошла ошибка: errors.GRAPHQL_VALIDATION_FAILED\\nПроизошла ошибка: errors.GRAPHQL_VALIDATION_FAILED\\nПроизошла ошибка: errors.GRAPHQL_VALIDATION_FAILED\\nПроизошла ошибка: errors.GRAPHQL_VALIDATION_FAILED\\n[Network error]: ServerError: Response not successful: Received status code 400\\nПроизошла ошибка: errors.GRAPHQL_VALIDATION_FAILED\\nПроизошла ошибка: errors.GRAPHQL_VALIDATION_FAILED\\nПроизошла ошибка: errors.GRAPHQL_VALIDATION_FAILED\\nПроизошла ошибка: errors.GRAPHQL_VALIDATION_FAILED\\nПроизошла ошибка: errors.GRAPHQL_VALIDATION_FAILED\\nПроизошла ошибка: errors.GRAPHQL_VALIDATION_FAILED']\nE       assert None\nE        +  where None = <bound method MainPage.check_not_errors of <pages.main_page.MainPage object at 0x7f925923be60>>()\nE        +    where <bound method MainPage.check_not_errors of <pages.main_page.MainPage object at 0x7f925923be60>> = <pages.main_page.MainPage object at 0x7f925923be60>.check_not_errors\n\ntests/main_page_test.py:30: AssertionError",
  "flaky" : false,
  "newFailed" : false,
  "beforeStages" : [ {
    "name" : "clear_allure_results_folder",
    "time" : {
      "start" : 1717207362882,
      "stop" : 1717207362882,
      "duration" : 0
    },
    "status" : "passed",
    "steps" : [ ],
    "attachments" : [ ],
    "parameters" : [ ],
    "stepsCount" : 0,
    "attachmentsCount" : 0,
    "shouldDisplayMessage" : false,
    "hasContent" : false
  }, {
    "name" : "driver",
    "time" : {
      "start" : 1717207583824,
      "stop" : 1717207584022,
      "duration" : 198
    },
    "status" : "passed",
    "steps" : [ ],
    "attachments" : [ ],
    "parameters" : [ ],
    "stepsCount" : 0,
    "attachmentsCount" : 0,
    "shouldDisplayMessage" : false,
    "hasContent" : false
  }, {
    "name" : "auth_user_admin_to_seo",
    "time" : {
      "start" : 1717207584022,
      "stop" : 1717207592047,
      "duration" : 8025
    },
    "status" : "passed",
    "steps" : [ {
      "name" : "Проверка видимости кнопки '('xpath', '//span[text()=\"Согласен\"]')' на главной странице",
      "time" : {
        "start" : 1717207587883,
        "stop" : 1717207591999,
        "duration" : 4116
      },
      "status" : "passed",
      "steps" : [ ],
      "attachments" : [ ],
      "parameters" : [ ],
      "stepsCount" : 0,
      "attachmentsCount" : 0,
      "shouldDisplayMessage" : false,
      "hasContent" : false
    } ],
    "attachments" : [ ],
    "parameters" : [ ],
    "stepsCount" : 1,
    "attachmentsCount" : 0,
    "shouldDisplayMessage" : false,
    "hasContent" : true
  } ],
  "testStage" : {
    "status" : "failed",
    "statusMessage" : "AssertionError: Ошибка: ['Произошла ошибка: errors.GRAPHQL_VALIDATION_FAILED\\nПроизошла ошибка: errors.GRAPHQL_VALIDATION_FAILED\\nПроизошла ошибка: errors.GRAPHQL_VALIDATION_FAILED\\nПроизошла ошибка: errors.GRAPHQL_VALIDATION_FAILED\\nПроизошла ошибка: errors.GRAPHQL_VALIDATION_FAILED\\n[Network error]: ServerError: Response not successful: Received status code 400\\nПроизошла ошибка: errors.GRAPHQL_VALIDATION_FAILED\\nПроизошла ошибка: errors.GRAPHQL_VALIDATION_FAILED\\nПроизошла ошибка: errors.GRAPHQL_VALIDATION_FAILED\\nПроизошла ошибка: errors.GRAPHQL_VALIDATION_FAILED\\nПроизошла ошибка: errors.GRAPHQL_VALIDATION_FAILED\\nПроизошла ошибка: errors.GRAPHQL_VALIDATION_FAILED']\nassert None\n +  where None = <bound method MainPage.check_not_errors of <pages.main_page.MainPage object at 0x7f925923be60>>()\n +    where <bound method MainPage.check_not_errors of <pages.main_page.MainPage object at 0x7f925923be60>> = <pages.main_page.MainPage object at 0x7f925923be60>.check_not_errors",
    "statusTrace" : "self = <tests.main_page_test.TestMainPageSmoke object at 0x7f92592e53d0>\nauth_user_admin_to_seo = <pages.main_page.MainPage object at 0x7f925923be60>\ndriver = <selenium.webdriver.chrome.webdriver.WebDriver (session=\"6eb1cfe4f8f117b2063ae0d96da24c80\")>\nurl = 'https://dealer-passport-test.xsfera.ru/dealers/'\n\n    @pytest.mark.parametrize('url', Urls.LIST_URLS_SEO)\n    def test_open_seo(self, auth_user_admin_to_seo, driver, url):\n        allure.dynamic.title(f'Проверить отсутствие ошибок при открытии {url} на сервере СЕО')\n        driver.get(url)\n>       assert auth_user_admin_to_seo.check_not_errors(), \\\n            f'Ошибка: {[item.text for item in auth_user_admin_to_seo.check_error_notifications()]}'\nE       AssertionError: Ошибка: ['Произошла ошибка: errors.GRAPHQL_VALIDATION_FAILED\\nПроизошла ошибка: errors.GRAPHQL_VALIDATION_FAILED\\nПроизошла ошибка: errors.GRAPHQL_VALIDATION_FAILED\\nПроизошла ошибка: errors.GRAPHQL_VALIDATION_FAILED\\nПроизошла ошибка: errors.GRAPHQL_VALIDATION_FAILED\\n[Network error]: ServerError: Response not successful: Received status code 400\\nПроизошла ошибка: errors.GRAPHQL_VALIDATION_FAILED\\nПроизошла ошибка: errors.GRAPHQL_VALIDATION_FAILED\\nПроизошла ошибка: errors.GRAPHQL_VALIDATION_FAILED\\nПроизошла ошибка: errors.GRAPHQL_VALIDATION_FAILED\\nПроизошла ошибка: errors.GRAPHQL_VALIDATION_FAILED\\nПроизошла ошибка: errors.GRAPHQL_VALIDATION_FAILED']\nE       assert None\nE        +  where None = <bound method MainPage.check_not_errors of <pages.main_page.MainPage object at 0x7f925923be60>>()\nE        +    where <bound method MainPage.check_not_errors of <pages.main_page.MainPage object at 0x7f925923be60>> = <pages.main_page.MainPage object at 0x7f925923be60>.check_not_errors\n\ntests/main_page_test.py:30: AssertionError",
    "steps" : [ {
      "name" : "Проверить отсутствие ошибок",
      "time" : {
        "start" : 1717207593775,
        "stop" : 1717207595340,
        "duration" : 1565
      },
      "status" : "passed",
      "steps" : [ ],
      "attachments" : [ ],
      "parameters" : [ ],
      "stepsCount" : 0,
      "attachmentsCount" : 0,
      "shouldDisplayMessage" : false,
      "hasContent" : false
    }, {
      "name" : "Проверить видимость ошибок",
      "time" : {
        "start" : 1717207595340,
        "stop" : 1717207595351,
        "duration" : 11
      },
      "status" : "passed",
      "steps" : [ ],
      "attachments" : [ ],
      "parameters" : [ ],
      "stepsCount" : 0,
      "attachmentsCount" : 0,
      "shouldDisplayMessage" : false,
      "hasContent" : false
    } ],
    "attachments" : [ {
      "uid" : "fb7c6e76a4178b61",
      "name" : "Screenshot",
      "source" : "fb7c6e76a4178b61.png",
      "type" : "image/png",
      "size" : 137923
    }, {
      "uid" : "e5fd698be05ea326",
      "name" : "HTML source",
      "source" : "e5fd698be05ea326.html",
      "type" : "text/html",
      "size" : 45815
    } ],
    "parameters" : [ ],
    "stepsCount" : 2,
    "attachmentsCount" : 2,
    "shouldDisplayMessage" : true,
    "hasContent" : true
  },
  "afterStages" : [ {
    "name" : "driver::0",
    "time" : {
      "start" : 1717207595522,
      "stop" : 1717207595584,
      "duration" : 62
    },
    "status" : "passed",
    "steps" : [ ],
    "attachments" : [ ],
    "parameters" : [ ],
    "stepsCount" : 0,
    "attachmentsCount" : 0,
    "shouldDisplayMessage" : false,
    "hasContent" : false
  } ],
  "labels" : [ {
    "name" : "epic",
    "value" : "Test Main Page smoke_test"
  }, {
    "name" : "tag",
    "value" : "smoke_test"
  }, {
    "name" : "parentSuite",
    "value" : "tests"
  }, {
    "name" : "suite",
    "value" : "main_page_test"
  }, {
    "name" : "subSuite",
    "value" : "TestMainPageSmoke"
  }, {
    "name" : "host",
    "value" : "fv-az1437-249"
  }, {
    "name" : "thread",
    "value" : "2211-MainThread"
  }, {
    "name" : "framework",
    "value" : "pytest"
  }, {
    "name" : "language",
    "value" : "cpython3"
  }, {
    "name" : "package",
    "value" : "tests.main_page_test"
  }, {
    "name" : "resultFormat",
    "value" : "allure2"
  } ],
  "parameters" : [ {
    "name" : "url",
    "value" : "'https://dealer-passport-test.xsfera.ru/dealers/'"
  } ],
  "links" : [ ],
  "hidden" : false,
  "retry" : false,
  "extra" : {
    "severity" : "normal",
    "retries" : [ ],
    "categories" : [ {
      "name" : "Product defects",
      "matchedStatuses" : [ ],
      "flaky" : false
    } ],
    "history" : {
      "statistic" : {
        "failed" : 2,
        "broken" : 0,
        "skipped" : 0,
        "passed" : 4,
        "unknown" : 0,
        "total" : 6
      },
      "items" : [ {
        "uid" : "6e64d4d9fa9c4d4a",
        "reportUrl" : "https://Nat754.github.io/DealerPassport/5//#testresult/6e64d4d9fa9c4d4a",
        "status" : "failed",
        "statusDetails" : "AssertionError: Ошибка: ['Произошла ошибка: errors.GRAPHQL_VALIDATION_FAILED\\nПроизошла ошибка: errors.GRAPHQL_VALIDATION_FAILED\\nПроизошла ошибка: errors.GRAPHQL_VALIDATION_FAILED']\nassert None\n +  where None = <bound method MainPage.check_not_errors of <pages.main_page.MainPage object at 0x7fa8887f9d30>>()\n +    where <bound method MainPage.check_not_errors of <pages.main_page.MainPage object at 0x7fa8887f9d30>> = <pages.main_page.MainPage object at 0x7fa8887f9d30>.check_not_errors",
        "time" : {
          "start" : 1717150294130,
          "stop" : 1717150295279,
          "duration" : 1149
        }
      }, {
        "uid" : "f809d4d8907424ca",
        "reportUrl" : "https://Nat754.github.io/DealerPassport/5//#testresult/f809d4d8907424ca",
        "status" : "passed",
        "time" : {
          "start" : 1717143950941,
          "stop" : 1717143961871,
          "duration" : 10930
        }
      }, {
        "uid" : "95546dbb8737e600",
        "reportUrl" : "https://Nat754.github.io/DealerPassport/9//#testresult/95546dbb8737e600",
        "status" : "passed",
        "time" : {
          "start" : 1717121136679,
          "stop" : 1717121147664,
          "duration" : 10985
        }
      }, {
        "uid" : "fec36ba75e923b56",
        "reportUrl" : "https://Nat754.github.io/DealerPassport/5//#testresult/fec36ba75e923b56",
        "status" : "passed",
        "time" : {
          "start" : 1717080661924,
          "stop" : 1717080672791,
          "duration" : 10867
        }
      }, {
        "uid" : "671c3e002ed80168",
        "reportUrl" : "https://Nat754.github.io/DealerPassport/4//#testresult/671c3e002ed80168",
        "status" : "passed",
        "time" : {
          "start" : 1717059276944,
          "stop" : 1717059287793,
          "duration" : 10849
        }
      } ]
    },
    "tags" : [ "smoke_test" ]
  },
  "source" : "7c6b230c8c40215a.json",
  "parameterValues" : [ "'https://dealer-passport-test.xsfera.ru/dealers/'" ]
}