{
  "uid" : "ffa8a44bdf7f5dc9",
  "name" : "Проверить отсутствие ошибок при открытии https://dealer-passport-test.xsfera.ru/users/ на сервере СЕО",
  "fullName" : "tests.main_page_test.TestMainPageSmoke#test_open_seo",
  "historyId" : "d440e270cffee55c166bb9d25e4ce1f0",
  "time" : {
    "start" : 1717207600722,
    "stop" : 1717207603135,
    "duration" : 2413
  },
  "status" : "failed",
  "statusMessage" : "AssertionError: Ошибка: ['[Network error]: ServerError: Response not successful: Received status code 400\\nПроизошла ошибка: errors.GRAPHQL_VALIDATION_FAILED\\nПроизошла ошибка: errors.GRAPHQL_VALIDATION_FAILED\\nПроизошла ошибка: errors.GRAPHQL_VALIDATION_FAILED\\nПроизошла ошибка: errors.GRAPHQL_VALIDATION_FAILED\\nПроизошла ошибка: errors.GRAPHQL_VALIDATION_FAILED\\nПроизошла ошибка: errors.GRAPHQL_VALIDATION_FAILED']\nassert None\n +  where None = <bound method MainPage.check_not_errors of <pages.main_page.MainPage object at 0x7f9259099af0>>()\n +    where <bound method MainPage.check_not_errors of <pages.main_page.MainPage object at 0x7f9259099af0>> = <pages.main_page.MainPage object at 0x7f9259099af0>.check_not_errors",
  "statusTrace" : "self = <tests.main_page_test.TestMainPageSmoke object at 0x7f92592e4d10>\nauth_user_admin_to_seo = <pages.main_page.MainPage object at 0x7f9259099af0>\ndriver = <selenium.webdriver.chrome.webdriver.WebDriver (session=\"6890f66cfd09c7a91bc3714ad24d2aea\")>\nurl = 'https://dealer-passport-test.xsfera.ru/users/'\n\n    @pytest.mark.parametrize('url', Urls.LIST_URLS_SEO)\n    def test_open_seo(self, auth_user_admin_to_seo, driver, url):\n        allure.dynamic.title(f'Проверить отсутствие ошибок при открытии {url} на сервере СЕО')\n        driver.get(url)\n>       assert auth_user_admin_to_seo.check_not_errors(), \\\n            f'Ошибка: {[item.text for item in auth_user_admin_to_seo.check_error_notifications()]}'\nE       AssertionError: Ошибка: ['[Network error]: ServerError: Response not successful: Received status code 400\\nПроизошла ошибка: errors.GRAPHQL_VALIDATION_FAILED\\nПроизошла ошибка: errors.GRAPHQL_VALIDATION_FAILED\\nПроизошла ошибка: errors.GRAPHQL_VALIDATION_FAILED\\nПроизошла ошибка: errors.GRAPHQL_VALIDATION_FAILED\\nПроизошла ошибка: errors.GRAPHQL_VALIDATION_FAILED\\nПроизошла ошибка: errors.GRAPHQL_VALIDATION_FAILED']\nE       assert None\nE        +  where None = <bound method MainPage.check_not_errors of <pages.main_page.MainPage object at 0x7f9259099af0>>()\nE        +    where <bound method MainPage.check_not_errors of <pages.main_page.MainPage object at 0x7f9259099af0>> = <pages.main_page.MainPage object at 0x7f9259099af0>.check_not_errors\n\ntests/main_page_test.py:30: AssertionError",
  "flaky" : false,
  "newFailed" : false,
  "beforeStages" : [ {
    "name" : "driver",
    "time" : {
      "start" : 1717207595585,
      "stop" : 1717207595785,
      "duration" : 200
    },
    "status" : "passed",
    "steps" : [ ],
    "attachments" : [ ],
    "parameters" : [ ],
    "stepsCount" : 0,
    "attachmentsCount" : 0,
    "shouldDisplayMessage" : false,
    "hasContent" : false
  }, {
    "name" : "clear_allure_results_folder",
    "time" : {
      "start" : 1717207362882,
      "stop" : 1717207362882,
      "duration" : 0
    },
    "status" : "passed",
    "steps" : [ ],
    "attachments" : [ ],
    "parameters" : [ ],
    "stepsCount" : 0,
    "attachmentsCount" : 0,
    "shouldDisplayMessage" : false,
    "hasContent" : false
  }, {
    "name" : "auth_user_admin_to_seo",
    "time" : {
      "start" : 1717207595785,
      "stop" : 1717207600721,
      "duration" : 4936
    },
    "status" : "passed",
    "steps" : [ {
      "name" : "Проверка видимости кнопки '('xpath', '//span[text()=\"Согласен\"]')' на главной странице",
      "time" : {
        "start" : 1717207599620,
        "stop" : 1717207600673,
        "duration" : 1053
      },
      "status" : "passed",
      "steps" : [ ],
      "attachments" : [ ],
      "parameters" : [ ],
      "stepsCount" : 0,
      "attachmentsCount" : 0,
      "shouldDisplayMessage" : false,
      "hasContent" : false
    } ],
    "attachments" : [ ],
    "parameters" : [ ],
    "stepsCount" : 1,
    "attachmentsCount" : 0,
    "shouldDisplayMessage" : false,
    "hasContent" : true
  } ],
  "testStage" : {
    "status" : "failed",
    "statusMessage" : "AssertionError: Ошибка: ['[Network error]: ServerError: Response not successful: Received status code 400\\nПроизошла ошибка: errors.GRAPHQL_VALIDATION_FAILED\\nПроизошла ошибка: errors.GRAPHQL_VALIDATION_FAILED\\nПроизошла ошибка: errors.GRAPHQL_VALIDATION_FAILED\\nПроизошла ошибка: errors.GRAPHQL_VALIDATION_FAILED\\nПроизошла ошибка: errors.GRAPHQL_VALIDATION_FAILED\\nПроизошла ошибка: errors.GRAPHQL_VALIDATION_FAILED']\nassert None\n +  where None = <bound method MainPage.check_not_errors of <pages.main_page.MainPage object at 0x7f9259099af0>>()\n +    where <bound method MainPage.check_not_errors of <pages.main_page.MainPage object at 0x7f9259099af0>> = <pages.main_page.MainPage object at 0x7f9259099af0>.check_not_errors",
    "statusTrace" : "self = <tests.main_page_test.TestMainPageSmoke object at 0x7f92592e4d10>\nauth_user_admin_to_seo = <pages.main_page.MainPage object at 0x7f9259099af0>\ndriver = <selenium.webdriver.chrome.webdriver.WebDriver (session=\"6890f66cfd09c7a91bc3714ad24d2aea\")>\nurl = 'https://dealer-passport-test.xsfera.ru/users/'\n\n    @pytest.mark.parametrize('url', Urls.LIST_URLS_SEO)\n    def test_open_seo(self, auth_user_admin_to_seo, driver, url):\n        allure.dynamic.title(f'Проверить отсутствие ошибок при открытии {url} на сервере СЕО')\n        driver.get(url)\n>       assert auth_user_admin_to_seo.check_not_errors(), \\\n            f'Ошибка: {[item.text for item in auth_user_admin_to_seo.check_error_notifications()]}'\nE       AssertionError: Ошибка: ['[Network error]: ServerError: Response not successful: Received status code 400\\nПроизошла ошибка: errors.GRAPHQL_VALIDATION_FAILED\\nПроизошла ошибка: errors.GRAPHQL_VALIDATION_FAILED\\nПроизошла ошибка: errors.GRAPHQL_VALIDATION_FAILED\\nПроизошла ошибка: errors.GRAPHQL_VALIDATION_FAILED\\nПроизошла ошибка: errors.GRAPHQL_VALIDATION_FAILED\\nПроизошла ошибка: errors.GRAPHQL_VALIDATION_FAILED']\nE       assert None\nE        +  where None = <bound method MainPage.check_not_errors of <pages.main_page.MainPage object at 0x7f9259099af0>>()\nE        +    where <bound method MainPage.check_not_errors of <pages.main_page.MainPage object at 0x7f9259099af0>> = <pages.main_page.MainPage object at 0x7f9259099af0>.check_not_errors\n\ntests/main_page_test.py:30: AssertionError",
    "steps" : [ {
      "name" : "Проверить отсутствие ошибок",
      "time" : {
        "start" : 1717207601543,
        "stop" : 1717207603102,
        "duration" : 1559
      },
      "status" : "passed",
      "steps" : [ ],
      "attachments" : [ ],
      "parameters" : [ ],
      "stepsCount" : 0,
      "attachmentsCount" : 0,
      "shouldDisplayMessage" : false,
      "hasContent" : false
    }, {
      "name" : "Проверить видимость ошибок",
      "time" : {
        "start" : 1717207603102,
        "stop" : 1717207603113,
        "duration" : 11
      },
      "status" : "passed",
      "steps" : [ ],
      "attachments" : [ ],
      "parameters" : [ ],
      "stepsCount" : 0,
      "attachmentsCount" : 0,
      "shouldDisplayMessage" : false,
      "hasContent" : false
    } ],
    "attachments" : [ {
      "uid" : "dcc03f4f84d541a0",
      "name" : "Screenshot",
      "source" : "dcc03f4f84d541a0.png",
      "type" : "image/png",
      "size" : 190420
    }, {
      "uid" : "4fb0dc98eb766bd3",
      "name" : "HTML source",
      "source" : "4fb0dc98eb766bd3.html",
      "type" : "text/html",
      "size" : 117751
    } ],
    "parameters" : [ ],
    "stepsCount" : 2,
    "attachmentsCount" : 2,
    "shouldDisplayMessage" : true,
    "hasContent" : true
  },
  "afterStages" : [ {
    "name" : "driver::0",
    "time" : {
      "start" : 1717207603283,
      "stop" : 1717207603344,
      "duration" : 61
    },
    "status" : "passed",
    "steps" : [ ],
    "attachments" : [ ],
    "parameters" : [ ],
    "stepsCount" : 0,
    "attachmentsCount" : 0,
    "shouldDisplayMessage" : false,
    "hasContent" : false
  } ],
  "labels" : [ {
    "name" : "epic",
    "value" : "Test Main Page smoke_test"
  }, {
    "name" : "tag",
    "value" : "smoke_test"
  }, {
    "name" : "parentSuite",
    "value" : "tests"
  }, {
    "name" : "suite",
    "value" : "main_page_test"
  }, {
    "name" : "subSuite",
    "value" : "TestMainPageSmoke"
  }, {
    "name" : "host",
    "value" : "fv-az1437-249"
  }, {
    "name" : "thread",
    "value" : "2211-MainThread"
  }, {
    "name" : "framework",
    "value" : "pytest"
  }, {
    "name" : "language",
    "value" : "cpython3"
  }, {
    "name" : "package",
    "value" : "tests.main_page_test"
  }, {
    "name" : "resultFormat",
    "value" : "allure2"
  } ],
  "parameters" : [ {
    "name" : "url",
    "value" : "'https://dealer-passport-test.xsfera.ru/users/'"
  } ],
  "links" : [ ],
  "hidden" : false,
  "retry" : false,
  "extra" : {
    "severity" : "normal",
    "retries" : [ ],
    "categories" : [ {
      "name" : "Product defects",
      "matchedStatuses" : [ ],
      "flaky" : false
    } ],
    "history" : {
      "statistic" : {
        "failed" : 2,
        "broken" : 0,
        "skipped" : 0,
        "passed" : 4,
        "unknown" : 0,
        "total" : 6
      },
      "items" : [ {
        "uid" : "c3dda86867bd7d8c",
        "reportUrl" : "https://Nat754.github.io/DealerPassport/5//#testresult/c3dda86867bd7d8c",
        "status" : "failed",
        "statusDetails" : "AssertionError: Ошибка: ['[Network error]: ServerError: Response not successful: Received status code 400\\nПроизошла ошибка: errors.GRAPHQL_VALIDATION_FAILED\\nПроизошла ошибка: errors.GRAPHQL_VALIDATION_FAILED\\nПроизошла ошибка: errors.GRAPHQL_VALIDATION_FAILED\\nПроизошла ошибка: errors.GRAPHQL_VALIDATION_FAILED\\nПроизошла ошибка: errors.GRAPHQL_VALIDATION_FAILED\\nПроизошла ошибка: errors.GRAPHQL_VALIDATION_FAILED\\nПроизошла ошибка: errors.GRAPHQL_VALIDATION_FAILED\\nПроизошла ошибка: errors.GRAPHQL_VALIDATION_FAILED']\nassert None\n +  where None = <bound method MainPage.check_not_errors of <pages.main_page.MainPage object at 0x7fa8884b96d0>>()\n +    where <bound method MainPage.check_not_errors of <pages.main_page.MainPage object at 0x7fa8884b96d0>> = <pages.main_page.MainPage object at 0x7fa8884b96d0>.check_not_errors",
        "time" : {
          "start" : 1717150298175,
          "stop" : 1717150299777,
          "duration" : 1602
        }
      }, {
        "uid" : "98b456e51c596461",
        "reportUrl" : "https://Nat754.github.io/DealerPassport/5//#testresult/98b456e51c596461",
        "status" : "passed",
        "time" : {
          "start" : 1717143965732,
          "stop" : 1717143976669,
          "duration" : 10937
        }
      }, {
        "uid" : "15effbcce5e5f501",
        "reportUrl" : "https://Nat754.github.io/DealerPassport/9//#testresult/15effbcce5e5f501",
        "status" : "passed",
        "time" : {
          "start" : 1717121151436,
          "stop" : 1717121162286,
          "duration" : 10850
        }
      }, {
        "uid" : "7f6bea5bba29314a",
        "reportUrl" : "https://Nat754.github.io/DealerPassport/5//#testresult/7f6bea5bba29314a",
        "status" : "passed",
        "time" : {
          "start" : 1717080676564,
          "stop" : 1717080687470,
          "duration" : 10906
        }
      }, {
        "uid" : "eb70e612a946b1e8",
        "reportUrl" : "https://Nat754.github.io/DealerPassport/4//#testresult/eb70e612a946b1e8",
        "status" : "passed",
        "time" : {
          "start" : 1717059290810,
          "stop" : 1717059301708,
          "duration" : 10898
        }
      } ]
    },
    "tags" : [ "smoke_test" ]
  },
  "source" : "ffa8a44bdf7f5dc9.json",
  "parameterValues" : [ "'https://dealer-passport-test.xsfera.ru/users/'" ]
}