{
  "uid" : "fea2e673623ce261",
  "name" : "test_open_url[https://dealer-passport.vaz.ru/base/staff/?searchText=&page=0&openModal=&dateBegin=&selectedDate=&currentId=]",
  "fullName" : "tests.ui_tests.main_page_test.TestMainPageSmoke#test_open_url",
  "historyId" : "ddda1ee2e81619707cf12834d61270b6",
  "time" : {
    "start" : 1761811199521,
    "stop" : 1761811199522,
    "duration" : 1
  },
  "status" : "broken",
  "statusMessage" : "selenium.common.exceptions.TimeoutException: Message: \nStacktrace:\n#0 0x5581929befba <unknown>\n#1 0x5581924436d0 <unknown>\n#2 0x5581924952aa <unknown>\n#3 0x558192495541 <unknown>\n#4 0x5581924e36c4 <unknown>\n#5 0x5581924bae5d <unknown>\n#6 0x5581924e0b54 <unknown>\n#7 0x5581924bac03 <unknown>\n#8 0x5581924877a8 <unknown>\n#9 0x558192488421 <unknown>\n#10 0x558192983b28 <unknown>\n#11 0x55819298787f <unknown>\n#12 0x55819296bc49 <unknown>\n#13 0x558192988405 <unknown>\n#14 0x5581929514ff <unknown>\n#15 0x5581929ac258 <unknown>\n#16 0x5581929ac432 <unknown>\n#17 0x5581929bdfa3 <unknown>\n#18 0x7f6ced29caa4 <unknown>\n#19 0x7f6ced329c6c <unknown>",
  "statusTrace" : "driver = <selenium.webdriver.chrome.webdriver.WebDriver (session=\"8734234db312406725feea02a554d7e1\")>\n\n    @pytest.fixture\n    def auth_user_admin(driver):\n        main_page = MainPage(driver)\n        url = Urls.MAIN_URL + Urls.AUTH\n        cookies = {'name': 'token', 'value': Tokens.TOKEN}\n        driver.get(url)\n        driver.add_cookie(cookies)\n        driver.get(Urls.MAIN_URL)\n>       main_page.check_button_agree().click()\n\ntests/conftest.py:14: \n_ _ _ _ _ _ _ _ _ _ _ _ _ _ _ _ _ _ _ _ _ _ _ _ _ _ _ _ _ _ _ _ _ _ _ _ _ _ _ _ \npages/main_page.py:17: in check_button_agree\n    return self.element_is_visible(self.locator.AGREE_BUTTON)\npages/base_page.py:18: in element_is_visible\n    self.go_to_element(self.element_is_present(locator))\npages/base_page.py:34: in element_is_present\n    return Wait(self.driver, self.timeout).until(ec.presence_of_element_located(locator))\n_ _ _ _ _ _ _ _ _ _ _ _ _ _ _ _ _ _ _ _ _ _ _ _ _ _ _ _ _ _ _ _ _ _ _ _ _ _ _ _ \n\nself = <selenium.webdriver.support.wait.WebDriverWait (session=\"8734234db312406725feea02a554d7e1\")>\nmethod = <function presence_of_element_located.<locals>._predicate at 0x7fcde2b81080>\nmessage = ''\n\n    def until(self, method: Callable[[D], Union[Literal[False], T]], message: str = \"\") -> T:\n        \"\"\"Calls the method provided with the driver as an argument until the \\\n        return value does not evaluate to ``False``.\n    \n        :param method: callable(WebDriver)\n        :param message: optional message for :exc:`TimeoutException`\n        :returns: the result of the last call to `method`\n        :raises: :exc:`selenium.common.exceptions.TimeoutException` if timeout occurs\n        \"\"\"\n        screen = None\n        stacktrace = None\n    \n        end_time = time.monotonic() + self._timeout\n        while True:\n            try:\n                value = method(self._driver)\n                if value:\n                    return value\n            except self._ignored_exceptions as exc:\n                screen = getattr(exc, \"screen\", None)\n                stacktrace = getattr(exc, \"stacktrace\", None)\n            time.sleep(self._poll)\n            if time.monotonic() > end_time:\n                break\n>       raise TimeoutException(message, screen, stacktrace)\nE       selenium.common.exceptions.TimeoutException: Message: \nE       Stacktrace:\nE       #0 0x5581929befba <unknown>\nE       #1 0x5581924436d0 <unknown>\nE       #2 0x5581924952aa <unknown>\nE       #3 0x558192495541 <unknown>\nE       #4 0x5581924e36c4 <unknown>\nE       #5 0x5581924bae5d <unknown>\nE       #6 0x5581924e0b54 <unknown>\nE       #7 0x5581924bac03 <unknown>\nE       #8 0x5581924877a8 <unknown>\nE       #9 0x558192488421 <unknown>\nE       #10 0x558192983b28 <unknown>\nE       #11 0x55819298787f <unknown>\nE       #12 0x55819296bc49 <unknown>\nE       #13 0x558192988405 <unknown>\nE       #14 0x5581929514ff <unknown>\nE       #15 0x5581929ac258 <unknown>\nE       #16 0x5581929ac432 <unknown>\nE       #17 0x5581929bdfa3 <unknown>\nE       #18 0x7f6ced29caa4 <unknown>\nE       #19 0x7f6ced329c6c <unknown>\n\n/opt/hostedtoolcache/Python/3.12.11/x64/lib/python3.12/site-packages/selenium/webdriver/support/wait.py:105: TimeoutException",
  "flaky" : false,
  "newFailed" : false,
  "beforeStages" : [ {
    "name" : "clear_allure_results_folder",
    "time" : {
      "start" : 1761808564996,
      "stop" : 1761808564996,
      "duration" : 0
    },
    "status" : "passed",
    "steps" : [ ],
    "attachments" : [ ],
    "parameters" : [ ],
    "stepsCount" : 0,
    "attachmentsCount" : 0,
    "shouldDisplayMessage" : false,
    "hasContent" : false
  }, {
    "name" : "driver",
    "time" : {
      "start" : 1761811199522,
      "stop" : 1761811199790,
      "duration" : 268
    },
    "status" : "passed",
    "steps" : [ ],
    "attachments" : [ ],
    "parameters" : [ ],
    "stepsCount" : 0,
    "attachmentsCount" : 0,
    "shouldDisplayMessage" : false,
    "hasContent" : false
  }, {
    "name" : "auth_user_admin",
    "time" : {
      "start" : 1761811199790,
      "stop" : 1761811275476,
      "duration" : 75686
    },
    "status" : "broken",
    "statusMessage" : "selenium.common.exceptions.TimeoutException: Message: \nStacktrace:\n#0 0x5581929befba <unknown>\n#1 0x5581924436d0 <unknown>\n#2 0x5581924952aa <unknown>\n#3 0x558192495541 <unknown>\n#4 0x5581924e36c4 <unknown>\n#5 0x5581924bae5d <unknown>\n#6 0x5581924e0b54 <unknown>\n#7 0x5581924bac03 <unknown>\n#8 0x5581924877a8 <unknown>\n#9 0x558192488421 <unknown>\n#10 0x558192983b28 <unknown>\n#11 0x55819298787f <unknown>\n#12 0x55819296bc49 <unknown>\n#13 0x558192988405 <unknown>\n#14 0x5581929514ff <unknown>\n#15 0x5581929ac258 <unknown>\n#16 0x5581929ac432 <unknown>\n#17 0x5581929bdfa3 <unknown>\n#18 0x7f6ced29caa4 <unknown>\n#19 0x7f6ced329c6c <unknown>\n\n",
    "statusTrace" : "  File \"/opt/hostedtoolcache/Python/3.12.11/x64/lib/python3.12/site-packages/pluggy/_callers.py\", line 38, in run_old_style_hookwrapper\n    res = yield\n          ^^^^^\n  File \"/opt/hostedtoolcache/Python/3.12.11/x64/lib/python3.12/site-packages/pluggy/_callers.py\", line 139, in _multicall\n    teardown.throw(exception)\n  File \"/opt/hostedtoolcache/Python/3.12.11/x64/lib/python3.12/site-packages/_pytest/setuponly.py\", line 36, in pytest_fixture_setup\n    return (yield)\n            ^^^^^\n  File \"/opt/hostedtoolcache/Python/3.12.11/x64/lib/python3.12/site-packages/pluggy/_callers.py\", line 121, in _multicall\n    res = hook_impl.function(*args)\n          ^^^^^^^^^^^^^^^^^^^^^^^^^\n  File \"/opt/hostedtoolcache/Python/3.12.11/x64/lib/python3.12/site-packages/_pytest/fixtures.py\", line 1140, in pytest_fixture_setup\n    result = call_fixture_func(fixturefunc, request, kwargs)\n             ^^^^^^^^^^^^^^^^^^^^^^^^^^^^^^^^^^^^^^^^^^^^^^^\n  File \"/opt/hostedtoolcache/Python/3.12.11/x64/lib/python3.12/site-packages/_pytest/fixtures.py\", line 917, in call_fixture_func\n    fixture_result = fixturefunc(**kwargs)\n                     ^^^^^^^^^^^^^^^^^^^^^\n  File \"/home/runner/work/DealerPassport/DealerPassport/tests/conftest.py\", line 14, in auth_user_admin\n    main_page.check_button_agree().click()\n    ^^^^^^^^^^^^^^^^^^^^^^^^^^^^^^\n  File \"/opt/hostedtoolcache/Python/3.12.11/x64/lib/python3.12/site-packages/allure_commons/_allure.py\", line 192, in impl\n    return func(*a, **kw)\n           ^^^^^^^^^^^^^^\n  File \"/home/runner/work/DealerPassport/DealerPassport/pages/main_page.py\", line 17, in check_button_agree\n    return self.element_is_visible(self.locator.AGREE_BUTTON)\n           ^^^^^^^^^^^^^^^^^^^^^^^^^^^^^^^^^^^^^^^^^^^^^^^^^^\n  File \"/home/runner/work/DealerPassport/DealerPassport/pages/base_page.py\", line 18, in element_is_visible\n    self.go_to_element(self.element_is_present(locator))\n                       ^^^^^^^^^^^^^^^^^^^^^^^^^^^^^^^^\n  File \"/home/runner/work/DealerPassport/DealerPassport/pages/base_page.py\", line 34, in element_is_present\n    return Wait(self.driver, self.timeout).until(ec.presence_of_element_located(locator))\n           ^^^^^^^^^^^^^^^^^^^^^^^^^^^^^^^^^^^^^^^^^^^^^^^^^^^^^^^^^^^^^^^^^^^^^^^^^^^^^^\n  File \"/opt/hostedtoolcache/Python/3.12.11/x64/lib/python3.12/site-packages/selenium/webdriver/support/wait.py\", line 105, in until\n    raise TimeoutException(message, screen, stacktrace)\n",
    "steps" : [ {
      "name" : "Проверка видимости кнопки '('xpath', '//span[text()=\"Согласен\"]')' на главной странице",
      "time" : {
        "start" : 1761811215283,
        "stop" : 1761811275475,
        "duration" : 60192
      },
      "status" : "broken",
      "statusMessage" : "selenium.common.exceptions.TimeoutException: Message: \nStacktrace:\n#0 0x5581929befba <unknown>\n#1 0x5581924436d0 <unknown>\n#2 0x5581924952aa <unknown>\n#3 0x558192495541 <unknown>\n#4 0x5581924e36c4 <unknown>\n#5 0x5581924bae5d <unknown>\n#6 0x5581924e0b54 <unknown>\n#7 0x5581924bac03 <unknown>\n#8 0x5581924877a8 <unknown>\n#9 0x558192488421 <unknown>\n#10 0x558192983b28 <unknown>\n#11 0x55819298787f <unknown>\n#12 0x55819296bc49 <unknown>\n#13 0x558192988405 <unknown>\n#14 0x5581929514ff <unknown>\n#15 0x5581929ac258 <unknown>\n#16 0x5581929ac432 <unknown>\n#17 0x5581929bdfa3 <unknown>\n#18 0x7f6ced29caa4 <unknown>\n#19 0x7f6ced329c6c <unknown>\n\n",
      "statusTrace" : "  File \"/opt/hostedtoolcache/Python/3.12.11/x64/lib/python3.12/site-packages/allure_commons/_allure.py\", line 192, in impl\n    return func(*a, **kw)\n           ^^^^^^^^^^^^^^\n  File \"/home/runner/work/DealerPassport/DealerPassport/pages/main_page.py\", line 17, in check_button_agree\n    return self.element_is_visible(self.locator.AGREE_BUTTON)\n           ^^^^^^^^^^^^^^^^^^^^^^^^^^^^^^^^^^^^^^^^^^^^^^^^^^\n  File \"/home/runner/work/DealerPassport/DealerPassport/pages/base_page.py\", line 18, in element_is_visible\n    self.go_to_element(self.element_is_present(locator))\n                       ^^^^^^^^^^^^^^^^^^^^^^^^^^^^^^^^\n  File \"/home/runner/work/DealerPassport/DealerPassport/pages/base_page.py\", line 34, in element_is_present\n    return Wait(self.driver, self.timeout).until(ec.presence_of_element_located(locator))\n           ^^^^^^^^^^^^^^^^^^^^^^^^^^^^^^^^^^^^^^^^^^^^^^^^^^^^^^^^^^^^^^^^^^^^^^^^^^^^^^\n  File \"/opt/hostedtoolcache/Python/3.12.11/x64/lib/python3.12/site-packages/selenium/webdriver/support/wait.py\", line 105, in until\n    raise TimeoutException(message, screen, stacktrace)\n",
      "steps" : [ ],
      "attachments" : [ ],
      "parameters" : [ ],
      "stepsCount" : 0,
      "attachmentsCount" : 0,
      "shouldDisplayMessage" : true,
      "hasContent" : true
    } ],
    "attachments" : [ ],
    "parameters" : [ ],
    "stepsCount" : 1,
    "attachmentsCount" : 0,
    "shouldDisplayMessage" : false,
    "hasContent" : true
  } ],
  "afterStages" : [ {
    "name" : "driver::0",
    "time" : {
      "start" : 1761811275527,
      "stop" : 1761811275613,
      "duration" : 86
    },
    "status" : "passed",
    "steps" : [ ],
    "attachments" : [ ],
    "parameters" : [ ],
    "stepsCount" : 0,
    "attachmentsCount" : 0,
    "shouldDisplayMessage" : false,
    "hasContent" : false
  } ],
  "labels" : [ {
    "name" : "epic",
    "value" : "Тестирование главной страницы"
  }, {
    "name" : "tag",
    "value" : "auto_test"
  }, {
    "name" : "parentSuite",
    "value" : "tests.ui_tests"
  }, {
    "name" : "suite",
    "value" : "main_page_test"
  }, {
    "name" : "subSuite",
    "value" : "TestMainPageSmoke"
  }, {
    "name" : "host",
    "value" : "runnervmwhb2z"
  }, {
    "name" : "thread",
    "value" : "2561-MainThread"
  }, {
    "name" : "framework",
    "value" : "pytest"
  }, {
    "name" : "language",
    "value" : "cpython3"
  }, {
    "name" : "package",
    "value" : "tests.ui_tests.main_page_test"
  }, {
    "name" : "resultFormat",
    "value" : "allure2"
  } ],
  "parameters" : [ {
    "name" : "url",
    "value" : "'https://dealer-passport.vaz.ru/base/staff/?searchText=&page=0&openModal=&dateBegin=&selectedDate=&currentId='"
  } ],
  "links" : [ ],
  "hidden" : false,
  "retry" : false,
  "extra" : {
    "severity" : "normal",
    "retries" : [ ],
    "categories" : [ {
      "name" : "Test defects",
      "matchedStatuses" : [ ],
      "flaky" : false
    } ],
    "history" : {
      "statistic" : {
        "failed" : 0,
        "broken" : 2,
        "skipped" : 0,
        "passed" : 2,
        "unknown" : 0,
        "total" : 4
      },
      "items" : [ {
        "uid" : "bfa420e77d292c47",
        "reportUrl" : "https://Nat754.github.io/DealerPassport/29//#testresult/bfa420e77d292c47",
        "status" : "broken",
        "statusDetails" : "selenium.common.exceptions.TimeoutException: Message: \nStacktrace:\n#0 0x55b615113fba <unknown>\n#1 0x55b614b986d0 <unknown>\n#2 0x55b614bea2aa <unknown>\n#3 0x55b614bea541 <unknown>\n#4 0x55b614c386c4 <unknown>\n#5 0x55b614c0fe5d <unknown>\n#6 0x55b614c35b54 <unknown>\n#7 0x55b614c0fc03 <unknown>\n#8 0x55b614bdc7a8 <unknown>\n#9 0x55b614bdd421 <unknown>\n#10 0x55b6150d8b28 <unknown>\n#11 0x55b6150dc87f <unknown>\n#12 0x55b6150c0c49 <unknown>\n#13 0x55b6150dd405 <unknown>\n#14 0x55b6150a64ff <unknown>\n#15 0x55b615101258 <unknown>\n#16 0x55b615101432 <unknown>\n#17 0x55b615112fa3 <unknown>\n#18 0x7f27dce9caa4 <unknown>\n#19 0x7f27dcf29c6c <unknown>",
        "time" : {
          "start" : 1761806917378,
          "stop" : 1761806917378,
          "duration" : 0
        }
      }, {
        "uid" : "34f9cef924811c55",
        "reportUrl" : "https://Nat754.github.io/DealerPassport/526//#testresult/34f9cef924811c55",
        "status" : "passed",
        "time" : {
          "start" : 1761770959015,
          "stop" : 1761771019911,
          "duration" : 60896
        }
      }, {
        "uid" : "4e917bf06affc4b1",
        "reportUrl" : "https://Nat754.github.io/DealerPassport/28//#testresult/4e917bf06affc4b1",
        "status" : "passed",
        "time" : {
          "start" : 1761764671879,
          "stop" : 1761764734867,
          "duration" : 62988
        }
      } ]
    },
    "tags" : [ "auto_test" ]
  },
  "source" : "fea2e673623ce261.json",
  "parameterValues" : [ "'https://dealer-passport.vaz.ru/base/staff/?searchText=&page=0&openModal=&dateBegin=&selectedDate=&currentId='" ]
}