{
  "uid" : "34c1f76aa897e97b",
  "name" : "Проверить отсутствие ошибок при открытии https://dealer-passport-test.xsfera.ru:3001/users/ на сервере СЕО prod",
  "fullName" : "tests.main_page_test.TestMainPageSmoke#test_open_seo_prod",
  "historyId" : "198218dbfaee8beb3d9c9e4f9ab70b7a",
  "time" : {
    "start" : 1717121349236,
    "stop" : 1717121350908,
    "duration" : 1672
  },
  "status" : "failed",
  "statusMessage" : "AssertionError: Ошибка: ['[Network error]: ServerError: Response not successful: Received status code 400\\nПроизошла ошибка: errors.GRAPHQL_VALIDATION_FAILED\\nПроизошла ошибка: errors.GRAPHQL_VALIDATION_FAILED\\nПроизошла ошибка: errors.GRAPHQL_VALIDATION_FAILED\\nПроизошла ошибка: errors.GRAPHQL_VALIDATION_FAILED\\nПроизошла ошибка: errors.GRAPHQL_VALIDATION_FAILED\\nПроизошла ошибка: errors.GRAPHQL_VALIDATION_FAILED']\nassert None\n +  where None = <bound method MainPage.check_not_errors of <pages.main_page.MainPage object at 0x7f282776ce90>>()\n +    where <bound method MainPage.check_not_errors of <pages.main_page.MainPage object at 0x7f282776ce90>> = <pages.main_page.MainPage object at 0x7f282776ce90>.check_not_errors",
  "statusTrace" : "self = <tests.main_page_test.TestMainPageSmoke object at 0x7f2827afa120>\nauth_user_admin_to_seo_prod = <pages.main_page.MainPage object at 0x7f282776ce90>\ndriver = <selenium.webdriver.chrome.webdriver.WebDriver (session=\"219f18debd0491d86955c483e059ea10\")>\nurl = 'https://dealer-passport-test.xsfera.ru:3001/users/'\n\n    @pytest.mark.parametrize('url', Urls.LIST_URLS_SEO_PROD)\n    def test_open_seo_prod(self, auth_user_admin_to_seo_prod, driver, url):\n        allure.dynamic.title(f'Проверить отсутствие ошибок при открытии {url} на сервере СЕО prod')\n        driver.get(url)\n>       assert auth_user_admin_to_seo_prod.check_not_errors(), \\\n            f'Ошибка: {[item.text for item in auth_user_admin_to_seo_prod.check_error_notifications()]}'\nE       AssertionError: Ошибка: ['[Network error]: ServerError: Response not successful: Received status code 400\\nПроизошла ошибка: errors.GRAPHQL_VALIDATION_FAILED\\nПроизошла ошибка: errors.GRAPHQL_VALIDATION_FAILED\\nПроизошла ошибка: errors.GRAPHQL_VALIDATION_FAILED\\nПроизошла ошибка: errors.GRAPHQL_VALIDATION_FAILED\\nПроизошла ошибка: errors.GRAPHQL_VALIDATION_FAILED\\nПроизошла ошибка: errors.GRAPHQL_VALIDATION_FAILED']\nE       assert None\nE        +  where None = <bound method MainPage.check_not_errors of <pages.main_page.MainPage object at 0x7f282776ce90>>()\nE        +    where <bound method MainPage.check_not_errors of <pages.main_page.MainPage object at 0x7f282776ce90>> = <pages.main_page.MainPage object at 0x7f282776ce90>.check_not_errors\n\ntests/main_page_test.py:37: AssertionError",
  "flaky" : false,
  "newFailed" : false,
  "beforeStages" : [ {
    "name" : "clear_allure_results_folder",
    "time" : {
      "start" : 1717120938602,
      "stop" : 1717120938602,
      "duration" : 0
    },
    "status" : "passed",
    "steps" : [ ],
    "attachments" : [ ],
    "parameters" : [ ],
    "stepsCount" : 0,
    "attachmentsCount" : 0,
    "shouldDisplayMessage" : false,
    "hasContent" : false
  }, {
    "name" : "auth_user_admin_to_seo_prod",
    "time" : {
      "start" : 1717121346639,
      "stop" : 1717121349236,
      "duration" : 2597
    },
    "status" : "passed",
    "steps" : [ {
      "name" : "Проверка видимости кнопки '('xpath', '//span[text()=\"Согласен\"]')' на главной странице",
      "time" : {
        "start" : 1717121349154,
        "stop" : 1717121349185,
        "duration" : 31
      },
      "status" : "passed",
      "steps" : [ ],
      "attachments" : [ ],
      "parameters" : [ ],
      "stepsCount" : 0,
      "attachmentsCount" : 0,
      "shouldDisplayMessage" : false,
      "hasContent" : false
    } ],
    "attachments" : [ ],
    "parameters" : [ ],
    "stepsCount" : 1,
    "attachmentsCount" : 0,
    "shouldDisplayMessage" : false,
    "hasContent" : true
  }, {
    "name" : "driver",
    "time" : {
      "start" : 1717121346440,
      "stop" : 1717121346639,
      "duration" : 199
    },
    "status" : "passed",
    "steps" : [ ],
    "attachments" : [ ],
    "parameters" : [ ],
    "stepsCount" : 0,
    "attachmentsCount" : 0,
    "shouldDisplayMessage" : false,
    "hasContent" : false
  } ],
  "testStage" : {
    "status" : "failed",
    "statusMessage" : "AssertionError: Ошибка: ['[Network error]: ServerError: Response not successful: Received status code 400\\nПроизошла ошибка: errors.GRAPHQL_VALIDATION_FAILED\\nПроизошла ошибка: errors.GRAPHQL_VALIDATION_FAILED\\nПроизошла ошибка: errors.GRAPHQL_VALIDATION_FAILED\\nПроизошла ошибка: errors.GRAPHQL_VALIDATION_FAILED\\nПроизошла ошибка: errors.GRAPHQL_VALIDATION_FAILED\\nПроизошла ошибка: errors.GRAPHQL_VALIDATION_FAILED']\nassert None\n +  where None = <bound method MainPage.check_not_errors of <pages.main_page.MainPage object at 0x7f282776ce90>>()\n +    where <bound method MainPage.check_not_errors of <pages.main_page.MainPage object at 0x7f282776ce90>> = <pages.main_page.MainPage object at 0x7f282776ce90>.check_not_errors",
    "statusTrace" : "self = <tests.main_page_test.TestMainPageSmoke object at 0x7f2827afa120>\nauth_user_admin_to_seo_prod = <pages.main_page.MainPage object at 0x7f282776ce90>\ndriver = <selenium.webdriver.chrome.webdriver.WebDriver (session=\"219f18debd0491d86955c483e059ea10\")>\nurl = 'https://dealer-passport-test.xsfera.ru:3001/users/'\n\n    @pytest.mark.parametrize('url', Urls.LIST_URLS_SEO_PROD)\n    def test_open_seo_prod(self, auth_user_admin_to_seo_prod, driver, url):\n        allure.dynamic.title(f'Проверить отсутствие ошибок при открытии {url} на сервере СЕО prod')\n        driver.get(url)\n>       assert auth_user_admin_to_seo_prod.check_not_errors(), \\\n            f'Ошибка: {[item.text for item in auth_user_admin_to_seo_prod.check_error_notifications()]}'\nE       AssertionError: Ошибка: ['[Network error]: ServerError: Response not successful: Received status code 400\\nПроизошла ошибка: errors.GRAPHQL_VALIDATION_FAILED\\nПроизошла ошибка: errors.GRAPHQL_VALIDATION_FAILED\\nПроизошла ошибка: errors.GRAPHQL_VALIDATION_FAILED\\nПроизошла ошибка: errors.GRAPHQL_VALIDATION_FAILED\\nПроизошла ошибка: errors.GRAPHQL_VALIDATION_FAILED\\nПроизошла ошибка: errors.GRAPHQL_VALIDATION_FAILED']\nE       assert None\nE        +  where None = <bound method MainPage.check_not_errors of <pages.main_page.MainPage object at 0x7f282776ce90>>()\nE        +    where <bound method MainPage.check_not_errors of <pages.main_page.MainPage object at 0x7f282776ce90>> = <pages.main_page.MainPage object at 0x7f282776ce90>.check_not_errors\n\ntests/main_page_test.py:37: AssertionError",
    "steps" : [ {
      "name" : "Проверить отсутствие ошибок",
      "time" : {
        "start" : 1717121349815,
        "stop" : 1717121350873,
        "duration" : 1058
      },
      "status" : "passed",
      "steps" : [ ],
      "attachments" : [ ],
      "parameters" : [ ],
      "stepsCount" : 0,
      "attachmentsCount" : 0,
      "shouldDisplayMessage" : false,
      "hasContent" : false
    }, {
      "name" : "Проверить видимость ошибок",
      "time" : {
        "start" : 1717121350873,
        "stop" : 1717121350885,
        "duration" : 12
      },
      "status" : "passed",
      "steps" : [ ],
      "attachments" : [ ],
      "parameters" : [ ],
      "stepsCount" : 0,
      "attachmentsCount" : 0,
      "shouldDisplayMessage" : false,
      "hasContent" : false
    } ],
    "attachments" : [ {
      "uid" : "4d78f6bc8e31688f",
      "name" : "Screenshot",
      "source" : "4d78f6bc8e31688f.png",
      "type" : "image/png",
      "size" : 190420
    }, {
      "uid" : "f0833c6c89ea195a",
      "name" : "HTML source",
      "source" : "f0833c6c89ea195a.html",
      "type" : "text/html",
      "size" : 117893
    } ],
    "parameters" : [ ],
    "stepsCount" : 2,
    "attachmentsCount" : 2,
    "shouldDisplayMessage" : true,
    "hasContent" : true
  },
  "afterStages" : [ {
    "name" : "driver::0",
    "time" : {
      "start" : 1717121351053,
      "stop" : 1717121351117,
      "duration" : 64
    },
    "status" : "passed",
    "steps" : [ ],
    "attachments" : [ ],
    "parameters" : [ ],
    "stepsCount" : 0,
    "attachmentsCount" : 0,
    "shouldDisplayMessage" : false,
    "hasContent" : false
  } ],
  "labels" : [ {
    "name" : "epic",
    "value" : "Test Main Page smoke_test"
  }, {
    "name" : "tag",
    "value" : "smoke_test"
  }, {
    "name" : "parentSuite",
    "value" : "tests"
  }, {
    "name" : "suite",
    "value" : "main_page_test"
  }, {
    "name" : "subSuite",
    "value" : "TestMainPageSmoke"
  }, {
    "name" : "host",
    "value" : "fv-az740-937"
  }, {
    "name" : "thread",
    "value" : "2320-MainThread"
  }, {
    "name" : "framework",
    "value" : "pytest"
  }, {
    "name" : "language",
    "value" : "cpython3"
  }, {
    "name" : "package",
    "value" : "tests.main_page_test"
  }, {
    "name" : "resultFormat",
    "value" : "allure2"
  } ],
  "parameters" : [ {
    "name" : "url",
    "value" : "'https://dealer-passport-test.xsfera.ru:3001/users/'"
  } ],
  "links" : [ ],
  "hidden" : false,
  "retry" : false,
  "extra" : {
    "severity" : "normal",
    "retries" : [ ],
    "categories" : [ {
      "name" : "Product defects",
      "matchedStatuses" : [ ],
      "flaky" : false
    } ],
    "history" : {
      "statistic" : {
        "failed" : 2,
        "broken" : 0,
        "skipped" : 0,
        "passed" : 1,
        "unknown" : 0,
        "total" : 3
      },
      "items" : [ {
        "uid" : "598811524945bf8e",
        "reportUrl" : "https://Nat754.github.io/DealerPassport/5//#testresult/598811524945bf8e",
        "status" : "failed",
        "statusDetails" : "AssertionError: Ошибка: ['[Network error]: ServerError: Response not successful: Received status code 400\\nПроизошла ошибка: errors.GRAPHQL_VALIDATION_FAILED\\nПроизошла ошибка: errors.GRAPHQL_VALIDATION_FAILED\\nПроизошла ошибка: errors.GRAPHQL_VALIDATION_FAILED\\nПроизошла ошибка: errors.GRAPHQL_VALIDATION_FAILED\\nПроизошла ошибка: errors.GRAPHQL_VALIDATION_FAILED\\nПроизошла ошибка: errors.GRAPHQL_VALIDATION_FAILED']\nassert None\n +  where None = <bound method MainPage.check_not_errors of <pages.main_page.MainPage object at 0x7f6cc7963710>>()\n +    where <bound method MainPage.check_not_errors of <pages.main_page.MainPage object at 0x7f6cc7963710>> = <pages.main_page.MainPage object at 0x7f6cc7963710>.check_not_errors",
        "time" : {
          "start" : 1717080887492,
          "stop" : 1717080891729,
          "duration" : 4237
        }
      }, {
        "uid" : "a885871124ea678f",
        "reportUrl" : "https://Nat754.github.io/DealerPassport/4//#testresult/a885871124ea678f",
        "status" : "passed",
        "time" : {
          "start" : 1717059501916,
          "stop" : 1717059512768,
          "duration" : 10852
        }
      } ]
    },
    "tags" : [ "smoke_test" ]
  },
  "source" : "34c1f76aa897e97b.json",
  "parameterValues" : [ "'https://dealer-passport-test.xsfera.ru:3001/users/'" ]
}