{
  "uid" : "e8d08746028fc18e",
  "name" : "Проверить отсутствие ошибок при открытии https://dealer-passport-test.xsfera.ru:3001/dealers/ на сервере СЕО prod",
  "fullName" : "tests.main_page_test.TestMainPageSmoke#test_open_seo_prod",
  "historyId" : "4492f76ed3e119be7c418b02f2435a36",
  "time" : {
    "start" : 1717121339073,
    "stop" : 1717121346244,
    "duration" : 7171
  },
  "status" : "failed",
  "statusMessage" : "AssertionError: Ошибка: ['Произошла ошибка: errors.GRAPHQL_VALIDATION_FAILED\\nПроизошла ошибка: errors.GRAPHQL_VALIDATION_FAILED\\nПроизошла ошибка: errors.GRAPHQL_VALIDATION_FAILED\\nПроизошла ошибка: errors.GRAPHQL_VALIDATION_FAILED']\nassert None\n +  where None = <bound method MainPage.check_not_errors of <pages.main_page.MainPage object at 0x7f282775b050>>()\n +    where <bound method MainPage.check_not_errors of <pages.main_page.MainPage object at 0x7f282775b050>> = <pages.main_page.MainPage object at 0x7f282775b050>.check_not_errors",
  "statusTrace" : "self = <tests.main_page_test.TestMainPageSmoke object at 0x7f2827afa090>\nauth_user_admin_to_seo_prod = <pages.main_page.MainPage object at 0x7f282775b050>\ndriver = <selenium.webdriver.chrome.webdriver.WebDriver (session=\"0218b6297a946111e95748e27e9f14c8\")>\nurl = 'https://dealer-passport-test.xsfera.ru:3001/dealers/'\n\n    @pytest.mark.parametrize('url', Urls.LIST_URLS_SEO_PROD)\n    def test_open_seo_prod(self, auth_user_admin_to_seo_prod, driver, url):\n        allure.dynamic.title(f'Проверить отсутствие ошибок при открытии {url} на сервере СЕО prod')\n        driver.get(url)\n>       assert auth_user_admin_to_seo_prod.check_not_errors(), \\\n            f'Ошибка: {[item.text for item in auth_user_admin_to_seo_prod.check_error_notifications()]}'\nE       AssertionError: Ошибка: ['Произошла ошибка: errors.GRAPHQL_VALIDATION_FAILED\\nПроизошла ошибка: errors.GRAPHQL_VALIDATION_FAILED\\nПроизошла ошибка: errors.GRAPHQL_VALIDATION_FAILED\\nПроизошла ошибка: errors.GRAPHQL_VALIDATION_FAILED']\nE       assert None\nE        +  where None = <bound method MainPage.check_not_errors of <pages.main_page.MainPage object at 0x7f282775b050>>()\nE        +    where <bound method MainPage.check_not_errors of <pages.main_page.MainPage object at 0x7f282775b050>> = <pages.main_page.MainPage object at 0x7f282775b050>.check_not_errors\n\ntests/main_page_test.py:37: AssertionError",
  "flaky" : false,
  "newFailed" : false,
  "beforeStages" : [ {
    "name" : "driver",
    "time" : {
      "start" : 1717121336120,
      "stop" : 1717121336318,
      "duration" : 198
    },
    "status" : "passed",
    "steps" : [ ],
    "attachments" : [ ],
    "parameters" : [ ],
    "stepsCount" : 0,
    "attachmentsCount" : 0,
    "shouldDisplayMessage" : false,
    "hasContent" : false
  }, {
    "name" : "clear_allure_results_folder",
    "time" : {
      "start" : 1717120938602,
      "stop" : 1717120938602,
      "duration" : 0
    },
    "status" : "passed",
    "steps" : [ ],
    "attachments" : [ ],
    "parameters" : [ ],
    "stepsCount" : 0,
    "attachmentsCount" : 0,
    "shouldDisplayMessage" : false,
    "hasContent" : false
  }, {
    "name" : "auth_user_admin_to_seo_prod",
    "time" : {
      "start" : 1717121336318,
      "stop" : 1717121339072,
      "duration" : 2754
    },
    "status" : "passed",
    "steps" : [ {
      "name" : "Проверка видимости кнопки '('xpath', '//span[text()=\"Согласен\"]')' на главной странице",
      "time" : {
        "start" : 1717121338988,
        "stop" : 1717121339023,
        "duration" : 35
      },
      "status" : "passed",
      "steps" : [ ],
      "attachments" : [ ],
      "parameters" : [ ],
      "stepsCount" : 0,
      "attachmentsCount" : 0,
      "shouldDisplayMessage" : false,
      "hasContent" : false
    } ],
    "attachments" : [ ],
    "parameters" : [ ],
    "stepsCount" : 1,
    "attachmentsCount" : 0,
    "shouldDisplayMessage" : false,
    "hasContent" : true
  } ],
  "testStage" : {
    "status" : "failed",
    "statusMessage" : "AssertionError: Ошибка: ['Произошла ошибка: errors.GRAPHQL_VALIDATION_FAILED\\nПроизошла ошибка: errors.GRAPHQL_VALIDATION_FAILED\\nПроизошла ошибка: errors.GRAPHQL_VALIDATION_FAILED\\nПроизошла ошибка: errors.GRAPHQL_VALIDATION_FAILED']\nassert None\n +  where None = <bound method MainPage.check_not_errors of <pages.main_page.MainPage object at 0x7f282775b050>>()\n +    where <bound method MainPage.check_not_errors of <pages.main_page.MainPage object at 0x7f282775b050>> = <pages.main_page.MainPage object at 0x7f282775b050>.check_not_errors",
    "statusTrace" : "self = <tests.main_page_test.TestMainPageSmoke object at 0x7f2827afa090>\nauth_user_admin_to_seo_prod = <pages.main_page.MainPage object at 0x7f282775b050>\ndriver = <selenium.webdriver.chrome.webdriver.WebDriver (session=\"0218b6297a946111e95748e27e9f14c8\")>\nurl = 'https://dealer-passport-test.xsfera.ru:3001/dealers/'\n\n    @pytest.mark.parametrize('url', Urls.LIST_URLS_SEO_PROD)\n    def test_open_seo_prod(self, auth_user_admin_to_seo_prod, driver, url):\n        allure.dynamic.title(f'Проверить отсутствие ошибок при открытии {url} на сервере СЕО prod')\n        driver.get(url)\n>       assert auth_user_admin_to_seo_prod.check_not_errors(), \\\n            f'Ошибка: {[item.text for item in auth_user_admin_to_seo_prod.check_error_notifications()]}'\nE       AssertionError: Ошибка: ['Произошла ошибка: errors.GRAPHQL_VALIDATION_FAILED\\nПроизошла ошибка: errors.GRAPHQL_VALIDATION_FAILED\\nПроизошла ошибка: errors.GRAPHQL_VALIDATION_FAILED\\nПроизошла ошибка: errors.GRAPHQL_VALIDATION_FAILED']\nE       assert None\nE        +  where None = <bound method MainPage.check_not_errors of <pages.main_page.MainPage object at 0x7f282775b050>>()\nE        +    where <bound method MainPage.check_not_errors of <pages.main_page.MainPage object at 0x7f282775b050>> = <pages.main_page.MainPage object at 0x7f282775b050>.check_not_errors\n\ntests/main_page_test.py:37: AssertionError",
    "steps" : [ {
      "name" : "Проверить отсутствие ошибок",
      "time" : {
        "start" : 1717121343091,
        "stop" : 1717121346201,
        "duration" : 3110
      },
      "status" : "passed",
      "steps" : [ ],
      "attachments" : [ ],
      "parameters" : [ ],
      "stepsCount" : 0,
      "attachmentsCount" : 0,
      "shouldDisplayMessage" : false,
      "hasContent" : false
    }, {
      "name" : "Проверить видимость ошибок",
      "time" : {
        "start" : 1717121346201,
        "stop" : 1717121346213,
        "duration" : 12
      },
      "status" : "passed",
      "steps" : [ ],
      "attachments" : [ ],
      "parameters" : [ ],
      "stepsCount" : 0,
      "attachmentsCount" : 0,
      "shouldDisplayMessage" : false,
      "hasContent" : false
    } ],
    "attachments" : [ {
      "uid" : "6c1f68d5851d2022",
      "name" : "Screenshot",
      "source" : "6c1f68d5851d2022.png",
      "type" : "image/png",
      "size" : 87152
    }, {
      "uid" : "95fd832b814ae552",
      "name" : "HTML source",
      "source" : "95fd832b814ae552.html",
      "type" : "text/html",
      "size" : 42273
    } ],
    "parameters" : [ ],
    "stepsCount" : 2,
    "attachmentsCount" : 2,
    "shouldDisplayMessage" : true,
    "hasContent" : true
  },
  "afterStages" : [ {
    "name" : "driver::0",
    "time" : {
      "start" : 1717121346377,
      "stop" : 1717121346438,
      "duration" : 61
    },
    "status" : "passed",
    "steps" : [ ],
    "attachments" : [ ],
    "parameters" : [ ],
    "stepsCount" : 0,
    "attachmentsCount" : 0,
    "shouldDisplayMessage" : false,
    "hasContent" : false
  } ],
  "labels" : [ {
    "name" : "epic",
    "value" : "Test Main Page smoke_test"
  }, {
    "name" : "tag",
    "value" : "smoke_test"
  }, {
    "name" : "parentSuite",
    "value" : "tests"
  }, {
    "name" : "suite",
    "value" : "main_page_test"
  }, {
    "name" : "subSuite",
    "value" : "TestMainPageSmoke"
  }, {
    "name" : "host",
    "value" : "fv-az740-937"
  }, {
    "name" : "thread",
    "value" : "2320-MainThread"
  }, {
    "name" : "framework",
    "value" : "pytest"
  }, {
    "name" : "language",
    "value" : "cpython3"
  }, {
    "name" : "package",
    "value" : "tests.main_page_test"
  }, {
    "name" : "resultFormat",
    "value" : "allure2"
  } ],
  "parameters" : [ {
    "name" : "url",
    "value" : "'https://dealer-passport-test.xsfera.ru:3001/dealers/'"
  } ],
  "links" : [ ],
  "hidden" : false,
  "retry" : false,
  "extra" : {
    "severity" : "normal",
    "retries" : [ ],
    "categories" : [ {
      "name" : "Product defects",
      "matchedStatuses" : [ ],
      "flaky" : false
    } ],
    "history" : {
      "statistic" : {
        "failed" : 2,
        "broken" : 0,
        "skipped" : 0,
        "passed" : 1,
        "unknown" : 0,
        "total" : 3
      },
      "items" : [ {
        "uid" : "fbc9e1589882a5df",
        "reportUrl" : "https://Nat754.github.io/DealerPassport/5//#testresult/fbc9e1589882a5df",
        "status" : "failed",
        "statusDetails" : "AssertionError: Ошибка: ['Произошла ошибка: errors.GRAPHQL_VALIDATION_FAILED\\nПроизошла ошибка: errors.GRAPHQL_VALIDATION_FAILED\\nПроизошла ошибка: errors.GRAPHQL_VALIDATION_FAILED\\nПроизошла ошибка: errors.GRAPHQL_VALIDATION_FAILED\\nПроизошла ошибка: errors.GRAPHQL_VALIDATION_FAILED\\n[Network error]: ServerError: Response not successful: Received status code 400\\nПроизошла ошибка: errors.GRAPHQL_VALIDATION_FAILED\\nПроизошла ошибка: errors.GRAPHQL_VALIDATION_FAILED\\nПроизошла ошибка: errors.GRAPHQL_VALIDATION_FAILED\\nПроизошла ошибка: errors.GRAPHQL_VALIDATION_FAILED\\nПроизошла ошибка: errors.GRAPHQL_VALIDATION_FAILED\\nПроизошла ошибка: errors.GRAPHQL_VALIDATION_FAILED\\nПроизошла ошибка: errors.GRAPHQL_VALIDATION_FAILED']\nassert None\n +  where None = <bound method MainPage.check_not_errors of <pages.main_page.MainPage object at 0x7f6cc7cb65d0>>()\n +    where <bound method MainPage.check_not_errors of <pages.main_page.MainPage object at 0x7f6cc7cb65d0>> = <pages.main_page.MainPage object at 0x7f6cc7cb65d0>.check_not_errors",
        "time" : {
          "start" : 1717080881399,
          "stop" : 1717080883086,
          "duration" : 1687
        }
      }, {
        "uid" : "c5012d04b815b0fe",
        "reportUrl" : "https://Nat754.github.io/DealerPassport/4//#testresult/c5012d04b815b0fe",
        "status" : "passed",
        "time" : {
          "start" : 1717059487998,
          "stop" : 1717059498830,
          "duration" : 10832
        }
      } ]
    },
    "tags" : [ "smoke_test" ]
  },
  "source" : "e8d08746028fc18e.json",
  "parameterValues" : [ "'https://dealer-passport-test.xsfera.ru:3001/dealers/'" ]
}