{
  "uid" : "f53895c67017728d",
  "name" : "test_open_seo[https://dealer-passport-test.xsfera.ru]",
  "fullName" : "tests.main_page_test.TestMainPageSmoke#test_open_seo",
  "historyId" : "10a14b25887913096ca75ba25ca0264c",
  "time" : {
    "start" : 1716429521168,
    "stop" : 1716429521168,
    "duration" : 0
  },
  "status" : "broken",
  "statusMessage" : "selenium.common.exceptions.TimeoutException: Message: \nStacktrace:\n#0 0x55a8da252eca <unknown>\n#1 0x55a8d9f3c45c <unknown>\n#2 0x55a8d9f885b5 <unknown>\n#3 0x55a8d9f88671 <unknown>\n#4 0x55a8d9fccf14 <unknown>\n#5 0x55a8d9fab4dd <unknown>\n#6 0x55a8d9fca2cc <unknown>\n#7 0x55a8d9fab253 <unknown>\n#8 0x55a8d9f7b1c7 <unknown>\n#9 0x55a8d9f7bb3e <unknown>\n#10 0x55a8da21930b <unknown>\n#11 0x55a8da21d3b7 <unknown>\n#12 0x55a8da205e3e <unknown>\n#13 0x55a8da21de82 <unknown>\n#14 0x55a8da1ea7df <unknown>\n#15 0x55a8da2421b8 <unknown>\n#16 0x55a8da24238b <unknown>\n#17 0x55a8da251ffc <unknown>\n#18 0x7f5844294ac3 <unknown>",
  "statusTrace" : "driver = <selenium.webdriver.chrome.webdriver.WebDriver (session=\"dbee82cae9421e2e8c06bb40bf7f6da2\")>\n\n    @pytest.fixture\n    def auth_user_admin_to_seo(driver):\n        main_page = MainPage(driver)\n        url = Urls.MAIN_URL_SEO + Urls.AUTH\n        cookies = {'name': 'token', 'value': os.environ[\"SEO_ADMIN\"]}\n        driver.get(url)\n        driver.add_cookie(cookies)\n        driver.get(Urls.MAIN_URL_SEO)\n>       main_page.check_button_agree().click()\n\ntests/conftest.py:18: \n_ _ _ _ _ _ _ _ _ _ _ _ _ _ _ _ _ _ _ _ _ _ _ _ _ _ _ _ _ _ _ _ _ _ _ _ _ _ _ _ \npages/main_page.py:15: in check_button_agree\n    return self.element_is_visible(self.locator.AGREE_BUTTON)\npages/base_page.py:18: in element_is_visible\n    self.go_to_element(self.element_is_present(locator))\npages/base_page.py:34: in element_is_present\n    return Wait(self.driver, self.timeout).until(ec.presence_of_element_located(locator))\n_ _ _ _ _ _ _ _ _ _ _ _ _ _ _ _ _ _ _ _ _ _ _ _ _ _ _ _ _ _ _ _ _ _ _ _ _ _ _ _ \n\nself = <selenium.webdriver.support.wait.WebDriverWait (session=\"dbee82cae9421e2e8c06bb40bf7f6da2\")>\nmethod = <function presence_of_element_located.<locals>._predicate at 0x7f9030383100>\nmessage = ''\n\n    def until(self, method: Callable[[D], Union[Literal[False], T]], message: str = \"\") -> T:\n        \"\"\"Calls the method provided with the driver as an argument until the \\\n        return value does not evaluate to ``False``.\n    \n        :param method: callable(WebDriver)\n        :param message: optional message for :exc:`TimeoutException`\n        :returns: the result of the last call to `method`\n        :raises: :exc:`selenium.common.exceptions.TimeoutException` if timeout occurs\n        \"\"\"\n        screen = None\n        stacktrace = None\n    \n        end_time = time.monotonic() + self._timeout\n        while True:\n            try:\n                value = method(self._driver)\n                if value:\n                    return value\n            except self._ignored_exceptions as exc:\n                screen = getattr(exc, \"screen\", None)\n                stacktrace = getattr(exc, \"stacktrace\", None)\n            time.sleep(self._poll)\n            if time.monotonic() > end_time:\n                break\n>       raise TimeoutException(message, screen, stacktrace)\nE       selenium.common.exceptions.TimeoutException: Message: \nE       Stacktrace:\nE       #0 0x55a8da252eca <unknown>\nE       #1 0x55a8d9f3c45c <unknown>\nE       #2 0x55a8d9f885b5 <unknown>\nE       #3 0x55a8d9f88671 <unknown>\nE       #4 0x55a8d9fccf14 <unknown>\nE       #5 0x55a8d9fab4dd <unknown>\nE       #6 0x55a8d9fca2cc <unknown>\nE       #7 0x55a8d9fab253 <unknown>\nE       #8 0x55a8d9f7b1c7 <unknown>\nE       #9 0x55a8d9f7bb3e <unknown>\nE       #10 0x55a8da21930b <unknown>\nE       #11 0x55a8da21d3b7 <unknown>\nE       #12 0x55a8da205e3e <unknown>\nE       #13 0x55a8da21de82 <unknown>\nE       #14 0x55a8da1ea7df <unknown>\nE       #15 0x55a8da2421b8 <unknown>\nE       #16 0x55a8da24238b <unknown>\nE       #17 0x55a8da251ffc <unknown>\nE       #18 0x7f5844294ac3 <unknown>\n\n/opt/hostedtoolcache/Python/3.12.3/x64/lib/python3.12/site-packages/selenium/webdriver/support/wait.py:105: TimeoutException",
  "flaky" : false,
  "newFailed" : false,
  "beforeStages" : [ {
    "name" : "clear_allure_results_folder",
    "time" : {
      "start" : 1716429458091,
      "stop" : 1716429458091,
      "duration" : 0
    },
    "status" : "passed",
    "steps" : [ ],
    "attachments" : [ ],
    "parameters" : [ ],
    "shouldDisplayMessage" : false,
    "hasContent" : false,
    "stepsCount" : 0,
    "attachmentsCount" : 0
  }, {
    "name" : "auth_user_admin_to_seo",
    "time" : {
      "start" : 1716429521366,
      "stop" : 1716429533956,
      "duration" : 12590
    },
    "status" : "broken",
    "statusMessage" : "selenium.common.exceptions.TimeoutException: Message: \nStacktrace:\n#0 0x55a8da252eca <unknown>\n#1 0x55a8d9f3c45c <unknown>\n#2 0x55a8d9f885b5 <unknown>\n#3 0x55a8d9f88671 <unknown>\n#4 0x55a8d9fccf14 <unknown>\n#5 0x55a8d9fab4dd <unknown>\n#6 0x55a8d9fca2cc <unknown>\n#7 0x55a8d9fab253 <unknown>\n#8 0x55a8d9f7b1c7 <unknown>\n#9 0x55a8d9f7bb3e <unknown>\n#10 0x55a8da21930b <unknown>\n#11 0x55a8da21d3b7 <unknown>\n#12 0x55a8da205e3e <unknown>\n#13 0x55a8da21de82 <unknown>\n#14 0x55a8da1ea7df <unknown>\n#15 0x55a8da2421b8 <unknown>\n#16 0x55a8da24238b <unknown>\n#17 0x55a8da251ffc <unknown>\n#18 0x7f5844294ac3 <unknown>\n\n",
    "statusTrace" : "  File \"/opt/hostedtoolcache/Python/3.12.3/x64/lib/python3.12/site-packages/pluggy/_callers.py\", line 167, in _multicall\n    teardown.throw(outcome._exception)\n  File \"/opt/hostedtoolcache/Python/3.12.3/x64/lib/python3.12/site-packages/_pytest/setuponly.py\", line 36, in pytest_fixture_setup\n    return (yield)\n            ^^^^^\n  File \"/opt/hostedtoolcache/Python/3.12.3/x64/lib/python3.12/site-packages/pluggy/_callers.py\", line 103, in _multicall\n    res = hook_impl.function(*args)\n          ^^^^^^^^^^^^^^^^^^^^^^^^^\n  File \"/opt/hostedtoolcache/Python/3.12.3/x64/lib/python3.12/site-packages/_pytest/fixtures.py\", line 1140, in pytest_fixture_setup\n    result = call_fixture_func(fixturefunc, request, kwargs)\n             ^^^^^^^^^^^^^^^^^^^^^^^^^^^^^^^^^^^^^^^^^^^^^^^\n  File \"/opt/hostedtoolcache/Python/3.12.3/x64/lib/python3.12/site-packages/_pytest/fixtures.py\", line 917, in call_fixture_func\n    fixture_result = fixturefunc(**kwargs)\n                     ^^^^^^^^^^^^^^^^^^^^^\n  File \"/home/runner/work/DealerPassport/DealerPassport/tests/conftest.py\", line 18, in auth_user_admin_to_seo\n    main_page.check_button_agree().click()\n    ^^^^^^^^^^^^^^^^^^^^^^^^^^^^^^\n  File \"/opt/hostedtoolcache/Python/3.12.3/x64/lib/python3.12/site-packages/allure_commons/_allure.py\", line 192, in impl\n    return func(*a, **kw)\n           ^^^^^^^^^^^^^^\n  File \"/home/runner/work/DealerPassport/DealerPassport/pages/main_page.py\", line 15, in check_button_agree\n    return self.element_is_visible(self.locator.AGREE_BUTTON)\n           ^^^^^^^^^^^^^^^^^^^^^^^^^^^^^^^^^^^^^^^^^^^^^^^^^^\n  File \"/home/runner/work/DealerPassport/DealerPassport/pages/base_page.py\", line 18, in element_is_visible\n    self.go_to_element(self.element_is_present(locator))\n                       ^^^^^^^^^^^^^^^^^^^^^^^^^^^^^^^^\n  File \"/home/runner/work/DealerPassport/DealerPassport/pages/base_page.py\", line 34, in element_is_present\n    return Wait(self.driver, self.timeout).until(ec.presence_of_element_located(locator))\n           ^^^^^^^^^^^^^^^^^^^^^^^^^^^^^^^^^^^^^^^^^^^^^^^^^^^^^^^^^^^^^^^^^^^^^^^^^^^^^^\n  File \"/opt/hostedtoolcache/Python/3.12.3/x64/lib/python3.12/site-packages/selenium/webdriver/support/wait.py\", line 105, in until\n    raise TimeoutException(message, screen, stacktrace)\n",
    "steps" : [ {
      "name" : "Проверка видимости кнопки '('xpath', '//span[text()=\"Согласен\"]')' на главной странице",
      "time" : {
        "start" : 1716429523731,
        "stop" : 1716429533955,
        "duration" : 10224
      },
      "status" : "broken",
      "statusMessage" : "selenium.common.exceptions.TimeoutException: Message: \nStacktrace:\n#0 0x55a8da252eca <unknown>\n#1 0x55a8d9f3c45c <unknown>\n#2 0x55a8d9f885b5 <unknown>\n#3 0x55a8d9f88671 <unknown>\n#4 0x55a8d9fccf14 <unknown>\n#5 0x55a8d9fab4dd <unknown>\n#6 0x55a8d9fca2cc <unknown>\n#7 0x55a8d9fab253 <unknown>\n#8 0x55a8d9f7b1c7 <unknown>\n#9 0x55a8d9f7bb3e <unknown>\n#10 0x55a8da21930b <unknown>\n#11 0x55a8da21d3b7 <unknown>\n#12 0x55a8da205e3e <unknown>\n#13 0x55a8da21de82 <unknown>\n#14 0x55a8da1ea7df <unknown>\n#15 0x55a8da2421b8 <unknown>\n#16 0x55a8da24238b <unknown>\n#17 0x55a8da251ffc <unknown>\n#18 0x7f5844294ac3 <unknown>\n\n",
      "statusTrace" : "  File \"/opt/hostedtoolcache/Python/3.12.3/x64/lib/python3.12/site-packages/allure_commons/_allure.py\", line 192, in impl\n    return func(*a, **kw)\n           ^^^^^^^^^^^^^^\n  File \"/home/runner/work/DealerPassport/DealerPassport/pages/main_page.py\", line 15, in check_button_agree\n    return self.element_is_visible(self.locator.AGREE_BUTTON)\n           ^^^^^^^^^^^^^^^^^^^^^^^^^^^^^^^^^^^^^^^^^^^^^^^^^^\n  File \"/home/runner/work/DealerPassport/DealerPassport/pages/base_page.py\", line 18, in element_is_visible\n    self.go_to_element(self.element_is_present(locator))\n                       ^^^^^^^^^^^^^^^^^^^^^^^^^^^^^^^^\n  File \"/home/runner/work/DealerPassport/DealerPassport/pages/base_page.py\", line 34, in element_is_present\n    return Wait(self.driver, self.timeout).until(ec.presence_of_element_located(locator))\n           ^^^^^^^^^^^^^^^^^^^^^^^^^^^^^^^^^^^^^^^^^^^^^^^^^^^^^^^^^^^^^^^^^^^^^^^^^^^^^^\n  File \"/opt/hostedtoolcache/Python/3.12.3/x64/lib/python3.12/site-packages/selenium/webdriver/support/wait.py\", line 105, in until\n    raise TimeoutException(message, screen, stacktrace)\n",
      "steps" : [ ],
      "attachments" : [ ],
      "parameters" : [ ],
      "shouldDisplayMessage" : true,
      "hasContent" : true,
      "stepsCount" : 0,
      "attachmentsCount" : 0
    } ],
    "attachments" : [ ],
    "parameters" : [ ],
    "shouldDisplayMessage" : false,
    "hasContent" : true,
    "stepsCount" : 1,
    "attachmentsCount" : 0
  }, {
    "name" : "driver",
    "time" : {
      "start" : 1716429521168,
      "stop" : 1716429521366,
      "duration" : 198
    },
    "status" : "passed",
    "steps" : [ ],
    "attachments" : [ ],
    "parameters" : [ ],
    "shouldDisplayMessage" : false,
    "hasContent" : false,
    "stepsCount" : 0,
    "attachmentsCount" : 0
  } ],
  "afterStages" : [ {
    "name" : "driver::0",
    "time" : {
      "start" : 1716429533969,
      "stop" : 1716429534028,
      "duration" : 59
    },
    "status" : "passed",
    "steps" : [ ],
    "attachments" : [ ],
    "parameters" : [ ],
    "shouldDisplayMessage" : false,
    "hasContent" : false,
    "stepsCount" : 0,
    "attachmentsCount" : 0
  } ],
  "labels" : [ {
    "name" : "epic",
    "value" : "Test Main Page smoke_test"
  }, {
    "name" : "tag",
    "value" : "smoke_test"
  }, {
    "name" : "parentSuite",
    "value" : "tests"
  }, {
    "name" : "suite",
    "value" : "main_page_test"
  }, {
    "name" : "subSuite",
    "value" : "TestMainPageSmoke"
  }, {
    "name" : "host",
    "value" : "fv-az659-568"
  }, {
    "name" : "thread",
    "value" : "2357-MainThread"
  }, {
    "name" : "framework",
    "value" : "pytest"
  }, {
    "name" : "language",
    "value" : "cpython3"
  }, {
    "name" : "package",
    "value" : "tests.main_page_test"
  }, {
    "name" : "resultFormat",
    "value" : "allure2"
  } ],
  "parameters" : [ {
    "name" : "url",
    "value" : "'https://dealer-passport-test.xsfera.ru'"
  } ],
  "links" : [ ],
  "hidden" : false,
  "retry" : false,
  "extra" : {
    "severity" : "normal",
    "retries" : [ ],
    "categories" : [ {
      "name" : "Test defects",
      "matchedStatuses" : [ ],
      "flaky" : false
    } ],
    "history" : {
      "statistic" : {
        "failed" : 0,
        "broken" : 1,
        "skipped" : 0,
        "passed" : 2,
        "unknown" : 0,
        "total" : 3
      },
      "items" : [ {
        "uid" : "45dbf7a686c6ec90",
        "reportUrl" : "https://Nat754.github.io/DealerPassport/2//#testresult/45dbf7a686c6ec90",
        "status" : "passed",
        "time" : {
          "start" : 1716384220671,
          "stop" : 1716384231193,
          "duration" : 10522
        }
      }, {
        "uid" : "96c92dac387e5650",
        "reportUrl" : "https://Nat754.github.io/DealerPassport/1//#testresult/96c92dac387e5650",
        "status" : "passed",
        "time" : {
          "start" : 1716383109201,
          "stop" : 1716383119702,
          "duration" : 10501
        }
      } ]
    },
    "tags" : [ "smoke_test" ]
  },
  "source" : "f53895c67017728d.json",
  "parameterValues" : [ "'https://dealer-passport-test.xsfera.ru'" ]
}