{
  "uid" : "11dae2528fee25ba",
  "name" : "test_open_seo[https://dealer-passport-test.xsfera.ru/users/]",
  "fullName" : "tests.main_page_test.TestMainPageSmoke#test_open_seo",
  "historyId" : "d440e270cffee55c166bb9d25e4ce1f0",
  "time" : {
    "start" : 1717553059528,
    "stop" : 1717553059528,
    "duration" : 0
  },
  "status" : "broken",
  "statusMessage" : "selenium.common.exceptions.TimeoutException: Message: \nStacktrace:\n#0 0x557d3ff0fe8a <unknown>\n#1 0x557d3fbf945c <unknown>\n#2 0x557d3fc455b5 <unknown>\n#3 0x557d3fc45671 <unknown>\n#4 0x557d3fc89f14 <unknown>\n#5 0x557d3fc684dd <unknown>\n#6 0x557d3fc872cc <unknown>\n#7 0x557d3fc68253 <unknown>\n#8 0x557d3fc381c7 <unknown>\n#9 0x557d3fc38b3e <unknown>\n#10 0x557d3fed62cb <unknown>\n#11 0x557d3feda377 <unknown>\n#12 0x557d3fec2dfe <unknown>\n#13 0x557d3fedae42 <unknown>\n#14 0x557d3fea779f <unknown>\n#15 0x557d3feff178 <unknown>\n#16 0x557d3feff34b <unknown>\n#17 0x557d3ff0efbc <unknown>\n#18 0x7fc69c094ac3 <unknown>",
  "statusTrace" : "driver = <selenium.webdriver.chrome.webdriver.WebDriver (session=\"dedc5eac7c2704bfcffa2cc9338319eb\")>\n\n    @pytest.fixture\n    def auth_user_admin_to_seo(driver):\n        main_page = MainPage(driver)\n        url = Urls.MAIN_URL_SEO + Urls.AUTH\n        cookies = {'name': 'token', 'value': os.environ[\"SEO_ADMIN\"]}\n        driver.get(url)\n        driver.add_cookie(cookies)\n        driver.get(Urls.MAIN_URL_SEO)\n>       main_page.check_button_agree().click()\n\ntests/conftest.py:18: \n_ _ _ _ _ _ _ _ _ _ _ _ _ _ _ _ _ _ _ _ _ _ _ _ _ _ _ _ _ _ _ _ _ _ _ _ _ _ _ _ \npages/main_page.py:15: in check_button_agree\n    return self.element_is_visible(self.locator.AGREE_BUTTON)\npages/base_page.py:18: in element_is_visible\n    self.go_to_element(self.element_is_present(locator))\npages/base_page.py:34: in element_is_present\n    return Wait(self.driver, self.timeout).until(ec.presence_of_element_located(locator))\n_ _ _ _ _ _ _ _ _ _ _ _ _ _ _ _ _ _ _ _ _ _ _ _ _ _ _ _ _ _ _ _ _ _ _ _ _ _ _ _ \n\nself = <selenium.webdriver.support.wait.WebDriverWait (session=\"dedc5eac7c2704bfcffa2cc9338319eb\")>\nmethod = <function presence_of_element_located.<locals>._predicate at 0x7f12bc3d5ee0>\nmessage = ''\n\n    def until(self, method: Callable[[D], Union[Literal[False], T]], message: str = \"\") -> T:\n        \"\"\"Calls the method provided with the driver as an argument until the \\\n        return value does not evaluate to ``False``.\n    \n        :param method: callable(WebDriver)\n        :param message: optional message for :exc:`TimeoutException`\n        :returns: the result of the last call to `method`\n        :raises: :exc:`selenium.common.exceptions.TimeoutException` if timeout occurs\n        \"\"\"\n        screen = None\n        stacktrace = None\n    \n        end_time = time.monotonic() + self._timeout\n        while True:\n            try:\n                value = method(self._driver)\n                if value:\n                    return value\n            except self._ignored_exceptions as exc:\n                screen = getattr(exc, \"screen\", None)\n                stacktrace = getattr(exc, \"stacktrace\", None)\n            time.sleep(self._poll)\n            if time.monotonic() > end_time:\n                break\n>       raise TimeoutException(message, screen, stacktrace)\nE       selenium.common.exceptions.TimeoutException: Message: \nE       Stacktrace:\nE       #0 0x557d3ff0fe8a <unknown>\nE       #1 0x557d3fbf945c <unknown>\nE       #2 0x557d3fc455b5 <unknown>\nE       #3 0x557d3fc45671 <unknown>\nE       #4 0x557d3fc89f14 <unknown>\nE       #5 0x557d3fc684dd <unknown>\nE       #6 0x557d3fc872cc <unknown>\nE       #7 0x557d3fc68253 <unknown>\nE       #8 0x557d3fc381c7 <unknown>\nE       #9 0x557d3fc38b3e <unknown>\nE       #10 0x557d3fed62cb <unknown>\nE       #11 0x557d3feda377 <unknown>\nE       #12 0x557d3fec2dfe <unknown>\nE       #13 0x557d3fedae42 <unknown>\nE       #14 0x557d3fea779f <unknown>\nE       #15 0x557d3feff178 <unknown>\nE       #16 0x557d3feff34b <unknown>\nE       #17 0x557d3ff0efbc <unknown>\nE       #18 0x7fc69c094ac3 <unknown>\n\n/opt/hostedtoolcache/Python/3.12.3/x64/lib/python3.12/site-packages/selenium/webdriver/support/wait.py:105: TimeoutException",
  "flaky" : false,
  "newFailed" : false,
  "beforeStages" : [ {
    "name" : "driver",
    "time" : {
      "start" : 1717553059528,
      "stop" : 1717553059728,
      "duration" : 200
    },
    "status" : "passed",
    "steps" : [ ],
    "attachments" : [ ],
    "parameters" : [ ],
    "stepsCount" : 0,
    "attachmentsCount" : 0,
    "shouldDisplayMessage" : false,
    "hasContent" : false
  }, {
    "name" : "clear_allure_results_folder",
    "time" : {
      "start" : 1717552818700,
      "stop" : 1717552818700,
      "duration" : 0
    },
    "status" : "passed",
    "steps" : [ ],
    "attachments" : [ ],
    "parameters" : [ ],
    "stepsCount" : 0,
    "attachmentsCount" : 0,
    "shouldDisplayMessage" : false,
    "hasContent" : false
  }, {
    "name" : "auth_user_admin_to_seo",
    "time" : {
      "start" : 1717553059728,
      "stop" : 1717553073482,
      "duration" : 13754
    },
    "status" : "broken",
    "statusMessage" : "selenium.common.exceptions.TimeoutException: Message: \nStacktrace:\n#0 0x557d3ff0fe8a <unknown>\n#1 0x557d3fbf945c <unknown>\n#2 0x557d3fc455b5 <unknown>\n#3 0x557d3fc45671 <unknown>\n#4 0x557d3fc89f14 <unknown>\n#5 0x557d3fc684dd <unknown>\n#6 0x557d3fc872cc <unknown>\n#7 0x557d3fc68253 <unknown>\n#8 0x557d3fc381c7 <unknown>\n#9 0x557d3fc38b3e <unknown>\n#10 0x557d3fed62cb <unknown>\n#11 0x557d3feda377 <unknown>\n#12 0x557d3fec2dfe <unknown>\n#13 0x557d3fedae42 <unknown>\n#14 0x557d3fea779f <unknown>\n#15 0x557d3feff178 <unknown>\n#16 0x557d3feff34b <unknown>\n#17 0x557d3ff0efbc <unknown>\n#18 0x7fc69c094ac3 <unknown>\n\n",
    "statusTrace" : "  File \"/opt/hostedtoolcache/Python/3.12.3/x64/lib/python3.12/site-packages/pluggy/_callers.py\", line 167, in _multicall\n    teardown.throw(outcome._exception)\n  File \"/opt/hostedtoolcache/Python/3.12.3/x64/lib/python3.12/site-packages/_pytest/setuponly.py\", line 36, in pytest_fixture_setup\n    return (yield)\n            ^^^^^\n  File \"/opt/hostedtoolcache/Python/3.12.3/x64/lib/python3.12/site-packages/pluggy/_callers.py\", line 103, in _multicall\n    res = hook_impl.function(*args)\n          ^^^^^^^^^^^^^^^^^^^^^^^^^\n  File \"/opt/hostedtoolcache/Python/3.12.3/x64/lib/python3.12/site-packages/_pytest/fixtures.py\", line 1140, in pytest_fixture_setup\n    result = call_fixture_func(fixturefunc, request, kwargs)\n             ^^^^^^^^^^^^^^^^^^^^^^^^^^^^^^^^^^^^^^^^^^^^^^^\n  File \"/opt/hostedtoolcache/Python/3.12.3/x64/lib/python3.12/site-packages/_pytest/fixtures.py\", line 917, in call_fixture_func\n    fixture_result = fixturefunc(**kwargs)\n                     ^^^^^^^^^^^^^^^^^^^^^\n  File \"/home/runner/work/DealerPassport/DealerPassport/tests/conftest.py\", line 18, in auth_user_admin_to_seo\n    main_page.check_button_agree().click()\n    ^^^^^^^^^^^^^^^^^^^^^^^^^^^^^^\n  File \"/opt/hostedtoolcache/Python/3.12.3/x64/lib/python3.12/site-packages/allure_commons/_allure.py\", line 192, in impl\n    return func(*a, **kw)\n           ^^^^^^^^^^^^^^\n  File \"/home/runner/work/DealerPassport/DealerPassport/pages/main_page.py\", line 15, in check_button_agree\n    return self.element_is_visible(self.locator.AGREE_BUTTON)\n           ^^^^^^^^^^^^^^^^^^^^^^^^^^^^^^^^^^^^^^^^^^^^^^^^^^\n  File \"/home/runner/work/DealerPassport/DealerPassport/pages/base_page.py\", line 18, in element_is_visible\n    self.go_to_element(self.element_is_present(locator))\n                       ^^^^^^^^^^^^^^^^^^^^^^^^^^^^^^^^\n  File \"/home/runner/work/DealerPassport/DealerPassport/pages/base_page.py\", line 34, in element_is_present\n    return Wait(self.driver, self.timeout).until(ec.presence_of_element_located(locator))\n           ^^^^^^^^^^^^^^^^^^^^^^^^^^^^^^^^^^^^^^^^^^^^^^^^^^^^^^^^^^^^^^^^^^^^^^^^^^^^^^\n  File \"/opt/hostedtoolcache/Python/3.12.3/x64/lib/python3.12/site-packages/selenium/webdriver/support/wait.py\", line 105, in until\n    raise TimeoutException(message, screen, stacktrace)\n",
    "steps" : [ {
      "name" : "Проверка видимости кнопки '('xpath', '//span[text()=\"Согласен\"]')' на главной странице",
      "time" : {
        "start" : 1717553063250,
        "stop" : 1717553073482,
        "duration" : 10232
      },
      "status" : "broken",
      "statusMessage" : "selenium.common.exceptions.TimeoutException: Message: \nStacktrace:\n#0 0x557d3ff0fe8a <unknown>\n#1 0x557d3fbf945c <unknown>\n#2 0x557d3fc455b5 <unknown>\n#3 0x557d3fc45671 <unknown>\n#4 0x557d3fc89f14 <unknown>\n#5 0x557d3fc684dd <unknown>\n#6 0x557d3fc872cc <unknown>\n#7 0x557d3fc68253 <unknown>\n#8 0x557d3fc381c7 <unknown>\n#9 0x557d3fc38b3e <unknown>\n#10 0x557d3fed62cb <unknown>\n#11 0x557d3feda377 <unknown>\n#12 0x557d3fec2dfe <unknown>\n#13 0x557d3fedae42 <unknown>\n#14 0x557d3fea779f <unknown>\n#15 0x557d3feff178 <unknown>\n#16 0x557d3feff34b <unknown>\n#17 0x557d3ff0efbc <unknown>\n#18 0x7fc69c094ac3 <unknown>\n\n",
      "statusTrace" : "  File \"/opt/hostedtoolcache/Python/3.12.3/x64/lib/python3.12/site-packages/allure_commons/_allure.py\", line 192, in impl\n    return func(*a, **kw)\n           ^^^^^^^^^^^^^^\n  File \"/home/runner/work/DealerPassport/DealerPassport/pages/main_page.py\", line 15, in check_button_agree\n    return self.element_is_visible(self.locator.AGREE_BUTTON)\n           ^^^^^^^^^^^^^^^^^^^^^^^^^^^^^^^^^^^^^^^^^^^^^^^^^^\n  File \"/home/runner/work/DealerPassport/DealerPassport/pages/base_page.py\", line 18, in element_is_visible\n    self.go_to_element(self.element_is_present(locator))\n                       ^^^^^^^^^^^^^^^^^^^^^^^^^^^^^^^^\n  File \"/home/runner/work/DealerPassport/DealerPassport/pages/base_page.py\", line 34, in element_is_present\n    return Wait(self.driver, self.timeout).until(ec.presence_of_element_located(locator))\n           ^^^^^^^^^^^^^^^^^^^^^^^^^^^^^^^^^^^^^^^^^^^^^^^^^^^^^^^^^^^^^^^^^^^^^^^^^^^^^^\n  File \"/opt/hostedtoolcache/Python/3.12.3/x64/lib/python3.12/site-packages/selenium/webdriver/support/wait.py\", line 105, in until\n    raise TimeoutException(message, screen, stacktrace)\n",
      "steps" : [ ],
      "attachments" : [ ],
      "parameters" : [ ],
      "stepsCount" : 0,
      "attachmentsCount" : 0,
      "shouldDisplayMessage" : true,
      "hasContent" : true
    } ],
    "attachments" : [ ],
    "parameters" : [ ],
    "stepsCount" : 1,
    "attachmentsCount" : 0,
    "shouldDisplayMessage" : false,
    "hasContent" : true
  } ],
  "afterStages" : [ {
    "name" : "driver::0",
    "time" : {
      "start" : 1717553073496,
      "stop" : 1717553073557,
      "duration" : 61
    },
    "status" : "passed",
    "steps" : [ ],
    "attachments" : [ ],
    "parameters" : [ ],
    "stepsCount" : 0,
    "attachmentsCount" : 0,
    "shouldDisplayMessage" : false,
    "hasContent" : false
  } ],
  "labels" : [ {
    "name" : "epic",
    "value" : "Test Main Page smoke_test"
  }, {
    "name" : "tag",
    "value" : "smoke_test"
  }, {
    "name" : "parentSuite",
    "value" : "tests"
  }, {
    "name" : "suite",
    "value" : "main_page_test"
  }, {
    "name" : "subSuite",
    "value" : "TestMainPageSmoke"
  }, {
    "name" : "host",
    "value" : "fv-az735-676"
  }, {
    "name" : "thread",
    "value" : "2325-MainThread"
  }, {
    "name" : "framework",
    "value" : "pytest"
  }, {
    "name" : "language",
    "value" : "cpython3"
  }, {
    "name" : "package",
    "value" : "tests.main_page_test"
  }, {
    "name" : "resultFormat",
    "value" : "allure2"
  } ],
  "parameters" : [ {
    "name" : "url",
    "value" : "'https://dealer-passport-test.xsfera.ru/users/'"
  } ],
  "links" : [ ],
  "hidden" : false,
  "retry" : false,
  "extra" : {
    "severity" : "normal",
    "retries" : [ ],
    "categories" : [ {
      "name" : "Test defects",
      "matchedStatuses" : [ ],
      "flaky" : false
    } ],
    "history" : {
      "statistic" : {
        "failed" : 4,
        "broken" : 3,
        "skipped" : 0,
        "passed" : 4,
        "unknown" : 0,
        "total" : 11
      },
      "items" : [ {
        "uid" : "13f18e87cd3bb5a2",
        "reportUrl" : "https://Nat754.github.io/DealerPassport/13//#testresult/13f18e87cd3bb5a2",
        "status" : "failed",
        "statusDetails" : "AssertionError: Ошибка: ['[Network error]: ServerError: Response not successful: Received status code 400\\nПроизошла ошибка: errors.GRAPHQL_VALIDATION_FAILED\\nПроизошла ошибка: errors.GRAPHQL_VALIDATION_FAILED\\nПроизошла ошибка: errors.GRAPHQL_VALIDATION_FAILED\\nПроизошла ошибка: errors.GRAPHQL_VALIDATION_FAILED\\nПроизошла ошибка: errors.GRAPHQL_VALIDATION_FAILED\\nПроизошла ошибка: errors.GRAPHQL_VALIDATION_FAILED']\nassert None\n +  where None = <bound method MainPage.check_not_errors of <pages.main_page.MainPage object at 0x7f730629b3b0>>()\n +    where <bound method MainPage.check_not_errors of <pages.main_page.MainPage object at 0x7f730629b3b0>> = <pages.main_page.MainPage object at 0x7f730629b3b0>.check_not_errors",
        "time" : {
          "start" : 1717466638479,
          "stop" : 1717466640119,
          "duration" : 1640
        }
      }, {
        "uid" : "287aa98ba9422740",
        "reportUrl" : "https://Nat754.github.io/DealerPassport/5//#testresult/287aa98ba9422740",
        "status" : "failed",
        "statusDetails" : "AssertionError: Ошибка: ['[Network error]: ServerError: Response not successful: Received status code 400\\nПроизошла ошибка: errors.GRAPHQL_VALIDATION_FAILED\\nПроизошла ошибка: errors.GRAPHQL_VALIDATION_FAILED\\nПроизошла ошибка: errors.GRAPHQL_VALIDATION_FAILED\\nПроизошла ошибка: errors.GRAPHQL_VALIDATION_FAILED\\nПроизошла ошибка: errors.GRAPHQL_VALIDATION_FAILED\\nПроизошла ошибка: errors.GRAPHQL_VALIDATION_FAILED\\nПроизошла ошибка: errors.GRAPHQL_VALIDATION_FAILED']\nassert None\n +  where None = <bound method MainPage.check_not_errors of <pages.main_page.MainPage object at 0x7faf6eaf1a30>>()\n +    where <bound method MainPage.check_not_errors of <pages.main_page.MainPage object at 0x7faf6eaf1a30>> = <pages.main_page.MainPage object at 0x7faf6eaf1a30>.check_not_errors",
        "time" : {
          "start" : 1717426171108,
          "stop" : 1717426172758,
          "duration" : 1650
        }
      }, {
        "uid" : "9e0927c86e9c0695",
        "reportUrl" : "https://Nat754.github.io/DealerPassport/12//#testresult/9e0927c86e9c0695",
        "status" : "broken",
        "statusDetails" : "selenium.common.exceptions.TimeoutException: Message: \nStacktrace:\n#0 0x555bf6002e8a <unknown>\n#1 0x555bf5cec45c <unknown>\n#2 0x555bf5d385b5 <unknown>\n#3 0x555bf5d38671 <unknown>\n#4 0x555bf5d7cf14 <unknown>\n#5 0x555bf5d5b4dd <unknown>\n#6 0x555bf5d7a2cc <unknown>\n#7 0x555bf5d5b253 <unknown>\n#8 0x555bf5d2b1c7 <unknown>\n#9 0x555bf5d2bb3e <unknown>\n#10 0x555bf5fc92cb <unknown>\n#11 0x555bf5fcd377 <unknown>\n#12 0x555bf5fb5dfe <unknown>\n#13 0x555bf5fcde42 <unknown>\n#14 0x555bf5f9a79f <unknown>\n#15 0x555bf5ff2178 <unknown>\n#16 0x555bf5ff234b <unknown>\n#17 0x555bf6001fbc <unknown>\n#18 0x7fb99ca94ac3 <unknown>",
        "time" : {
          "start" : 1717380319282,
          "stop" : 1717380319282,
          "duration" : 0
        }
      }, {
        "uid" : "5b20db77d9c908fc",
        "reportUrl" : "https://Nat754.github.io/DealerPassport/11//#testresult/5b20db77d9c908fc",
        "status" : "broken",
        "statusDetails" : "selenium.common.exceptions.TimeoutException: Message: \nStacktrace:\n#0 0x5639d963ce8a <unknown>\n#1 0x5639d932645c <unknown>\n#2 0x5639d93725b5 <unknown>\n#3 0x5639d9372671 <unknown>\n#4 0x5639d93b6f14 <unknown>\n#5 0x5639d93954dd <unknown>\n#6 0x5639d93b42cc <unknown>\n#7 0x5639d9395253 <unknown>\n#8 0x5639d93651c7 <unknown>\n#9 0x5639d9365b3e <unknown>\n#10 0x5639d96032cb <unknown>\n#11 0x5639d9607377 <unknown>\n#12 0x5639d95efdfe <unknown>\n#13 0x5639d9607e42 <unknown>\n#14 0x5639d95d479f <unknown>\n#15 0x5639d962c178 <unknown>\n#16 0x5639d962c34b <unknown>\n#17 0x5639d963bfbc <unknown>\n#18 0x7fcfcb094ac3 <unknown>",
        "time" : {
          "start" : 1717294027024,
          "stop" : 1717294027024,
          "duration" : 0
        }
      }, {
        "uid" : "ffa8a44bdf7f5dc9",
        "reportUrl" : "https://Nat754.github.io/DealerPassport/10//#testresult/ffa8a44bdf7f5dc9",
        "status" : "failed",
        "statusDetails" : "AssertionError: Ошибка: ['[Network error]: ServerError: Response not successful: Received status code 400\\nПроизошла ошибка: errors.GRAPHQL_VALIDATION_FAILED\\nПроизошла ошибка: errors.GRAPHQL_VALIDATION_FAILED\\nПроизошла ошибка: errors.GRAPHQL_VALIDATION_FAILED\\nПроизошла ошибка: errors.GRAPHQL_VALIDATION_FAILED\\nПроизошла ошибка: errors.GRAPHQL_VALIDATION_FAILED\\nПроизошла ошибка: errors.GRAPHQL_VALIDATION_FAILED']\nassert None\n +  where None = <bound method MainPage.check_not_errors of <pages.main_page.MainPage object at 0x7f9259099af0>>()\n +    where <bound method MainPage.check_not_errors of <pages.main_page.MainPage object at 0x7f9259099af0>> = <pages.main_page.MainPage object at 0x7f9259099af0>.check_not_errors",
        "time" : {
          "start" : 1717207600722,
          "stop" : 1717207603135,
          "duration" : 2413
        }
      }, {
        "uid" : "c3dda86867bd7d8c",
        "reportUrl" : "https://Nat754.github.io/DealerPassport/5//#testresult/c3dda86867bd7d8c",
        "status" : "failed",
        "statusDetails" : "AssertionError: Ошибка: ['[Network error]: ServerError: Response not successful: Received status code 400\\nПроизошла ошибка: errors.GRAPHQL_VALIDATION_FAILED\\nПроизошла ошибка: errors.GRAPHQL_VALIDATION_FAILED\\nПроизошла ошибка: errors.GRAPHQL_VALIDATION_FAILED\\nПроизошла ошибка: errors.GRAPHQL_VALIDATION_FAILED\\nПроизошла ошибка: errors.GRAPHQL_VALIDATION_FAILED\\nПроизошла ошибка: errors.GRAPHQL_VALIDATION_FAILED\\nПроизошла ошибка: errors.GRAPHQL_VALIDATION_FAILED\\nПроизошла ошибка: errors.GRAPHQL_VALIDATION_FAILED']\nassert None\n +  where None = <bound method MainPage.check_not_errors of <pages.main_page.MainPage object at 0x7fa8884b96d0>>()\n +    where <bound method MainPage.check_not_errors of <pages.main_page.MainPage object at 0x7fa8884b96d0>> = <pages.main_page.MainPage object at 0x7fa8884b96d0>.check_not_errors",
        "time" : {
          "start" : 1717150298175,
          "stop" : 1717150299777,
          "duration" : 1602
        }
      }, {
        "uid" : "98b456e51c596461",
        "reportUrl" : "https://Nat754.github.io/DealerPassport/5//#testresult/98b456e51c596461",
        "status" : "passed",
        "time" : {
          "start" : 1717143965732,
          "stop" : 1717143976669,
          "duration" : 10937
        }
      }, {
        "uid" : "15effbcce5e5f501",
        "reportUrl" : "https://Nat754.github.io/DealerPassport/9//#testresult/15effbcce5e5f501",
        "status" : "passed",
        "time" : {
          "start" : 1717121151436,
          "stop" : 1717121162286,
          "duration" : 10850
        }
      }, {
        "uid" : "7f6bea5bba29314a",
        "reportUrl" : "https://Nat754.github.io/DealerPassport/5//#testresult/7f6bea5bba29314a",
        "status" : "passed",
        "time" : {
          "start" : 1717080676564,
          "stop" : 1717080687470,
          "duration" : 10906
        }
      }, {
        "uid" : "eb70e612a946b1e8",
        "reportUrl" : "https://Nat754.github.io/DealerPassport/4//#testresult/eb70e612a946b1e8",
        "status" : "passed",
        "time" : {
          "start" : 1717059290810,
          "stop" : 1717059301708,
          "duration" : 10898
        }
      } ]
    },
    "tags" : [ "smoke_test" ]
  },
  "source" : "11dae2528fee25ba.json",
  "parameterValues" : [ "'https://dealer-passport-test.xsfera.ru/users/'" ]
}