{
  "uid" : "372fab1879c2249f",
  "name" : "test_open_seo[https://dealer-passport-test.xsfera.ru/staff/]",
  "fullName" : "tests.main_page_test.TestMainPageSmoke#test_open_seo",
  "historyId" : "ee626949710a0968bf928ac7701a5ea6",
  "time" : {
    "start" : 1717553031572,
    "stop" : 1717553031572,
    "duration" : 0
  },
  "status" : "broken",
  "statusMessage" : "selenium.common.exceptions.TimeoutException: Message: \nStacktrace:\n#0 0x55d41b56ee8a <unknown>\n#1 0x55d41b25845c <unknown>\n#2 0x55d41b2a45b5 <unknown>\n#3 0x55d41b2a4671 <unknown>\n#4 0x55d41b2e8f14 <unknown>\n#5 0x55d41b2c74dd <unknown>\n#6 0x55d41b2e62cc <unknown>\n#7 0x55d41b2c7253 <unknown>\n#8 0x55d41b2971c7 <unknown>\n#9 0x55d41b297b3e <unknown>\n#10 0x55d41b5352cb <unknown>\n#11 0x55d41b539377 <unknown>\n#12 0x55d41b521dfe <unknown>\n#13 0x55d41b539e42 <unknown>\n#14 0x55d41b50679f <unknown>\n#15 0x55d41b55e178 <unknown>\n#16 0x55d41b55e34b <unknown>\n#17 0x55d41b56dfbc <unknown>\n#18 0x7fee04c94ac3 <unknown>",
  "statusTrace" : "driver = <selenium.webdriver.chrome.webdriver.WebDriver (session=\"76fa9aae9a59cad282c15a15e726b079\")>\n\n    @pytest.fixture\n    def auth_user_admin_to_seo(driver):\n        main_page = MainPage(driver)\n        url = Urls.MAIN_URL_SEO + Urls.AUTH\n        cookies = {'name': 'token', 'value': os.environ[\"SEO_ADMIN\"]}\n        driver.get(url)\n        driver.add_cookie(cookies)\n        driver.get(Urls.MAIN_URL_SEO)\n>       main_page.check_button_agree().click()\n\ntests/conftest.py:18: \n_ _ _ _ _ _ _ _ _ _ _ _ _ _ _ _ _ _ _ _ _ _ _ _ _ _ _ _ _ _ _ _ _ _ _ _ _ _ _ _ \npages/main_page.py:15: in check_button_agree\n    return self.element_is_visible(self.locator.AGREE_BUTTON)\npages/base_page.py:18: in element_is_visible\n    self.go_to_element(self.element_is_present(locator))\npages/base_page.py:34: in element_is_present\n    return Wait(self.driver, self.timeout).until(ec.presence_of_element_located(locator))\n_ _ _ _ _ _ _ _ _ _ _ _ _ _ _ _ _ _ _ _ _ _ _ _ _ _ _ _ _ _ _ _ _ _ _ _ _ _ _ _ \n\nself = <selenium.webdriver.support.wait.WebDriverWait (session=\"76fa9aae9a59cad282c15a15e726b079\")>\nmethod = <function presence_of_element_located.<locals>._predicate at 0x7f12bc3d60c0>\nmessage = ''\n\n    def until(self, method: Callable[[D], Union[Literal[False], T]], message: str = \"\") -> T:\n        \"\"\"Calls the method provided with the driver as an argument until the \\\n        return value does not evaluate to ``False``.\n    \n        :param method: callable(WebDriver)\n        :param message: optional message for :exc:`TimeoutException`\n        :returns: the result of the last call to `method`\n        :raises: :exc:`selenium.common.exceptions.TimeoutException` if timeout occurs\n        \"\"\"\n        screen = None\n        stacktrace = None\n    \n        end_time = time.monotonic() + self._timeout\n        while True:\n            try:\n                value = method(self._driver)\n                if value:\n                    return value\n            except self._ignored_exceptions as exc:\n                screen = getattr(exc, \"screen\", None)\n                stacktrace = getattr(exc, \"stacktrace\", None)\n            time.sleep(self._poll)\n            if time.monotonic() > end_time:\n                break\n>       raise TimeoutException(message, screen, stacktrace)\nE       selenium.common.exceptions.TimeoutException: Message: \nE       Stacktrace:\nE       #0 0x55d41b56ee8a <unknown>\nE       #1 0x55d41b25845c <unknown>\nE       #2 0x55d41b2a45b5 <unknown>\nE       #3 0x55d41b2a4671 <unknown>\nE       #4 0x55d41b2e8f14 <unknown>\nE       #5 0x55d41b2c74dd <unknown>\nE       #6 0x55d41b2e62cc <unknown>\nE       #7 0x55d41b2c7253 <unknown>\nE       #8 0x55d41b2971c7 <unknown>\nE       #9 0x55d41b297b3e <unknown>\nE       #10 0x55d41b5352cb <unknown>\nE       #11 0x55d41b539377 <unknown>\nE       #12 0x55d41b521dfe <unknown>\nE       #13 0x55d41b539e42 <unknown>\nE       #14 0x55d41b50679f <unknown>\nE       #15 0x55d41b55e178 <unknown>\nE       #16 0x55d41b55e34b <unknown>\nE       #17 0x55d41b56dfbc <unknown>\nE       #18 0x7fee04c94ac3 <unknown>\n\n/opt/hostedtoolcache/Python/3.12.3/x64/lib/python3.12/site-packages/selenium/webdriver/support/wait.py:105: TimeoutException",
  "flaky" : false,
  "newFailed" : false,
  "beforeStages" : [ {
    "name" : "driver",
    "time" : {
      "start" : 1717553031573,
      "stop" : 1717553031774,
      "duration" : 201
    },
    "status" : "passed",
    "steps" : [ ],
    "attachments" : [ ],
    "parameters" : [ ],
    "stepsCount" : 0,
    "attachmentsCount" : 0,
    "shouldDisplayMessage" : false,
    "hasContent" : false
  }, {
    "name" : "clear_allure_results_folder",
    "time" : {
      "start" : 1717552818700,
      "stop" : 1717552818700,
      "duration" : 0
    },
    "status" : "passed",
    "steps" : [ ],
    "attachments" : [ ],
    "parameters" : [ ],
    "stepsCount" : 0,
    "attachmentsCount" : 0,
    "shouldDisplayMessage" : false,
    "hasContent" : false
  }, {
    "name" : "auth_user_admin_to_seo",
    "time" : {
      "start" : 1717553031774,
      "stop" : 1717553045487,
      "duration" : 13713
    },
    "status" : "broken",
    "statusMessage" : "selenium.common.exceptions.TimeoutException: Message: \nStacktrace:\n#0 0x55d41b56ee8a <unknown>\n#1 0x55d41b25845c <unknown>\n#2 0x55d41b2a45b5 <unknown>\n#3 0x55d41b2a4671 <unknown>\n#4 0x55d41b2e8f14 <unknown>\n#5 0x55d41b2c74dd <unknown>\n#6 0x55d41b2e62cc <unknown>\n#7 0x55d41b2c7253 <unknown>\n#8 0x55d41b2971c7 <unknown>\n#9 0x55d41b297b3e <unknown>\n#10 0x55d41b5352cb <unknown>\n#11 0x55d41b539377 <unknown>\n#12 0x55d41b521dfe <unknown>\n#13 0x55d41b539e42 <unknown>\n#14 0x55d41b50679f <unknown>\n#15 0x55d41b55e178 <unknown>\n#16 0x55d41b55e34b <unknown>\n#17 0x55d41b56dfbc <unknown>\n#18 0x7fee04c94ac3 <unknown>\n\n",
    "statusTrace" : "  File \"/opt/hostedtoolcache/Python/3.12.3/x64/lib/python3.12/site-packages/pluggy/_callers.py\", line 167, in _multicall\n    teardown.throw(outcome._exception)\n  File \"/opt/hostedtoolcache/Python/3.12.3/x64/lib/python3.12/site-packages/_pytest/setuponly.py\", line 36, in pytest_fixture_setup\n    return (yield)\n            ^^^^^\n  File \"/opt/hostedtoolcache/Python/3.12.3/x64/lib/python3.12/site-packages/pluggy/_callers.py\", line 103, in _multicall\n    res = hook_impl.function(*args)\n          ^^^^^^^^^^^^^^^^^^^^^^^^^\n  File \"/opt/hostedtoolcache/Python/3.12.3/x64/lib/python3.12/site-packages/_pytest/fixtures.py\", line 1140, in pytest_fixture_setup\n    result = call_fixture_func(fixturefunc, request, kwargs)\n             ^^^^^^^^^^^^^^^^^^^^^^^^^^^^^^^^^^^^^^^^^^^^^^^\n  File \"/opt/hostedtoolcache/Python/3.12.3/x64/lib/python3.12/site-packages/_pytest/fixtures.py\", line 917, in call_fixture_func\n    fixture_result = fixturefunc(**kwargs)\n                     ^^^^^^^^^^^^^^^^^^^^^\n  File \"/home/runner/work/DealerPassport/DealerPassport/tests/conftest.py\", line 18, in auth_user_admin_to_seo\n    main_page.check_button_agree().click()\n    ^^^^^^^^^^^^^^^^^^^^^^^^^^^^^^\n  File \"/opt/hostedtoolcache/Python/3.12.3/x64/lib/python3.12/site-packages/allure_commons/_allure.py\", line 192, in impl\n    return func(*a, **kw)\n           ^^^^^^^^^^^^^^\n  File \"/home/runner/work/DealerPassport/DealerPassport/pages/main_page.py\", line 15, in check_button_agree\n    return self.element_is_visible(self.locator.AGREE_BUTTON)\n           ^^^^^^^^^^^^^^^^^^^^^^^^^^^^^^^^^^^^^^^^^^^^^^^^^^\n  File \"/home/runner/work/DealerPassport/DealerPassport/pages/base_page.py\", line 18, in element_is_visible\n    self.go_to_element(self.element_is_present(locator))\n                       ^^^^^^^^^^^^^^^^^^^^^^^^^^^^^^^^\n  File \"/home/runner/work/DealerPassport/DealerPassport/pages/base_page.py\", line 34, in element_is_present\n    return Wait(self.driver, self.timeout).until(ec.presence_of_element_located(locator))\n           ^^^^^^^^^^^^^^^^^^^^^^^^^^^^^^^^^^^^^^^^^^^^^^^^^^^^^^^^^^^^^^^^^^^^^^^^^^^^^^\n  File \"/opt/hostedtoolcache/Python/3.12.3/x64/lib/python3.12/site-packages/selenium/webdriver/support/wait.py\", line 105, in until\n    raise TimeoutException(message, screen, stacktrace)\n",
    "steps" : [ {
      "name" : "Проверка видимости кнопки '('xpath', '//span[text()=\"Согласен\"]')' на главной странице",
      "time" : {
        "start" : 1717553035256,
        "stop" : 1717553045486,
        "duration" : 10230
      },
      "status" : "broken",
      "statusMessage" : "selenium.common.exceptions.TimeoutException: Message: \nStacktrace:\n#0 0x55d41b56ee8a <unknown>\n#1 0x55d41b25845c <unknown>\n#2 0x55d41b2a45b5 <unknown>\n#3 0x55d41b2a4671 <unknown>\n#4 0x55d41b2e8f14 <unknown>\n#5 0x55d41b2c74dd <unknown>\n#6 0x55d41b2e62cc <unknown>\n#7 0x55d41b2c7253 <unknown>\n#8 0x55d41b2971c7 <unknown>\n#9 0x55d41b297b3e <unknown>\n#10 0x55d41b5352cb <unknown>\n#11 0x55d41b539377 <unknown>\n#12 0x55d41b521dfe <unknown>\n#13 0x55d41b539e42 <unknown>\n#14 0x55d41b50679f <unknown>\n#15 0x55d41b55e178 <unknown>\n#16 0x55d41b55e34b <unknown>\n#17 0x55d41b56dfbc <unknown>\n#18 0x7fee04c94ac3 <unknown>\n\n",
      "statusTrace" : "  File \"/opt/hostedtoolcache/Python/3.12.3/x64/lib/python3.12/site-packages/allure_commons/_allure.py\", line 192, in impl\n    return func(*a, **kw)\n           ^^^^^^^^^^^^^^\n  File \"/home/runner/work/DealerPassport/DealerPassport/pages/main_page.py\", line 15, in check_button_agree\n    return self.element_is_visible(self.locator.AGREE_BUTTON)\n           ^^^^^^^^^^^^^^^^^^^^^^^^^^^^^^^^^^^^^^^^^^^^^^^^^^\n  File \"/home/runner/work/DealerPassport/DealerPassport/pages/base_page.py\", line 18, in element_is_visible\n    self.go_to_element(self.element_is_present(locator))\n                       ^^^^^^^^^^^^^^^^^^^^^^^^^^^^^^^^\n  File \"/home/runner/work/DealerPassport/DealerPassport/pages/base_page.py\", line 34, in element_is_present\n    return Wait(self.driver, self.timeout).until(ec.presence_of_element_located(locator))\n           ^^^^^^^^^^^^^^^^^^^^^^^^^^^^^^^^^^^^^^^^^^^^^^^^^^^^^^^^^^^^^^^^^^^^^^^^^^^^^^\n  File \"/opt/hostedtoolcache/Python/3.12.3/x64/lib/python3.12/site-packages/selenium/webdriver/support/wait.py\", line 105, in until\n    raise TimeoutException(message, screen, stacktrace)\n",
      "steps" : [ ],
      "attachments" : [ ],
      "parameters" : [ ],
      "stepsCount" : 0,
      "attachmentsCount" : 0,
      "shouldDisplayMessage" : true,
      "hasContent" : true
    } ],
    "attachments" : [ ],
    "parameters" : [ ],
    "stepsCount" : 1,
    "attachmentsCount" : 0,
    "shouldDisplayMessage" : false,
    "hasContent" : true
  } ],
  "afterStages" : [ {
    "name" : "driver::0",
    "time" : {
      "start" : 1717553045500,
      "stop" : 1717553045560,
      "duration" : 60
    },
    "status" : "passed",
    "steps" : [ ],
    "attachments" : [ ],
    "parameters" : [ ],
    "stepsCount" : 0,
    "attachmentsCount" : 0,
    "shouldDisplayMessage" : false,
    "hasContent" : false
  } ],
  "labels" : [ {
    "name" : "epic",
    "value" : "Test Main Page smoke_test"
  }, {
    "name" : "tag",
    "value" : "smoke_test"
  }, {
    "name" : "parentSuite",
    "value" : "tests"
  }, {
    "name" : "suite",
    "value" : "main_page_test"
  }, {
    "name" : "subSuite",
    "value" : "TestMainPageSmoke"
  }, {
    "name" : "host",
    "value" : "fv-az735-676"
  }, {
    "name" : "thread",
    "value" : "2325-MainThread"
  }, {
    "name" : "framework",
    "value" : "pytest"
  }, {
    "name" : "language",
    "value" : "cpython3"
  }, {
    "name" : "package",
    "value" : "tests.main_page_test"
  }, {
    "name" : "resultFormat",
    "value" : "allure2"
  } ],
  "parameters" : [ {
    "name" : "url",
    "value" : "'https://dealer-passport-test.xsfera.ru/staff/'"
  } ],
  "links" : [ ],
  "hidden" : false,
  "retry" : false,
  "extra" : {
    "severity" : "normal",
    "retries" : [ ],
    "categories" : [ {
      "name" : "Test defects",
      "matchedStatuses" : [ ],
      "flaky" : false
    } ],
    "history" : {
      "statistic" : {
        "failed" : 4,
        "broken" : 3,
        "skipped" : 0,
        "passed" : 4,
        "unknown" : 0,
        "total" : 11
      },
      "items" : [ {
        "uid" : "c8684afcd93fa89d",
        "reportUrl" : "https://Nat754.github.io/DealerPassport/13//#testresult/c8684afcd93fa89d",
        "status" : "failed",
        "statusDetails" : "AssertionError: Ошибка: ['[Network error]: ServerError: Response not successful: Received status code 400\\nПроизошла ошибка: errors.GRAPHQL_VALIDATION_FAILED\\nПроизошла ошибка: errors.GRAPHQL_VALIDATION_FAILED\\nПроизошла ошибка: errors.GRAPHQL_VALIDATION_FAILED\\nПроизошла ошибка: errors.GRAPHQL_VALIDATION_FAILED\\nПроизошла ошибка: errors.GRAPHQL_VALIDATION_FAILED\\nПроизошла ошибка: errors.GRAPHQL_VALIDATION_FAILED\\nПроизошла ошибка: errors.GRAPHQL_VALIDATION_FAILED']\nassert None\n +  where None = <bound method MainPage.check_not_errors of <pages.main_page.MainPage object at 0x7f73062ba480>>()\n +    where <bound method MainPage.check_not_errors of <pages.main_page.MainPage object at 0x7f73062ba480>> = <pages.main_page.MainPage object at 0x7f73062ba480>.check_not_errors",
        "time" : {
          "start" : 1717466628637,
          "stop" : 1717466630819,
          "duration" : 2182
        }
      }, {
        "uid" : "cd06ae7251a52161",
        "reportUrl" : "https://Nat754.github.io/DealerPassport/5//#testresult/cd06ae7251a52161",
        "status" : "failed",
        "statusDetails" : "AssertionError: Ошибка: ['[Network error]: ServerError: Response not successful: Received status code 400\\nПроизошла ошибка: errors.GRAPHQL_VALIDATION_FAILED\\nПроизошла ошибка: errors.GRAPHQL_VALIDATION_FAILED\\nПроизошла ошибка: errors.GRAPHQL_VALIDATION_FAILED\\nПроизошла ошибка: errors.GRAPHQL_VALIDATION_FAILED\\nПроизошла ошибка: errors.GRAPHQL_VALIDATION_FAILED\\nПроизошла ошибка: errors.GRAPHQL_VALIDATION_FAILED\\nПроизошла ошибка: errors.GRAPHQL_VALIDATION_FAILED']\nassert None\n +  where None = <bound method MainPage.check_not_errors of <pages.main_page.MainPage object at 0x7faf6eab14c0>>()\n +    where <bound method MainPage.check_not_errors of <pages.main_page.MainPage object at 0x7faf6eab14c0>> = <pages.main_page.MainPage object at 0x7faf6eab14c0>.check_not_errors",
        "time" : {
          "start" : 1717426161734,
          "stop" : 1717426163973,
          "duration" : 2239
        }
      }, {
        "uid" : "36aa7ed306129b26",
        "reportUrl" : "https://Nat754.github.io/DealerPassport/12//#testresult/36aa7ed306129b26",
        "status" : "broken",
        "statusDetails" : "selenium.common.exceptions.TimeoutException: Message: \nStacktrace:\n#0 0x55b30f6a8e8a <unknown>\n#1 0x55b30f39245c <unknown>\n#2 0x55b30f3de5b5 <unknown>\n#3 0x55b30f3de671 <unknown>\n#4 0x55b30f422f14 <unknown>\n#5 0x55b30f4014dd <unknown>\n#6 0x55b30f4202cc <unknown>\n#7 0x55b30f401253 <unknown>\n#8 0x55b30f3d11c7 <unknown>\n#9 0x55b30f3d1b3e <unknown>\n#10 0x55b30f66f2cb <unknown>\n#11 0x55b30f673377 <unknown>\n#12 0x55b30f65bdfe <unknown>\n#13 0x55b30f673e42 <unknown>\n#14 0x55b30f64079f <unknown>\n#15 0x55b30f698178 <unknown>\n#16 0x55b30f69834b <unknown>\n#17 0x55b30f6a7fbc <unknown>\n#18 0x7fcaf8294ac3 <unknown>",
        "time" : {
          "start" : 1717380292897,
          "stop" : 1717380292897,
          "duration" : 0
        }
      }, {
        "uid" : "72aea6da52f197ed",
        "reportUrl" : "https://Nat754.github.io/DealerPassport/11//#testresult/72aea6da52f197ed",
        "status" : "broken",
        "statusDetails" : "selenium.common.exceptions.TimeoutException: Message: \nStacktrace:\n#0 0x564736366e8a <unknown>\n#1 0x56473605045c <unknown>\n#2 0x56473609c5b5 <unknown>\n#3 0x56473609c671 <unknown>\n#4 0x5647360e0f14 <unknown>\n#5 0x5647360bf4dd <unknown>\n#6 0x5647360de2cc <unknown>\n#7 0x5647360bf253 <unknown>\n#8 0x56473608f1c7 <unknown>\n#9 0x56473608fb3e <unknown>\n#10 0x56473632d2cb <unknown>\n#11 0x564736331377 <unknown>\n#12 0x564736319dfe <unknown>\n#13 0x564736331e42 <unknown>\n#14 0x5647362fe79f <unknown>\n#15 0x564736356178 <unknown>\n#16 0x56473635634b <unknown>\n#17 0x564736365fbc <unknown>\n#18 0x7fe644c94ac3 <unknown>",
        "time" : {
          "start" : 1717294000516,
          "stop" : 1717294000516,
          "duration" : 0
        }
      }, {
        "uid" : "30d8e0cb36e77e0a",
        "reportUrl" : "https://Nat754.github.io/DealerPassport/10//#testresult/30d8e0cb36e77e0a",
        "status" : "failed",
        "statusDetails" : "AssertionError: Ошибка: ['[Network error]: ServerError: Response not successful: Received status code 400\\nПроизошла ошибка: errors.GRAPHQL_VALIDATION_FAILED\\nПроизошла ошибка: errors.GRAPHQL_VALIDATION_FAILED\\nПроизошла ошибка: errors.GRAPHQL_VALIDATION_FAILED\\nПроизошла ошибка: errors.GRAPHQL_VALIDATION_FAILED\\nПроизошла ошибка: errors.GRAPHQL_VALIDATION_FAILED\\nПроизошла ошибка: errors.GRAPHQL_VALIDATION_FAILED\\nПроизошла ошибка: errors.GRAPHQL_VALIDATION_FAILED']\nassert None\n +  where None = <bound method MainPage.check_not_errors of <pages.main_page.MainPage object at 0x7f92590acbc0>>()\n +    where <bound method MainPage.check_not_errors of <pages.main_page.MainPage object at 0x7f92590acbc0>> = <pages.main_page.MainPage object at 0x7f92590acbc0>.check_not_errors",
        "time" : {
          "start" : 1717207580769,
          "stop" : 1717207583607,
          "duration" : 2838
        }
      }, {
        "uid" : "e285f4d969abdf19",
        "reportUrl" : "https://Nat754.github.io/DealerPassport/5//#testresult/e285f4d969abdf19",
        "status" : "failed",
        "statusDetails" : "AssertionError: Ошибка: ['[Network error]: ServerError: Response not successful: Received status code 400\\nПроизошла ошибка: errors.GRAPHQL_VALIDATION_FAILED\\nПроизошла ошибка: errors.GRAPHQL_VALIDATION_FAILED\\nПроизошла ошибка: errors.GRAPHQL_VALIDATION_FAILED\\nПроизошла ошибка: errors.GRAPHQL_VALIDATION_FAILED\\nПроизошла ошибка: errors.GRAPHQL_VALIDATION_FAILED\\nПроизошла ошибка: errors.GRAPHQL_VALIDATION_FAILED']\nassert None\n +  where None = <bound method MainPage.check_not_errors of <pages.main_page.MainPage object at 0x7fa8884a2a20>>()\n +    where <bound method MainPage.check_not_errors of <pages.main_page.MainPage object at 0x7fa8884a2a20>> = <pages.main_page.MainPage object at 0x7fa8884a2a20>.check_not_errors",
        "time" : {
          "start" : 1717150288974,
          "stop" : 1717150291156,
          "duration" : 2182
        }
      }, {
        "uid" : "b8557faef0599181",
        "reportUrl" : "https://Nat754.github.io/DealerPassport/5//#testresult/b8557faef0599181",
        "status" : "passed",
        "time" : {
          "start" : 1717143936054,
          "stop" : 1717143947085,
          "duration" : 11031
        }
      }, {
        "uid" : "c9e9b929a9493485",
        "reportUrl" : "https://Nat754.github.io/DealerPassport/9//#testresult/c9e9b929a9493485",
        "status" : "passed",
        "time" : {
          "start" : 1717121122481,
          "stop" : 1717121133575,
          "duration" : 11094
        }
      }, {
        "uid" : "3065ecbe8c3f6de6",
        "reportUrl" : "https://Nat754.github.io/DealerPassport/5//#testresult/3065ecbe8c3f6de6",
        "status" : "passed",
        "time" : {
          "start" : 1717080647680,
          "stop" : 1717080658840,
          "duration" : 11160
        }
      }, {
        "uid" : "332163189f0777f5",
        "reportUrl" : "https://Nat754.github.io/DealerPassport/4//#testresult/332163189f0777f5",
        "status" : "passed",
        "time" : {
          "start" : 1717059263082,
          "stop" : 1717059273930,
          "duration" : 10848
        }
      } ]
    },
    "tags" : [ "smoke_test" ]
  },
  "source" : "372fab1879c2249f.json",
  "parameterValues" : [ "'https://dealer-passport-test.xsfera.ru/staff/'" ]
}