{
  "uid" : "f6cb44205144c9f9",
  "name" : "test_open_seo[https://dealer-passport-test.xsfera.ru/reports/]",
  "fullName" : "tests.main_page_test.TestMainPageSmoke#test_open_seo",
  "historyId" : "1978edd06d765b55b5f811c6e791203e",
  "time" : {
    "start" : 1717380187146,
    "stop" : 1717380187146,
    "duration" : 0
  },
  "status" : "broken",
  "statusMessage" : "selenium.common.exceptions.TimeoutException: Message: \nStacktrace:\n#0 0x564cc8318e8a <unknown>\n#1 0x564cc800245c <unknown>\n#2 0x564cc804e5b5 <unknown>\n#3 0x564cc804e671 <unknown>\n#4 0x564cc8092f14 <unknown>\n#5 0x564cc80714dd <unknown>\n#6 0x564cc80902cc <unknown>\n#7 0x564cc8071253 <unknown>\n#8 0x564cc80411c7 <unknown>\n#9 0x564cc8041b3e <unknown>\n#10 0x564cc82df2cb <unknown>\n#11 0x564cc82e3377 <unknown>\n#12 0x564cc82cbdfe <unknown>\n#13 0x564cc82e3e42 <unknown>\n#14 0x564cc82b079f <unknown>\n#15 0x564cc8308178 <unknown>\n#16 0x564cc830834b <unknown>\n#17 0x564cc8317fbc <unknown>\n#18 0x7f142ea94ac3 <unknown>",
  "statusTrace" : "driver = <selenium.webdriver.chrome.webdriver.WebDriver (session=\"6f3dc2d8c5cdabbac1c7668cdc7e65fe\")>\n\n    @pytest.fixture\n    def auth_user_admin_to_seo(driver):\n        main_page = MainPage(driver)\n        url = Urls.MAIN_URL_SEO + Urls.AUTH\n        cookies = {'name': 'token', 'value': os.environ[\"SEO_ADMIN\"]}\n        driver.get(url)\n        driver.add_cookie(cookies)\n        driver.get(Urls.MAIN_URL_SEO)\n>       main_page.check_button_agree().click()\n\ntests/conftest.py:18: \n_ _ _ _ _ _ _ _ _ _ _ _ _ _ _ _ _ _ _ _ _ _ _ _ _ _ _ _ _ _ _ _ _ _ _ _ _ _ _ _ \npages/main_page.py:15: in check_button_agree\n    return self.element_is_visible(self.locator.AGREE_BUTTON)\npages/base_page.py:18: in element_is_visible\n    self.go_to_element(self.element_is_present(locator))\npages/base_page.py:34: in element_is_present\n    return Wait(self.driver, self.timeout).until(ec.presence_of_element_located(locator))\n_ _ _ _ _ _ _ _ _ _ _ _ _ _ _ _ _ _ _ _ _ _ _ _ _ _ _ _ _ _ _ _ _ _ _ _ _ _ _ _ \n\nself = <selenium.webdriver.support.wait.WebDriverWait (session=\"6f3dc2d8c5cdabbac1c7668cdc7e65fe\")>\nmethod = <function presence_of_element_located.<locals>._predicate at 0x7f17d8149300>\nmessage = ''\n\n    def until(self, method: Callable[[D], Union[Literal[False], T]], message: str = \"\") -> T:\n        \"\"\"Calls the method provided with the driver as an argument until the \\\n        return value does not evaluate to ``False``.\n    \n        :param method: callable(WebDriver)\n        :param message: optional message for :exc:`TimeoutException`\n        :returns: the result of the last call to `method`\n        :raises: :exc:`selenium.common.exceptions.TimeoutException` if timeout occurs\n        \"\"\"\n        screen = None\n        stacktrace = None\n    \n        end_time = time.monotonic() + self._timeout\n        while True:\n            try:\n                value = method(self._driver)\n                if value:\n                    return value\n            except self._ignored_exceptions as exc:\n                screen = getattr(exc, \"screen\", None)\n                stacktrace = getattr(exc, \"stacktrace\", None)\n            time.sleep(self._poll)\n            if time.monotonic() > end_time:\n                break\n>       raise TimeoutException(message, screen, stacktrace)\nE       selenium.common.exceptions.TimeoutException: Message: \nE       Stacktrace:\nE       #0 0x564cc8318e8a <unknown>\nE       #1 0x564cc800245c <unknown>\nE       #2 0x564cc804e5b5 <unknown>\nE       #3 0x564cc804e671 <unknown>\nE       #4 0x564cc8092f14 <unknown>\nE       #5 0x564cc80714dd <unknown>\nE       #6 0x564cc80902cc <unknown>\nE       #7 0x564cc8071253 <unknown>\nE       #8 0x564cc80411c7 <unknown>\nE       #9 0x564cc8041b3e <unknown>\nE       #10 0x564cc82df2cb <unknown>\nE       #11 0x564cc82e3377 <unknown>\nE       #12 0x564cc82cbdfe <unknown>\nE       #13 0x564cc82e3e42 <unknown>\nE       #14 0x564cc82b079f <unknown>\nE       #15 0x564cc8308178 <unknown>\nE       #16 0x564cc830834b <unknown>\nE       #17 0x564cc8317fbc <unknown>\nE       #18 0x7f142ea94ac3 <unknown>\n\n/opt/hostedtoolcache/Python/3.12.3/x64/lib/python3.12/site-packages/selenium/webdriver/support/wait.py:105: TimeoutException",
  "flaky" : false,
  "newFailed" : false,
  "beforeStages" : [ {
    "name" : "auth_user_admin_to_seo",
    "time" : {
      "start" : 1717380187346,
      "stop" : 1717380200288,
      "duration" : 12942
    },
    "status" : "broken",
    "statusMessage" : "selenium.common.exceptions.TimeoutException: Message: \nStacktrace:\n#0 0x564cc8318e8a <unknown>\n#1 0x564cc800245c <unknown>\n#2 0x564cc804e5b5 <unknown>\n#3 0x564cc804e671 <unknown>\n#4 0x564cc8092f14 <unknown>\n#5 0x564cc80714dd <unknown>\n#6 0x564cc80902cc <unknown>\n#7 0x564cc8071253 <unknown>\n#8 0x564cc80411c7 <unknown>\n#9 0x564cc8041b3e <unknown>\n#10 0x564cc82df2cb <unknown>\n#11 0x564cc82e3377 <unknown>\n#12 0x564cc82cbdfe <unknown>\n#13 0x564cc82e3e42 <unknown>\n#14 0x564cc82b079f <unknown>\n#15 0x564cc8308178 <unknown>\n#16 0x564cc830834b <unknown>\n#17 0x564cc8317fbc <unknown>\n#18 0x7f142ea94ac3 <unknown>\n\n",
    "statusTrace" : "  File \"/opt/hostedtoolcache/Python/3.12.3/x64/lib/python3.12/site-packages/pluggy/_callers.py\", line 167, in _multicall\n    teardown.throw(outcome._exception)\n  File \"/opt/hostedtoolcache/Python/3.12.3/x64/lib/python3.12/site-packages/_pytest/setuponly.py\", line 36, in pytest_fixture_setup\n    return (yield)\n            ^^^^^\n  File \"/opt/hostedtoolcache/Python/3.12.3/x64/lib/python3.12/site-packages/pluggy/_callers.py\", line 103, in _multicall\n    res = hook_impl.function(*args)\n          ^^^^^^^^^^^^^^^^^^^^^^^^^\n  File \"/opt/hostedtoolcache/Python/3.12.3/x64/lib/python3.12/site-packages/_pytest/fixtures.py\", line 1140, in pytest_fixture_setup\n    result = call_fixture_func(fixturefunc, request, kwargs)\n             ^^^^^^^^^^^^^^^^^^^^^^^^^^^^^^^^^^^^^^^^^^^^^^^\n  File \"/opt/hostedtoolcache/Python/3.12.3/x64/lib/python3.12/site-packages/_pytest/fixtures.py\", line 917, in call_fixture_func\n    fixture_result = fixturefunc(**kwargs)\n                     ^^^^^^^^^^^^^^^^^^^^^\n  File \"/home/runner/work/DealerPassport/DealerPassport/tests/conftest.py\", line 18, in auth_user_admin_to_seo\n    main_page.check_button_agree().click()\n    ^^^^^^^^^^^^^^^^^^^^^^^^^^^^^^\n  File \"/opt/hostedtoolcache/Python/3.12.3/x64/lib/python3.12/site-packages/allure_commons/_allure.py\", line 192, in impl\n    return func(*a, **kw)\n           ^^^^^^^^^^^^^^\n  File \"/home/runner/work/DealerPassport/DealerPassport/pages/main_page.py\", line 15, in check_button_agree\n    return self.element_is_visible(self.locator.AGREE_BUTTON)\n           ^^^^^^^^^^^^^^^^^^^^^^^^^^^^^^^^^^^^^^^^^^^^^^^^^^\n  File \"/home/runner/work/DealerPassport/DealerPassport/pages/base_page.py\", line 18, in element_is_visible\n    self.go_to_element(self.element_is_present(locator))\n                       ^^^^^^^^^^^^^^^^^^^^^^^^^^^^^^^^\n  File \"/home/runner/work/DealerPassport/DealerPassport/pages/base_page.py\", line 34, in element_is_present\n    return Wait(self.driver, self.timeout).until(ec.presence_of_element_located(locator))\n           ^^^^^^^^^^^^^^^^^^^^^^^^^^^^^^^^^^^^^^^^^^^^^^^^^^^^^^^^^^^^^^^^^^^^^^^^^^^^^^\n  File \"/opt/hostedtoolcache/Python/3.12.3/x64/lib/python3.12/site-packages/selenium/webdriver/support/wait.py\", line 105, in until\n    raise TimeoutException(message, screen, stacktrace)\n",
    "steps" : [ {
      "name" : "Проверка видимости кнопки '('xpath', '//span[text()=\"Согласен\"]')' на главной странице",
      "time" : {
        "start" : 1717380190056,
        "stop" : 1717380200288,
        "duration" : 10232
      },
      "status" : "broken",
      "statusMessage" : "selenium.common.exceptions.TimeoutException: Message: \nStacktrace:\n#0 0x564cc8318e8a <unknown>\n#1 0x564cc800245c <unknown>\n#2 0x564cc804e5b5 <unknown>\n#3 0x564cc804e671 <unknown>\n#4 0x564cc8092f14 <unknown>\n#5 0x564cc80714dd <unknown>\n#6 0x564cc80902cc <unknown>\n#7 0x564cc8071253 <unknown>\n#8 0x564cc80411c7 <unknown>\n#9 0x564cc8041b3e <unknown>\n#10 0x564cc82df2cb <unknown>\n#11 0x564cc82e3377 <unknown>\n#12 0x564cc82cbdfe <unknown>\n#13 0x564cc82e3e42 <unknown>\n#14 0x564cc82b079f <unknown>\n#15 0x564cc8308178 <unknown>\n#16 0x564cc830834b <unknown>\n#17 0x564cc8317fbc <unknown>\n#18 0x7f142ea94ac3 <unknown>\n\n",
      "statusTrace" : "  File \"/opt/hostedtoolcache/Python/3.12.3/x64/lib/python3.12/site-packages/allure_commons/_allure.py\", line 192, in impl\n    return func(*a, **kw)\n           ^^^^^^^^^^^^^^\n  File \"/home/runner/work/DealerPassport/DealerPassport/pages/main_page.py\", line 15, in check_button_agree\n    return self.element_is_visible(self.locator.AGREE_BUTTON)\n           ^^^^^^^^^^^^^^^^^^^^^^^^^^^^^^^^^^^^^^^^^^^^^^^^^^\n  File \"/home/runner/work/DealerPassport/DealerPassport/pages/base_page.py\", line 18, in element_is_visible\n    self.go_to_element(self.element_is_present(locator))\n                       ^^^^^^^^^^^^^^^^^^^^^^^^^^^^^^^^\n  File \"/home/runner/work/DealerPassport/DealerPassport/pages/base_page.py\", line 34, in element_is_present\n    return Wait(self.driver, self.timeout).until(ec.presence_of_element_located(locator))\n           ^^^^^^^^^^^^^^^^^^^^^^^^^^^^^^^^^^^^^^^^^^^^^^^^^^^^^^^^^^^^^^^^^^^^^^^^^^^^^^\n  File \"/opt/hostedtoolcache/Python/3.12.3/x64/lib/python3.12/site-packages/selenium/webdriver/support/wait.py\", line 105, in until\n    raise TimeoutException(message, screen, stacktrace)\n",
      "steps" : [ ],
      "attachments" : [ ],
      "parameters" : [ ],
      "stepsCount" : 0,
      "attachmentsCount" : 0,
      "shouldDisplayMessage" : true,
      "hasContent" : true
    } ],
    "attachments" : [ ],
    "parameters" : [ ],
    "stepsCount" : 1,
    "attachmentsCount" : 0,
    "shouldDisplayMessage" : false,
    "hasContent" : true
  }, {
    "name" : "clear_allure_results_folder",
    "time" : {
      "start" : 1717380097624,
      "stop" : 1717380097624,
      "duration" : 0
    },
    "status" : "passed",
    "steps" : [ ],
    "attachments" : [ ],
    "parameters" : [ ],
    "stepsCount" : 0,
    "attachmentsCount" : 0,
    "shouldDisplayMessage" : false,
    "hasContent" : false
  }, {
    "name" : "driver",
    "time" : {
      "start" : 1717380187146,
      "stop" : 1717380187345,
      "duration" : 199
    },
    "status" : "passed",
    "steps" : [ ],
    "attachments" : [ ],
    "parameters" : [ ],
    "stepsCount" : 0,
    "attachmentsCount" : 0,
    "shouldDisplayMessage" : false,
    "hasContent" : false
  } ],
  "afterStages" : [ {
    "name" : "driver::0",
    "time" : {
      "start" : 1717380200314,
      "stop" : 1717380200373,
      "duration" : 59
    },
    "status" : "passed",
    "steps" : [ ],
    "attachments" : [ ],
    "parameters" : [ ],
    "stepsCount" : 0,
    "attachmentsCount" : 0,
    "shouldDisplayMessage" : false,
    "hasContent" : false
  } ],
  "labels" : [ {
    "name" : "epic",
    "value" : "Test Main Page smoke_test"
  }, {
    "name" : "tag",
    "value" : "smoke_test"
  }, {
    "name" : "parentSuite",
    "value" : "tests"
  }, {
    "name" : "suite",
    "value" : "main_page_test"
  }, {
    "name" : "subSuite",
    "value" : "TestMainPageSmoke"
  }, {
    "name" : "host",
    "value" : "fv-az837-148"
  }, {
    "name" : "thread",
    "value" : "2228-MainThread"
  }, {
    "name" : "framework",
    "value" : "pytest"
  }, {
    "name" : "language",
    "value" : "cpython3"
  }, {
    "name" : "package",
    "value" : "tests.main_page_test"
  }, {
    "name" : "resultFormat",
    "value" : "allure2"
  } ],
  "parameters" : [ {
    "name" : "url",
    "value" : "'https://dealer-passport-test.xsfera.ru/reports/'"
  } ],
  "links" : [ ],
  "hidden" : false,
  "retry" : false,
  "extra" : {
    "severity" : "normal",
    "retries" : [ ],
    "categories" : [ {
      "name" : "Test defects",
      "matchedStatuses" : [ ],
      "flaky" : false
    } ],
    "history" : {
      "statistic" : {
        "failed" : 0,
        "broken" : 2,
        "skipped" : 0,
        "passed" : 6,
        "unknown" : 0,
        "total" : 8
      },
      "items" : [ {
        "uid" : "3da15dec86ef090f",
        "reportUrl" : "https://Nat754.github.io/DealerPassport/11//#testresult/3da15dec86ef090f",
        "status" : "broken",
        "statusDetails" : "selenium.common.exceptions.TimeoutException: Message: \nStacktrace:\n#0 0x55ec69f05e8a <unknown>\n#1 0x55ec69bef45c <unknown>\n#2 0x55ec69c3b5b5 <unknown>\n#3 0x55ec69c3b671 <unknown>\n#4 0x55ec69c7ff14 <unknown>\n#5 0x55ec69c5e4dd <unknown>\n#6 0x55ec69c7d2cc <unknown>\n#7 0x55ec69c5e253 <unknown>\n#8 0x55ec69c2e1c7 <unknown>\n#9 0x55ec69c2eb3e <unknown>\n#10 0x55ec69ecc2cb <unknown>\n#11 0x55ec69ed0377 <unknown>\n#12 0x55ec69eb8dfe <unknown>\n#13 0x55ec69ed0e42 <unknown>\n#14 0x55ec69e9d79f <unknown>\n#15 0x55ec69ef5178 <unknown>\n#16 0x55ec69ef534b <unknown>\n#17 0x55ec69f04fbc <unknown>\n#18 0x7f7b2d694ac3 <unknown>",
        "time" : {
          "start" : 1717293894799,
          "stop" : 1717293894799,
          "duration" : 0
        }
      }, {
        "uid" : "5b787ecd30766092",
        "reportUrl" : "https://Nat754.github.io/DealerPassport/10//#testresult/5b787ecd30766092",
        "status" : "passed",
        "time" : {
          "start" : 1717207461163,
          "stop" : 1717207472075,
          "duration" : 10912
        }
      }, {
        "uid" : "5af3942f18adabc4",
        "reportUrl" : "https://Nat754.github.io/DealerPassport/5//#testresult/5af3942f18adabc4",
        "status" : "passed",
        "time" : {
          "start" : 1717150180510,
          "stop" : 1717150191330,
          "duration" : 10820
        }
      }, {
        "uid" : "e797d2ce32607c72",
        "reportUrl" : "https://Nat754.github.io/DealerPassport/5//#testresult/e797d2ce32607c72",
        "status" : "passed",
        "time" : {
          "start" : 1717143816704,
          "stop" : 1717143827650,
          "duration" : 10946
        }
      }, {
        "uid" : "2d747017cfa6a4b9",
        "reportUrl" : "https://Nat754.github.io/DealerPassport/9//#testresult/2d747017cfa6a4b9",
        "status" : "passed",
        "time" : {
          "start" : 1717121012998,
          "stop" : 1717121023796,
          "duration" : 10798
        }
      }, {
        "uid" : "ee4d26da41f1fef4",
        "reportUrl" : "https://Nat754.github.io/DealerPassport/5//#testresult/ee4d26da41f1fef4",
        "status" : "passed",
        "time" : {
          "start" : 1717080534063,
          "stop" : 1717080545023,
          "duration" : 10960
        }
      }, {
        "uid" : "d0f7beb1e8ae59ec",
        "reportUrl" : "https://Nat754.github.io/DealerPassport/4//#testresult/d0f7beb1e8ae59ec",
        "status" : "passed",
        "time" : {
          "start" : 1717059150941,
          "stop" : 1717059161741,
          "duration" : 10800
        }
      } ]
    },
    "tags" : [ "smoke_test" ]
  },
  "source" : "f6cb44205144c9f9.json",
  "parameterValues" : [ "'https://dealer-passport-test.xsfera.ru/reports/'" ]
}